ARM GAS  C:\Users\LENOVO\AppData\Local\Temp\ccdnzDTc.s 			page 1


   1              		.cpu cortex-m33
   2              		.arch armv8-m.main
   3              		.fpu fpv5-sp-d16
   4              		.arch_extension dsp
   5              		.eabi_attribute 27, 1
   6              		.eabi_attribute 28, 1
   7              		.eabi_attribute 20, 1
   8              		.eabi_attribute 21, 1
   9              		.eabi_attribute 23, 3
  10              		.eabi_attribute 24, 1
  11              		.eabi_attribute 25, 1
  12              		.eabi_attribute 26, 1
  13              		.eabi_attribute 30, 1
  14              		.eabi_attribute 34, 1
  15              		.eabi_attribute 18, 4
  16              		.file	"logger.c"
  17              		.text
  18              	.Ltext0:
  19              		.cfi_sections	.debug_frame
  20              		.file 1 "SynaptiX_FDK/services/logger/logger.c"
  21              		.section	.text.serial_write_func,"ax",%progbits
  22              		.align	1
  23              		.syntax unified
  24              		.thumb
  25              		.thumb_func
  27              	serial_write_func:
  28              	.LVL0:
  29              	.LFB3:
   1:SynaptiX_FDK/services/logger/logger.c **** #include "logger.h"
   2:SynaptiX_FDK/services/logger/logger.c **** 
   3:SynaptiX_FDK/services/logger/logger.c **** 
   4:SynaptiX_FDK/services/logger/logger.c **** #if FREE_RTOS
   5:SynaptiX_FDK/services/logger/logger.c **** 
   6:SynaptiX_FDK/services/logger/logger.c **** #include <FreeRTOS.h>
   7:SynaptiX_FDK/services/logger/logger.c **** #include <semphr.h>
   8:SynaptiX_FDK/services/logger/logger.c **** 
   9:SynaptiX_FDK/services/logger/logger.c **** static SemaphoreHandle_t logger_mutex = NULL;
  10:SynaptiX_FDK/services/logger/logger.c **** 
  11:SynaptiX_FDK/services/logger/logger.c **** #endif
  12:SynaptiX_FDK/services/logger/logger.c **** 
  13:SynaptiX_FDK/services/logger/logger.c **** #include <stdio.h>
  14:SynaptiX_FDK/services/logger/logger.c **** #include <stdarg.h>
  15:SynaptiX_FDK/services/logger/logger.c **** #include <string.h>
  16:SynaptiX_FDK/services/logger/logger.c **** #include <time.h>
  17:SynaptiX_FDK/services/logger/logger.c **** // #include "fdk_config.h"
  18:SynaptiX_FDK/services/logger/logger.c **** #define LOGGER_EN 1
  19:SynaptiX_FDK/services/logger/logger.c **** // Global variables to keep track of log files.
  20:SynaptiX_FDK/services/logger/logger.c **** static int LOG_LEVEL = LOGGER_INFO;
  21:SynaptiX_FDK/services/logger/logger.c **** // static bool write_to_file = false;
  22:SynaptiX_FDK/services/logger/logger.c **** 
  23:SynaptiX_FDK/services/logger/logger.c **** static void serial_write_func(const char *s);
  24:SynaptiX_FDK/services/logger/logger.c **** 
  25:SynaptiX_FDK/services/logger/logger.c **** static p_log_func serial_write = serial_write_func;
  26:SynaptiX_FDK/services/logger/logger.c **** 
  27:SynaptiX_FDK/services/logger/logger.c **** static void serial_write_func(const char *s)
  28:SynaptiX_FDK/services/logger/logger.c **** {
  30              		.loc 1 28 1 view -0
ARM GAS  C:\Users\LENOVO\AppData\Local\Temp\ccdnzDTc.s 			page 2


  31              		.cfi_startproc
  32              		@ args = 0, pretend = 0, frame = 0
  33              		@ frame_needed = 0, uses_anonymous_args = 0
  34              		.loc 1 28 1 is_stmt 0 view .LVU1
  35 0000 08B5     		push	{r3, lr}
  36              	.LCFI0:
  37              		.cfi_def_cfa_offset 8
  38              		.cfi_offset 3, -8
  39              		.cfi_offset 14, -4
  29:SynaptiX_FDK/services/logger/logger.c ****     printf(s);
  40              		.loc 1 29 5 is_stmt 1 view .LVU2
  41 0002 FFF7FEFF 		bl	printf
  42              	.LVL1:
  30:SynaptiX_FDK/services/logger/logger.c **** }
  43              		.loc 1 30 1 is_stmt 0 view .LVU3
  44 0006 08BD     		pop	{r3, pc}
  45              		.cfi_endproc
  46              	.LFE3:
  48              		.section	.rodata.log_func.str1.4,"aMS",%progbits,1
  49              		.align	2
  50              	.LC0:
  51 0000 25732573 		.ascii	"%s%s%s : \000"
  51      2573203A 
  51      2000
  52 000a 0000     		.align	2
  53              	.LC1:
  54 000c 0D0A00   		.ascii	"\015\012\000"
  55              		.section	.text.log_func,"ax",%progbits
  56              		.align	1
  57              		.global	log_func
  58              		.syntax unified
  59              		.thumb
  60              		.thumb_func
  62              	log_func:
  63              	.LVL2:
  64              	.LFB4:
  31:SynaptiX_FDK/services/logger/logger.c **** 
  32:SynaptiX_FDK/services/logger/logger.c **** static const char *log_level_strings[] = {
  33:SynaptiX_FDK/services/logger/logger.c ****     "[OFF]",
  34:SynaptiX_FDK/services/logger/logger.c ****     "[ERROR]",
  35:SynaptiX_FDK/services/logger/logger.c ****     "[WARNING]",
  36:SynaptiX_FDK/services/logger/logger.c ****     "[INFO]",
  37:SynaptiX_FDK/services/logger/logger.c ****     "[DEBUG]",
  38:SynaptiX_FDK/services/logger/logger.c ****     
  39:SynaptiX_FDK/services/logger/logger.c **** };
  40:SynaptiX_FDK/services/logger/logger.c **** // const char *colors[] = {
  41:SynaptiX_FDK/services/logger/logger.c **** //     "\x1B[34m",
  42:SynaptiX_FDK/services/logger/logger.c **** //     "\x1B[32m",
  43:SynaptiX_FDK/services/logger/logger.c **** //     "\x1B[33m",
  44:SynaptiX_FDK/services/logger/logger.c **** //     "\x1B[31m",
  45:SynaptiX_FDK/services/logger/logger.c **** //     "\x1B[0m",
  46:SynaptiX_FDK/services/logger/logger.c **** // };
  47:SynaptiX_FDK/services/logger/logger.c **** const char *colors[] = {
  48:SynaptiX_FDK/services/logger/logger.c ****     "\x1B[0m",
  49:SynaptiX_FDK/services/logger/logger.c ****     "\x1B[31m",
  50:SynaptiX_FDK/services/logger/logger.c ****     "\x1B[33m",
  51:SynaptiX_FDK/services/logger/logger.c ****     "\x1B[32m",
ARM GAS  C:\Users\LENOVO\AppData\Local\Temp\ccdnzDTc.s 			page 3


  52:SynaptiX_FDK/services/logger/logger.c ****     "\x1B[34m", 
  53:SynaptiX_FDK/services/logger/logger.c ****     
  54:SynaptiX_FDK/services/logger/logger.c **** };
  55:SynaptiX_FDK/services/logger/logger.c **** static const char *banner =
  56:SynaptiX_FDK/services/logger/logger.c ****     "                                                                         ******               
  57:SynaptiX_FDK/services/logger/logger.c ****     "                                                                           *****,.          ##
  58:SynaptiX_FDK/services/logger/logger.c ****     "                                                                             ,,,,,,,     ,####
  59:SynaptiX_FDK/services/logger/logger.c ****     " ###########                                                     ##     --     ,,,,,,,   #####
  60:SynaptiX_FDK/services/logger/logger.c ****     " ##          (##      ## (##########)  ##########  ###########. #####   ##       ,,,,,,,   #\r
  61:SynaptiX_FDK/services/logger/logger.c ****     "   -------##   ##   (##  (##       ##  ##.......#. ##       ,##  ##     ##         ,,,,,.\r\n"
  62:SynaptiX_FDK/services/logger/logger.c ****     " ###########    (####    (#,       ##  ##       #. #########,##  ##     ##       ,***,..   #\r
  63:SynaptiX_FDK/services/logger/logger.c ****     "                 *##                               ##                          ,,,,,,*   (###(
  64:SynaptiX_FDK/services/logger/logger.c ****     "               ###                                 ##                        ,,,,,,.      ####
  65:SynaptiX_FDK/services/logger/logger.c ****     "                                                                          ......,,         ###
  66:SynaptiX_FDK/services/logger/logger.c **** 
  67:SynaptiX_FDK/services/logger/logger.c **** char buff[4096];
  68:SynaptiX_FDK/services/logger/logger.c **** 
  69:SynaptiX_FDK/services/logger/logger.c **** void log_func(LOGGING_LEVELS level, const char *TAG, const char *frmt, ...)
  70:SynaptiX_FDK/services/logger/logger.c **** {
  65              		.loc 1 70 1 is_stmt 1 view -0
  66              		.cfi_startproc
  67              		@ args = 4, pretend = 8, frame = 8
  68              		@ frame_needed = 0, uses_anonymous_args = 1
  69              		.loc 1 70 1 is_stmt 0 view .LVU5
  70 0000 0CB4     		push	{r2, r3}
  71              	.LCFI1:
  72              		.cfi_def_cfa_offset 8
  73              		.cfi_offset 2, -8
  74              		.cfi_offset 3, -4
  75 0002 70B5     		push	{r4, r5, r6, lr}
  76              	.LCFI2:
  77              		.cfi_def_cfa_offset 24
  78              		.cfi_offset 4, -24
  79              		.cfi_offset 5, -20
  80              		.cfi_offset 6, -16
  81              		.cfi_offset 14, -12
  82 0004 84B0     		sub	sp, sp, #16
  83              	.LCFI3:
  84              		.cfi_def_cfa_offset 40
  71:SynaptiX_FDK/services/logger/logger.c **** #if LOGGER_EN
  72:SynaptiX_FDK/services/logger/logger.c ****     if (LOG_LEVEL < level)
  85              		.loc 1 72 5 is_stmt 1 view .LVU6
  86              		.loc 1 72 19 is_stmt 0 view .LVU7
  87 0006 194B     		ldr	r3, .L8
  88 0008 1B68     		ldr	r3, [r3]
  89              		.loc 1 72 8 view .LVU8
  90 000a 9842     		cmp	r0, r3
  91 000c 04DD     		ble	.L7
  92              	.LVL3:
  93              	.L3:
  73:SynaptiX_FDK/services/logger/logger.c ****     {
  74:SynaptiX_FDK/services/logger/logger.c ****         return;
  75:SynaptiX_FDK/services/logger/logger.c ****     }
  76:SynaptiX_FDK/services/logger/logger.c **** #if FREE_RTOS
  77:SynaptiX_FDK/services/logger/logger.c ****     xSemaphoreTake(logger_mutex, portMAX_DELAY);
  78:SynaptiX_FDK/services/logger/logger.c **** #endif
  79:SynaptiX_FDK/services/logger/logger.c ****     char *format = buff;
ARM GAS  C:\Users\LENOVO\AppData\Local\Temp\ccdnzDTc.s 			page 4


  80:SynaptiX_FDK/services/logger/logger.c ****     sprintf(format, "%s%s%s : ", colors[level], log_level_strings[level], TAG);
  81:SynaptiX_FDK/services/logger/logger.c ****     va_list argp;
  82:SynaptiX_FDK/services/logger/logger.c ****     va_start(argp, frmt);
  83:SynaptiX_FDK/services/logger/logger.c ****     vsprintf(format + strlen(format), frmt, argp);
  84:SynaptiX_FDK/services/logger/logger.c ****     va_end(argp);
  85:SynaptiX_FDK/services/logger/logger.c ****     //    serial_write(colors[level]);
  86:SynaptiX_FDK/services/logger/logger.c ****     //    serial_write(log_level_strings[level]);
  87:SynaptiX_FDK/services/logger/logger.c ****     //    serial_write(TAG);
  88:SynaptiX_FDK/services/logger/logger.c ****     //    serial_write(" : ");
  89:SynaptiX_FDK/services/logger/logger.c ****     //    format[strlen(format)] = '\n';
  90:SynaptiX_FDK/services/logger/logger.c ****     strcat(format, colors[LOGGER_OFF]);
  91:SynaptiX_FDK/services/logger/logger.c ****     strcat(format, "\r\n");
  92:SynaptiX_FDK/services/logger/logger.c ****     if (serial_write == NULL)
  93:SynaptiX_FDK/services/logger/logger.c ****     {
  94:SynaptiX_FDK/services/logger/logger.c ****         return;
  95:SynaptiX_FDK/services/logger/logger.c ****     }
  96:SynaptiX_FDK/services/logger/logger.c ****     serial_write(format);
  97:SynaptiX_FDK/services/logger/logger.c **** 
  98:SynaptiX_FDK/services/logger/logger.c **** #if FREE_RTOS
  99:SynaptiX_FDK/services/logger/logger.c ****     xSemaphoreGive(logger_mutex);
 100:SynaptiX_FDK/services/logger/logger.c **** #endif
 101:SynaptiX_FDK/services/logger/logger.c **** 
 102:SynaptiX_FDK/services/logger/logger.c **** #endif
 103:SynaptiX_FDK/services/logger/logger.c **** }
  94              		.loc 1 103 1 view .LVU9
  95 000e 04B0     		add	sp, sp, #16
  96              	.LCFI4:
  97              		.cfi_remember_state
  98              		.cfi_def_cfa_offset 24
  99              		@ sp needed
 100 0010 BDE87040 		pop	{r4, r5, r6, lr}
 101              	.LCFI5:
 102              		.cfi_restore 14
 103              		.cfi_restore 6
 104              		.cfi_restore 5
 105              		.cfi_restore 4
 106              		.cfi_def_cfa_offset 8
 107 0014 02B0     		add	sp, sp, #8
 108              	.LCFI6:
 109              		.cfi_restore 3
 110              		.cfi_restore 2
 111              		.cfi_def_cfa_offset 0
 112 0016 7047     		bx	lr
 113              	.LVL4:
 114              	.L7:
 115              	.LCFI7:
 116              		.cfi_restore_state
  79:SynaptiX_FDK/services/logger/logger.c ****     sprintf(format, "%s%s%s : ", colors[level], log_level_strings[level], TAG);
 117              		.loc 1 79 5 is_stmt 1 view .LVU10
  80:SynaptiX_FDK/services/logger/logger.c ****     va_list argp;
 118              		.loc 1 80 5 view .LVU11
 119 0018 154D     		ldr	r5, .L8+4
 120 001a 164C     		ldr	r4, .L8+8
 121 001c 0091     		str	r1, [sp]
 122 001e 164B     		ldr	r3, .L8+12
 123 0020 53F82030 		ldr	r3, [r3, r0, lsl #2]
 124 0024 55F82020 		ldr	r2, [r5, r0, lsl #2]
ARM GAS  C:\Users\LENOVO\AppData\Local\Temp\ccdnzDTc.s 			page 5


 125 0028 1449     		ldr	r1, .L8+16
 126              	.LVL5:
  80:SynaptiX_FDK/services/logger/logger.c ****     va_list argp;
 127              		.loc 1 80 5 is_stmt 0 view .LVU12
 128 002a 2046     		mov	r0, r4
 129              	.LVL6:
  80:SynaptiX_FDK/services/logger/logger.c ****     va_list argp;
 130              		.loc 1 80 5 view .LVU13
 131 002c FFF7FEFF 		bl	sprintf
 132              	.LVL7:
  81:SynaptiX_FDK/services/logger/logger.c ****     va_start(argp, frmt);
 133              		.loc 1 81 5 is_stmt 1 view .LVU14
  82:SynaptiX_FDK/services/logger/logger.c ****     vsprintf(format + strlen(format), frmt, argp);
 134              		.loc 1 82 5 view .LVU15
 135 0030 09AE     		add	r6, sp, #36
 136 0032 0396     		str	r6, [sp, #12]
  83:SynaptiX_FDK/services/logger/logger.c ****     va_end(argp);
 137              		.loc 1 83 5 view .LVU16
  83:SynaptiX_FDK/services/logger/logger.c ****     va_end(argp);
 138              		.loc 1 83 23 is_stmt 0 view .LVU17
 139 0034 2046     		mov	r0, r4
 140 0036 FFF7FEFF 		bl	strlen
 141              	.LVL8:
  83:SynaptiX_FDK/services/logger/logger.c ****     va_end(argp);
 142              		.loc 1 83 5 discriminator 1 view .LVU18
 143 003a 3246     		mov	r2, r6
 144 003c 0899     		ldr	r1, [sp, #32]
 145 003e 2044     		add	r0, r0, r4
 146 0040 FFF7FEFF 		bl	vsprintf
 147              	.LVL9:
  84:SynaptiX_FDK/services/logger/logger.c ****     //    serial_write(colors[level]);
 148              		.loc 1 84 5 is_stmt 1 view .LVU19
  90:SynaptiX_FDK/services/logger/logger.c ****     strcat(format, "\r\n");
 149              		.loc 1 90 5 view .LVU20
 150 0044 2968     		ldr	r1, [r5]
 151 0046 2046     		mov	r0, r4
 152 0048 FFF7FEFF 		bl	strcat
 153              	.LVL10:
  91:SynaptiX_FDK/services/logger/logger.c ****     if (serial_write == NULL)
 154              		.loc 1 91 5 view .LVU21
 155 004c 2046     		mov	r0, r4
 156 004e FFF7FEFF 		bl	strlen
 157              	.LVL11:
  91:SynaptiX_FDK/services/logger/logger.c ****     if (serial_write == NULL)
 158              		.loc 1 91 5 is_stmt 0 discriminator 1 view .LVU22
 159 0052 0219     		adds	r2, r0, r4
 160 0054 0A4B     		ldr	r3, .L8+20
 161 0056 1988     		ldrh	r1, [r3]	@ unaligned
 162 0058 9B78     		ldrb	r3, [r3, #2]	@ zero_extendqisi2
 163 005a 2152     		strh	r1, [r4, r0]	@ unaligned
 164 005c 9370     		strb	r3, [r2, #2]
  92:SynaptiX_FDK/services/logger/logger.c ****     {
 165              		.loc 1 92 5 is_stmt 1 view .LVU23
  92:SynaptiX_FDK/services/logger/logger.c ****     {
 166              		.loc 1 92 22 is_stmt 0 view .LVU24
 167 005e 094B     		ldr	r3, .L8+24
 168 0060 1B68     		ldr	r3, [r3]
ARM GAS  C:\Users\LENOVO\AppData\Local\Temp\ccdnzDTc.s 			page 6


  92:SynaptiX_FDK/services/logger/logger.c ****     {
 169              		.loc 1 92 8 view .LVU25
 170 0062 002B     		cmp	r3, #0
 171 0064 D3D0     		beq	.L3
  96:SynaptiX_FDK/services/logger/logger.c **** 
 172              		.loc 1 96 5 is_stmt 1 view .LVU26
 173 0066 2046     		mov	r0, r4
 174 0068 9847     		blx	r3
 175              	.LVL12:
 176 006a D0E7     		b	.L3
 177              	.L9:
 178              		.align	2
 179              	.L8:
 180 006c 00000000 		.word	LOG_LEVEL
 181 0070 00000000 		.word	colors
 182 0074 00000000 		.word	buff
 183 0078 00000000 		.word	log_level_strings
 184 007c 00000000 		.word	.LC0
 185 0080 0C000000 		.word	.LC1
 186 0084 00000000 		.word	serial_write
 187              		.cfi_endproc
 188              	.LFE4:
 190              		.section	.text.logger_set_level,"ax",%progbits
 191              		.align	1
 192              		.global	logger_set_level
 193              		.syntax unified
 194              		.thumb
 195              		.thumb_func
 197              	logger_set_level:
 198              	.LVL13:
 199              	.LFB5:
 104:SynaptiX_FDK/services/logger/logger.c **** void logger_set_level(LOGGING_LEVELS level)
 105:SynaptiX_FDK/services/logger/logger.c **** {
 200              		.loc 1 105 1 view -0
 201              		.cfi_startproc
 202              		@ args = 0, pretend = 0, frame = 0
 203              		@ frame_needed = 0, uses_anonymous_args = 0
 204              		@ link register save eliminated.
 106:SynaptiX_FDK/services/logger/logger.c ****     LOG_LEVEL = level;
 205              		.loc 1 106 5 view .LVU28
 206              		.loc 1 106 15 is_stmt 0 view .LVU29
 207 0000 014B     		ldr	r3, .L11
 208 0002 1860     		str	r0, [r3]
 107:SynaptiX_FDK/services/logger/logger.c **** }
 209              		.loc 1 107 1 view .LVU30
 210 0004 7047     		bx	lr
 211              	.L12:
 212 0006 00BF     		.align	2
 213              	.L11:
 214 0008 00000000 		.word	LOG_LEVEL
 215              		.cfi_endproc
 216              	.LFE5:
 218              		.section	.rodata.log_print_hex.str1.4,"aMS",%progbits,1
 219              		.align	2
 220              	.LC2:
 221 0000 25303258 		.ascii	"%02X \000"
 221      2000
ARM GAS  C:\Users\LENOVO\AppData\Local\Temp\ccdnzDTc.s 			page 7


 222              		.section	.text.log_print_hex,"ax",%progbits
 223              		.align	1
 224              		.global	log_print_hex
 225              		.syntax unified
 226              		.thumb
 227              		.thumb_func
 229              	log_print_hex:
 230              	.LVL14:
 231              	.LFB6:
 108:SynaptiX_FDK/services/logger/logger.c **** void log_print_hex(LOGGING_LEVELS level, const char *TAG, uint8_t *hex_buff, uint16_t length)
 109:SynaptiX_FDK/services/logger/logger.c **** {
 232              		.loc 1 109 1 is_stmt 1 view -0
 233              		.cfi_startproc
 234              		@ args = 0, pretend = 0, frame = 8
 235              		@ frame_needed = 0, uses_anonymous_args = 0
 236              		.loc 1 109 1 is_stmt 0 view .LVU32
 237 0000 2DE9F041 		push	{r4, r5, r6, r7, r8, lr}
 238              	.LCFI8:
 239              		.cfi_def_cfa_offset 24
 240              		.cfi_offset 4, -24
 241              		.cfi_offset 5, -20
 242              		.cfi_offset 6, -16
 243              		.cfi_offset 7, -12
 244              		.cfi_offset 8, -8
 245              		.cfi_offset 14, -4
 246 0004 84B0     		sub	sp, sp, #16
 247              	.LCFI9:
 248              		.cfi_def_cfa_offset 40
 249 0006 1D46     		mov	r5, r3
 110:SynaptiX_FDK/services/logger/logger.c **** #if LOGGER_EN
 111:SynaptiX_FDK/services/logger/logger.c ****     if (LOG_LEVEL < level)
 250              		.loc 1 111 5 is_stmt 1 view .LVU33
 251              		.loc 1 111 19 is_stmt 0 view .LVU34
 252 0008 1F4B     		ldr	r3, .L20
 253              	.LVL15:
 254              		.loc 1 111 19 view .LVU35
 255 000a 1B68     		ldr	r3, [r3]
 256              		.loc 1 111 8 view .LVU36
 257 000c 9842     		cmp	r0, r3
 258 000e 02DD     		ble	.L19
 259              	.LVL16:
 260              	.L13:
 112:SynaptiX_FDK/services/logger/logger.c ****     {
 113:SynaptiX_FDK/services/logger/logger.c ****         return;
 114:SynaptiX_FDK/services/logger/logger.c ****     }
 115:SynaptiX_FDK/services/logger/logger.c ****     char *format = buff;
 116:SynaptiX_FDK/services/logger/logger.c ****     memset(buff, 0, 2048);
 117:SynaptiX_FDK/services/logger/logger.c ****     sprintf(format, "%s%s%s : ", colors[level], log_level_strings[level], TAG);
 118:SynaptiX_FDK/services/logger/logger.c ****     char hex[6];
 119:SynaptiX_FDK/services/logger/logger.c ****     hex[5] = 0;
 120:SynaptiX_FDK/services/logger/logger.c ****     for (uint16_t i = 0; i < length; i++)
 121:SynaptiX_FDK/services/logger/logger.c ****     {
 122:SynaptiX_FDK/services/logger/logger.c ****         sprintf(hex, "%02X ", hex_buff[i]);
 123:SynaptiX_FDK/services/logger/logger.c ****         strcat(format, hex);
 124:SynaptiX_FDK/services/logger/logger.c ****     }
 125:SynaptiX_FDK/services/logger/logger.c ****     strcat(format, "\r\n");
 126:SynaptiX_FDK/services/logger/logger.c ****     if (serial_write == NULL)
ARM GAS  C:\Users\LENOVO\AppData\Local\Temp\ccdnzDTc.s 			page 8


 127:SynaptiX_FDK/services/logger/logger.c ****     {
 128:SynaptiX_FDK/services/logger/logger.c ****         return;
 129:SynaptiX_FDK/services/logger/logger.c ****     }
 130:SynaptiX_FDK/services/logger/logger.c ****     serial_write(format);
 131:SynaptiX_FDK/services/logger/logger.c **** #endif
 132:SynaptiX_FDK/services/logger/logger.c **** }
 261              		.loc 1 132 1 view .LVU37
 262 0010 04B0     		add	sp, sp, #16
 263              	.LCFI10:
 264              		.cfi_remember_state
 265              		.cfi_def_cfa_offset 24
 266              		@ sp needed
 267 0012 BDE8F081 		pop	{r4, r5, r6, r7, r8, pc}
 268              	.LVL17:
 269              	.L19:
 270              	.LCFI11:
 271              		.cfi_restore_state
 272              		.loc 1 132 1 view .LVU38
 273 0016 0446     		mov	r4, r0
 274 0018 0F46     		mov	r7, r1
 275 001a 1646     		mov	r6, r2
 115:SynaptiX_FDK/services/logger/logger.c ****     memset(buff, 0, 2048);
 276              		.loc 1 115 5 is_stmt 1 view .LVU39
 277              	.LVL18:
 116:SynaptiX_FDK/services/logger/logger.c ****     sprintf(format, "%s%s%s : ", colors[level], log_level_strings[level], TAG);
 278              		.loc 1 116 5 view .LVU40
 279 001c DFF87C80 		ldr	r8, .L20+20
 280 0020 4FF40062 		mov	r2, #2048
 281              	.LVL19:
 116:SynaptiX_FDK/services/logger/logger.c ****     sprintf(format, "%s%s%s : ", colors[level], log_level_strings[level], TAG);
 282              		.loc 1 116 5 is_stmt 0 view .LVU41
 283 0024 0021     		movs	r1, #0
 284              	.LVL20:
 116:SynaptiX_FDK/services/logger/logger.c ****     sprintf(format, "%s%s%s : ", colors[level], log_level_strings[level], TAG);
 285              		.loc 1 116 5 view .LVU42
 286 0026 4046     		mov	r0, r8
 287              	.LVL21:
 116:SynaptiX_FDK/services/logger/logger.c ****     sprintf(format, "%s%s%s : ", colors[level], log_level_strings[level], TAG);
 288              		.loc 1 116 5 view .LVU43
 289 0028 FFF7FEFF 		bl	memset
 290              	.LVL22:
 117:SynaptiX_FDK/services/logger/logger.c ****     char hex[6];
 291              		.loc 1 117 5 is_stmt 1 view .LVU44
 292 002c 0097     		str	r7, [sp]
 293 002e 174B     		ldr	r3, .L20+4
 294 0030 53F82430 		ldr	r3, [r3, r4, lsl #2]
 295 0034 164A     		ldr	r2, .L20+8
 296 0036 52F82420 		ldr	r2, [r2, r4, lsl #2]
 297 003a 1649     		ldr	r1, .L20+12
 298 003c 4046     		mov	r0, r8
 299 003e FFF7FEFF 		bl	sprintf
 300              	.LVL23:
 118:SynaptiX_FDK/services/logger/logger.c ****     hex[5] = 0;
 301              		.loc 1 118 5 view .LVU45
 119:SynaptiX_FDK/services/logger/logger.c ****     for (uint16_t i = 0; i < length; i++)
 302              		.loc 1 119 5 view .LVU46
 119:SynaptiX_FDK/services/logger/logger.c ****     for (uint16_t i = 0; i < length; i++)
ARM GAS  C:\Users\LENOVO\AppData\Local\Temp\ccdnzDTc.s 			page 9


 303              		.loc 1 119 12 is_stmt 0 view .LVU47
 304 0042 0024     		movs	r4, #0
 305 0044 8DF80D40 		strb	r4, [sp, #13]
 120:SynaptiX_FDK/services/logger/logger.c ****     {
 306              		.loc 1 120 5 is_stmt 1 view .LVU48
 307              	.LBB2:
 120:SynaptiX_FDK/services/logger/logger.c ****     {
 308              		.loc 1 120 10 view .LVU49
 309              	.LVL24:
 120:SynaptiX_FDK/services/logger/logger.c ****     {
 310              		.loc 1 120 5 is_stmt 0 view .LVU50
 311 0048 0AE0     		b	.L15
 312              	.LVL25:
 313              	.L16:
 122:SynaptiX_FDK/services/logger/logger.c ****         strcat(format, hex);
 314              		.loc 1 122 9 is_stmt 1 view .LVU51
 315 004a 325D     		ldrb	r2, [r6, r4]	@ zero_extendqisi2
 316 004c 1249     		ldr	r1, .L20+16
 317 004e 02A8     		add	r0, sp, #8
 318 0050 FFF7FEFF 		bl	sprintf
 319              	.LVL26:
 123:SynaptiX_FDK/services/logger/logger.c ****     }
 320              		.loc 1 123 9 view .LVU52
 321 0054 02A9     		add	r1, sp, #8
 322 0056 1148     		ldr	r0, .L20+20
 323 0058 FFF7FEFF 		bl	strcat
 324              	.LVL27:
 120:SynaptiX_FDK/services/logger/logger.c ****     {
 325              		.loc 1 120 39 discriminator 3 view .LVU53
 326 005c 0134     		adds	r4, r4, #1
 327              	.LVL28:
 120:SynaptiX_FDK/services/logger/logger.c ****     {
 328              		.loc 1 120 39 is_stmt 0 discriminator 3 view .LVU54
 329 005e A4B2     		uxth	r4, r4
 330              	.LVL29:
 331              	.L15:
 120:SynaptiX_FDK/services/logger/logger.c ****     {
 332              		.loc 1 120 28 is_stmt 1 discriminator 1 view .LVU55
 333 0060 AC42     		cmp	r4, r5
 334 0062 F2D3     		bcc	.L16
 335              	.LBE2:
 125:SynaptiX_FDK/services/logger/logger.c ****     if (serial_write == NULL)
 336              		.loc 1 125 5 view .LVU56
 337 0064 0D4C     		ldr	r4, .L20+20
 338              	.LVL30:
 125:SynaptiX_FDK/services/logger/logger.c ****     if (serial_write == NULL)
 339              		.loc 1 125 5 is_stmt 0 view .LVU57
 340 0066 2046     		mov	r0, r4
 341 0068 FFF7FEFF 		bl	strlen
 342              	.LVL31:
 125:SynaptiX_FDK/services/logger/logger.c ****     if (serial_write == NULL)
 343              		.loc 1 125 5 discriminator 1 view .LVU58
 344 006c 0219     		adds	r2, r0, r4
 345 006e 0C4B     		ldr	r3, .L20+24
 346 0070 1988     		ldrh	r1, [r3]	@ unaligned
 347 0072 9B78     		ldrb	r3, [r3, #2]	@ zero_extendqisi2
 348 0074 2152     		strh	r1, [r4, r0]	@ unaligned
ARM GAS  C:\Users\LENOVO\AppData\Local\Temp\ccdnzDTc.s 			page 10


 349 0076 9370     		strb	r3, [r2, #2]
 126:SynaptiX_FDK/services/logger/logger.c ****     {
 350              		.loc 1 126 5 is_stmt 1 view .LVU59
 126:SynaptiX_FDK/services/logger/logger.c ****     {
 351              		.loc 1 126 22 is_stmt 0 view .LVU60
 352 0078 0A4B     		ldr	r3, .L20+28
 353 007a 1B68     		ldr	r3, [r3]
 126:SynaptiX_FDK/services/logger/logger.c ****     {
 354              		.loc 1 126 8 view .LVU61
 355 007c 002B     		cmp	r3, #0
 356 007e C7D0     		beq	.L13
 130:SynaptiX_FDK/services/logger/logger.c **** #endif
 357              		.loc 1 130 5 is_stmt 1 view .LVU62
 358 0080 2046     		mov	r0, r4
 359 0082 9847     		blx	r3
 360              	.LVL32:
 361 0084 C4E7     		b	.L13
 362              	.L21:
 363 0086 00BF     		.align	2
 364              	.L20:
 365 0088 00000000 		.word	LOG_LEVEL
 366 008c 00000000 		.word	log_level_strings
 367 0090 00000000 		.word	colors
 368 0094 00000000 		.word	.LC0
 369 0098 00000000 		.word	.LC2
 370 009c 00000000 		.word	buff
 371 00a0 0C000000 		.word	.LC1
 372 00a4 00000000 		.word	serial_write
 373              		.cfi_endproc
 374              	.LFE6:
 376              		.section	.rodata.logger_init.str1.4,"aMS",%progbits,1
 377              		.align	2
 378              	.LC3:
 379 0000 0D0A0D0A 		.ascii	"\015\012\015\012\000"
 379      00
 380 0005 000000   		.align	2
 381              	.LC4:
 382 0008 20202020 		.ascii	"                                                   "
 382      20202020 
 382      20202020 
 382      20202020 
 382      20202020 
 383 003b 20202020 		.ascii	"                      ******               ((((((\015"
 383      20202020 
 383      20202020 
 383      20202020 
 383      20202020 
 384 006d 0A202020 		.ascii	"\012                                               "
 384      20202020 
 384      20202020 
 384      20202020 
 384      20202020 
 385 009d 20202020 		.ascii	"                            *****,.          ######"
 385      20202020 
 385      20202020 
 385      20202020 
 385      20202020 
ARM GAS  C:\Users\LENOVO\AppData\Local\Temp\ccdnzDTc.s 			page 11


 386 00d0 0D0A2020 		.ascii	"\015\012                                           "
 386      20202020 
 386      20202020 
 386      20202020 
 386      20202020 
 387 00fd 20202020 		.ascii	"                                  ,,,,,,,     ,####"
 387      20202020 
 387      20202020 
 387      20202020 
 387      20202020 
 388 0130 23230D0A 		.ascii	"##\015\012 ###########                             "
 388      20232323 
 388      23232323 
 388      23232323 
 388      20202020 
 389 015d 20202020 		.ascii	"                        ##     --     ,,,,,,,   ###"
 389      20202020 
 389      20202020 
 389      20202020 
 389      20202020 
 390 0190 23230D0A 		.ascii	"##\015\012 ##          (##      ## (##########)  ##"
 390      20232320 
 390      20202020 
 390      20202020 
 390      20282323 
 391 01bd 23232323 		.ascii	"########  ###########. #####   ##       ,,,,,,,   #"
 391      23232323 
 391      20202323 
 391      23232323 
 391      23232323 
 392 01f0 0D0A2020 		.ascii	"\015\012   -------##   ##   (##  (##       ##  ##.."
 392      202D2D2D 
 392      2D2D2D2D 
 392      23232020 
 392      20232320 
 393 021d 2E2E2E2E 		.ascii	".....#. ##       ,##  ##     ##         ,,,,,.\015\012"
 393      2E232E20 
 393      23232020 
 393      20202020 
 393      202C2323 
 394 024d 20232323 		.ascii	" ###########    (####    (#,       ##  ##       #. "
 394      23232323 
 394      23232323 
 394      20202020 
 394      28232323 
 395 0280 23232323 		.ascii	"#########,##  ##     ##       ,***,..   #\015\012  "
 395      23232323 
 395      232C2323 
 395      20202323 
 395      20202020 
 396 02ad 20202020 		.ascii	"               *##                               ##"
 396      20202020 
 396      20202020 
 396      2020202A 
 396      23232020 
 397 02e0 20202020 		.ascii	"                          ,,,,,,*   (###(\015\012  "
 397      20202020 
ARM GAS  C:\Users\LENOVO\AppData\Local\Temp\ccdnzDTc.s 			page 12


 397      20202020 
 397      20202020 
 397      20202020 
 398 030d 20202020 		.ascii	"             ###                                 ##"
 398      20202020 
 398      20202020 
 398      20232323 
 398      20202020 
 399 0340 20202020 		.ascii	"                        ,,,,,,.      ######\015\012"
 399      20202020 
 399      20202020 
 399      20202020 
 399      20202020 
 400 036d 20202020 		.ascii	"                                                   "
 400      20202020 
 400      20202020 
 400      20202020 
 400      20202020 
 401 03a0 20202020 		.ascii	"                       ......,,         ######\015\012"
 401      20202020 
 401      20202020 
 401      20202020 
 401      20202020 
 402 03d0 00       		.ascii	"\000"
 403              		.section	.text.logger_init,"ax",%progbits
 404              		.align	1
 405              		.global	logger_init
 406              		.syntax unified
 407              		.thumb
 408              		.thumb_func
 410              	logger_init:
 411              	.LVL33:
 412              	.LFB7:
 133:SynaptiX_FDK/services/logger/logger.c **** void logger_init(LOGGING_LEVELS level, p_log_func p_func)
 134:SynaptiX_FDK/services/logger/logger.c **** {
 413              		.loc 1 134 1 view -0
 414              		.cfi_startproc
 415              		@ args = 0, pretend = 0, frame = 0
 416              		@ frame_needed = 0, uses_anonymous_args = 0
 417              		.loc 1 134 1 is_stmt 0 view .LVU64
 418 0000 70B5     		push	{r4, r5, r6, lr}
 419              	.LCFI12:
 420              		.cfi_def_cfa_offset 16
 421              		.cfi_offset 4, -16
 422              		.cfi_offset 5, -12
 423              		.cfi_offset 6, -8
 424              		.cfi_offset 14, -4
 135:SynaptiX_FDK/services/logger/logger.c **** #if FREE_RTOS
 136:SynaptiX_FDK/services/logger/logger.c ****     logger_mutex = xSemaphoreCreateMutex();
 137:SynaptiX_FDK/services/logger/logger.c **** #endif
 138:SynaptiX_FDK/services/logger/logger.c ****     LOG_LEVEL = level;
 425              		.loc 1 138 5 is_stmt 1 view .LVU65
 426              		.loc 1 138 15 is_stmt 0 view .LVU66
 427 0002 0A4B     		ldr	r3, .L24
 428 0004 1860     		str	r0, [r3]
 139:SynaptiX_FDK/services/logger/logger.c ****     serial_write = p_func;
 429              		.loc 1 139 5 is_stmt 1 view .LVU67
ARM GAS  C:\Users\LENOVO\AppData\Local\Temp\ccdnzDTc.s 			page 13


 430              		.loc 1 139 18 is_stmt 0 view .LVU68
 431 0006 0A4C     		ldr	r4, .L24+4
 432 0008 2160     		str	r1, [r4]
 140:SynaptiX_FDK/services/logger/logger.c ****     serial_write(colors[LOGGER_DEBUG]);
 433              		.loc 1 140 5 is_stmt 1 view .LVU69
 434 000a 0A4D     		ldr	r5, .L24+8
 435 000c 2869     		ldr	r0, [r5, #16]
 436              	.LVL34:
 437              		.loc 1 140 5 is_stmt 0 view .LVU70
 438 000e 8847     		blx	r1
 439              	.LVL35:
 141:SynaptiX_FDK/services/logger/logger.c ****     serial_write("\r\n\r\n");
 440              		.loc 1 141 5 is_stmt 1 view .LVU71
 441 0010 094E     		ldr	r6, .L24+12
 442 0012 2368     		ldr	r3, [r4]
 443 0014 3046     		mov	r0, r6
 444 0016 9847     		blx	r3
 445              	.LVL36:
 142:SynaptiX_FDK/services/logger/logger.c ****     serial_write(banner);
 446              		.loc 1 142 5 view .LVU72
 447 0018 2368     		ldr	r3, [r4]
 448 001a 0848     		ldr	r0, .L24+16
 449 001c 9847     		blx	r3
 450              	.LVL37:
 143:SynaptiX_FDK/services/logger/logger.c ****     serial_write("\r\n\r\n");
 451              		.loc 1 143 5 view .LVU73
 452 001e 2368     		ldr	r3, [r4]
 453 0020 3046     		mov	r0, r6
 454 0022 9847     		blx	r3
 455              	.LVL38:
 144:SynaptiX_FDK/services/logger/logger.c ****     serial_write(colors[LOGGER_INFO]);
 456              		.loc 1 144 5 view .LVU74
 457 0024 2368     		ldr	r3, [r4]
 458 0026 E868     		ldr	r0, [r5, #12]
 459 0028 9847     		blx	r3
 460              	.LVL39:
 145:SynaptiX_FDK/services/logger/logger.c **** }
 461              		.loc 1 145 1 is_stmt 0 view .LVU75
 462 002a 70BD     		pop	{r4, r5, r6, pc}
 463              	.L25:
 464              		.align	2
 465              	.L24:
 466 002c 00000000 		.word	LOG_LEVEL
 467 0030 00000000 		.word	serial_write
 468 0034 00000000 		.word	colors
 469 0038 00000000 		.word	.LC3
 470 003c 08000000 		.word	.LC4
 471              		.cfi_endproc
 472              	.LFE7:
 474              		.global	buff
 475              		.section	.bss.buff,"aw",%nobits
 476              		.align	2
 479              	buff:
 480 0000 00000000 		.space	4096
 480      00000000 
 480      00000000 
 480      00000000 
ARM GAS  C:\Users\LENOVO\AppData\Local\Temp\ccdnzDTc.s 			page 14


 480      00000000 
 481              		.global	colors
 482              		.section	.rodata.str1.4,"aMS",%progbits,1
 483              		.align	2
 484              	.LC5:
 485 0000 1B5B306D 		.ascii	"\033[0m\000"
 485      00
 486 0005 000000   		.align	2
 487              	.LC6:
 488 0008 1B5B3331 		.ascii	"\033[31m\000"
 488      6D00
 489 000e 0000     		.align	2
 490              	.LC7:
 491 0010 1B5B3333 		.ascii	"\033[33m\000"
 491      6D00
 492 0016 0000     		.align	2
 493              	.LC8:
 494 0018 1B5B3332 		.ascii	"\033[32m\000"
 494      6D00
 495 001e 0000     		.align	2
 496              	.LC9:
 497 0020 1B5B3334 		.ascii	"\033[34m\000"
 497      6D00
 498              		.section	.data.colors,"aw"
 499              		.align	2
 502              	colors:
 503 0000 00000000 		.word	.LC5
 504 0004 08000000 		.word	.LC6
 505 0008 10000000 		.word	.LC7
 506 000c 18000000 		.word	.LC8
 507 0010 20000000 		.word	.LC9
 508              		.section	.rodata.str1.4
 509 0026 0000     		.align	2
 510              	.LC10:
 511 0028 5B4F4646 		.ascii	"[OFF]\000"
 511      5D00
 512 002e 0000     		.align	2
 513              	.LC11:
 514 0030 5B455252 		.ascii	"[ERROR]\000"
 514      4F525D00 
 515              		.align	2
 516              	.LC12:
 517 0038 5B574152 		.ascii	"[WARNING]\000"
 517      4E494E47 
 517      5D00
 518 0042 0000     		.align	2
 519              	.LC13:
 520 0044 5B494E46 		.ascii	"[INFO]\000"
 520      4F5D00
 521 004b 00       		.align	2
 522              	.LC14:
 523 004c 5B444542 		.ascii	"[DEBUG]\000"
 523      55475D00 
 524              		.section	.rodata.log_level_strings,"a"
 525              		.align	2
 528              	log_level_strings:
 529 0000 28000000 		.word	.LC10
ARM GAS  C:\Users\LENOVO\AppData\Local\Temp\ccdnzDTc.s 			page 15


 530 0004 30000000 		.word	.LC11
 531 0008 38000000 		.word	.LC12
 532 000c 44000000 		.word	.LC13
 533 0010 4C000000 		.word	.LC14
 534              		.section	.data.serial_write,"aw"
 535              		.align	2
 538              	serial_write:
 539 0000 00000000 		.word	serial_write_func
 540              		.section	.data.LOG_LEVEL,"aw"
 541              		.align	2
 544              	LOG_LEVEL:
 545 0000 03000000 		.word	3
 546              		.text
 547              	.Letext0:
 548              		.file 2 "C:\\ST\\STM32CubeCLT_1.20.0\\GNU-tools-for-STM32\\bin/../lib/gcc/arm-none-eabi/13.3.1/inc
 549              		.file 3 "C:\\ST\\STM32CubeCLT_1.20.0\\GNU-tools-for-STM32\\bin/../lib/gcc/arm-none-eabi/13.3.1/../
 550              		.file 4 "C:\\ST\\STM32CubeCLT_1.20.0\\GNU-tools-for-STM32\\bin/../lib/gcc/arm-none-eabi/13.3.1/../
 551              		.file 5 "SynaptiX_FDK/services/logger/logger.h"
 552              		.file 6 "C:\\ST\\STM32CubeCLT_1.20.0\\GNU-tools-for-STM32\\bin/../lib/gcc/arm-none-eabi/13.3.1/inc
 553              		.file 7 "C:\\ST\\STM32CubeCLT_1.20.0\\GNU-tools-for-STM32\\bin/../lib/gcc/arm-none-eabi/13.3.1/../
 554              		.file 8 "C:\\ST\\STM32CubeCLT_1.20.0\\GNU-tools-for-STM32\\bin/../lib/gcc/arm-none-eabi/13.3.1/../
 555              		.file 9 "<built-in>"
ARM GAS  C:\Users\LENOVO\AppData\Local\Temp\ccdnzDTc.s 			page 16


DEFINED SYMBOLS
                            *ABS*:00000000 logger.c
C:\Users\LENOVO\AppData\Local\Temp\ccdnzDTc.s:22     .text.serial_write_func:00000000 $t
C:\Users\LENOVO\AppData\Local\Temp\ccdnzDTc.s:27     .text.serial_write_func:00000000 serial_write_func
C:\Users\LENOVO\AppData\Local\Temp\ccdnzDTc.s:49     .rodata.log_func.str1.4:00000000 $d
C:\Users\LENOVO\AppData\Local\Temp\ccdnzDTc.s:56     .text.log_func:00000000 $t
C:\Users\LENOVO\AppData\Local\Temp\ccdnzDTc.s:62     .text.log_func:00000000 log_func
C:\Users\LENOVO\AppData\Local\Temp\ccdnzDTc.s:180    .text.log_func:0000006c $d
C:\Users\LENOVO\AppData\Local\Temp\ccdnzDTc.s:544    .data.LOG_LEVEL:00000000 LOG_LEVEL
C:\Users\LENOVO\AppData\Local\Temp\ccdnzDTc.s:502    .data.colors:00000000 colors
C:\Users\LENOVO\AppData\Local\Temp\ccdnzDTc.s:479    .bss.buff:00000000 buff
C:\Users\LENOVO\AppData\Local\Temp\ccdnzDTc.s:528    .rodata.log_level_strings:00000000 log_level_strings
C:\Users\LENOVO\AppData\Local\Temp\ccdnzDTc.s:538    .data.serial_write:00000000 serial_write
C:\Users\LENOVO\AppData\Local\Temp\ccdnzDTc.s:191    .text.logger_set_level:00000000 $t
C:\Users\LENOVO\AppData\Local\Temp\ccdnzDTc.s:197    .text.logger_set_level:00000000 logger_set_level
C:\Users\LENOVO\AppData\Local\Temp\ccdnzDTc.s:214    .text.logger_set_level:00000008 $d
C:\Users\LENOVO\AppData\Local\Temp\ccdnzDTc.s:219    .rodata.log_print_hex.str1.4:00000000 $d
C:\Users\LENOVO\AppData\Local\Temp\ccdnzDTc.s:223    .text.log_print_hex:00000000 $t
C:\Users\LENOVO\AppData\Local\Temp\ccdnzDTc.s:229    .text.log_print_hex:00000000 log_print_hex
C:\Users\LENOVO\AppData\Local\Temp\ccdnzDTc.s:365    .text.log_print_hex:00000088 $d
C:\Users\LENOVO\AppData\Local\Temp\ccdnzDTc.s:377    .rodata.logger_init.str1.4:00000000 $d
C:\Users\LENOVO\AppData\Local\Temp\ccdnzDTc.s:404    .text.logger_init:00000000 $t
C:\Users\LENOVO\AppData\Local\Temp\ccdnzDTc.s:410    .text.logger_init:00000000 logger_init
C:\Users\LENOVO\AppData\Local\Temp\ccdnzDTc.s:466    .text.logger_init:0000002c $d
C:\Users\LENOVO\AppData\Local\Temp\ccdnzDTc.s:476    .bss.buff:00000000 $d
C:\Users\LENOVO\AppData\Local\Temp\ccdnzDTc.s:483    .rodata.str1.4:00000000 $d
C:\Users\LENOVO\AppData\Local\Temp\ccdnzDTc.s:499    .data.colors:00000000 $d
C:\Users\LENOVO\AppData\Local\Temp\ccdnzDTc.s:525    .rodata.log_level_strings:00000000 $d
C:\Users\LENOVO\AppData\Local\Temp\ccdnzDTc.s:535    .data.serial_write:00000000 $d
C:\Users\LENOVO\AppData\Local\Temp\ccdnzDTc.s:541    .data.LOG_LEVEL:00000000 $d

UNDEFINED SYMBOLS
printf
sprintf
strlen
vsprintf
strcat
memset
