ARM GAS  C:\Users\LENOVO\AppData\Local\Temp\ccpxw8GL.s 			page 1


   1              		.cpu cortex-m33
   2              		.arch armv8-m.main
   3              		.fpu fpv5-sp-d16
   4              		.arch_extension dsp
   5              		.eabi_attribute 27, 1
   6              		.eabi_attribute 28, 1
   7              		.eabi_attribute 20, 1
   8              		.eabi_attribute 21, 1
   9              		.eabi_attribute 23, 3
  10              		.eabi_attribute 24, 1
  11              		.eabi_attribute 25, 1
  12              		.eabi_attribute 26, 1
  13              		.eabi_attribute 30, 1
  14              		.eabi_attribute 34, 1
  15              		.eabi_attribute 18, 4
  16              		.file	"spi.c"
  17              		.text
  18              	.Ltext0:
  19              		.cfi_sections	.debug_frame
  20              		.file 1 "Core/Src/spi.c"
  21              		.section	.text.MX_SPI1_Init,"ax",%progbits
  22              		.align	1
  23              		.global	MX_SPI1_Init
  24              		.syntax unified
  25              		.thumb
  26              		.thumb_func
  28              	MX_SPI1_Init:
  29              	.LFB496:
   1:Core/Src/spi.c **** /* USER CODE BEGIN Header */
   2:Core/Src/spi.c **** /**
   3:Core/Src/spi.c ****   ******************************************************************************
   4:Core/Src/spi.c ****   * @file    spi.c
   5:Core/Src/spi.c ****   * @brief   This file provides code for the configuration
   6:Core/Src/spi.c ****   *          of the SPI instances.
   7:Core/Src/spi.c ****   ******************************************************************************
   8:Core/Src/spi.c ****   * @attention
   9:Core/Src/spi.c ****   *
  10:Core/Src/spi.c ****   * Copyright (c) 2026 STMicroelectronics.
  11:Core/Src/spi.c ****   * All rights reserved.
  12:Core/Src/spi.c ****   *
  13:Core/Src/spi.c ****   * This software is licensed under terms that can be found in the LICENSE file
  14:Core/Src/spi.c ****   * in the root directory of this software component.
  15:Core/Src/spi.c ****   * If no LICENSE file comes with this software, it is provided AS-IS.
  16:Core/Src/spi.c ****   *
  17:Core/Src/spi.c ****   ******************************************************************************
  18:Core/Src/spi.c ****   */
  19:Core/Src/spi.c **** /* USER CODE END Header */
  20:Core/Src/spi.c **** /* Includes ------------------------------------------------------------------*/
  21:Core/Src/spi.c **** #include "spi.h"
  22:Core/Src/spi.c **** 
  23:Core/Src/spi.c **** /* USER CODE BEGIN 0 */
  24:Core/Src/spi.c **** 
  25:Core/Src/spi.c **** /* USER CODE END 0 */
  26:Core/Src/spi.c **** 
  27:Core/Src/spi.c **** SPI_HandleTypeDef hspi1;
  28:Core/Src/spi.c **** 
  29:Core/Src/spi.c **** /* SPI1 init function */
ARM GAS  C:\Users\LENOVO\AppData\Local\Temp\ccpxw8GL.s 			page 2


  30:Core/Src/spi.c **** void MX_SPI1_Init(void)
  31:Core/Src/spi.c **** {
  30              		.loc 1 31 1 view -0
  31              		.cfi_startproc
  32              		@ args = 0, pretend = 0, frame = 0
  33              		@ frame_needed = 0, uses_anonymous_args = 0
  34 0000 08B5     		push	{r3, lr}
  35              	.LCFI0:
  36              		.cfi_def_cfa_offset 8
  37              		.cfi_offset 3, -8
  38              		.cfi_offset 14, -4
  32:Core/Src/spi.c **** 
  33:Core/Src/spi.c ****   /* USER CODE BEGIN SPI1_Init 0 */
  34:Core/Src/spi.c **** 
  35:Core/Src/spi.c ****   /* USER CODE END SPI1_Init 0 */
  36:Core/Src/spi.c **** 
  37:Core/Src/spi.c ****   /* USER CODE BEGIN SPI1_Init 1 */
  38:Core/Src/spi.c **** 
  39:Core/Src/spi.c ****   /* USER CODE END SPI1_Init 1 */
  40:Core/Src/spi.c ****   hspi1.Instance = SPI1;
  39              		.loc 1 40 3 view .LVU1
  40              		.loc 1 40 18 is_stmt 0 view .LVU2
  41 0002 1448     		ldr	r0, .L5
  42 0004 144B     		ldr	r3, .L5+4
  43 0006 0360     		str	r3, [r0]
  41:Core/Src/spi.c ****   hspi1.Init.Mode = SPI_MODE_MASTER;
  44              		.loc 1 41 3 is_stmt 1 view .LVU3
  45              		.loc 1 41 19 is_stmt 0 view .LVU4
  46 0008 4FF48003 		mov	r3, #4194304
  47 000c 4360     		str	r3, [r0, #4]
  42:Core/Src/spi.c ****   hspi1.Init.Direction = SPI_DIRECTION_2LINES;
  48              		.loc 1 42 3 is_stmt 1 view .LVU5
  49              		.loc 1 42 24 is_stmt 0 view .LVU6
  50 000e 0023     		movs	r3, #0
  51 0010 8360     		str	r3, [r0, #8]
  43:Core/Src/spi.c ****   hspi1.Init.DataSize = SPI_DATASIZE_8BIT;
  52              		.loc 1 43 3 is_stmt 1 view .LVU7
  53              		.loc 1 43 23 is_stmt 0 view .LVU8
  54 0012 0722     		movs	r2, #7
  55 0014 C260     		str	r2, [r0, #12]
  44:Core/Src/spi.c ****   hspi1.Init.CLKPolarity = SPI_POLARITY_LOW;
  56              		.loc 1 44 3 is_stmt 1 view .LVU9
  57              		.loc 1 44 26 is_stmt 0 view .LVU10
  58 0016 0361     		str	r3, [r0, #16]
  45:Core/Src/spi.c ****   hspi1.Init.CLKPhase = SPI_PHASE_1EDGE;
  59              		.loc 1 45 3 is_stmt 1 view .LVU11
  60              		.loc 1 45 23 is_stmt 0 view .LVU12
  61 0018 4361     		str	r3, [r0, #20]
  46:Core/Src/spi.c ****   hspi1.Init.NSS = SPI_NSS_SOFT;
  62              		.loc 1 46 3 is_stmt 1 view .LVU13
  63              		.loc 1 46 18 is_stmt 0 view .LVU14
  64 001a 4FF08061 		mov	r1, #67108864
  65 001e 8161     		str	r1, [r0, #24]
  47:Core/Src/spi.c ****   hspi1.Init.BaudRatePrescaler = SPI_BAUDRATEPRESCALER_16;
  66              		.loc 1 47 3 is_stmt 1 view .LVU15
  67              		.loc 1 47 32 is_stmt 0 view .LVU16
  68 0020 4FF04051 		mov	r1, #805306368
ARM GAS  C:\Users\LENOVO\AppData\Local\Temp\ccpxw8GL.s 			page 3


  69 0024 C161     		str	r1, [r0, #28]
  48:Core/Src/spi.c ****   hspi1.Init.FirstBit = SPI_FIRSTBIT_MSB;
  70              		.loc 1 48 3 is_stmt 1 view .LVU17
  71              		.loc 1 48 23 is_stmt 0 view .LVU18
  72 0026 0362     		str	r3, [r0, #32]
  49:Core/Src/spi.c ****   hspi1.Init.TIMode = SPI_TIMODE_DISABLE;
  73              		.loc 1 49 3 is_stmt 1 view .LVU19
  74              		.loc 1 49 21 is_stmt 0 view .LVU20
  75 0028 4362     		str	r3, [r0, #36]
  50:Core/Src/spi.c ****   hspi1.Init.CRCCalculation = SPI_CRCCALCULATION_DISABLE;
  76              		.loc 1 50 3 is_stmt 1 view .LVU21
  77              		.loc 1 50 29 is_stmt 0 view .LVU22
  78 002a 8362     		str	r3, [r0, #40]
  51:Core/Src/spi.c ****   hspi1.Init.CRCPolynomial = 0x7;
  79              		.loc 1 51 3 is_stmt 1 view .LVU23
  80              		.loc 1 51 28 is_stmt 0 view .LVU24
  81 002c C262     		str	r2, [r0, #44]
  52:Core/Src/spi.c ****   hspi1.Init.NSSPMode = SPI_NSS_PULSE_ENABLE;
  82              		.loc 1 52 3 is_stmt 1 view .LVU25
  83              		.loc 1 52 23 is_stmt 0 view .LVU26
  84 002e 4FF08042 		mov	r2, #1073741824
  85 0032 4263     		str	r2, [r0, #52]
  53:Core/Src/spi.c ****   hspi1.Init.NSSPolarity = SPI_NSS_POLARITY_LOW;
  86              		.loc 1 53 3 is_stmt 1 view .LVU27
  87              		.loc 1 53 26 is_stmt 0 view .LVU28
  88 0034 8363     		str	r3, [r0, #56]
  54:Core/Src/spi.c ****   hspi1.Init.FifoThreshold = SPI_FIFO_THRESHOLD_01DATA;
  89              		.loc 1 54 3 is_stmt 1 view .LVU29
  90              		.loc 1 54 28 is_stmt 0 view .LVU30
  91 0036 C363     		str	r3, [r0, #60]
  55:Core/Src/spi.c ****   hspi1.Init.MasterSSIdleness = SPI_MASTER_SS_IDLENESS_00CYCLE;
  92              		.loc 1 55 3 is_stmt 1 view .LVU31
  93              		.loc 1 55 31 is_stmt 0 view .LVU32
  94 0038 8364     		str	r3, [r0, #72]
  56:Core/Src/spi.c ****   hspi1.Init.MasterInterDataIdleness = SPI_MASTER_INTERDATA_IDLENESS_00CYCLE;
  95              		.loc 1 56 3 is_stmt 1 view .LVU33
  96              		.loc 1 56 38 is_stmt 0 view .LVU34
  97 003a C364     		str	r3, [r0, #76]
  57:Core/Src/spi.c ****   hspi1.Init.MasterReceiverAutoSusp = SPI_MASTER_RX_AUTOSUSP_DISABLE;
  98              		.loc 1 57 3 is_stmt 1 view .LVU35
  99              		.loc 1 57 37 is_stmt 0 view .LVU36
 100 003c 0365     		str	r3, [r0, #80]
  58:Core/Src/spi.c ****   hspi1.Init.MasterKeepIOState = SPI_MASTER_KEEP_IO_STATE_DISABLE;
 101              		.loc 1 58 3 is_stmt 1 view .LVU37
 102              		.loc 1 58 32 is_stmt 0 view .LVU38
 103 003e 4365     		str	r3, [r0, #84]
  59:Core/Src/spi.c ****   hspi1.Init.IOSwap = SPI_IO_SWAP_DISABLE;
 104              		.loc 1 59 3 is_stmt 1 view .LVU39
 105              		.loc 1 59 21 is_stmt 0 view .LVU40
 106 0040 8365     		str	r3, [r0, #88]
  60:Core/Src/spi.c ****   hspi1.Init.ReadyMasterManagement = SPI_RDY_MASTER_MANAGEMENT_INTERNALLY;
 107              		.loc 1 60 3 is_stmt 1 view .LVU41
 108              		.loc 1 60 36 is_stmt 0 view .LVU42
 109 0042 C365     		str	r3, [r0, #92]
  61:Core/Src/spi.c ****   hspi1.Init.ReadyPolarity = SPI_RDY_POLARITY_HIGH;
 110              		.loc 1 61 3 is_stmt 1 view .LVU43
 111              		.loc 1 61 28 is_stmt 0 view .LVU44
ARM GAS  C:\Users\LENOVO\AppData\Local\Temp\ccpxw8GL.s 			page 4


 112 0044 0366     		str	r3, [r0, #96]
  62:Core/Src/spi.c ****   if (HAL_SPI_Init(&hspi1) != HAL_OK)
 113              		.loc 1 62 3 is_stmt 1 view .LVU45
 114              		.loc 1 62 7 is_stmt 0 view .LVU46
 115 0046 FFF7FEFF 		bl	HAL_SPI_Init
 116              	.LVL0:
 117              		.loc 1 62 6 discriminator 1 view .LVU47
 118 004a 00B9     		cbnz	r0, .L4
 119              	.L1:
  63:Core/Src/spi.c ****   {
  64:Core/Src/spi.c ****     Error_Handler();
  65:Core/Src/spi.c ****   }
  66:Core/Src/spi.c ****   /* USER CODE BEGIN SPI1_Init 2 */
  67:Core/Src/spi.c **** 
  68:Core/Src/spi.c ****   /* USER CODE END SPI1_Init 2 */
  69:Core/Src/spi.c **** 
  70:Core/Src/spi.c **** }
 120              		.loc 1 70 1 view .LVU48
 121 004c 08BD     		pop	{r3, pc}
 122              	.L4:
  64:Core/Src/spi.c ****   }
 123              		.loc 1 64 5 is_stmt 1 view .LVU49
 124 004e FFF7FEFF 		bl	Error_Handler
 125              	.LVL1:
 126              		.loc 1 70 1 is_stmt 0 view .LVU50
 127 0052 FBE7     		b	.L1
 128              	.L6:
 129              		.align	2
 130              	.L5:
 131 0054 00000000 		.word	hspi1
 132 0058 00300140 		.word	1073819648
 133              		.cfi_endproc
 134              	.LFE496:
 136              		.section	.text.HAL_SPI_MspInit,"ax",%progbits
 137              		.align	1
 138              		.global	HAL_SPI_MspInit
 139              		.syntax unified
 140              		.thumb
 141              		.thumb_func
 143              	HAL_SPI_MspInit:
 144              	.LVL2:
 145              	.LFB497:
  71:Core/Src/spi.c **** 
  72:Core/Src/spi.c **** void HAL_SPI_MspInit(SPI_HandleTypeDef* spiHandle)
  73:Core/Src/spi.c **** {
 146              		.loc 1 73 1 is_stmt 1 view -0
 147              		.cfi_startproc
 148              		@ args = 0, pretend = 0, frame = 296
 149              		@ frame_needed = 0, uses_anonymous_args = 0
 150              		.loc 1 73 1 is_stmt 0 view .LVU52
 151 0000 10B5     		push	{r4, lr}
 152              	.LCFI1:
 153              		.cfi_def_cfa_offset 8
 154              		.cfi_offset 4, -8
 155              		.cfi_offset 14, -4
 156 0002 CAB0     		sub	sp, sp, #296
 157              	.LCFI2:
ARM GAS  C:\Users\LENOVO\AppData\Local\Temp\ccpxw8GL.s 			page 5


 158              		.cfi_def_cfa_offset 304
 159 0004 0446     		mov	r4, r0
  74:Core/Src/spi.c **** 
  75:Core/Src/spi.c ****   GPIO_InitTypeDef GPIO_InitStruct = {0};
 160              		.loc 1 75 3 is_stmt 1 view .LVU53
 161              		.loc 1 75 20 is_stmt 0 view .LVU54
 162 0006 0021     		movs	r1, #0
 163 0008 4591     		str	r1, [sp, #276]
 164 000a 4691     		str	r1, [sp, #280]
 165 000c 4791     		str	r1, [sp, #284]
 166 000e 4891     		str	r1, [sp, #288]
 167 0010 4991     		str	r1, [sp, #292]
  76:Core/Src/spi.c ****   RCC_PeriphCLKInitTypeDef PeriphClkInitStruct = {0};
 168              		.loc 1 76 3 is_stmt 1 view .LVU55
 169              		.loc 1 76 28 is_stmt 0 view .LVU56
 170 0012 4FF48472 		mov	r2, #264
 171 0016 02A8     		add	r0, sp, #8
 172              	.LVL3:
 173              		.loc 1 76 28 view .LVU57
 174 0018 FFF7FEFF 		bl	memset
 175              	.LVL4:
  77:Core/Src/spi.c ****   if(spiHandle->Instance==SPI1)
 176              		.loc 1 77 3 is_stmt 1 view .LVU58
 177              		.loc 1 77 15 is_stmt 0 view .LVU59
 178 001c 2268     		ldr	r2, [r4]
 179              		.loc 1 77 5 view .LVU60
 180 001e 214B     		ldr	r3, .L13
 181 0020 9A42     		cmp	r2, r3
 182 0022 01D0     		beq	.L11
 183              	.LVL5:
 184              	.L7:
  78:Core/Src/spi.c ****   {
  79:Core/Src/spi.c ****   /* USER CODE BEGIN SPI1_MspInit 0 */
  80:Core/Src/spi.c **** 
  81:Core/Src/spi.c ****   /* USER CODE END SPI1_MspInit 0 */
  82:Core/Src/spi.c **** 
  83:Core/Src/spi.c ****   /** Initializes the peripherals clock
  84:Core/Src/spi.c ****   */
  85:Core/Src/spi.c ****     PeriphClkInitStruct.PeriphClockSelection = RCC_PERIPHCLK_SPI1;
  86:Core/Src/spi.c ****     PeriphClkInitStruct.Spi1ClockSelection = RCC_SPI1CLKSOURCE_CLKP;
  87:Core/Src/spi.c ****     if (HAL_RCCEx_PeriphCLKConfig(&PeriphClkInitStruct) != HAL_OK)
  88:Core/Src/spi.c ****     {
  89:Core/Src/spi.c ****       Error_Handler();
  90:Core/Src/spi.c ****     }
  91:Core/Src/spi.c **** 
  92:Core/Src/spi.c ****     /* SPI1 clock enable */
  93:Core/Src/spi.c ****     __HAL_RCC_SPI1_CLK_ENABLE();
  94:Core/Src/spi.c **** 
  95:Core/Src/spi.c ****     __HAL_RCC_GPIOA_CLK_ENABLE();
  96:Core/Src/spi.c ****     /**SPI1 GPIO Configuration
  97:Core/Src/spi.c ****     PA5     ------> SPI1_SCK
  98:Core/Src/spi.c ****     PA6     ------> SPI1_MISO
  99:Core/Src/spi.c ****     PA7     ------> SPI1_MOSI
 100:Core/Src/spi.c ****     */
 101:Core/Src/spi.c ****     GPIO_InitStruct.Pin = FLASH_SPI_SCK_Pin|FLASH_SPI_MISO_Pin|FLASH_SPI_MOSI_Pin;
 102:Core/Src/spi.c ****     GPIO_InitStruct.Mode = GPIO_MODE_AF_PP;
 103:Core/Src/spi.c ****     GPIO_InitStruct.Pull = GPIO_NOPULL;
ARM GAS  C:\Users\LENOVO\AppData\Local\Temp\ccpxw8GL.s 			page 6


 104:Core/Src/spi.c ****     GPIO_InitStruct.Speed = GPIO_SPEED_FREQ_LOW;
 105:Core/Src/spi.c ****     GPIO_InitStruct.Alternate = GPIO_AF5_SPI1;
 106:Core/Src/spi.c ****     HAL_GPIO_Init(GPIOA, &GPIO_InitStruct);
 107:Core/Src/spi.c **** 
 108:Core/Src/spi.c ****     /* SPI1 interrupt Init */
 109:Core/Src/spi.c ****     HAL_NVIC_SetPriority(SPI1_IRQn, 0, 0);
 110:Core/Src/spi.c ****     HAL_NVIC_EnableIRQ(SPI1_IRQn);
 111:Core/Src/spi.c ****   /* USER CODE BEGIN SPI1_MspInit 1 */
 112:Core/Src/spi.c **** 
 113:Core/Src/spi.c ****   /* USER CODE END SPI1_MspInit 1 */
 114:Core/Src/spi.c ****   }
 115:Core/Src/spi.c **** }
 185              		.loc 1 115 1 view .LVU61
 186 0024 4AB0     		add	sp, sp, #296
 187              	.LCFI3:
 188              		.cfi_remember_state
 189              		.cfi_def_cfa_offset 8
 190              		@ sp needed
 191 0026 10BD     		pop	{r4, pc}
 192              	.LVL6:
 193              	.L11:
 194              	.LCFI4:
 195              		.cfi_restore_state
  85:Core/Src/spi.c ****     PeriphClkInitStruct.Spi1ClockSelection = RCC_SPI1CLKSOURCE_CLKP;
 196              		.loc 1 85 5 is_stmt 1 view .LVU62
  85:Core/Src/spi.c ****     PeriphClkInitStruct.Spi1ClockSelection = RCC_SPI1CLKSOURCE_CLKP;
 197              		.loc 1 85 46 is_stmt 0 view .LVU63
 198 0028 4FF00062 		mov	r2, #134217728
 199 002c 0023     		movs	r3, #0
 200 002e CDE90223 		strd	r2, [sp, #8]
  86:Core/Src/spi.c ****     if (HAL_RCCEx_PeriphCLKConfig(&PeriphClkInitStruct) != HAL_OK)
 201              		.loc 1 86 5 is_stmt 1 view .LVU64
  86:Core/Src/spi.c ****     if (HAL_RCCEx_PeriphCLKConfig(&PeriphClkInitStruct) != HAL_OK)
 202              		.loc 1 86 44 is_stmt 0 view .LVU65
 203 0032 0423     		movs	r3, #4
 204 0034 3A93     		str	r3, [sp, #232]
  87:Core/Src/spi.c ****     {
 205              		.loc 1 87 5 is_stmt 1 view .LVU66
  87:Core/Src/spi.c ****     {
 206              		.loc 1 87 9 is_stmt 0 view .LVU67
 207 0036 02A8     		add	r0, sp, #8
 208 0038 FFF7FEFF 		bl	HAL_RCCEx_PeriphCLKConfig
 209              	.LVL7:
  87:Core/Src/spi.c ****     {
 210              		.loc 1 87 8 discriminator 1 view .LVU68
 211 003c 70BB     		cbnz	r0, .L12
 212              	.L9:
  93:Core/Src/spi.c **** 
 213              		.loc 1 93 5 is_stmt 1 view .LVU69
 214              	.LBB2:
  93:Core/Src/spi.c **** 
 215              		.loc 1 93 5 view .LVU70
  93:Core/Src/spi.c **** 
 216              		.loc 1 93 5 view .LVU71
 217 003e 1A4B     		ldr	r3, .L13+4
 218 0040 D3F8A420 		ldr	r2, [r3, #164]
 219 0044 42F48052 		orr	r2, r2, #4096
ARM GAS  C:\Users\LENOVO\AppData\Local\Temp\ccpxw8GL.s 			page 7


 220 0048 C3F8A420 		str	r2, [r3, #164]
  93:Core/Src/spi.c **** 
 221              		.loc 1 93 5 view .LVU72
 222 004c D3F8A420 		ldr	r2, [r3, #164]
 223 0050 02F48052 		and	r2, r2, #4096
 224 0054 0092     		str	r2, [sp]
  93:Core/Src/spi.c **** 
 225              		.loc 1 93 5 view .LVU73
 226 0056 009A     		ldr	r2, [sp]
 227              	.LBE2:
  93:Core/Src/spi.c **** 
 228              		.loc 1 93 5 view .LVU74
  95:Core/Src/spi.c ****     /**SPI1 GPIO Configuration
 229              		.loc 1 95 5 view .LVU75
 230              	.LBB3:
  95:Core/Src/spi.c ****     /**SPI1 GPIO Configuration
 231              		.loc 1 95 5 view .LVU76
  95:Core/Src/spi.c ****     /**SPI1 GPIO Configuration
 232              		.loc 1 95 5 view .LVU77
 233 0058 D3F88C20 		ldr	r2, [r3, #140]
 234 005c 42F00102 		orr	r2, r2, #1
 235 0060 C3F88C20 		str	r2, [r3, #140]
  95:Core/Src/spi.c ****     /**SPI1 GPIO Configuration
 236              		.loc 1 95 5 view .LVU78
 237 0064 D3F88C30 		ldr	r3, [r3, #140]
 238 0068 03F00103 		and	r3, r3, #1
 239 006c 0193     		str	r3, [sp, #4]
  95:Core/Src/spi.c ****     /**SPI1 GPIO Configuration
 240              		.loc 1 95 5 view .LVU79
 241 006e 019B     		ldr	r3, [sp, #4]
 242              	.LBE3:
  95:Core/Src/spi.c ****     /**SPI1 GPIO Configuration
 243              		.loc 1 95 5 view .LVU80
 101:Core/Src/spi.c ****     GPIO_InitStruct.Mode = GPIO_MODE_AF_PP;
 244              		.loc 1 101 5 view .LVU81
 101:Core/Src/spi.c ****     GPIO_InitStruct.Mode = GPIO_MODE_AF_PP;
 245              		.loc 1 101 25 is_stmt 0 view .LVU82
 246 0070 E023     		movs	r3, #224
 247 0072 4593     		str	r3, [sp, #276]
 102:Core/Src/spi.c ****     GPIO_InitStruct.Pull = GPIO_NOPULL;
 248              		.loc 1 102 5 is_stmt 1 view .LVU83
 102:Core/Src/spi.c ****     GPIO_InitStruct.Pull = GPIO_NOPULL;
 249              		.loc 1 102 26 is_stmt 0 view .LVU84
 250 0074 0223     		movs	r3, #2
 251 0076 4693     		str	r3, [sp, #280]
 103:Core/Src/spi.c ****     GPIO_InitStruct.Speed = GPIO_SPEED_FREQ_LOW;
 252              		.loc 1 103 5 is_stmt 1 view .LVU85
 103:Core/Src/spi.c ****     GPIO_InitStruct.Speed = GPIO_SPEED_FREQ_LOW;
 253              		.loc 1 103 26 is_stmt 0 view .LVU86
 254 0078 0024     		movs	r4, #0
 255              	.LVL8:
 103:Core/Src/spi.c ****     GPIO_InitStruct.Speed = GPIO_SPEED_FREQ_LOW;
 256              		.loc 1 103 26 view .LVU87
 257 007a 4794     		str	r4, [sp, #284]
 104:Core/Src/spi.c ****     GPIO_InitStruct.Alternate = GPIO_AF5_SPI1;
 258              		.loc 1 104 5 is_stmt 1 view .LVU88
 104:Core/Src/spi.c ****     GPIO_InitStruct.Alternate = GPIO_AF5_SPI1;
ARM GAS  C:\Users\LENOVO\AppData\Local\Temp\ccpxw8GL.s 			page 8


 259              		.loc 1 104 27 is_stmt 0 view .LVU89
 260 007c 4894     		str	r4, [sp, #288]
 105:Core/Src/spi.c ****     HAL_GPIO_Init(GPIOA, &GPIO_InitStruct);
 261              		.loc 1 105 5 is_stmt 1 view .LVU90
 105:Core/Src/spi.c ****     HAL_GPIO_Init(GPIOA, &GPIO_InitStruct);
 262              		.loc 1 105 31 is_stmt 0 view .LVU91
 263 007e 0523     		movs	r3, #5
 264 0080 4993     		str	r3, [sp, #292]
 106:Core/Src/spi.c **** 
 265              		.loc 1 106 5 is_stmt 1 view .LVU92
 266 0082 45A9     		add	r1, sp, #276
 267 0084 0948     		ldr	r0, .L13+8
 268 0086 FFF7FEFF 		bl	HAL_GPIO_Init
 269              	.LVL9:
 109:Core/Src/spi.c ****     HAL_NVIC_EnableIRQ(SPI1_IRQn);
 270              		.loc 1 109 5 view .LVU93
 271 008a 2246     		mov	r2, r4
 272 008c 2146     		mov	r1, r4
 273 008e 3720     		movs	r0, #55
 274 0090 FFF7FEFF 		bl	HAL_NVIC_SetPriority
 275              	.LVL10:
 110:Core/Src/spi.c ****   /* USER CODE BEGIN SPI1_MspInit 1 */
 276              		.loc 1 110 5 view .LVU94
 277 0094 3720     		movs	r0, #55
 278 0096 FFF7FEFF 		bl	HAL_NVIC_EnableIRQ
 279              	.LVL11:
 280              		.loc 1 115 1 is_stmt 0 view .LVU95
 281 009a C3E7     		b	.L7
 282              	.LVL12:
 283              	.L12:
  89:Core/Src/spi.c ****     }
 284              		.loc 1 89 7 is_stmt 1 view .LVU96
 285 009c FFF7FEFF 		bl	Error_Handler
 286              	.LVL13:
 287 00a0 CDE7     		b	.L9
 288              	.L14:
 289 00a2 00BF     		.align	2
 290              	.L13:
 291 00a4 00300140 		.word	1073819648
 292 00a8 000C0244 		.word	1140984832
 293 00ac 00000242 		.word	1107427328
 294              		.cfi_endproc
 295              	.LFE497:
 297              		.section	.text.HAL_SPI_MspDeInit,"ax",%progbits
 298              		.align	1
 299              		.global	HAL_SPI_MspDeInit
 300              		.syntax unified
 301              		.thumb
 302              		.thumb_func
 304              	HAL_SPI_MspDeInit:
 305              	.LVL14:
 306              	.LFB498:
 116:Core/Src/spi.c **** 
 117:Core/Src/spi.c **** void HAL_SPI_MspDeInit(SPI_HandleTypeDef* spiHandle)
 118:Core/Src/spi.c **** {
 307              		.loc 1 118 1 view -0
 308              		.cfi_startproc
ARM GAS  C:\Users\LENOVO\AppData\Local\Temp\ccpxw8GL.s 			page 9


 309              		@ args = 0, pretend = 0, frame = 0
 310              		@ frame_needed = 0, uses_anonymous_args = 0
 311              		.loc 1 118 1 is_stmt 0 view .LVU98
 312 0000 08B5     		push	{r3, lr}
 313              	.LCFI5:
 314              		.cfi_def_cfa_offset 8
 315              		.cfi_offset 3, -8
 316              		.cfi_offset 14, -4
 119:Core/Src/spi.c **** 
 120:Core/Src/spi.c ****   if(spiHandle->Instance==SPI1)
 317              		.loc 1 120 3 is_stmt 1 view .LVU99
 318              		.loc 1 120 15 is_stmt 0 view .LVU100
 319 0002 0268     		ldr	r2, [r0]
 320              		.loc 1 120 5 view .LVU101
 321 0004 094B     		ldr	r3, .L19
 322 0006 9A42     		cmp	r2, r3
 323 0008 00D0     		beq	.L18
 324              	.LVL15:
 325              	.L15:
 121:Core/Src/spi.c ****   {
 122:Core/Src/spi.c ****   /* USER CODE BEGIN SPI1_MspDeInit 0 */
 123:Core/Src/spi.c **** 
 124:Core/Src/spi.c ****   /* USER CODE END SPI1_MspDeInit 0 */
 125:Core/Src/spi.c ****     /* Peripheral clock disable */
 126:Core/Src/spi.c ****     __HAL_RCC_SPI1_CLK_DISABLE();
 127:Core/Src/spi.c **** 
 128:Core/Src/spi.c ****     /**SPI1 GPIO Configuration
 129:Core/Src/spi.c ****     PA5     ------> SPI1_SCK
 130:Core/Src/spi.c ****     PA6     ------> SPI1_MISO
 131:Core/Src/spi.c ****     PA7     ------> SPI1_MOSI
 132:Core/Src/spi.c ****     */
 133:Core/Src/spi.c ****     HAL_GPIO_DeInit(GPIOA, FLASH_SPI_SCK_Pin|FLASH_SPI_MISO_Pin|FLASH_SPI_MOSI_Pin);
 134:Core/Src/spi.c **** 
 135:Core/Src/spi.c ****     /* SPI1 interrupt Deinit */
 136:Core/Src/spi.c ****     HAL_NVIC_DisableIRQ(SPI1_IRQn);
 137:Core/Src/spi.c ****   /* USER CODE BEGIN SPI1_MspDeInit 1 */
 138:Core/Src/spi.c **** 
 139:Core/Src/spi.c ****   /* USER CODE END SPI1_MspDeInit 1 */
 140:Core/Src/spi.c ****   }
 141:Core/Src/spi.c **** }
 326              		.loc 1 141 1 view .LVU102
 327 000a 08BD     		pop	{r3, pc}
 328              	.LVL16:
 329              	.L18:
 126:Core/Src/spi.c **** 
 330              		.loc 1 126 5 is_stmt 1 view .LVU103
 331 000c 084A     		ldr	r2, .L19+4
 332 000e D2F8A430 		ldr	r3, [r2, #164]
 333 0012 23F48053 		bic	r3, r3, #4096
 334 0016 C2F8A430 		str	r3, [r2, #164]
 133:Core/Src/spi.c **** 
 335              		.loc 1 133 5 view .LVU104
 336 001a E021     		movs	r1, #224
 337 001c 0548     		ldr	r0, .L19+8
 338              	.LVL17:
 133:Core/Src/spi.c **** 
 339              		.loc 1 133 5 is_stmt 0 view .LVU105
ARM GAS  C:\Users\LENOVO\AppData\Local\Temp\ccpxw8GL.s 			page 10


 340 001e FFF7FEFF 		bl	HAL_GPIO_DeInit
 341              	.LVL18:
 136:Core/Src/spi.c ****   /* USER CODE BEGIN SPI1_MspDeInit 1 */
 342              		.loc 1 136 5 is_stmt 1 view .LVU106
 343 0022 3720     		movs	r0, #55
 344 0024 FFF7FEFF 		bl	HAL_NVIC_DisableIRQ
 345              	.LVL19:
 346              		.loc 1 141 1 is_stmt 0 view .LVU107
 347 0028 EFE7     		b	.L15
 348              	.L20:
 349 002a 00BF     		.align	2
 350              	.L19:
 351 002c 00300140 		.word	1073819648
 352 0030 000C0244 		.word	1140984832
 353 0034 00000242 		.word	1107427328
 354              		.cfi_endproc
 355              	.LFE498:
 357              		.global	hspi1
 358              		.section	.bss.hspi1,"aw",%nobits
 359              		.align	2
 362              	hspi1:
 363 0000 00000000 		.space	144
 363      00000000 
 363      00000000 
 363      00000000 
 363      00000000 
 364              		.text
 365              	.Letext0:
 366              		.file 2 "C:\\ST\\STM32CubeCLT_1.20.0\\GNU-tools-for-STM32\\bin/../lib/gcc/arm-none-eabi/13.3.1/../
 367              		.file 3 "Drivers/CMSIS/Device/ST/STM32H5xx/Include/stm32h563xx.h"
 368              		.file 4 "C:\\ST\\STM32CubeCLT_1.20.0\\GNU-tools-for-STM32\\bin/../lib/gcc/arm-none-eabi/13.3.1/../
 369              		.file 5 "Drivers/STM32H5xx_HAL_Driver/Inc/stm32h5xx_hal_def.h"
 370              		.file 6 "Drivers/STM32H5xx_HAL_Driver/Inc/stm32h5xx_hal_rcc_ex.h"
 371              		.file 7 "Drivers/STM32H5xx_HAL_Driver/Inc/stm32h5xx_hal_gpio.h"
 372              		.file 8 "Drivers/STM32H5xx_HAL_Driver/Inc/stm32h5xx_hal_dma.h"
 373              		.file 9 "Drivers/STM32H5xx_HAL_Driver/Inc/stm32h5xx_hal_dma_ex.h"
 374              		.file 10 "Drivers/STM32H5xx_HAL_Driver/Inc/stm32h5xx_ll_lptim.h"
 375              		.file 11 "Drivers/STM32H5xx_HAL_Driver/Inc/stm32h5xx_hal_spi.h"
 376              		.file 12 "Drivers/STM32H5xx_HAL_Driver/Inc/stm32h5xx_hal_cortex.h"
 377              		.file 13 "Core/Inc/spi.h"
 378              		.file 14 "Core/Inc/main.h"
 379              		.file 15 "<built-in>"
ARM GAS  C:\Users\LENOVO\AppData\Local\Temp\ccpxw8GL.s 			page 11


DEFINED SYMBOLS
                            *ABS*:00000000 spi.c
C:\Users\LENOVO\AppData\Local\Temp\ccpxw8GL.s:22     .text.MX_SPI1_Init:00000000 $t
C:\Users\LENOVO\AppData\Local\Temp\ccpxw8GL.s:28     .text.MX_SPI1_Init:00000000 MX_SPI1_Init
C:\Users\LENOVO\AppData\Local\Temp\ccpxw8GL.s:131    .text.MX_SPI1_Init:00000054 $d
C:\Users\LENOVO\AppData\Local\Temp\ccpxw8GL.s:362    .bss.hspi1:00000000 hspi1
C:\Users\LENOVO\AppData\Local\Temp\ccpxw8GL.s:137    .text.HAL_SPI_MspInit:00000000 $t
C:\Users\LENOVO\AppData\Local\Temp\ccpxw8GL.s:143    .text.HAL_SPI_MspInit:00000000 HAL_SPI_MspInit
C:\Users\LENOVO\AppData\Local\Temp\ccpxw8GL.s:291    .text.HAL_SPI_MspInit:000000a4 $d
C:\Users\LENOVO\AppData\Local\Temp\ccpxw8GL.s:298    .text.HAL_SPI_MspDeInit:00000000 $t
C:\Users\LENOVO\AppData\Local\Temp\ccpxw8GL.s:304    .text.HAL_SPI_MspDeInit:00000000 HAL_SPI_MspDeInit
C:\Users\LENOVO\AppData\Local\Temp\ccpxw8GL.s:351    .text.HAL_SPI_MspDeInit:0000002c $d
C:\Users\LENOVO\AppData\Local\Temp\ccpxw8GL.s:359    .bss.hspi1:00000000 $d

UNDEFINED SYMBOLS
HAL_SPI_Init
Error_Handler
memset
HAL_RCCEx_PeriphCLKConfig
HAL_GPIO_Init
HAL_NVIC_SetPriority
HAL_NVIC_EnableIRQ
HAL_GPIO_DeInit
HAL_NVIC_DisableIRQ
