ARM GAS  C:\Users\LENOVO\AppData\Local\Temp\ccvRSRMV.s 			page 1


   1              		.cpu cortex-m33
   2              		.arch armv8-m.main
   3              		.fpu fpv5-sp-d16
   4              		.arch_extension dsp
   5              		.eabi_attribute 27, 1
   6              		.eabi_attribute 28, 1
   7              		.eabi_attribute 20, 1
   8              		.eabi_attribute 21, 1
   9              		.eabi_attribute 23, 3
  10              		.eabi_attribute 24, 1
  11              		.eabi_attribute 25, 1
  12              		.eabi_attribute 26, 1
  13              		.eabi_attribute 30, 1
  14              		.eabi_attribute 34, 1
  15              		.eabi_attribute 18, 4
  16              		.file	"stm32h5xx_hal_i2c_ex.c"
  17              		.text
  18              	.Ltext0:
  19              		.cfi_sections	.debug_frame
  20              		.file 1 "Drivers/STM32H5xx_HAL_Driver/Src/stm32h5xx_hal_i2c_ex.c"
  21              		.section	.text.HAL_I2CEx_ConfigAnalogFilter,"ax",%progbits
  22              		.align	1
  23              		.global	HAL_I2CEx_ConfigAnalogFilter
  24              		.syntax unified
  25              		.thumb
  26              		.thumb_func
  28              	HAL_I2CEx_ConfigAnalogFilter:
  29              	.LVL0:
  30              	.LFB496:
   1:Drivers/STM32H5xx_HAL_Driver/Src/stm32h5xx_hal_i2c_ex.c **** /**
   2:Drivers/STM32H5xx_HAL_Driver/Src/stm32h5xx_hal_i2c_ex.c ****   ******************************************************************************
   3:Drivers/STM32H5xx_HAL_Driver/Src/stm32h5xx_hal_i2c_ex.c ****   * @file    stm32h5xx_hal_i2c_ex.c
   4:Drivers/STM32H5xx_HAL_Driver/Src/stm32h5xx_hal_i2c_ex.c ****   * @author  MCD Application Team
   5:Drivers/STM32H5xx_HAL_Driver/Src/stm32h5xx_hal_i2c_ex.c ****   * @brief   I2C Extended HAL module driver.
   6:Drivers/STM32H5xx_HAL_Driver/Src/stm32h5xx_hal_i2c_ex.c ****   *          This file provides firmware functions to manage the following
   7:Drivers/STM32H5xx_HAL_Driver/Src/stm32h5xx_hal_i2c_ex.c ****   *          functionalities of I2C Extended peripheral:
   8:Drivers/STM32H5xx_HAL_Driver/Src/stm32h5xx_hal_i2c_ex.c ****   *           + Filter Mode Functions
   9:Drivers/STM32H5xx_HAL_Driver/Src/stm32h5xx_hal_i2c_ex.c ****   *           + WakeUp Mode Functions
  10:Drivers/STM32H5xx_HAL_Driver/Src/stm32h5xx_hal_i2c_ex.c ****   *           + FastModePlus Functions
  11:Drivers/STM32H5xx_HAL_Driver/Src/stm32h5xx_hal_i2c_ex.c ****   *
  12:Drivers/STM32H5xx_HAL_Driver/Src/stm32h5xx_hal_i2c_ex.c ****   ******************************************************************************
  13:Drivers/STM32H5xx_HAL_Driver/Src/stm32h5xx_hal_i2c_ex.c ****   * @attention
  14:Drivers/STM32H5xx_HAL_Driver/Src/stm32h5xx_hal_i2c_ex.c ****   *
  15:Drivers/STM32H5xx_HAL_Driver/Src/stm32h5xx_hal_i2c_ex.c ****   * Copyright (c) 2023 STMicroelectronics.
  16:Drivers/STM32H5xx_HAL_Driver/Src/stm32h5xx_hal_i2c_ex.c ****   * All rights reserved.
  17:Drivers/STM32H5xx_HAL_Driver/Src/stm32h5xx_hal_i2c_ex.c ****   *
  18:Drivers/STM32H5xx_HAL_Driver/Src/stm32h5xx_hal_i2c_ex.c ****   * This software is licensed under terms that can be found in the LICENSE file
  19:Drivers/STM32H5xx_HAL_Driver/Src/stm32h5xx_hal_i2c_ex.c ****   * in the root directory of this software component.
  20:Drivers/STM32H5xx_HAL_Driver/Src/stm32h5xx_hal_i2c_ex.c ****   * If no LICENSE file comes with this software, it is provided AS-IS.
  21:Drivers/STM32H5xx_HAL_Driver/Src/stm32h5xx_hal_i2c_ex.c ****   *
  22:Drivers/STM32H5xx_HAL_Driver/Src/stm32h5xx_hal_i2c_ex.c ****   ******************************************************************************
  23:Drivers/STM32H5xx_HAL_Driver/Src/stm32h5xx_hal_i2c_ex.c ****   @verbatim
  24:Drivers/STM32H5xx_HAL_Driver/Src/stm32h5xx_hal_i2c_ex.c ****   ==============================================================================
  25:Drivers/STM32H5xx_HAL_Driver/Src/stm32h5xx_hal_i2c_ex.c ****                ##### I2C peripheral Extended features  #####
  26:Drivers/STM32H5xx_HAL_Driver/Src/stm32h5xx_hal_i2c_ex.c ****   ==============================================================================
  27:Drivers/STM32H5xx_HAL_Driver/Src/stm32h5xx_hal_i2c_ex.c **** 
  28:Drivers/STM32H5xx_HAL_Driver/Src/stm32h5xx_hal_i2c_ex.c ****   [..] Comparing to other previous devices, the I2C interface for STM32H5xx
ARM GAS  C:\Users\LENOVO\AppData\Local\Temp\ccvRSRMV.s 			page 2


  29:Drivers/STM32H5xx_HAL_Driver/Src/stm32h5xx_hal_i2c_ex.c ****        devices contains the following additional features
  30:Drivers/STM32H5xx_HAL_Driver/Src/stm32h5xx_hal_i2c_ex.c **** 
  31:Drivers/STM32H5xx_HAL_Driver/Src/stm32h5xx_hal_i2c_ex.c ****        (+) Possibility to disable or enable Analog Noise Filter
  32:Drivers/STM32H5xx_HAL_Driver/Src/stm32h5xx_hal_i2c_ex.c ****        (+) Use of a configured Digital Noise Filter
  33:Drivers/STM32H5xx_HAL_Driver/Src/stm32h5xx_hal_i2c_ex.c ****        (+) Disable or enable wakeup from Stop mode(s)
  34:Drivers/STM32H5xx_HAL_Driver/Src/stm32h5xx_hal_i2c_ex.c ****        (+) Disable or enable Fast Mode Plus
  35:Drivers/STM32H5xx_HAL_Driver/Src/stm32h5xx_hal_i2c_ex.c **** 
  36:Drivers/STM32H5xx_HAL_Driver/Src/stm32h5xx_hal_i2c_ex.c ****                      ##### How to use this driver #####
  37:Drivers/STM32H5xx_HAL_Driver/Src/stm32h5xx_hal_i2c_ex.c ****   ==============================================================================
  38:Drivers/STM32H5xx_HAL_Driver/Src/stm32h5xx_hal_i2c_ex.c ****   [..] This driver provides functions to configure Noise Filter and Wake Up Feature
  39:Drivers/STM32H5xx_HAL_Driver/Src/stm32h5xx_hal_i2c_ex.c ****     (#) Configure I2C Analog noise filter using the function HAL_I2CEx_ConfigAnalogFilter()
  40:Drivers/STM32H5xx_HAL_Driver/Src/stm32h5xx_hal_i2c_ex.c ****     (#) Configure I2C Digital noise filter using the function HAL_I2CEx_ConfigDigitalFilter()
  41:Drivers/STM32H5xx_HAL_Driver/Src/stm32h5xx_hal_i2c_ex.c ****     (#) Configure the enable or disable of I2C Wake Up Mode using the functions :
  42:Drivers/STM32H5xx_HAL_Driver/Src/stm32h5xx_hal_i2c_ex.c ****           (++) HAL_I2CEx_EnableWakeUp()
  43:Drivers/STM32H5xx_HAL_Driver/Src/stm32h5xx_hal_i2c_ex.c ****           (++) HAL_I2CEx_DisableWakeUp()
  44:Drivers/STM32H5xx_HAL_Driver/Src/stm32h5xx_hal_i2c_ex.c ****     (#) Configure the enable or disable of fast mode plus driving capability using the functions :
  45:Drivers/STM32H5xx_HAL_Driver/Src/stm32h5xx_hal_i2c_ex.c ****           (++) HAL_I2CEx_ConfigFastModePlus()
  46:Drivers/STM32H5xx_HAL_Driver/Src/stm32h5xx_hal_i2c_ex.c ****   @endverbatim
  47:Drivers/STM32H5xx_HAL_Driver/Src/stm32h5xx_hal_i2c_ex.c ****   */
  48:Drivers/STM32H5xx_HAL_Driver/Src/stm32h5xx_hal_i2c_ex.c **** 
  49:Drivers/STM32H5xx_HAL_Driver/Src/stm32h5xx_hal_i2c_ex.c **** /* Includes ------------------------------------------------------------------*/
  50:Drivers/STM32H5xx_HAL_Driver/Src/stm32h5xx_hal_i2c_ex.c **** #include "stm32h5xx_hal.h"
  51:Drivers/STM32H5xx_HAL_Driver/Src/stm32h5xx_hal_i2c_ex.c **** 
  52:Drivers/STM32H5xx_HAL_Driver/Src/stm32h5xx_hal_i2c_ex.c **** /** @addtogroup STM32H5xx_HAL_Driver
  53:Drivers/STM32H5xx_HAL_Driver/Src/stm32h5xx_hal_i2c_ex.c ****   * @{
  54:Drivers/STM32H5xx_HAL_Driver/Src/stm32h5xx_hal_i2c_ex.c ****   */
  55:Drivers/STM32H5xx_HAL_Driver/Src/stm32h5xx_hal_i2c_ex.c **** 
  56:Drivers/STM32H5xx_HAL_Driver/Src/stm32h5xx_hal_i2c_ex.c **** /** @defgroup I2CEx I2CEx
  57:Drivers/STM32H5xx_HAL_Driver/Src/stm32h5xx_hal_i2c_ex.c ****   * @brief I2C Extended HAL module driver
  58:Drivers/STM32H5xx_HAL_Driver/Src/stm32h5xx_hal_i2c_ex.c ****   * @{
  59:Drivers/STM32H5xx_HAL_Driver/Src/stm32h5xx_hal_i2c_ex.c ****   */
  60:Drivers/STM32H5xx_HAL_Driver/Src/stm32h5xx_hal_i2c_ex.c **** 
  61:Drivers/STM32H5xx_HAL_Driver/Src/stm32h5xx_hal_i2c_ex.c **** #ifdef HAL_I2C_MODULE_ENABLED
  62:Drivers/STM32H5xx_HAL_Driver/Src/stm32h5xx_hal_i2c_ex.c **** 
  63:Drivers/STM32H5xx_HAL_Driver/Src/stm32h5xx_hal_i2c_ex.c **** /* Private typedef -----------------------------------------------------------*/
  64:Drivers/STM32H5xx_HAL_Driver/Src/stm32h5xx_hal_i2c_ex.c **** /* Private define ------------------------------------------------------------*/
  65:Drivers/STM32H5xx_HAL_Driver/Src/stm32h5xx_hal_i2c_ex.c **** /* Private macro -------------------------------------------------------------*/
  66:Drivers/STM32H5xx_HAL_Driver/Src/stm32h5xx_hal_i2c_ex.c **** /* Private variables ---------------------------------------------------------*/
  67:Drivers/STM32H5xx_HAL_Driver/Src/stm32h5xx_hal_i2c_ex.c **** /* Private function prototypes -----------------------------------------------*/
  68:Drivers/STM32H5xx_HAL_Driver/Src/stm32h5xx_hal_i2c_ex.c **** /* Private functions ---------------------------------------------------------*/
  69:Drivers/STM32H5xx_HAL_Driver/Src/stm32h5xx_hal_i2c_ex.c **** 
  70:Drivers/STM32H5xx_HAL_Driver/Src/stm32h5xx_hal_i2c_ex.c **** /** @defgroup I2CEx_Exported_Functions I2C Extended Exported Functions
  71:Drivers/STM32H5xx_HAL_Driver/Src/stm32h5xx_hal_i2c_ex.c ****   * @{
  72:Drivers/STM32H5xx_HAL_Driver/Src/stm32h5xx_hal_i2c_ex.c ****   */
  73:Drivers/STM32H5xx_HAL_Driver/Src/stm32h5xx_hal_i2c_ex.c **** 
  74:Drivers/STM32H5xx_HAL_Driver/Src/stm32h5xx_hal_i2c_ex.c **** /** @defgroup I2CEx_Exported_Functions_Group1 Filter Mode Functions
  75:Drivers/STM32H5xx_HAL_Driver/Src/stm32h5xx_hal_i2c_ex.c ****   * @brief    Filter Mode Functions
  76:Drivers/STM32H5xx_HAL_Driver/Src/stm32h5xx_hal_i2c_ex.c ****   *
  77:Drivers/STM32H5xx_HAL_Driver/Src/stm32h5xx_hal_i2c_ex.c **** @verbatim
  78:Drivers/STM32H5xx_HAL_Driver/Src/stm32h5xx_hal_i2c_ex.c ****  ===============================================================================
  79:Drivers/STM32H5xx_HAL_Driver/Src/stm32h5xx_hal_i2c_ex.c ****                       ##### Filter Mode Functions #####
  80:Drivers/STM32H5xx_HAL_Driver/Src/stm32h5xx_hal_i2c_ex.c ****  ===============================================================================
  81:Drivers/STM32H5xx_HAL_Driver/Src/stm32h5xx_hal_i2c_ex.c ****     [..] This section provides functions allowing to:
  82:Drivers/STM32H5xx_HAL_Driver/Src/stm32h5xx_hal_i2c_ex.c ****       (+) Configure Noise Filters
  83:Drivers/STM32H5xx_HAL_Driver/Src/stm32h5xx_hal_i2c_ex.c **** 
  84:Drivers/STM32H5xx_HAL_Driver/Src/stm32h5xx_hal_i2c_ex.c **** @endverbatim
  85:Drivers/STM32H5xx_HAL_Driver/Src/stm32h5xx_hal_i2c_ex.c ****   * @{
ARM GAS  C:\Users\LENOVO\AppData\Local\Temp\ccvRSRMV.s 			page 3


  86:Drivers/STM32H5xx_HAL_Driver/Src/stm32h5xx_hal_i2c_ex.c ****   */
  87:Drivers/STM32H5xx_HAL_Driver/Src/stm32h5xx_hal_i2c_ex.c **** 
  88:Drivers/STM32H5xx_HAL_Driver/Src/stm32h5xx_hal_i2c_ex.c **** /**
  89:Drivers/STM32H5xx_HAL_Driver/Src/stm32h5xx_hal_i2c_ex.c ****   * @brief  Configure I2C Analog noise filter.
  90:Drivers/STM32H5xx_HAL_Driver/Src/stm32h5xx_hal_i2c_ex.c ****   * @param  hi2c Pointer to a I2C_HandleTypeDef structure that contains
  91:Drivers/STM32H5xx_HAL_Driver/Src/stm32h5xx_hal_i2c_ex.c ****   *                the configuration information for the specified I2Cx peripheral.
  92:Drivers/STM32H5xx_HAL_Driver/Src/stm32h5xx_hal_i2c_ex.c ****   * @param  AnalogFilter New state of the Analog filter.
  93:Drivers/STM32H5xx_HAL_Driver/Src/stm32h5xx_hal_i2c_ex.c ****   * @retval HAL status
  94:Drivers/STM32H5xx_HAL_Driver/Src/stm32h5xx_hal_i2c_ex.c ****   */
  95:Drivers/STM32H5xx_HAL_Driver/Src/stm32h5xx_hal_i2c_ex.c **** HAL_StatusTypeDef HAL_I2CEx_ConfigAnalogFilter(I2C_HandleTypeDef *hi2c, uint32_t AnalogFilter)
  96:Drivers/STM32H5xx_HAL_Driver/Src/stm32h5xx_hal_i2c_ex.c **** {
  31              		.loc 1 96 1 view -0
  32              		.cfi_startproc
  33              		@ args = 0, pretend = 0, frame = 0
  34              		@ frame_needed = 0, uses_anonymous_args = 0
  35              		@ link register save eliminated.
  36              		.loc 1 96 1 is_stmt 0 view .LVU1
  37 0000 0346     		mov	r3, r0
  97:Drivers/STM32H5xx_HAL_Driver/Src/stm32h5xx_hal_i2c_ex.c ****   /* Check the parameters */
  98:Drivers/STM32H5xx_HAL_Driver/Src/stm32h5xx_hal_i2c_ex.c ****   assert_param(IS_I2C_ALL_INSTANCE(hi2c->Instance));
  38              		.loc 1 98 3 is_stmt 1 view .LVU2
  99:Drivers/STM32H5xx_HAL_Driver/Src/stm32h5xx_hal_i2c_ex.c ****   assert_param(IS_I2C_ANALOG_FILTER(AnalogFilter));
  39              		.loc 1 99 3 view .LVU3
 100:Drivers/STM32H5xx_HAL_Driver/Src/stm32h5xx_hal_i2c_ex.c **** 
 101:Drivers/STM32H5xx_HAL_Driver/Src/stm32h5xx_hal_i2c_ex.c ****   if (hi2c->State == HAL_I2C_STATE_READY)
  40              		.loc 1 101 3 view .LVU4
  41              		.loc 1 101 11 is_stmt 0 view .LVU5
  42 0002 90F84120 		ldrb	r2, [r0, #65]	@ zero_extendqisi2
  43 0006 D2B2     		uxtb	r2, r2
  44              		.loc 1 101 6 view .LVU6
  45 0008 202A     		cmp	r2, #32
  46 000a 23D1     		bne	.L3
 102:Drivers/STM32H5xx_HAL_Driver/Src/stm32h5xx_hal_i2c_ex.c ****   {
 103:Drivers/STM32H5xx_HAL_Driver/Src/stm32h5xx_hal_i2c_ex.c ****     /* Process Locked */
 104:Drivers/STM32H5xx_HAL_Driver/Src/stm32h5xx_hal_i2c_ex.c ****     __HAL_LOCK(hi2c);
  47              		.loc 1 104 5 is_stmt 1 view .LVU7
  48              		.loc 1 104 5 view .LVU8
  49 000c 90F84020 		ldrb	r2, [r0, #64]	@ zero_extendqisi2
  50 0010 012A     		cmp	r2, #1
  51 0012 21D0     		beq	.L4
  52              		.loc 1 104 5 discriminator 2 view .LVU9
  53 0014 0122     		movs	r2, #1
  54 0016 80F84020 		strb	r2, [r0, #64]
  55              		.loc 1 104 5 discriminator 2 view .LVU10
 105:Drivers/STM32H5xx_HAL_Driver/Src/stm32h5xx_hal_i2c_ex.c **** 
 106:Drivers/STM32H5xx_HAL_Driver/Src/stm32h5xx_hal_i2c_ex.c ****     hi2c->State = HAL_I2C_STATE_BUSY;
  56              		.loc 1 106 5 view .LVU11
  57              		.loc 1 106 17 is_stmt 0 view .LVU12
  58 001a 2422     		movs	r2, #36
  59 001c 80F84120 		strb	r2, [r0, #65]
 107:Drivers/STM32H5xx_HAL_Driver/Src/stm32h5xx_hal_i2c_ex.c **** 
 108:Drivers/STM32H5xx_HAL_Driver/Src/stm32h5xx_hal_i2c_ex.c ****     /* Disable the selected I2C peripheral */
 109:Drivers/STM32H5xx_HAL_Driver/Src/stm32h5xx_hal_i2c_ex.c ****     __HAL_I2C_DISABLE(hi2c);
  60              		.loc 1 109 5 is_stmt 1 view .LVU13
  61 0020 0068     		ldr	r0, [r0]
  62              	.LVL1:
  63              		.loc 1 109 5 is_stmt 0 view .LVU14
ARM GAS  C:\Users\LENOVO\AppData\Local\Temp\ccvRSRMV.s 			page 4


  64 0022 0268     		ldr	r2, [r0]
  65 0024 22F00102 		bic	r2, r2, #1
  66 0028 0260     		str	r2, [r0]
 110:Drivers/STM32H5xx_HAL_Driver/Src/stm32h5xx_hal_i2c_ex.c **** 
 111:Drivers/STM32H5xx_HAL_Driver/Src/stm32h5xx_hal_i2c_ex.c ****     /* Reset I2Cx ANOFF bit */
 112:Drivers/STM32H5xx_HAL_Driver/Src/stm32h5xx_hal_i2c_ex.c ****     hi2c->Instance->CR1 &= ~(I2C_CR1_ANFOFF);
  67              		.loc 1 112 5 is_stmt 1 view .LVU15
  68              		.loc 1 112 9 is_stmt 0 view .LVU16
  69 002a 1868     		ldr	r0, [r3]
  70              		.loc 1 112 19 view .LVU17
  71 002c 0268     		ldr	r2, [r0]
  72              		.loc 1 112 25 view .LVU18
  73 002e 22F48052 		bic	r2, r2, #4096
  74 0032 0260     		str	r2, [r0]
 113:Drivers/STM32H5xx_HAL_Driver/Src/stm32h5xx_hal_i2c_ex.c **** 
 114:Drivers/STM32H5xx_HAL_Driver/Src/stm32h5xx_hal_i2c_ex.c ****     /* Set analog filter bit*/
 115:Drivers/STM32H5xx_HAL_Driver/Src/stm32h5xx_hal_i2c_ex.c ****     hi2c->Instance->CR1 |= AnalogFilter;
  75              		.loc 1 115 5 is_stmt 1 view .LVU19
  76              		.loc 1 115 9 is_stmt 0 view .LVU20
  77 0034 1868     		ldr	r0, [r3]
  78              		.loc 1 115 19 view .LVU21
  79 0036 0268     		ldr	r2, [r0]
  80              		.loc 1 115 25 view .LVU22
  81 0038 1143     		orrs	r1, r1, r2
  82              	.LVL2:
  83              		.loc 1 115 25 view .LVU23
  84 003a 0160     		str	r1, [r0]
 116:Drivers/STM32H5xx_HAL_Driver/Src/stm32h5xx_hal_i2c_ex.c **** 
 117:Drivers/STM32H5xx_HAL_Driver/Src/stm32h5xx_hal_i2c_ex.c ****     __HAL_I2C_ENABLE(hi2c);
  85              		.loc 1 117 5 is_stmt 1 view .LVU24
  86 003c 1968     		ldr	r1, [r3]
  87 003e 0A68     		ldr	r2, [r1]
  88 0040 42F00102 		orr	r2, r2, #1
  89 0044 0A60     		str	r2, [r1]
 118:Drivers/STM32H5xx_HAL_Driver/Src/stm32h5xx_hal_i2c_ex.c **** 
 119:Drivers/STM32H5xx_HAL_Driver/Src/stm32h5xx_hal_i2c_ex.c ****     hi2c->State = HAL_I2C_STATE_READY;
  90              		.loc 1 119 5 view .LVU25
  91              		.loc 1 119 17 is_stmt 0 view .LVU26
  92 0046 2022     		movs	r2, #32
  93 0048 83F84120 		strb	r2, [r3, #65]
 120:Drivers/STM32H5xx_HAL_Driver/Src/stm32h5xx_hal_i2c_ex.c **** 
 121:Drivers/STM32H5xx_HAL_Driver/Src/stm32h5xx_hal_i2c_ex.c ****     /* Process Unlocked */
 122:Drivers/STM32H5xx_HAL_Driver/Src/stm32h5xx_hal_i2c_ex.c ****     __HAL_UNLOCK(hi2c);
  94              		.loc 1 122 5 is_stmt 1 view .LVU27
  95              		.loc 1 122 5 view .LVU28
  96 004c 0020     		movs	r0, #0
  97 004e 83F84000 		strb	r0, [r3, #64]
  98              		.loc 1 122 5 view .LVU29
 123:Drivers/STM32H5xx_HAL_Driver/Src/stm32h5xx_hal_i2c_ex.c **** 
 124:Drivers/STM32H5xx_HAL_Driver/Src/stm32h5xx_hal_i2c_ex.c ****     return HAL_OK;
  99              		.loc 1 124 5 view .LVU30
 100              		.loc 1 124 12 is_stmt 0 view .LVU31
 101 0052 7047     		bx	lr
 102              	.LVL3:
 103              	.L3:
 125:Drivers/STM32H5xx_HAL_Driver/Src/stm32h5xx_hal_i2c_ex.c ****   }
 126:Drivers/STM32H5xx_HAL_Driver/Src/stm32h5xx_hal_i2c_ex.c ****   else
ARM GAS  C:\Users\LENOVO\AppData\Local\Temp\ccvRSRMV.s 			page 5


 127:Drivers/STM32H5xx_HAL_Driver/Src/stm32h5xx_hal_i2c_ex.c ****   {
 128:Drivers/STM32H5xx_HAL_Driver/Src/stm32h5xx_hal_i2c_ex.c ****     return HAL_BUSY;
 104              		.loc 1 128 12 view .LVU32
 105 0054 0220     		movs	r0, #2
 106              	.LVL4:
 107              		.loc 1 128 12 view .LVU33
 108 0056 7047     		bx	lr
 109              	.LVL5:
 110              	.L4:
 104:Drivers/STM32H5xx_HAL_Driver/Src/stm32h5xx_hal_i2c_ex.c **** 
 111              		.loc 1 104 5 discriminator 1 view .LVU34
 112 0058 0220     		movs	r0, #2
 113              	.LVL6:
 129:Drivers/STM32H5xx_HAL_Driver/Src/stm32h5xx_hal_i2c_ex.c ****   }
 130:Drivers/STM32H5xx_HAL_Driver/Src/stm32h5xx_hal_i2c_ex.c **** }
 114              		.loc 1 130 1 view .LVU35
 115 005a 7047     		bx	lr
 116              		.cfi_endproc
 117              	.LFE496:
 119              		.section	.text.HAL_I2CEx_ConfigDigitalFilter,"ax",%progbits
 120              		.align	1
 121              		.global	HAL_I2CEx_ConfigDigitalFilter
 122              		.syntax unified
 123              		.thumb
 124              		.thumb_func
 126              	HAL_I2CEx_ConfigDigitalFilter:
 127              	.LVL7:
 128              	.LFB497:
 131:Drivers/STM32H5xx_HAL_Driver/Src/stm32h5xx_hal_i2c_ex.c **** 
 132:Drivers/STM32H5xx_HAL_Driver/Src/stm32h5xx_hal_i2c_ex.c **** /**
 133:Drivers/STM32H5xx_HAL_Driver/Src/stm32h5xx_hal_i2c_ex.c ****   * @brief  Configure I2C Digital noise filter.
 134:Drivers/STM32H5xx_HAL_Driver/Src/stm32h5xx_hal_i2c_ex.c ****   * @param  hi2c Pointer to a I2C_HandleTypeDef structure that contains
 135:Drivers/STM32H5xx_HAL_Driver/Src/stm32h5xx_hal_i2c_ex.c ****   *                the configuration information for the specified I2Cx peripheral.
 136:Drivers/STM32H5xx_HAL_Driver/Src/stm32h5xx_hal_i2c_ex.c ****   * @param  DigitalFilter Coefficient of digital noise filter between Min_Data=0x00 and Max_Data=0x
 137:Drivers/STM32H5xx_HAL_Driver/Src/stm32h5xx_hal_i2c_ex.c ****   * @retval HAL status
 138:Drivers/STM32H5xx_HAL_Driver/Src/stm32h5xx_hal_i2c_ex.c ****   */
 139:Drivers/STM32H5xx_HAL_Driver/Src/stm32h5xx_hal_i2c_ex.c **** HAL_StatusTypeDef HAL_I2CEx_ConfigDigitalFilter(I2C_HandleTypeDef *hi2c, uint32_t DigitalFilter)
 140:Drivers/STM32H5xx_HAL_Driver/Src/stm32h5xx_hal_i2c_ex.c **** {
 129              		.loc 1 140 1 is_stmt 1 view -0
 130              		.cfi_startproc
 131              		@ args = 0, pretend = 0, frame = 0
 132              		@ frame_needed = 0, uses_anonymous_args = 0
 133              		@ link register save eliminated.
 134              		.loc 1 140 1 is_stmt 0 view .LVU37
 135 0000 0346     		mov	r3, r0
 141:Drivers/STM32H5xx_HAL_Driver/Src/stm32h5xx_hal_i2c_ex.c ****   uint32_t tmpreg;
 136              		.loc 1 141 3 is_stmt 1 view .LVU38
 142:Drivers/STM32H5xx_HAL_Driver/Src/stm32h5xx_hal_i2c_ex.c **** 
 143:Drivers/STM32H5xx_HAL_Driver/Src/stm32h5xx_hal_i2c_ex.c ****   /* Check the parameters */
 144:Drivers/STM32H5xx_HAL_Driver/Src/stm32h5xx_hal_i2c_ex.c ****   assert_param(IS_I2C_ALL_INSTANCE(hi2c->Instance));
 137              		.loc 1 144 3 view .LVU39
 145:Drivers/STM32H5xx_HAL_Driver/Src/stm32h5xx_hal_i2c_ex.c ****   assert_param(IS_I2C_DIGITAL_FILTER(DigitalFilter));
 138              		.loc 1 145 3 view .LVU40
 146:Drivers/STM32H5xx_HAL_Driver/Src/stm32h5xx_hal_i2c_ex.c **** 
 147:Drivers/STM32H5xx_HAL_Driver/Src/stm32h5xx_hal_i2c_ex.c ****   if (hi2c->State == HAL_I2C_STATE_READY)
 139              		.loc 1 147 3 view .LVU41
 140              		.loc 1 147 11 is_stmt 0 view .LVU42
ARM GAS  C:\Users\LENOVO\AppData\Local\Temp\ccvRSRMV.s 			page 6


 141 0002 90F84120 		ldrb	r2, [r0, #65]	@ zero_extendqisi2
 142 0006 D2B2     		uxtb	r2, r2
 143              		.loc 1 147 6 view .LVU43
 144 0008 202A     		cmp	r2, #32
 145 000a 21D1     		bne	.L7
 148:Drivers/STM32H5xx_HAL_Driver/Src/stm32h5xx_hal_i2c_ex.c ****   {
 149:Drivers/STM32H5xx_HAL_Driver/Src/stm32h5xx_hal_i2c_ex.c ****     /* Process Locked */
 150:Drivers/STM32H5xx_HAL_Driver/Src/stm32h5xx_hal_i2c_ex.c ****     __HAL_LOCK(hi2c);
 146              		.loc 1 150 5 is_stmt 1 view .LVU44
 147              		.loc 1 150 5 view .LVU45
 148 000c 90F84020 		ldrb	r2, [r0, #64]	@ zero_extendqisi2
 149 0010 012A     		cmp	r2, #1
 150 0012 1FD0     		beq	.L8
 151              		.loc 1 150 5 discriminator 2 view .LVU46
 152 0014 0122     		movs	r2, #1
 153 0016 80F84020 		strb	r2, [r0, #64]
 154              		.loc 1 150 5 discriminator 2 view .LVU47
 151:Drivers/STM32H5xx_HAL_Driver/Src/stm32h5xx_hal_i2c_ex.c **** 
 152:Drivers/STM32H5xx_HAL_Driver/Src/stm32h5xx_hal_i2c_ex.c ****     hi2c->State = HAL_I2C_STATE_BUSY;
 155              		.loc 1 152 5 view .LVU48
 156              		.loc 1 152 17 is_stmt 0 view .LVU49
 157 001a 2422     		movs	r2, #36
 158 001c 80F84120 		strb	r2, [r0, #65]
 153:Drivers/STM32H5xx_HAL_Driver/Src/stm32h5xx_hal_i2c_ex.c **** 
 154:Drivers/STM32H5xx_HAL_Driver/Src/stm32h5xx_hal_i2c_ex.c ****     /* Disable the selected I2C peripheral */
 155:Drivers/STM32H5xx_HAL_Driver/Src/stm32h5xx_hal_i2c_ex.c ****     __HAL_I2C_DISABLE(hi2c);
 159              		.loc 1 155 5 is_stmt 1 view .LVU50
 160 0020 0068     		ldr	r0, [r0]
 161              	.LVL8:
 162              		.loc 1 155 5 is_stmt 0 view .LVU51
 163 0022 0268     		ldr	r2, [r0]
 164 0024 22F00102 		bic	r2, r2, #1
 165 0028 0260     		str	r2, [r0]
 156:Drivers/STM32H5xx_HAL_Driver/Src/stm32h5xx_hal_i2c_ex.c **** 
 157:Drivers/STM32H5xx_HAL_Driver/Src/stm32h5xx_hal_i2c_ex.c ****     /* Get the old register value */
 158:Drivers/STM32H5xx_HAL_Driver/Src/stm32h5xx_hal_i2c_ex.c ****     tmpreg = hi2c->Instance->CR1;
 166              		.loc 1 158 5 is_stmt 1 view .LVU52
 167              		.loc 1 158 18 is_stmt 0 view .LVU53
 168 002a 1868     		ldr	r0, [r3]
 169              		.loc 1 158 12 view .LVU54
 170 002c 0268     		ldr	r2, [r0]
 171              	.LVL9:
 159:Drivers/STM32H5xx_HAL_Driver/Src/stm32h5xx_hal_i2c_ex.c **** 
 160:Drivers/STM32H5xx_HAL_Driver/Src/stm32h5xx_hal_i2c_ex.c ****     /* Reset I2Cx DNF bits [11:8] */
 161:Drivers/STM32H5xx_HAL_Driver/Src/stm32h5xx_hal_i2c_ex.c ****     tmpreg &= ~(I2C_CR1_DNF);
 172              		.loc 1 161 5 is_stmt 1 view .LVU55
 173              		.loc 1 161 12 is_stmt 0 view .LVU56
 174 002e 22F47062 		bic	r2, r2, #3840
 175              	.LVL10:
 162:Drivers/STM32H5xx_HAL_Driver/Src/stm32h5xx_hal_i2c_ex.c **** 
 163:Drivers/STM32H5xx_HAL_Driver/Src/stm32h5xx_hal_i2c_ex.c ****     /* Set I2Cx DNF coefficient */
 164:Drivers/STM32H5xx_HAL_Driver/Src/stm32h5xx_hal_i2c_ex.c ****     tmpreg |= DigitalFilter << 8U;
 176              		.loc 1 164 5 is_stmt 1 view .LVU57
 177              		.loc 1 164 12 is_stmt 0 view .LVU58
 178 0032 42EA0122 		orr	r2, r2, r1, lsl #8
 179              	.LVL11:
 165:Drivers/STM32H5xx_HAL_Driver/Src/stm32h5xx_hal_i2c_ex.c **** 
ARM GAS  C:\Users\LENOVO\AppData\Local\Temp\ccvRSRMV.s 			page 7


 166:Drivers/STM32H5xx_HAL_Driver/Src/stm32h5xx_hal_i2c_ex.c ****     /* Store the new register value */
 167:Drivers/STM32H5xx_HAL_Driver/Src/stm32h5xx_hal_i2c_ex.c ****     hi2c->Instance->CR1 = tmpreg;
 180              		.loc 1 167 5 is_stmt 1 view .LVU59
 181              		.loc 1 167 25 is_stmt 0 view .LVU60
 182 0036 0260     		str	r2, [r0]
 168:Drivers/STM32H5xx_HAL_Driver/Src/stm32h5xx_hal_i2c_ex.c **** 
 169:Drivers/STM32H5xx_HAL_Driver/Src/stm32h5xx_hal_i2c_ex.c ****     __HAL_I2C_ENABLE(hi2c);
 183              		.loc 1 169 5 is_stmt 1 view .LVU61
 184 0038 1968     		ldr	r1, [r3]
 185              	.LVL12:
 186              		.loc 1 169 5 is_stmt 0 view .LVU62
 187 003a 0A68     		ldr	r2, [r1]
 188              	.LVL13:
 189              		.loc 1 169 5 view .LVU63
 190 003c 42F00102 		orr	r2, r2, #1
 191 0040 0A60     		str	r2, [r1]
 192              	.LVL14:
 170:Drivers/STM32H5xx_HAL_Driver/Src/stm32h5xx_hal_i2c_ex.c **** 
 171:Drivers/STM32H5xx_HAL_Driver/Src/stm32h5xx_hal_i2c_ex.c ****     hi2c->State = HAL_I2C_STATE_READY;
 193              		.loc 1 171 5 is_stmt 1 view .LVU64
 194              		.loc 1 171 17 is_stmt 0 view .LVU65
 195 0042 2022     		movs	r2, #32
 196 0044 83F84120 		strb	r2, [r3, #65]
 172:Drivers/STM32H5xx_HAL_Driver/Src/stm32h5xx_hal_i2c_ex.c **** 
 173:Drivers/STM32H5xx_HAL_Driver/Src/stm32h5xx_hal_i2c_ex.c ****     /* Process Unlocked */
 174:Drivers/STM32H5xx_HAL_Driver/Src/stm32h5xx_hal_i2c_ex.c ****     __HAL_UNLOCK(hi2c);
 197              		.loc 1 174 5 is_stmt 1 view .LVU66
 198              		.loc 1 174 5 view .LVU67
 199 0048 0020     		movs	r0, #0
 200 004a 83F84000 		strb	r0, [r3, #64]
 201              		.loc 1 174 5 view .LVU68
 175:Drivers/STM32H5xx_HAL_Driver/Src/stm32h5xx_hal_i2c_ex.c **** 
 176:Drivers/STM32H5xx_HAL_Driver/Src/stm32h5xx_hal_i2c_ex.c ****     return HAL_OK;
 202              		.loc 1 176 5 view .LVU69
 203              		.loc 1 176 12 is_stmt 0 view .LVU70
 204 004e 7047     		bx	lr
 205              	.LVL15:
 206              	.L7:
 177:Drivers/STM32H5xx_HAL_Driver/Src/stm32h5xx_hal_i2c_ex.c ****   }
 178:Drivers/STM32H5xx_HAL_Driver/Src/stm32h5xx_hal_i2c_ex.c ****   else
 179:Drivers/STM32H5xx_HAL_Driver/Src/stm32h5xx_hal_i2c_ex.c ****   {
 180:Drivers/STM32H5xx_HAL_Driver/Src/stm32h5xx_hal_i2c_ex.c ****     return HAL_BUSY;
 207              		.loc 1 180 12 view .LVU71
 208 0050 0220     		movs	r0, #2
 209              	.LVL16:
 210              		.loc 1 180 12 view .LVU72
 211 0052 7047     		bx	lr
 212              	.LVL17:
 213              	.L8:
 150:Drivers/STM32H5xx_HAL_Driver/Src/stm32h5xx_hal_i2c_ex.c **** 
 214              		.loc 1 150 5 discriminator 1 view .LVU73
 215 0054 0220     		movs	r0, #2
 216              	.LVL18:
 181:Drivers/STM32H5xx_HAL_Driver/Src/stm32h5xx_hal_i2c_ex.c ****   }
 182:Drivers/STM32H5xx_HAL_Driver/Src/stm32h5xx_hal_i2c_ex.c **** }
 217              		.loc 1 182 1 view .LVU74
 218 0056 7047     		bx	lr
ARM GAS  C:\Users\LENOVO\AppData\Local\Temp\ccvRSRMV.s 			page 8


 219              		.cfi_endproc
 220              	.LFE497:
 222              		.section	.text.HAL_I2CEx_EnableWakeUp,"ax",%progbits
 223              		.align	1
 224              		.global	HAL_I2CEx_EnableWakeUp
 225              		.syntax unified
 226              		.thumb
 227              		.thumb_func
 229              	HAL_I2CEx_EnableWakeUp:
 230              	.LVL19:
 231              	.LFB498:
 183:Drivers/STM32H5xx_HAL_Driver/Src/stm32h5xx_hal_i2c_ex.c **** /**
 184:Drivers/STM32H5xx_HAL_Driver/Src/stm32h5xx_hal_i2c_ex.c ****   * @}
 185:Drivers/STM32H5xx_HAL_Driver/Src/stm32h5xx_hal_i2c_ex.c ****   */
 186:Drivers/STM32H5xx_HAL_Driver/Src/stm32h5xx_hal_i2c_ex.c **** 
 187:Drivers/STM32H5xx_HAL_Driver/Src/stm32h5xx_hal_i2c_ex.c **** /** @defgroup I2CEx_Exported_Functions_Group2 WakeUp Mode Functions
 188:Drivers/STM32H5xx_HAL_Driver/Src/stm32h5xx_hal_i2c_ex.c ****   * @brief    WakeUp Mode Functions
 189:Drivers/STM32H5xx_HAL_Driver/Src/stm32h5xx_hal_i2c_ex.c ****   *
 190:Drivers/STM32H5xx_HAL_Driver/Src/stm32h5xx_hal_i2c_ex.c **** @verbatim
 191:Drivers/STM32H5xx_HAL_Driver/Src/stm32h5xx_hal_i2c_ex.c ****  ===============================================================================
 192:Drivers/STM32H5xx_HAL_Driver/Src/stm32h5xx_hal_i2c_ex.c ****                       ##### WakeUp Mode Functions #####
 193:Drivers/STM32H5xx_HAL_Driver/Src/stm32h5xx_hal_i2c_ex.c ****  ===============================================================================
 194:Drivers/STM32H5xx_HAL_Driver/Src/stm32h5xx_hal_i2c_ex.c ****     [..] This section provides functions allowing to:
 195:Drivers/STM32H5xx_HAL_Driver/Src/stm32h5xx_hal_i2c_ex.c ****       (+) Configure Wake Up Feature
 196:Drivers/STM32H5xx_HAL_Driver/Src/stm32h5xx_hal_i2c_ex.c **** 
 197:Drivers/STM32H5xx_HAL_Driver/Src/stm32h5xx_hal_i2c_ex.c **** @endverbatim
 198:Drivers/STM32H5xx_HAL_Driver/Src/stm32h5xx_hal_i2c_ex.c ****   * @{
 199:Drivers/STM32H5xx_HAL_Driver/Src/stm32h5xx_hal_i2c_ex.c ****   */
 200:Drivers/STM32H5xx_HAL_Driver/Src/stm32h5xx_hal_i2c_ex.c **** 
 201:Drivers/STM32H5xx_HAL_Driver/Src/stm32h5xx_hal_i2c_ex.c **** /**
 202:Drivers/STM32H5xx_HAL_Driver/Src/stm32h5xx_hal_i2c_ex.c ****   * @brief  Enable I2C wakeup from Stop mode(s).
 203:Drivers/STM32H5xx_HAL_Driver/Src/stm32h5xx_hal_i2c_ex.c ****   * @param  hi2c Pointer to a I2C_HandleTypeDef structure that contains
 204:Drivers/STM32H5xx_HAL_Driver/Src/stm32h5xx_hal_i2c_ex.c ****   *                the configuration information for the specified I2Cx peripheral.
 205:Drivers/STM32H5xx_HAL_Driver/Src/stm32h5xx_hal_i2c_ex.c ****   * @retval HAL status
 206:Drivers/STM32H5xx_HAL_Driver/Src/stm32h5xx_hal_i2c_ex.c ****   */
 207:Drivers/STM32H5xx_HAL_Driver/Src/stm32h5xx_hal_i2c_ex.c **** HAL_StatusTypeDef HAL_I2CEx_EnableWakeUp(I2C_HandleTypeDef *hi2c)
 208:Drivers/STM32H5xx_HAL_Driver/Src/stm32h5xx_hal_i2c_ex.c **** {
 232              		.loc 1 208 1 is_stmt 1 view -0
 233              		.cfi_startproc
 234              		@ args = 0, pretend = 0, frame = 0
 235              		@ frame_needed = 0, uses_anonymous_args = 0
 236              		@ link register save eliminated.
 237              		.loc 1 208 1 is_stmt 0 view .LVU76
 238 0000 0346     		mov	r3, r0
 209:Drivers/STM32H5xx_HAL_Driver/Src/stm32h5xx_hal_i2c_ex.c ****   /* Check the parameters */
 210:Drivers/STM32H5xx_HAL_Driver/Src/stm32h5xx_hal_i2c_ex.c ****   assert_param(IS_I2C_WAKEUP_FROMSTOP_INSTANCE(hi2c->Instance));
 239              		.loc 1 210 3 is_stmt 1 view .LVU77
 211:Drivers/STM32H5xx_HAL_Driver/Src/stm32h5xx_hal_i2c_ex.c **** 
 212:Drivers/STM32H5xx_HAL_Driver/Src/stm32h5xx_hal_i2c_ex.c ****   if (hi2c->State == HAL_I2C_STATE_READY)
 240              		.loc 1 212 3 view .LVU78
 241              		.loc 1 212 11 is_stmt 0 view .LVU79
 242 0002 90F84120 		ldrb	r2, [r0, #65]	@ zero_extendqisi2
 243 0006 D2B2     		uxtb	r2, r2
 244              		.loc 1 212 6 view .LVU80
 245 0008 202A     		cmp	r2, #32
 246 000a 1FD1     		bne	.L11
 213:Drivers/STM32H5xx_HAL_Driver/Src/stm32h5xx_hal_i2c_ex.c ****   {
ARM GAS  C:\Users\LENOVO\AppData\Local\Temp\ccvRSRMV.s 			page 9


 214:Drivers/STM32H5xx_HAL_Driver/Src/stm32h5xx_hal_i2c_ex.c ****     /* Process Locked */
 215:Drivers/STM32H5xx_HAL_Driver/Src/stm32h5xx_hal_i2c_ex.c ****     __HAL_LOCK(hi2c);
 247              		.loc 1 215 5 is_stmt 1 view .LVU81
 248              		.loc 1 215 5 view .LVU82
 249 000c 90F84020 		ldrb	r2, [r0, #64]	@ zero_extendqisi2
 250 0010 012A     		cmp	r2, #1
 251 0012 1DD0     		beq	.L12
 252              		.loc 1 215 5 discriminator 2 view .LVU83
 253 0014 0122     		movs	r2, #1
 254 0016 80F84020 		strb	r2, [r0, #64]
 255              		.loc 1 215 5 discriminator 2 view .LVU84
 216:Drivers/STM32H5xx_HAL_Driver/Src/stm32h5xx_hal_i2c_ex.c **** 
 217:Drivers/STM32H5xx_HAL_Driver/Src/stm32h5xx_hal_i2c_ex.c ****     hi2c->State = HAL_I2C_STATE_BUSY;
 256              		.loc 1 217 5 view .LVU85
 257              		.loc 1 217 17 is_stmt 0 view .LVU86
 258 001a 2422     		movs	r2, #36
 259 001c 80F84120 		strb	r2, [r0, #65]
 218:Drivers/STM32H5xx_HAL_Driver/Src/stm32h5xx_hal_i2c_ex.c **** 
 219:Drivers/STM32H5xx_HAL_Driver/Src/stm32h5xx_hal_i2c_ex.c ****     /* Disable the selected I2C peripheral */
 220:Drivers/STM32H5xx_HAL_Driver/Src/stm32h5xx_hal_i2c_ex.c ****     __HAL_I2C_DISABLE(hi2c);
 260              		.loc 1 220 5 is_stmt 1 view .LVU87
 261 0020 0168     		ldr	r1, [r0]
 262 0022 0A68     		ldr	r2, [r1]
 263 0024 22F00102 		bic	r2, r2, #1
 264 0028 0A60     		str	r2, [r1]
 221:Drivers/STM32H5xx_HAL_Driver/Src/stm32h5xx_hal_i2c_ex.c **** 
 222:Drivers/STM32H5xx_HAL_Driver/Src/stm32h5xx_hal_i2c_ex.c ****     /* Enable wakeup from stop mode */
 223:Drivers/STM32H5xx_HAL_Driver/Src/stm32h5xx_hal_i2c_ex.c ****     hi2c->Instance->CR1 |= I2C_CR1_WUPEN;
 265              		.loc 1 223 5 view .LVU88
 266              		.loc 1 223 9 is_stmt 0 view .LVU89
 267 002a 0168     		ldr	r1, [r0]
 268              		.loc 1 223 19 view .LVU90
 269 002c 0A68     		ldr	r2, [r1]
 270              		.loc 1 223 25 view .LVU91
 271 002e 42F48022 		orr	r2, r2, #262144
 272 0032 0A60     		str	r2, [r1]
 224:Drivers/STM32H5xx_HAL_Driver/Src/stm32h5xx_hal_i2c_ex.c **** 
 225:Drivers/STM32H5xx_HAL_Driver/Src/stm32h5xx_hal_i2c_ex.c ****     __HAL_I2C_ENABLE(hi2c);
 273              		.loc 1 225 5 is_stmt 1 view .LVU92
 274 0034 0168     		ldr	r1, [r0]
 275 0036 0A68     		ldr	r2, [r1]
 276 0038 42F00102 		orr	r2, r2, #1
 277 003c 0A60     		str	r2, [r1]
 226:Drivers/STM32H5xx_HAL_Driver/Src/stm32h5xx_hal_i2c_ex.c **** 
 227:Drivers/STM32H5xx_HAL_Driver/Src/stm32h5xx_hal_i2c_ex.c ****     hi2c->State = HAL_I2C_STATE_READY;
 278              		.loc 1 227 5 view .LVU93
 279              		.loc 1 227 17 is_stmt 0 view .LVU94
 280 003e 2022     		movs	r2, #32
 281 0040 80F84120 		strb	r2, [r0, #65]
 228:Drivers/STM32H5xx_HAL_Driver/Src/stm32h5xx_hal_i2c_ex.c **** 
 229:Drivers/STM32H5xx_HAL_Driver/Src/stm32h5xx_hal_i2c_ex.c ****     /* Process Unlocked */
 230:Drivers/STM32H5xx_HAL_Driver/Src/stm32h5xx_hal_i2c_ex.c ****     __HAL_UNLOCK(hi2c);
 282              		.loc 1 230 5 is_stmt 1 view .LVU95
 283              		.loc 1 230 5 view .LVU96
 284 0044 0020     		movs	r0, #0
 285              	.LVL20:
 286              		.loc 1 230 5 is_stmt 0 view .LVU97
ARM GAS  C:\Users\LENOVO\AppData\Local\Temp\ccvRSRMV.s 			page 10


 287 0046 83F84000 		strb	r0, [r3, #64]
 288              		.loc 1 230 5 is_stmt 1 view .LVU98
 231:Drivers/STM32H5xx_HAL_Driver/Src/stm32h5xx_hal_i2c_ex.c **** 
 232:Drivers/STM32H5xx_HAL_Driver/Src/stm32h5xx_hal_i2c_ex.c ****     return HAL_OK;
 289              		.loc 1 232 5 view .LVU99
 290              		.loc 1 232 12 is_stmt 0 view .LVU100
 291 004a 7047     		bx	lr
 292              	.LVL21:
 293              	.L11:
 233:Drivers/STM32H5xx_HAL_Driver/Src/stm32h5xx_hal_i2c_ex.c ****   }
 234:Drivers/STM32H5xx_HAL_Driver/Src/stm32h5xx_hal_i2c_ex.c ****   else
 235:Drivers/STM32H5xx_HAL_Driver/Src/stm32h5xx_hal_i2c_ex.c ****   {
 236:Drivers/STM32H5xx_HAL_Driver/Src/stm32h5xx_hal_i2c_ex.c ****     return HAL_BUSY;
 294              		.loc 1 236 12 view .LVU101
 295 004c 0220     		movs	r0, #2
 296              	.LVL22:
 297              		.loc 1 236 12 view .LVU102
 298 004e 7047     		bx	lr
 299              	.LVL23:
 300              	.L12:
 215:Drivers/STM32H5xx_HAL_Driver/Src/stm32h5xx_hal_i2c_ex.c **** 
 301              		.loc 1 215 5 discriminator 1 view .LVU103
 302 0050 0220     		movs	r0, #2
 303              	.LVL24:
 237:Drivers/STM32H5xx_HAL_Driver/Src/stm32h5xx_hal_i2c_ex.c ****   }
 238:Drivers/STM32H5xx_HAL_Driver/Src/stm32h5xx_hal_i2c_ex.c **** }
 304              		.loc 1 238 1 view .LVU104
 305 0052 7047     		bx	lr
 306              		.cfi_endproc
 307              	.LFE498:
 309              		.section	.text.HAL_I2CEx_DisableWakeUp,"ax",%progbits
 310              		.align	1
 311              		.global	HAL_I2CEx_DisableWakeUp
 312              		.syntax unified
 313              		.thumb
 314              		.thumb_func
 316              	HAL_I2CEx_DisableWakeUp:
 317              	.LVL25:
 318              	.LFB499:
 239:Drivers/STM32H5xx_HAL_Driver/Src/stm32h5xx_hal_i2c_ex.c **** 
 240:Drivers/STM32H5xx_HAL_Driver/Src/stm32h5xx_hal_i2c_ex.c **** /**
 241:Drivers/STM32H5xx_HAL_Driver/Src/stm32h5xx_hal_i2c_ex.c ****   * @brief  Disable I2C wakeup from Stop mode(s).
 242:Drivers/STM32H5xx_HAL_Driver/Src/stm32h5xx_hal_i2c_ex.c ****   * @param  hi2c Pointer to a I2C_HandleTypeDef structure that contains
 243:Drivers/STM32H5xx_HAL_Driver/Src/stm32h5xx_hal_i2c_ex.c ****   *                the configuration information for the specified I2Cx peripheral.
 244:Drivers/STM32H5xx_HAL_Driver/Src/stm32h5xx_hal_i2c_ex.c ****   * @retval HAL status
 245:Drivers/STM32H5xx_HAL_Driver/Src/stm32h5xx_hal_i2c_ex.c ****   */
 246:Drivers/STM32H5xx_HAL_Driver/Src/stm32h5xx_hal_i2c_ex.c **** HAL_StatusTypeDef HAL_I2CEx_DisableWakeUp(I2C_HandleTypeDef *hi2c)
 247:Drivers/STM32H5xx_HAL_Driver/Src/stm32h5xx_hal_i2c_ex.c **** {
 319              		.loc 1 247 1 is_stmt 1 view -0
 320              		.cfi_startproc
 321              		@ args = 0, pretend = 0, frame = 0
 322              		@ frame_needed = 0, uses_anonymous_args = 0
 323              		@ link register save eliminated.
 324              		.loc 1 247 1 is_stmt 0 view .LVU106
 325 0000 0346     		mov	r3, r0
 248:Drivers/STM32H5xx_HAL_Driver/Src/stm32h5xx_hal_i2c_ex.c ****   /* Check the parameters */
 249:Drivers/STM32H5xx_HAL_Driver/Src/stm32h5xx_hal_i2c_ex.c ****   assert_param(IS_I2C_WAKEUP_FROMSTOP_INSTANCE(hi2c->Instance));
ARM GAS  C:\Users\LENOVO\AppData\Local\Temp\ccvRSRMV.s 			page 11


 326              		.loc 1 249 3 is_stmt 1 view .LVU107
 250:Drivers/STM32H5xx_HAL_Driver/Src/stm32h5xx_hal_i2c_ex.c **** 
 251:Drivers/STM32H5xx_HAL_Driver/Src/stm32h5xx_hal_i2c_ex.c ****   if (hi2c->State == HAL_I2C_STATE_READY)
 327              		.loc 1 251 3 view .LVU108
 328              		.loc 1 251 11 is_stmt 0 view .LVU109
 329 0002 90F84120 		ldrb	r2, [r0, #65]	@ zero_extendqisi2
 330 0006 D2B2     		uxtb	r2, r2
 331              		.loc 1 251 6 view .LVU110
 332 0008 202A     		cmp	r2, #32
 333 000a 1FD1     		bne	.L15
 252:Drivers/STM32H5xx_HAL_Driver/Src/stm32h5xx_hal_i2c_ex.c ****   {
 253:Drivers/STM32H5xx_HAL_Driver/Src/stm32h5xx_hal_i2c_ex.c ****     /* Process Locked */
 254:Drivers/STM32H5xx_HAL_Driver/Src/stm32h5xx_hal_i2c_ex.c ****     __HAL_LOCK(hi2c);
 334              		.loc 1 254 5 is_stmt 1 view .LVU111
 335              		.loc 1 254 5 view .LVU112
 336 000c 90F84020 		ldrb	r2, [r0, #64]	@ zero_extendqisi2
 337 0010 012A     		cmp	r2, #1
 338 0012 1DD0     		beq	.L16
 339              		.loc 1 254 5 discriminator 2 view .LVU113
 340 0014 0122     		movs	r2, #1
 341 0016 80F84020 		strb	r2, [r0, #64]
 342              		.loc 1 254 5 discriminator 2 view .LVU114
 255:Drivers/STM32H5xx_HAL_Driver/Src/stm32h5xx_hal_i2c_ex.c **** 
 256:Drivers/STM32H5xx_HAL_Driver/Src/stm32h5xx_hal_i2c_ex.c ****     hi2c->State = HAL_I2C_STATE_BUSY;
 343              		.loc 1 256 5 view .LVU115
 344              		.loc 1 256 17 is_stmt 0 view .LVU116
 345 001a 2422     		movs	r2, #36
 346 001c 80F84120 		strb	r2, [r0, #65]
 257:Drivers/STM32H5xx_HAL_Driver/Src/stm32h5xx_hal_i2c_ex.c **** 
 258:Drivers/STM32H5xx_HAL_Driver/Src/stm32h5xx_hal_i2c_ex.c ****     /* Disable the selected I2C peripheral */
 259:Drivers/STM32H5xx_HAL_Driver/Src/stm32h5xx_hal_i2c_ex.c ****     __HAL_I2C_DISABLE(hi2c);
 347              		.loc 1 259 5 is_stmt 1 view .LVU117
 348 0020 0168     		ldr	r1, [r0]
 349 0022 0A68     		ldr	r2, [r1]
 350 0024 22F00102 		bic	r2, r2, #1
 351 0028 0A60     		str	r2, [r1]
 260:Drivers/STM32H5xx_HAL_Driver/Src/stm32h5xx_hal_i2c_ex.c **** 
 261:Drivers/STM32H5xx_HAL_Driver/Src/stm32h5xx_hal_i2c_ex.c ****     /* Enable wakeup from stop mode */
 262:Drivers/STM32H5xx_HAL_Driver/Src/stm32h5xx_hal_i2c_ex.c ****     hi2c->Instance->CR1 &= ~(I2C_CR1_WUPEN);
 352              		.loc 1 262 5 view .LVU118
 353              		.loc 1 262 9 is_stmt 0 view .LVU119
 354 002a 0168     		ldr	r1, [r0]
 355              		.loc 1 262 19 view .LVU120
 356 002c 0A68     		ldr	r2, [r1]
 357              		.loc 1 262 25 view .LVU121
 358 002e 22F48022 		bic	r2, r2, #262144
 359 0032 0A60     		str	r2, [r1]
 263:Drivers/STM32H5xx_HAL_Driver/Src/stm32h5xx_hal_i2c_ex.c **** 
 264:Drivers/STM32H5xx_HAL_Driver/Src/stm32h5xx_hal_i2c_ex.c ****     __HAL_I2C_ENABLE(hi2c);
 360              		.loc 1 264 5 is_stmt 1 view .LVU122
 361 0034 0168     		ldr	r1, [r0]
 362 0036 0A68     		ldr	r2, [r1]
 363 0038 42F00102 		orr	r2, r2, #1
 364 003c 0A60     		str	r2, [r1]
 265:Drivers/STM32H5xx_HAL_Driver/Src/stm32h5xx_hal_i2c_ex.c **** 
 266:Drivers/STM32H5xx_HAL_Driver/Src/stm32h5xx_hal_i2c_ex.c ****     hi2c->State = HAL_I2C_STATE_READY;
 365              		.loc 1 266 5 view .LVU123
ARM GAS  C:\Users\LENOVO\AppData\Local\Temp\ccvRSRMV.s 			page 12


 366              		.loc 1 266 17 is_stmt 0 view .LVU124
 367 003e 2022     		movs	r2, #32
 368 0040 80F84120 		strb	r2, [r0, #65]
 267:Drivers/STM32H5xx_HAL_Driver/Src/stm32h5xx_hal_i2c_ex.c **** 
 268:Drivers/STM32H5xx_HAL_Driver/Src/stm32h5xx_hal_i2c_ex.c ****     /* Process Unlocked */
 269:Drivers/STM32H5xx_HAL_Driver/Src/stm32h5xx_hal_i2c_ex.c ****     __HAL_UNLOCK(hi2c);
 369              		.loc 1 269 5 is_stmt 1 view .LVU125
 370              		.loc 1 269 5 view .LVU126
 371 0044 0020     		movs	r0, #0
 372              	.LVL26:
 373              		.loc 1 269 5 is_stmt 0 view .LVU127
 374 0046 83F84000 		strb	r0, [r3, #64]
 375              		.loc 1 269 5 is_stmt 1 view .LVU128
 270:Drivers/STM32H5xx_HAL_Driver/Src/stm32h5xx_hal_i2c_ex.c **** 
 271:Drivers/STM32H5xx_HAL_Driver/Src/stm32h5xx_hal_i2c_ex.c ****     return HAL_OK;
 376              		.loc 1 271 5 view .LVU129
 377              		.loc 1 271 12 is_stmt 0 view .LVU130
 378 004a 7047     		bx	lr
 379              	.LVL27:
 380              	.L15:
 272:Drivers/STM32H5xx_HAL_Driver/Src/stm32h5xx_hal_i2c_ex.c ****   }
 273:Drivers/STM32H5xx_HAL_Driver/Src/stm32h5xx_hal_i2c_ex.c ****   else
 274:Drivers/STM32H5xx_HAL_Driver/Src/stm32h5xx_hal_i2c_ex.c ****   {
 275:Drivers/STM32H5xx_HAL_Driver/Src/stm32h5xx_hal_i2c_ex.c ****     return HAL_BUSY;
 381              		.loc 1 275 12 view .LVU131
 382 004c 0220     		movs	r0, #2
 383              	.LVL28:
 384              		.loc 1 275 12 view .LVU132
 385 004e 7047     		bx	lr
 386              	.LVL29:
 387              	.L16:
 254:Drivers/STM32H5xx_HAL_Driver/Src/stm32h5xx_hal_i2c_ex.c **** 
 388              		.loc 1 254 5 discriminator 1 view .LVU133
 389 0050 0220     		movs	r0, #2
 390              	.LVL30:
 276:Drivers/STM32H5xx_HAL_Driver/Src/stm32h5xx_hal_i2c_ex.c ****   }
 277:Drivers/STM32H5xx_HAL_Driver/Src/stm32h5xx_hal_i2c_ex.c **** }
 391              		.loc 1 277 1 view .LVU134
 392 0052 7047     		bx	lr
 393              		.cfi_endproc
 394              	.LFE499:
 396              		.section	.text.HAL_I2CEx_ConfigFastModePlus,"ax",%progbits
 397              		.align	1
 398              		.global	HAL_I2CEx_ConfigFastModePlus
 399              		.syntax unified
 400              		.thumb
 401              		.thumb_func
 403              	HAL_I2CEx_ConfigFastModePlus:
 404              	.LVL31:
 405              	.LFB500:
 278:Drivers/STM32H5xx_HAL_Driver/Src/stm32h5xx_hal_i2c_ex.c **** /**
 279:Drivers/STM32H5xx_HAL_Driver/Src/stm32h5xx_hal_i2c_ex.c ****   * @}
 280:Drivers/STM32H5xx_HAL_Driver/Src/stm32h5xx_hal_i2c_ex.c ****   */
 281:Drivers/STM32H5xx_HAL_Driver/Src/stm32h5xx_hal_i2c_ex.c **** 
 282:Drivers/STM32H5xx_HAL_Driver/Src/stm32h5xx_hal_i2c_ex.c **** /** @defgroup I2CEx_Exported_Functions_Group3 Fast Mode Plus Functions
 283:Drivers/STM32H5xx_HAL_Driver/Src/stm32h5xx_hal_i2c_ex.c ****   * @brief    Fast Mode Plus Functions
 284:Drivers/STM32H5xx_HAL_Driver/Src/stm32h5xx_hal_i2c_ex.c ****   *
ARM GAS  C:\Users\LENOVO\AppData\Local\Temp\ccvRSRMV.s 			page 13


 285:Drivers/STM32H5xx_HAL_Driver/Src/stm32h5xx_hal_i2c_ex.c **** @verbatim
 286:Drivers/STM32H5xx_HAL_Driver/Src/stm32h5xx_hal_i2c_ex.c ****  ===============================================================================
 287:Drivers/STM32H5xx_HAL_Driver/Src/stm32h5xx_hal_i2c_ex.c ****                       ##### Fast Mode Plus Functions #####
 288:Drivers/STM32H5xx_HAL_Driver/Src/stm32h5xx_hal_i2c_ex.c ****  ===============================================================================
 289:Drivers/STM32H5xx_HAL_Driver/Src/stm32h5xx_hal_i2c_ex.c ****     [..] This section provides functions allowing to:
 290:Drivers/STM32H5xx_HAL_Driver/Src/stm32h5xx_hal_i2c_ex.c ****       (+) Configure Fast Mode Plus
 291:Drivers/STM32H5xx_HAL_Driver/Src/stm32h5xx_hal_i2c_ex.c **** 
 292:Drivers/STM32H5xx_HAL_Driver/Src/stm32h5xx_hal_i2c_ex.c **** @endverbatim
 293:Drivers/STM32H5xx_HAL_Driver/Src/stm32h5xx_hal_i2c_ex.c ****   * @{
 294:Drivers/STM32H5xx_HAL_Driver/Src/stm32h5xx_hal_i2c_ex.c ****   */
 295:Drivers/STM32H5xx_HAL_Driver/Src/stm32h5xx_hal_i2c_ex.c **** 
 296:Drivers/STM32H5xx_HAL_Driver/Src/stm32h5xx_hal_i2c_ex.c **** /**
 297:Drivers/STM32H5xx_HAL_Driver/Src/stm32h5xx_hal_i2c_ex.c ****   * @brief  Configure I2C Fast Mode Plus.
 298:Drivers/STM32H5xx_HAL_Driver/Src/stm32h5xx_hal_i2c_ex.c ****   * @param  hi2c Pointer to a I2C_HandleTypeDef structure that contains
 299:Drivers/STM32H5xx_HAL_Driver/Src/stm32h5xx_hal_i2c_ex.c ****   *                the configuration information for the specified I2Cx peripheral.
 300:Drivers/STM32H5xx_HAL_Driver/Src/stm32h5xx_hal_i2c_ex.c ****   * @param  FastModePlus New state of the Fast Mode Plus.
 301:Drivers/STM32H5xx_HAL_Driver/Src/stm32h5xx_hal_i2c_ex.c ****   * @retval HAL status
 302:Drivers/STM32H5xx_HAL_Driver/Src/stm32h5xx_hal_i2c_ex.c ****   */
 303:Drivers/STM32H5xx_HAL_Driver/Src/stm32h5xx_hal_i2c_ex.c **** HAL_StatusTypeDef HAL_I2CEx_ConfigFastModePlus(I2C_HandleTypeDef *hi2c, uint32_t FastModePlus)
 304:Drivers/STM32H5xx_HAL_Driver/Src/stm32h5xx_hal_i2c_ex.c **** {
 406              		.loc 1 304 1 is_stmt 1 view -0
 407              		.cfi_startproc
 408              		@ args = 0, pretend = 0, frame = 0
 409              		@ frame_needed = 0, uses_anonymous_args = 0
 410              		@ link register save eliminated.
 411              		.loc 1 304 1 is_stmt 0 view .LVU136
 412 0000 0346     		mov	r3, r0
 305:Drivers/STM32H5xx_HAL_Driver/Src/stm32h5xx_hal_i2c_ex.c ****   /* Check the parameters */
 306:Drivers/STM32H5xx_HAL_Driver/Src/stm32h5xx_hal_i2c_ex.c ****   assert_param(IS_I2C_ALL_INSTANCE(hi2c->Instance));
 413              		.loc 1 306 3 is_stmt 1 view .LVU137
 307:Drivers/STM32H5xx_HAL_Driver/Src/stm32h5xx_hal_i2c_ex.c ****   assert_param(IS_I2C_FASTMODEPLUS(FastModePlus));
 414              		.loc 1 307 3 view .LVU138
 308:Drivers/STM32H5xx_HAL_Driver/Src/stm32h5xx_hal_i2c_ex.c **** 
 309:Drivers/STM32H5xx_HAL_Driver/Src/stm32h5xx_hal_i2c_ex.c ****   if (hi2c->State == HAL_I2C_STATE_READY)
 415              		.loc 1 309 3 view .LVU139
 416              		.loc 1 309 11 is_stmt 0 view .LVU140
 417 0002 90F84120 		ldrb	r2, [r0, #65]	@ zero_extendqisi2
 418 0006 D2B2     		uxtb	r2, r2
 419              		.loc 1 309 6 view .LVU141
 420 0008 202A     		cmp	r2, #32
 421 000a 26D1     		bne	.L21
 310:Drivers/STM32H5xx_HAL_Driver/Src/stm32h5xx_hal_i2c_ex.c ****   {
 311:Drivers/STM32H5xx_HAL_Driver/Src/stm32h5xx_hal_i2c_ex.c ****     /* Process Locked */
 312:Drivers/STM32H5xx_HAL_Driver/Src/stm32h5xx_hal_i2c_ex.c ****     __HAL_LOCK(hi2c);
 422              		.loc 1 312 5 is_stmt 1 view .LVU142
 423              		.loc 1 312 5 view .LVU143
 424 000c 90F84020 		ldrb	r2, [r0, #64]	@ zero_extendqisi2
 425 0010 012A     		cmp	r2, #1
 426 0012 24D0     		beq	.L22
 427              		.loc 1 312 5 discriminator 2 view .LVU144
 428 0014 0122     		movs	r2, #1
 429 0016 80F84020 		strb	r2, [r0, #64]
 430              		.loc 1 312 5 discriminator 2 view .LVU145
 313:Drivers/STM32H5xx_HAL_Driver/Src/stm32h5xx_hal_i2c_ex.c **** 
 314:Drivers/STM32H5xx_HAL_Driver/Src/stm32h5xx_hal_i2c_ex.c ****     hi2c->State = HAL_I2C_STATE_BUSY;
 431              		.loc 1 314 5 view .LVU146
 432              		.loc 1 314 17 is_stmt 0 view .LVU147
ARM GAS  C:\Users\LENOVO\AppData\Local\Temp\ccvRSRMV.s 			page 14


 433 001a 2422     		movs	r2, #36
 434 001c 80F84120 		strb	r2, [r0, #65]
 315:Drivers/STM32H5xx_HAL_Driver/Src/stm32h5xx_hal_i2c_ex.c **** 
 316:Drivers/STM32H5xx_HAL_Driver/Src/stm32h5xx_hal_i2c_ex.c ****     /* Disable the selected I2C peripheral */
 317:Drivers/STM32H5xx_HAL_Driver/Src/stm32h5xx_hal_i2c_ex.c ****     __HAL_I2C_DISABLE(hi2c);
 435              		.loc 1 317 5 is_stmt 1 view .LVU148
 436 0020 0068     		ldr	r0, [r0]
 437              	.LVL32:
 438              		.loc 1 317 5 is_stmt 0 view .LVU149
 439 0022 0268     		ldr	r2, [r0]
 440 0024 22F00102 		bic	r2, r2, #1
 441 0028 0260     		str	r2, [r0]
 318:Drivers/STM32H5xx_HAL_Driver/Src/stm32h5xx_hal_i2c_ex.c **** 
 319:Drivers/STM32H5xx_HAL_Driver/Src/stm32h5xx_hal_i2c_ex.c ****     if (FastModePlus == I2C_FASTMODEPLUS_ENABLE)
 442              		.loc 1 319 5 is_stmt 1 view .LVU150
 443              		.loc 1 319 8 is_stmt 0 view .LVU151
 444 002a 81B9     		cbnz	r1, .L19
 320:Drivers/STM32H5xx_HAL_Driver/Src/stm32h5xx_hal_i2c_ex.c ****     {
 321:Drivers/STM32H5xx_HAL_Driver/Src/stm32h5xx_hal_i2c_ex.c ****       /* Set I2Cx FMP bit */
 322:Drivers/STM32H5xx_HAL_Driver/Src/stm32h5xx_hal_i2c_ex.c ****       hi2c->Instance->CR1 |= (I2C_CR1_FMP);
 445              		.loc 1 322 7 is_stmt 1 view .LVU152
 446              		.loc 1 322 11 is_stmt 0 view .LVU153
 447 002c 1968     		ldr	r1, [r3]
 448              	.LVL33:
 449              		.loc 1 322 21 view .LVU154
 450 002e 0A68     		ldr	r2, [r1]
 451              		.loc 1 322 27 view .LVU155
 452 0030 42F08072 		orr	r2, r2, #16777216
 453 0034 0A60     		str	r2, [r1]
 454              	.L20:
 323:Drivers/STM32H5xx_HAL_Driver/Src/stm32h5xx_hal_i2c_ex.c ****     }
 324:Drivers/STM32H5xx_HAL_Driver/Src/stm32h5xx_hal_i2c_ex.c ****     else
 325:Drivers/STM32H5xx_HAL_Driver/Src/stm32h5xx_hal_i2c_ex.c ****     {
 326:Drivers/STM32H5xx_HAL_Driver/Src/stm32h5xx_hal_i2c_ex.c ****       /* Reset I2Cx FMP bit */
 327:Drivers/STM32H5xx_HAL_Driver/Src/stm32h5xx_hal_i2c_ex.c ****       hi2c->Instance->CR1 &= ~(I2C_CR1_FMP);
 328:Drivers/STM32H5xx_HAL_Driver/Src/stm32h5xx_hal_i2c_ex.c ****     }
 329:Drivers/STM32H5xx_HAL_Driver/Src/stm32h5xx_hal_i2c_ex.c **** 
 330:Drivers/STM32H5xx_HAL_Driver/Src/stm32h5xx_hal_i2c_ex.c ****     __HAL_I2C_ENABLE(hi2c);
 455              		.loc 1 330 5 is_stmt 1 view .LVU156
 456 0036 1968     		ldr	r1, [r3]
 457 0038 0A68     		ldr	r2, [r1]
 458 003a 42F00102 		orr	r2, r2, #1
 459 003e 0A60     		str	r2, [r1]
 331:Drivers/STM32H5xx_HAL_Driver/Src/stm32h5xx_hal_i2c_ex.c **** 
 332:Drivers/STM32H5xx_HAL_Driver/Src/stm32h5xx_hal_i2c_ex.c ****     hi2c->State = HAL_I2C_STATE_READY;
 460              		.loc 1 332 5 view .LVU157
 461              		.loc 1 332 17 is_stmt 0 view .LVU158
 462 0040 2022     		movs	r2, #32
 463 0042 83F84120 		strb	r2, [r3, #65]
 333:Drivers/STM32H5xx_HAL_Driver/Src/stm32h5xx_hal_i2c_ex.c **** 
 334:Drivers/STM32H5xx_HAL_Driver/Src/stm32h5xx_hal_i2c_ex.c ****     /* Process Unlocked */
 335:Drivers/STM32H5xx_HAL_Driver/Src/stm32h5xx_hal_i2c_ex.c ****     __HAL_UNLOCK(hi2c);
 464              		.loc 1 335 5 is_stmt 1 view .LVU159
 465              		.loc 1 335 5 view .LVU160
 466 0046 0020     		movs	r0, #0
 467 0048 83F84000 		strb	r0, [r3, #64]
 468              		.loc 1 335 5 view .LVU161
ARM GAS  C:\Users\LENOVO\AppData\Local\Temp\ccvRSRMV.s 			page 15


 336:Drivers/STM32H5xx_HAL_Driver/Src/stm32h5xx_hal_i2c_ex.c **** 
 337:Drivers/STM32H5xx_HAL_Driver/Src/stm32h5xx_hal_i2c_ex.c ****     return HAL_OK;
 469              		.loc 1 337 5 view .LVU162
 470              		.loc 1 337 12 is_stmt 0 view .LVU163
 471 004c 7047     		bx	lr
 472              	.LVL34:
 473              	.L19:
 327:Drivers/STM32H5xx_HAL_Driver/Src/stm32h5xx_hal_i2c_ex.c ****     }
 474              		.loc 1 327 7 is_stmt 1 view .LVU164
 327:Drivers/STM32H5xx_HAL_Driver/Src/stm32h5xx_hal_i2c_ex.c ****     }
 475              		.loc 1 327 11 is_stmt 0 view .LVU165
 476 004e 1968     		ldr	r1, [r3]
 477              	.LVL35:
 327:Drivers/STM32H5xx_HAL_Driver/Src/stm32h5xx_hal_i2c_ex.c ****     }
 478              		.loc 1 327 21 view .LVU166
 479 0050 0A68     		ldr	r2, [r1]
 327:Drivers/STM32H5xx_HAL_Driver/Src/stm32h5xx_hal_i2c_ex.c ****     }
 480              		.loc 1 327 27 view .LVU167
 481 0052 22F08072 		bic	r2, r2, #16777216
 482 0056 0A60     		str	r2, [r1]
 483 0058 EDE7     		b	.L20
 484              	.LVL36:
 485              	.L21:
 338:Drivers/STM32H5xx_HAL_Driver/Src/stm32h5xx_hal_i2c_ex.c ****   }
 339:Drivers/STM32H5xx_HAL_Driver/Src/stm32h5xx_hal_i2c_ex.c ****   else
 340:Drivers/STM32H5xx_HAL_Driver/Src/stm32h5xx_hal_i2c_ex.c ****   {
 341:Drivers/STM32H5xx_HAL_Driver/Src/stm32h5xx_hal_i2c_ex.c ****     return HAL_BUSY;
 486              		.loc 1 341 12 view .LVU168
 487 005a 0220     		movs	r0, #2
 488              	.LVL37:
 489              		.loc 1 341 12 view .LVU169
 490 005c 7047     		bx	lr
 491              	.LVL38:
 492              	.L22:
 312:Drivers/STM32H5xx_HAL_Driver/Src/stm32h5xx_hal_i2c_ex.c **** 
 493              		.loc 1 312 5 discriminator 1 view .LVU170
 494 005e 0220     		movs	r0, #2
 495              	.LVL39:
 342:Drivers/STM32H5xx_HAL_Driver/Src/stm32h5xx_hal_i2c_ex.c ****   }
 343:Drivers/STM32H5xx_HAL_Driver/Src/stm32h5xx_hal_i2c_ex.c **** }
 496              		.loc 1 343 1 view .LVU171
 497 0060 7047     		bx	lr
 498              		.cfi_endproc
 499              	.LFE500:
 501              		.text
 502              	.Letext0:
 503              		.file 2 "C:\\ST\\STM32CubeCLT_1.20.0\\GNU-tools-for-STM32\\bin/../lib/gcc/arm-none-eabi/13.3.1/../
 504              		.file 3 "C:\\ST\\STM32CubeCLT_1.20.0\\GNU-tools-for-STM32\\bin/../lib/gcc/arm-none-eabi/13.3.1/../
 505              		.file 4 "Drivers/CMSIS/Device/ST/STM32H5xx/Include/stm32h563xx.h"
 506              		.file 5 "Drivers/STM32H5xx_HAL_Driver/Inc/stm32h5xx_hal_def.h"
 507              		.file 6 "Drivers/STM32H5xx_HAL_Driver/Inc/stm32h5xx_hal_dma.h"
 508              		.file 7 "Drivers/STM32H5xx_HAL_Driver/Inc/stm32h5xx_hal_dma_ex.h"
 509              		.file 8 "Drivers/STM32H5xx_HAL_Driver/Inc/stm32h5xx_hal_i2c.h"
 510              		.file 9 "Drivers/STM32H5xx_HAL_Driver/Inc/stm32h5xx_ll_lptim.h"
ARM GAS  C:\Users\LENOVO\AppData\Local\Temp\ccvRSRMV.s 			page 16


DEFINED SYMBOLS
                            *ABS*:00000000 stm32h5xx_hal_i2c_ex.c
C:\Users\LENOVO\AppData\Local\Temp\ccvRSRMV.s:22     .text.HAL_I2CEx_ConfigAnalogFilter:00000000 $t
C:\Users\LENOVO\AppData\Local\Temp\ccvRSRMV.s:28     .text.HAL_I2CEx_ConfigAnalogFilter:00000000 HAL_I2CEx_ConfigAnalogFilter
C:\Users\LENOVO\AppData\Local\Temp\ccvRSRMV.s:120    .text.HAL_I2CEx_ConfigDigitalFilter:00000000 $t
C:\Users\LENOVO\AppData\Local\Temp\ccvRSRMV.s:126    .text.HAL_I2CEx_ConfigDigitalFilter:00000000 HAL_I2CEx_ConfigDigitalFilter
C:\Users\LENOVO\AppData\Local\Temp\ccvRSRMV.s:223    .text.HAL_I2CEx_EnableWakeUp:00000000 $t
C:\Users\LENOVO\AppData\Local\Temp\ccvRSRMV.s:229    .text.HAL_I2CEx_EnableWakeUp:00000000 HAL_I2CEx_EnableWakeUp
C:\Users\LENOVO\AppData\Local\Temp\ccvRSRMV.s:310    .text.HAL_I2CEx_DisableWakeUp:00000000 $t
C:\Users\LENOVO\AppData\Local\Temp\ccvRSRMV.s:316    .text.HAL_I2CEx_DisableWakeUp:00000000 HAL_I2CEx_DisableWakeUp
C:\Users\LENOVO\AppData\Local\Temp\ccvRSRMV.s:397    .text.HAL_I2CEx_ConfigFastModePlus:00000000 $t
C:\Users\LENOVO\AppData\Local\Temp\ccvRSRMV.s:403    .text.HAL_I2CEx_ConfigFastModePlus:00000000 HAL_I2CEx_ConfigFastModePlus

NO UNDEFINED SYMBOLS
