ARM GAS  C:\Users\LENOVO\AppData\Local\Temp\ccqEBdDh.s 			page 1


   1              		.cpu cortex-m33
   2              		.arch armv8-m.main
   3              		.fpu fpv5-sp-d16
   4              		.arch_extension dsp
   5              		.eabi_attribute 27, 1
   6              		.eabi_attribute 28, 1
   7              		.eabi_attribute 20, 1
   8              		.eabi_attribute 21, 1
   9              		.eabi_attribute 23, 3
  10              		.eabi_attribute 24, 1
  11              		.eabi_attribute 25, 1
  12              		.eabi_attribute 26, 1
  13              		.eabi_attribute 30, 1
  14              		.eabi_attribute 34, 1
  15              		.eabi_attribute 18, 4
  16              		.file	"sx_fs.c"
  17              		.text
  18              	.Ltext0:
  19              		.cfi_sections	.debug_frame
  20              		.file 1 "SynaptiX_FDK/services/filesystem/sx_fs.c"
  21              		.section	.text.sx_ext_flash_write,"ax",%progbits
  22              		.align	1
  23              		.syntax unified
  24              		.thumb
  25              		.thumb_func
  27              	sx_ext_flash_write:
  28              	.LVL0:
  29              	.LFB25:
  30              		.file 2 "SynaptiX_FDK/components/external_flash/sx_external_flash.h"
   1:SynaptiX_FDK/components/external_flash/sx_external_flash.h **** #ifndef __SX_EXTERNAL_FLASH_H
   2:SynaptiX_FDK/components/external_flash/sx_external_flash.h **** #define __SX_EXTERNAL_FLASH_H
   3:SynaptiX_FDK/components/external_flash/sx_external_flash.h **** 
   4:SynaptiX_FDK/components/external_flash/sx_external_flash.h **** #ifdef  __cplusplus
   5:SynaptiX_FDK/components/external_flash/sx_external_flash.h **** extern "C"{
   6:SynaptiX_FDK/components/external_flash/sx_external_flash.h **** #endif
   7:SynaptiX_FDK/components/external_flash/sx_external_flash.h **** 
   8:SynaptiX_FDK/components/external_flash/sx_external_flash.h **** #include "stdint.h"
   9:SynaptiX_FDK/components/external_flash/sx_external_flash.h **** #include "stdbool.h"
  10:SynaptiX_FDK/components/external_flash/sx_external_flash.h **** #include "sx_gpio.h"
  11:SynaptiX_FDK/components/external_flash/sx_external_flash.h **** #include "logger.h" // DEBUG: needed for log_error added for hang investigation
  12:SynaptiX_FDK/components/external_flash/sx_external_flash.h **** 
  13:SynaptiX_FDK/components/external_flash/sx_external_flash.h **** typedef struct {
  14:SynaptiX_FDK/components/external_flash/sx_external_flash.h ****     uint32_t page_size;     /* bytes per page   */
  15:SynaptiX_FDK/components/external_flash/sx_external_flash.h ****     uint32_t sector_size;   /* bytes per sector */
  16:SynaptiX_FDK/components/external_flash/sx_external_flash.h ****     uint32_t block_size;    /* bytes per block  */
  17:SynaptiX_FDK/components/external_flash/sx_external_flash.h ****     uint32_t total_bytes;   /* total chip size  */
  18:SynaptiX_FDK/components/external_flash/sx_external_flash.h **** } sx_ext_flash_info_t;
  19:SynaptiX_FDK/components/external_flash/sx_external_flash.h **** 
  20:SynaptiX_FDK/components/external_flash/sx_external_flash.h **** typedef struct {
  21:SynaptiX_FDK/components/external_flash/sx_external_flash.h ****     int  (*read)        (uint32_t addr, uint8_t *buf, uint32_t len);
  22:SynaptiX_FDK/components/external_flash/sx_external_flash.h ****     int  (*write)       (uint32_t addr, const uint8_t *buf, uint32_t len);
  23:SynaptiX_FDK/components/external_flash/sx_external_flash.h ****     int  (*erase_sector)(uint32_t addr);
  24:SynaptiX_FDK/components/external_flash/sx_external_flash.h ****     bool (*is_busy)     (void);
  25:SynaptiX_FDK/components/external_flash/sx_external_flash.h **** } sx_ext_flash_ops_t;
  26:SynaptiX_FDK/components/external_flash/sx_external_flash.h **** 
  27:SynaptiX_FDK/components/external_flash/sx_external_flash.h **** typedef struct {
  28:SynaptiX_FDK/components/external_flash/sx_external_flash.h ****     sx_ext_flash_ops_t  *ops;
ARM GAS  C:\Users\LENOVO\AppData\Local\Temp\ccqEBdDh.s 			page 2


  29:SynaptiX_FDK/components/external_flash/sx_external_flash.h ****     sx_ext_flash_info_t  info;
  30:SynaptiX_FDK/components/external_flash/sx_external_flash.h **** } sx_ext_flash_t;
  31:SynaptiX_FDK/components/external_flash/sx_external_flash.h **** 
  32:SynaptiX_FDK/components/external_flash/sx_external_flash.h **** static inline void sx_ext_flash_init(sx_ext_flash_t *flash, sx_ext_flash_ops_t *ops, sx_ext_flash_i
  33:SynaptiX_FDK/components/external_flash/sx_external_flash.h ****     flash->ops = ops;
  34:SynaptiX_FDK/components/external_flash/sx_external_flash.h ****     flash->info = *info;
  35:SynaptiX_FDK/components/external_flash/sx_external_flash.h **** }
  36:SynaptiX_FDK/components/external_flash/sx_external_flash.h **** 
  37:SynaptiX_FDK/components/external_flash/sx_external_flash.h **** static inline int sx_ext_flash_read(sx_ext_flash_t *flash, uint32_t addr, uint8_t *buf, uint32_t le
  38:SynaptiX_FDK/components/external_flash/sx_external_flash.h **** {
  39:SynaptiX_FDK/components/external_flash/sx_external_flash.h ****     // DEBUG: temporary trace to locate the hang after boot-via-bootloader.
  40:SynaptiX_FDK/components/external_flash/sx_external_flash.h ****     // Confirms whether flash->ops / flash->ops->read still look sane right before
  41:SynaptiX_FDK/components/external_flash/sx_external_flash.h ****     // jumping through the function pointer.
  42:SynaptiX_FDK/components/external_flash/sx_external_flash.h ****     log_error("SX_EXT_FLASH", "read: flash=%p ops=%p read_fn=%p addr=0x%06lX len=%lu",
  43:SynaptiX_FDK/components/external_flash/sx_external_flash.h ****         (void*)flash, flash ? (void*)flash->ops : (void*)0,
  44:SynaptiX_FDK/components/external_flash/sx_external_flash.h ****         (flash && flash->ops) ? (void*)flash->ops->read : (void*)0,
  45:SynaptiX_FDK/components/external_flash/sx_external_flash.h ****         (unsigned long)addr, (unsigned long)len);
  46:SynaptiX_FDK/components/external_flash/sx_external_flash.h ****     if (flash->ops && flash->ops->read)
  47:SynaptiX_FDK/components/external_flash/sx_external_flash.h ****         return flash->ops->read(addr, buf, len);
  48:SynaptiX_FDK/components/external_flash/sx_external_flash.h ****     return -1;
  49:SynaptiX_FDK/components/external_flash/sx_external_flash.h **** }
  50:SynaptiX_FDK/components/external_flash/sx_external_flash.h **** 
  51:SynaptiX_FDK/components/external_flash/sx_external_flash.h **** static inline int sx_ext_flash_write(sx_ext_flash_t *flash, uint32_t addr, const uint8_t *buf, uint
  31              		.loc 2 51 109 view -0
  32              		.cfi_startproc
  33              		@ args = 0, pretend = 0, frame = 0
  34              		@ frame_needed = 0, uses_anonymous_args = 0
  35              		.loc 2 51 109 is_stmt 0 view .LVU1
  36 0000 08B5     		push	{r3, lr}
  37              	.LCFI0:
  38              		.cfi_def_cfa_offset 8
  39              		.cfi_offset 3, -8
  40              		.cfi_offset 14, -4
  41 0002 8446     		mov	ip, r0
  42 0004 0846     		mov	r0, r1
  43              	.LVL1:
  44              		.loc 2 51 109 view .LVU2
  45 0006 1146     		mov	r1, r2
  46              	.LVL2:
  47              		.loc 2 51 109 view .LVU3
  48 0008 1A46     		mov	r2, r3
  49              	.LVL3:
  52:SynaptiX_FDK/components/external_flash/sx_external_flash.h ****     if (flash->ops && flash->ops->write)
  50              		.loc 2 52 5 is_stmt 1 view .LVU4
  51              		.loc 2 52 14 is_stmt 0 view .LVU5
  52 000a DCF80030 		ldr	r3, [ip]
  53              	.LVL4:
  54              		.loc 2 52 8 view .LVU6
  55 000e 1BB1     		cbz	r3, .L3
  56              		.loc 2 52 33 discriminator 1 view .LVU7
  57 0010 5B68     		ldr	r3, [r3, #4]
  58              		.loc 2 52 20 discriminator 1 view .LVU8
  59 0012 23B1     		cbz	r3, .L4
  53:SynaptiX_FDK/components/external_flash/sx_external_flash.h ****         return flash->ops->write(addr, buf, len);
  60              		.loc 2 53 9 is_stmt 1 view .LVU9
  61              		.loc 2 53 16 is_stmt 0 view .LVU10
  62 0014 9847     		blx	r3
ARM GAS  C:\Users\LENOVO\AppData\Local\Temp\ccqEBdDh.s 			page 3


  63              	.LVL5:
  64              	.L1:
  54:SynaptiX_FDK/components/external_flash/sx_external_flash.h ****     return -1;
  55:SynaptiX_FDK/components/external_flash/sx_external_flash.h **** }
  65              		.loc 2 55 1 view .LVU11
  66 0016 08BD     		pop	{r3, pc}
  67              	.LVL6:
  68              	.L3:
  54:SynaptiX_FDK/components/external_flash/sx_external_flash.h ****     return -1;
  69              		.loc 2 54 12 view .LVU12
  70 0018 4FF0FF30 		mov	r0, #-1
  71              	.LVL7:
  54:SynaptiX_FDK/components/external_flash/sx_external_flash.h ****     return -1;
  72              		.loc 2 54 12 view .LVU13
  73 001c FBE7     		b	.L1
  74              	.LVL8:
  75              	.L4:
  54:SynaptiX_FDK/components/external_flash/sx_external_flash.h ****     return -1;
  76              		.loc 2 54 12 view .LVU14
  77 001e 4FF0FF30 		mov	r0, #-1
  78              	.LVL9:
  54:SynaptiX_FDK/components/external_flash/sx_external_flash.h ****     return -1;
  79              		.loc 2 54 12 view .LVU15
  80 0022 F8E7     		b	.L1
  81              		.cfi_endproc
  82              	.LFE25:
  84              		.section	.text.sx_ext_flash_erase_sector,"ax",%progbits
  85              		.align	1
  86              		.syntax unified
  87              		.thumb
  88              		.thumb_func
  90              	sx_ext_flash_erase_sector:
  91              	.LVL10:
  92              	.LFB26:
  56:SynaptiX_FDK/components/external_flash/sx_external_flash.h **** 
  57:SynaptiX_FDK/components/external_flash/sx_external_flash.h **** static inline int sx_ext_flash_erase_sector(sx_ext_flash_t *flash, uint32_t addr)
  58:SynaptiX_FDK/components/external_flash/sx_external_flash.h **** {
  93              		.loc 2 58 1 is_stmt 1 view -0
  94              		.cfi_startproc
  95              		@ args = 0, pretend = 0, frame = 0
  96              		@ frame_needed = 0, uses_anonymous_args = 0
  97              		.loc 2 58 1 is_stmt 0 view .LVU17
  98 0000 08B5     		push	{r3, lr}
  99              	.LCFI1:
 100              		.cfi_def_cfa_offset 8
 101              		.cfi_offset 3, -8
 102              		.cfi_offset 14, -4
  59:SynaptiX_FDK/components/external_flash/sx_external_flash.h ****     if (flash->ops && flash->ops->erase_sector)
 103              		.loc 2 59 5 is_stmt 1 view .LVU18
 104              		.loc 2 59 14 is_stmt 0 view .LVU19
 105 0002 0368     		ldr	r3, [r0]
 106              		.loc 2 59 8 view .LVU20
 107 0004 23B1     		cbz	r3, .L8
 108              		.loc 2 59 33 discriminator 1 view .LVU21
 109 0006 9B68     		ldr	r3, [r3, #8]
 110              		.loc 2 59 20 discriminator 1 view .LVU22
 111 0008 2BB1     		cbz	r3, .L9
ARM GAS  C:\Users\LENOVO\AppData\Local\Temp\ccqEBdDh.s 			page 4


  60:SynaptiX_FDK/components/external_flash/sx_external_flash.h ****         return flash->ops->erase_sector(addr);
 112              		.loc 2 60 9 is_stmt 1 view .LVU23
 113              		.loc 2 60 16 is_stmt 0 view .LVU24
 114 000a 0846     		mov	r0, r1
 115              	.LVL11:
 116              		.loc 2 60 16 view .LVU25
 117 000c 9847     		blx	r3
 118              	.LVL12:
 119              	.L6:
  61:SynaptiX_FDK/components/external_flash/sx_external_flash.h ****     return -1;
  62:SynaptiX_FDK/components/external_flash/sx_external_flash.h **** }
 120              		.loc 2 62 1 view .LVU26
 121 000e 08BD     		pop	{r3, pc}
 122              	.LVL13:
 123              	.L8:
  61:SynaptiX_FDK/components/external_flash/sx_external_flash.h ****     return -1;
 124              		.loc 2 61 12 view .LVU27
 125 0010 4FF0FF30 		mov	r0, #-1
 126              	.LVL14:
  61:SynaptiX_FDK/components/external_flash/sx_external_flash.h ****     return -1;
 127              		.loc 2 61 12 view .LVU28
 128 0014 FBE7     		b	.L6
 129              	.LVL15:
 130              	.L9:
  61:SynaptiX_FDK/components/external_flash/sx_external_flash.h ****     return -1;
 131              		.loc 2 61 12 view .LVU29
 132 0016 4FF0FF30 		mov	r0, #-1
 133              	.LVL16:
  61:SynaptiX_FDK/components/external_flash/sx_external_flash.h ****     return -1;
 134              		.loc 2 61 12 view .LVU30
 135 001a F8E7     		b	.L6
 136              		.cfi_endproc
 137              	.LFE26:
 139              		.section	.text.lfs_flash_erase,"ax",%progbits
 140              		.align	1
 141              		.syntax unified
 142              		.thumb
 143              		.thumb_func
 145              	lfs_flash_erase:
 146              	.LVL17:
 147              	.LFB30:
   1:SynaptiX_FDK/services/filesystem/sx_fs.c **** #include "sx_fs.h"
   2:SynaptiX_FDK/services/filesystem/sx_fs.c **** #include "logger.h"
   3:SynaptiX_FDK/services/filesystem/sx_fs.c **** 
   4:SynaptiX_FDK/services/filesystem/sx_fs.c **** static const char *TAG = "SX_FS";
   5:SynaptiX_FDK/services/filesystem/sx_fs.c **** static sx_ext_flash_t *s_flash = NULL;
   6:SynaptiX_FDK/services/filesystem/sx_fs.c **** static file_system_config_t s_config;
   7:SynaptiX_FDK/services/filesystem/sx_fs.c **** 
   8:SynaptiX_FDK/services/filesystem/sx_fs.c **** static int lfs_flash_read(const struct lfs_config *c,
   9:SynaptiX_FDK/services/filesystem/sx_fs.c ****                            lfs_block_t block, lfs_off_t off,
  10:SynaptiX_FDK/services/filesystem/sx_fs.c ****                            void *buf, lfs_size_t size)
  11:SynaptiX_FDK/services/filesystem/sx_fs.c **** {
  12:SynaptiX_FDK/services/filesystem/sx_fs.c ****     uint32_t addr = PART_GPS_LOG_OFFSET + block * c->block_size + off;
  13:SynaptiX_FDK/services/filesystem/sx_fs.c ****     // DEBUG: temporary trace to locate the hang after boot-via-bootloader.
  14:SynaptiX_FDK/services/filesystem/sx_fs.c ****     log_info("SX_FS", "flash_read: enter addr=0x%06lX size=%lu s_flash=%p",
  15:SynaptiX_FDK/services/filesystem/sx_fs.c ****         (unsigned long)addr, (unsigned long)size, (void*)s_flash);
  16:SynaptiX_FDK/services/filesystem/sx_fs.c ****     int ret = sx_ext_flash_read(s_flash, addr, buf, size);
ARM GAS  C:\Users\LENOVO\AppData\Local\Temp\ccqEBdDh.s 			page 5


  17:SynaptiX_FDK/services/filesystem/sx_fs.c ****     log_info("SX_FS", "flash_read: returned %d", ret);
  18:SynaptiX_FDK/services/filesystem/sx_fs.c ****     return ret;
  19:SynaptiX_FDK/services/filesystem/sx_fs.c **** }
  20:SynaptiX_FDK/services/filesystem/sx_fs.c **** 
  21:SynaptiX_FDK/services/filesystem/sx_fs.c **** static int lfs_flash_write(const struct lfs_config *c,
  22:SynaptiX_FDK/services/filesystem/sx_fs.c ****                            lfs_block_t block, lfs_off_t off,
  23:SynaptiX_FDK/services/filesystem/sx_fs.c ****                            const void *buf, lfs_size_t size)
  24:SynaptiX_FDK/services/filesystem/sx_fs.c **** {
  25:SynaptiX_FDK/services/filesystem/sx_fs.c ****     // uint32_t addr = block *c->block_size + off;
  26:SynaptiX_FDK/services/filesystem/sx_fs.c ****     // int ret = sx_ext_flash_write(s_flash, addr, buf, size);
  27:SynaptiX_FDK/services/filesystem/sx_fs.c ****     uint32_t addr = PART_GPS_LOG_OFFSET + block * c->block_size + off;
  28:SynaptiX_FDK/services/filesystem/sx_fs.c ****     int ret = sx_ext_flash_write(s_flash, addr, buf, size);
  29:SynaptiX_FDK/services/filesystem/sx_fs.c ****     if (ret != 0) {
  30:SynaptiX_FDK/services/filesystem/sx_fs.c ****         log_error("SX_FS", "write FAILED ret=%d", ret);
  31:SynaptiX_FDK/services/filesystem/sx_fs.c ****         return ret;
  32:SynaptiX_FDK/services/filesystem/sx_fs.c ****     }
  33:SynaptiX_FDK/services/filesystem/sx_fs.c **** 
  34:SynaptiX_FDK/services/filesystem/sx_fs.c ****     static uint8_t verify_buf[16];
  35:SynaptiX_FDK/services/filesystem/sx_fs.c ****     sx_ext_flash_read(s_flash, addr, verify_buf, size);
  36:SynaptiX_FDK/services/filesystem/sx_fs.c ****     if (memcmp(buf, verify_buf, size) != 0) {
  37:SynaptiX_FDK/services/filesystem/sx_fs.c ****         log_error("SX_FS", "VERIFY FAILED at addr=0x%06lX", (unsigned long)addr);
  38:SynaptiX_FDK/services/filesystem/sx_fs.c ****         log_error("SX_FS", "wrote: %02X %02X %02X %02X ...", ((uint8_t*)buf)[0], ((uint8_t*)buf)[1]
  39:SynaptiX_FDK/services/filesystem/sx_fs.c ****         log_error("SX_FS", "read : %02X %02X %02X %02X ...", verify_buf[0], verify_buf[1], verify_b
  40:SynaptiX_FDK/services/filesystem/sx_fs.c ****     } else {
  41:SynaptiX_FDK/services/filesystem/sx_fs.c ****         log_info("SX_FS", "verify OK at addr=0x%06lX", (unsigned long)addr);
  42:SynaptiX_FDK/services/filesystem/sx_fs.c ****     }
  43:SynaptiX_FDK/services/filesystem/sx_fs.c ****     return ret;
  44:SynaptiX_FDK/services/filesystem/sx_fs.c **** }
  45:SynaptiX_FDK/services/filesystem/sx_fs.c **** 
  46:SynaptiX_FDK/services/filesystem/sx_fs.c **** static int lfs_flash_erase(const struct lfs_config *c, lfs_block_t block){
 148              		.loc 1 46 74 is_stmt 1 view -0
 149              		.cfi_startproc
 150              		@ args = 0, pretend = 0, frame = 0
 151              		@ frame_needed = 0, uses_anonymous_args = 0
 152              		.loc 1 46 74 is_stmt 0 view .LVU32
 153 0000 08B5     		push	{r3, lr}
 154              	.LCFI2:
 155              		.cfi_def_cfa_offset 8
 156              		.cfi_offset 3, -8
 157              		.cfi_offset 14, -4
  47:SynaptiX_FDK/services/filesystem/sx_fs.c ****     // uint32_t addr = block * c->block_size;
  48:SynaptiX_FDK/services/filesystem/sx_fs.c ****     uint32_t addr = PART_GPS_LOG_OFFSET + block * c->block_size;
 158              		.loc 1 48 5 is_stmt 1 view .LVU33
 159              		.loc 1 48 52 is_stmt 0 view .LVU34
 160 0002 C369     		ldr	r3, [r0, #28]
 161              		.loc 1 48 49 view .LVU35
 162 0004 03FB01F1 		mul	r1, r3, r1
 163              	.LVL18:
  49:SynaptiX_FDK/services/filesystem/sx_fs.c ****     return sx_ext_flash_erase_sector(s_flash, addr);
 164              		.loc 1 49 5 is_stmt 1 view .LVU36
 165              		.loc 1 49 12 is_stmt 0 view .LVU37
 166 0008 01F5E001 		add	r1, r1, #7340032
 167              	.LVL19:
 168              		.loc 1 49 12 view .LVU38
 169 000c 024B     		ldr	r3, .L13
 170 000e 1868     		ldr	r0, [r3]
 171              	.LVL20:
ARM GAS  C:\Users\LENOVO\AppData\Local\Temp\ccqEBdDh.s 			page 6


 172              		.loc 1 49 12 view .LVU39
 173 0010 FFF7FEFF 		bl	sx_ext_flash_erase_sector
 174              	.LVL21:
  50:SynaptiX_FDK/services/filesystem/sx_fs.c **** }
 175              		.loc 1 50 1 view .LVU40
 176 0014 08BD     		pop	{r3, pc}
 177              	.L14:
 178 0016 00BF     		.align	2
 179              	.L13:
 180 0018 00000000 		.word	s_flash
 181              		.cfi_endproc
 182              	.LFE30:
 184              		.section	.rodata.sx_ext_flash_read.str1.4,"aMS",%progbits,1
 185              		.align	2
 186              	.LC0:
 187 0000 72656164 		.ascii	"read: flash=%p ops=%p read_fn=%p addr=0x%06lX len=%"
 187      3A20666C 
 187      6173683D 
 187      2570206F 
 187      70733D25 
 188 0033 6C7500   		.ascii	"lu\000"
 189 0036 0000     		.align	2
 190              	.LC1:
 191 0038 53585F45 		.ascii	"SX_EXT_FLASH\000"
 191      58545F46 
 191      4C415348 
 191      00
 192              		.section	.text.sx_ext_flash_read,"ax",%progbits
 193              		.align	1
 194              		.syntax unified
 195              		.thumb
 196              		.thumb_func
 198              	sx_ext_flash_read:
 199              	.LVL22:
 200              	.LFB24:
  38:SynaptiX_FDK/components/external_flash/sx_external_flash.h ****     // DEBUG: temporary trace to locate the hang after boot-via-bootloader.
 201              		.loc 2 38 1 is_stmt 1 view -0
 202              		.cfi_startproc
 203              		@ args = 0, pretend = 0, frame = 0
 204              		@ frame_needed = 0, uses_anonymous_args = 0
  38:SynaptiX_FDK/components/external_flash/sx_external_flash.h ****     // DEBUG: temporary trace to locate the hang after boot-via-bootloader.
 205              		.loc 2 38 1 is_stmt 0 view .LVU42
 206 0000 F0B5     		push	{r4, r5, r6, r7, lr}
 207              	.LCFI3:
 208              		.cfi_def_cfa_offset 20
 209              		.cfi_offset 4, -20
 210              		.cfi_offset 5, -16
 211              		.cfi_offset 6, -12
 212              		.cfi_offset 7, -8
 213              		.cfi_offset 14, -4
 214 0002 85B0     		sub	sp, sp, #20
 215              	.LCFI4:
 216              		.cfi_def_cfa_offset 40
 217 0004 0C46     		mov	r4, r1
 218 0006 1746     		mov	r7, r2
 219 0008 1D46     		mov	r5, r3
  42:SynaptiX_FDK/components/external_flash/sx_external_flash.h ****         (void*)flash, flash ? (void*)flash->ops : (void*)0,
ARM GAS  C:\Users\LENOVO\AppData\Local\Temp\ccqEBdDh.s 			page 7


 220              		.loc 2 42 5 is_stmt 1 view .LVU43
 221 000a 0646     		mov	r6, r0
 222 000c B0B1     		cbz	r0, .L18
  42:SynaptiX_FDK/components/external_flash/sx_external_flash.h ****         (void*)flash, flash ? (void*)flash->ops : (void*)0,
 223              		.loc 2 42 5 is_stmt 0 discriminator 1 view .LVU44
 224 000e 0368     		ldr	r3, [r0]
 225              	.LVL23:
  42:SynaptiX_FDK/components/external_flash/sx_external_flash.h ****         (void*)flash, flash ? (void*)flash->ops : (void*)0,
 226              		.loc 2 42 5 discriminator 5 view .LVU45
 227 0010 BBB1     		cbz	r3, .L19
  42:SynaptiX_FDK/components/external_flash/sx_external_flash.h ****         (void*)flash, flash ? (void*)flash->ops : (void*)0,
 228              		.loc 2 42 5 discriminator 7 view .LVU46
 229 0012 1A68     		ldr	r2, [r3]
 230              	.LVL24:
 231              	.L16:
  42:SynaptiX_FDK/components/external_flash/sx_external_flash.h ****         (void*)flash, flash ? (void*)flash->ops : (void*)0,
 232              		.loc 2 42 5 discriminator 10 view .LVU47
 233 0014 0395     		str	r5, [sp, #12]
 234 0016 0294     		str	r4, [sp, #8]
 235 0018 0192     		str	r2, [sp, #4]
 236 001a 0093     		str	r3, [sp]
 237 001c 3346     		mov	r3, r6
 238 001e 0D4A     		ldr	r2, .L23
 239 0020 0D49     		ldr	r1, .L23+4
 240              	.LVL25:
  42:SynaptiX_FDK/components/external_flash/sx_external_flash.h ****         (void*)flash, flash ? (void*)flash->ops : (void*)0,
 241              		.loc 2 42 5 discriminator 10 view .LVU48
 242 0022 0120     		movs	r0, #1
 243              	.LVL26:
  42:SynaptiX_FDK/components/external_flash/sx_external_flash.h ****         (void*)flash, flash ? (void*)flash->ops : (void*)0,
 244              		.loc 2 42 5 discriminator 10 view .LVU49
 245 0024 FFF7FEFF 		bl	log_func
 246              	.LVL27:
  46:SynaptiX_FDK/components/external_flash/sx_external_flash.h ****         return flash->ops->read(addr, buf, len);
 247              		.loc 2 46 5 is_stmt 1 view .LVU50
  46:SynaptiX_FDK/components/external_flash/sx_external_flash.h ****         return flash->ops->read(addr, buf, len);
 248              		.loc 2 46 14 is_stmt 0 view .LVU51
 249 0028 3368     		ldr	r3, [r6]
  46:SynaptiX_FDK/components/external_flash/sx_external_flash.h ****         return flash->ops->read(addr, buf, len);
 250              		.loc 2 46 8 view .LVU52
 251 002a 63B1     		cbz	r3, .L20
  46:SynaptiX_FDK/components/external_flash/sx_external_flash.h ****         return flash->ops->read(addr, buf, len);
 252              		.loc 2 46 33 discriminator 1 view .LVU53
 253 002c 1B68     		ldr	r3, [r3]
  46:SynaptiX_FDK/components/external_flash/sx_external_flash.h ****         return flash->ops->read(addr, buf, len);
 254              		.loc 2 46 20 discriminator 1 view .LVU54
 255 002e 6BB1     		cbz	r3, .L21
  47:SynaptiX_FDK/components/external_flash/sx_external_flash.h ****     return -1;
 256              		.loc 2 47 9 is_stmt 1 view .LVU55
  47:SynaptiX_FDK/components/external_flash/sx_external_flash.h ****     return -1;
 257              		.loc 2 47 16 is_stmt 0 view .LVU56
 258 0030 2A46     		mov	r2, r5
 259 0032 3946     		mov	r1, r7
 260 0034 2046     		mov	r0, r4
 261 0036 9847     		blx	r3
 262              	.LVL28:
 263              	.L15:
ARM GAS  C:\Users\LENOVO\AppData\Local\Temp\ccqEBdDh.s 			page 8


  49:SynaptiX_FDK/components/external_flash/sx_external_flash.h **** 
 264              		.loc 2 49 1 view .LVU57
 265 0038 05B0     		add	sp, sp, #20
 266              	.LCFI5:
 267              		.cfi_remember_state
 268              		.cfi_def_cfa_offset 20
 269              		@ sp needed
 270 003a F0BD     		pop	{r4, r5, r6, r7, pc}
 271              	.LVL29:
 272              	.L18:
 273              	.LCFI6:
 274              		.cfi_restore_state
  42:SynaptiX_FDK/components/external_flash/sx_external_flash.h ****         (void*)flash, flash ? (void*)flash->ops : (void*)0,
 275              		.loc 2 42 5 discriminator 2 view .LVU58
 276 003c 0346     		mov	r3, r0
 277              	.LVL30:
  42:SynaptiX_FDK/components/external_flash/sx_external_flash.h ****         (void*)flash, flash ? (void*)flash->ops : (void*)0,
 278              		.loc 2 42 5 discriminator 8 view .LVU59
 279 003e 0246     		mov	r2, r0
 280              	.LVL31:
  42:SynaptiX_FDK/components/external_flash/sx_external_flash.h ****         (void*)flash, flash ? (void*)flash->ops : (void*)0,
 281              		.loc 2 42 5 discriminator 8 view .LVU60
 282 0040 E8E7     		b	.L16
 283              	.LVL32:
 284              	.L19:
  42:SynaptiX_FDK/components/external_flash/sx_external_flash.h ****         (void*)flash, flash ? (void*)flash->ops : (void*)0,
 285              		.loc 2 42 5 discriminator 8 view .LVU61
 286 0042 1A46     		mov	r2, r3
 287              	.LVL33:
  42:SynaptiX_FDK/components/external_flash/sx_external_flash.h ****         (void*)flash, flash ? (void*)flash->ops : (void*)0,
 288              		.loc 2 42 5 discriminator 8 view .LVU62
 289 0044 E6E7     		b	.L16
 290              	.LVL34:
 291              	.L20:
  48:SynaptiX_FDK/components/external_flash/sx_external_flash.h **** }
 292              		.loc 2 48 12 view .LVU63
 293 0046 4FF0FF30 		mov	r0, #-1
 294 004a F5E7     		b	.L15
 295              	.L21:
 296 004c 4FF0FF30 		mov	r0, #-1
 297 0050 F2E7     		b	.L15
 298              	.L24:
 299 0052 00BF     		.align	2
 300              	.L23:
 301 0054 00000000 		.word	.LC0
 302 0058 38000000 		.word	.LC1
 303              		.cfi_endproc
 304              	.LFE24:
 306              		.section	.rodata.lfs_flash_read.str1.4,"aMS",%progbits,1
 307              		.align	2
 308              	.LC2:
 309 0000 666C6173 		.ascii	"flash_read: enter addr=0x%06lX size=%lu s_flash=%p\000"
 309      685F7265 
 309      61643A20 
 309      656E7465 
 309      72206164 
 310 0033 00       		.align	2
ARM GAS  C:\Users\LENOVO\AppData\Local\Temp\ccqEBdDh.s 			page 9


 311              	.LC3:
 312 0034 53585F46 		.ascii	"SX_FS\000"
 312      5300
 313 003a 0000     		.align	2
 314              	.LC4:
 315 003c 666C6173 		.ascii	"flash_read: returned %d\000"
 315      685F7265 
 315      61643A20 
 315      72657475 
 315      726E6564 
 316              		.section	.text.lfs_flash_read,"ax",%progbits
 317              		.align	1
 318              		.syntax unified
 319              		.thumb
 320              		.thumb_func
 322              	lfs_flash_read:
 323              	.LVL35:
 324              	.LFB28:
  11:SynaptiX_FDK/services/filesystem/sx_fs.c ****     uint32_t addr = PART_GPS_LOG_OFFSET + block * c->block_size + off;
 325              		.loc 1 11 1 is_stmt 1 view -0
 326              		.cfi_startproc
 327              		@ args = 4, pretend = 0, frame = 0
 328              		@ frame_needed = 0, uses_anonymous_args = 0
  11:SynaptiX_FDK/services/filesystem/sx_fs.c ****     uint32_t addr = PART_GPS_LOG_OFFSET + block * c->block_size + off;
 329              		.loc 1 11 1 is_stmt 0 view .LVU65
 330 0000 2DE9F041 		push	{r4, r5, r6, r7, r8, lr}
 331              	.LCFI7:
 332              		.cfi_def_cfa_offset 24
 333              		.cfi_offset 4, -24
 334              		.cfi_offset 5, -20
 335              		.cfi_offset 6, -16
 336              		.cfi_offset 7, -12
 337              		.cfi_offset 8, -8
 338              		.cfi_offset 14, -4
 339 0004 82B0     		sub	sp, sp, #8
 340              	.LCFI8:
 341              		.cfi_def_cfa_offset 32
 342 0006 1D46     		mov	r5, r3
 343 0008 DDF82080 		ldr	r8, [sp, #32]
  12:SynaptiX_FDK/services/filesystem/sx_fs.c ****     // DEBUG: temporary trace to locate the hang after boot-via-bootloader.
 344              		.loc 1 12 5 is_stmt 1 view .LVU66
  12:SynaptiX_FDK/services/filesystem/sx_fs.c ****     // DEBUG: temporary trace to locate the hang after boot-via-bootloader.
 345              		.loc 1 12 52 is_stmt 0 view .LVU67
 346 000c C469     		ldr	r4, [r0, #28]
  12:SynaptiX_FDK/services/filesystem/sx_fs.c ****     // DEBUG: temporary trace to locate the hang after boot-via-bootloader.
 347              		.loc 1 12 65 view .LVU68
 348 000e 01FB0424 		mla	r4, r1, r4, r2
  12:SynaptiX_FDK/services/filesystem/sx_fs.c ****     // DEBUG: temporary trace to locate the hang after boot-via-bootloader.
 349              		.loc 1 12 14 view .LVU69
 350 0012 04F5E004 		add	r4, r4, #7340032
 351              	.LVL36:
  14:SynaptiX_FDK/services/filesystem/sx_fs.c ****         (unsigned long)addr, (unsigned long)size, (void*)s_flash);
 352              		.loc 1 14 5 is_stmt 1 view .LVU70
 353 0016 0E4E     		ldr	r6, .L27
 354 0018 0E4F     		ldr	r7, .L27+4
 355 001a 3B68     		ldr	r3, [r7]
 356              	.LVL37:
ARM GAS  C:\Users\LENOVO\AppData\Local\Temp\ccqEBdDh.s 			page 10


  14:SynaptiX_FDK/services/filesystem/sx_fs.c ****         (unsigned long)addr, (unsigned long)size, (void*)s_flash);
 357              		.loc 1 14 5 is_stmt 0 view .LVU71
 358 001c 0193     		str	r3, [sp, #4]
 359 001e CDF80080 		str	r8, [sp]
 360 0022 2346     		mov	r3, r4
 361 0024 0C4A     		ldr	r2, .L27+8
 362              	.LVL38:
  14:SynaptiX_FDK/services/filesystem/sx_fs.c ****         (unsigned long)addr, (unsigned long)size, (void*)s_flash);
 363              		.loc 1 14 5 view .LVU72
 364 0026 3146     		mov	r1, r6
 365              	.LVL39:
  14:SynaptiX_FDK/services/filesystem/sx_fs.c ****         (unsigned long)addr, (unsigned long)size, (void*)s_flash);
 366              		.loc 1 14 5 view .LVU73
 367 0028 0320     		movs	r0, #3
 368              	.LVL40:
  14:SynaptiX_FDK/services/filesystem/sx_fs.c ****         (unsigned long)addr, (unsigned long)size, (void*)s_flash);
 369              		.loc 1 14 5 view .LVU74
 370 002a FFF7FEFF 		bl	log_func
 371              	.LVL41:
  16:SynaptiX_FDK/services/filesystem/sx_fs.c ****     log_info("SX_FS", "flash_read: returned %d", ret);
 372              		.loc 1 16 5 is_stmt 1 view .LVU75
  16:SynaptiX_FDK/services/filesystem/sx_fs.c ****     log_info("SX_FS", "flash_read: returned %d", ret);
 373              		.loc 1 16 15 is_stmt 0 view .LVU76
 374 002e 4346     		mov	r3, r8
 375 0030 2A46     		mov	r2, r5
 376 0032 2146     		mov	r1, r4
 377 0034 3868     		ldr	r0, [r7]
 378 0036 FFF7FEFF 		bl	sx_ext_flash_read
 379              	.LVL42:
 380 003a 0446     		mov	r4, r0
 381              	.LVL43:
  17:SynaptiX_FDK/services/filesystem/sx_fs.c ****     return ret;
 382              		.loc 1 17 5 is_stmt 1 view .LVU77
 383 003c 0346     		mov	r3, r0
 384 003e 074A     		ldr	r2, .L27+12
 385 0040 3146     		mov	r1, r6
 386 0042 0320     		movs	r0, #3
 387              	.LVL44:
  17:SynaptiX_FDK/services/filesystem/sx_fs.c ****     return ret;
 388              		.loc 1 17 5 is_stmt 0 view .LVU78
 389 0044 FFF7FEFF 		bl	log_func
 390              	.LVL45:
  18:SynaptiX_FDK/services/filesystem/sx_fs.c **** }
 391              		.loc 1 18 5 is_stmt 1 view .LVU79
  19:SynaptiX_FDK/services/filesystem/sx_fs.c **** 
 392              		.loc 1 19 1 is_stmt 0 view .LVU80
 393 0048 2046     		mov	r0, r4
 394 004a 02B0     		add	sp, sp, #8
 395              	.LCFI9:
 396              		.cfi_def_cfa_offset 24
 397              		@ sp needed
 398 004c BDE8F081 		pop	{r4, r5, r6, r7, r8, pc}
 399              	.LVL46:
 400              	.L28:
  19:SynaptiX_FDK/services/filesystem/sx_fs.c **** 
 401              		.loc 1 19 1 view .LVU81
 402              		.align	2
ARM GAS  C:\Users\LENOVO\AppData\Local\Temp\ccqEBdDh.s 			page 11


 403              	.L27:
 404 0050 34000000 		.word	.LC3
 405 0054 00000000 		.word	s_flash
 406 0058 00000000 		.word	.LC2
 407 005c 3C000000 		.word	.LC4
 408              		.cfi_endproc
 409              	.LFE28:
 411              		.section	.rodata.lfs_flash_write.str1.4,"aMS",%progbits,1
 412              		.align	2
 413              	.LC5:
 414 0000 77726974 		.ascii	"write FAILED ret=%d\000"
 414      65204641 
 414      494C4544 
 414      20726574 
 414      3D256400 
 415              		.align	2
 416              	.LC6:
 417 0014 56455249 		.ascii	"VERIFY FAILED at addr=0x%06lX\000"
 417      46592046 
 417      41494C45 
 417      44206174 
 417      20616464 
 418 0032 0000     		.align	2
 419              	.LC7:
 420 0034 77726F74 		.ascii	"wrote: %02X %02X %02X %02X ...\000"
 420      653A2025 
 420      30325820 
 420      25303258 
 420      20253032 
 421 0053 00       		.align	2
 422              	.LC8:
 423 0054 72656164 		.ascii	"read : %02X %02X %02X %02X ...\000"
 423      203A2025 
 423      30325820 
 423      25303258 
 423      20253032 
 424 0073 00       		.align	2
 425              	.LC9:
 426 0074 76657269 		.ascii	"verify OK at addr=0x%06lX\000"
 426      6679204F 
 426      4B206174 
 426      20616464 
 426      723D3078 
 427              		.section	.text.lfs_flash_write,"ax",%progbits
 428              		.align	1
 429              		.syntax unified
 430              		.thumb
 431              		.thumb_func
 433              	lfs_flash_write:
 434              	.LVL47:
 435              	.LFB29:
  24:SynaptiX_FDK/services/filesystem/sx_fs.c ****     // uint32_t addr = block *c->block_size + off;
 436              		.loc 1 24 1 is_stmt 1 view -0
 437              		.cfi_startproc
 438              		@ args = 4, pretend = 0, frame = 0
 439              		@ frame_needed = 0, uses_anonymous_args = 0
  24:SynaptiX_FDK/services/filesystem/sx_fs.c ****     // uint32_t addr = block *c->block_size + off;
ARM GAS  C:\Users\LENOVO\AppData\Local\Temp\ccqEBdDh.s 			page 12


 440              		.loc 1 24 1 is_stmt 0 view .LVU83
 441 0000 2DE9F041 		push	{r4, r5, r6, r7, r8, lr}
 442              	.LCFI10:
 443              		.cfi_def_cfa_offset 24
 444              		.cfi_offset 4, -24
 445              		.cfi_offset 5, -20
 446              		.cfi_offset 6, -16
 447              		.cfi_offset 7, -12
 448              		.cfi_offset 8, -8
 449              		.cfi_offset 14, -4
 450 0004 84B0     		sub	sp, sp, #16
 451              	.LCFI11:
 452              		.cfi_def_cfa_offset 40
 453 0006 1D46     		mov	r5, r3
 454 0008 0A9E     		ldr	r6, [sp, #40]
  27:SynaptiX_FDK/services/filesystem/sx_fs.c ****     int ret = sx_ext_flash_write(s_flash, addr, buf, size);
 455              		.loc 1 27 5 is_stmt 1 view .LVU84
  27:SynaptiX_FDK/services/filesystem/sx_fs.c ****     int ret = sx_ext_flash_write(s_flash, addr, buf, size);
 456              		.loc 1 27 52 is_stmt 0 view .LVU85
 457 000a C469     		ldr	r4, [r0, #28]
  27:SynaptiX_FDK/services/filesystem/sx_fs.c ****     int ret = sx_ext_flash_write(s_flash, addr, buf, size);
 458              		.loc 1 27 65 view .LVU86
 459 000c 01FB0424 		mla	r4, r1, r4, r2
  27:SynaptiX_FDK/services/filesystem/sx_fs.c ****     int ret = sx_ext_flash_write(s_flash, addr, buf, size);
 460              		.loc 1 27 14 view .LVU87
 461 0010 04F5E004 		add	r4, r4, #7340032
 462              	.LVL48:
  28:SynaptiX_FDK/services/filesystem/sx_fs.c ****     if (ret != 0) {
 463              		.loc 1 28 5 is_stmt 1 view .LVU88
  28:SynaptiX_FDK/services/filesystem/sx_fs.c ****     if (ret != 0) {
 464              		.loc 1 28 15 is_stmt 0 view .LVU89
 465 0014 3346     		mov	r3, r6
 466              	.LVL49:
  28:SynaptiX_FDK/services/filesystem/sx_fs.c ****     if (ret != 0) {
 467              		.loc 1 28 15 view .LVU90
 468 0016 2A46     		mov	r2, r5
 469              	.LVL50:
  28:SynaptiX_FDK/services/filesystem/sx_fs.c ****     if (ret != 0) {
 470              		.loc 1 28 15 view .LVU91
 471 0018 2146     		mov	r1, r4
 472              	.LVL51:
  28:SynaptiX_FDK/services/filesystem/sx_fs.c ****     if (ret != 0) {
 473              		.loc 1 28 15 view .LVU92
 474 001a 2548     		ldr	r0, .L35
 475              	.LVL52:
  28:SynaptiX_FDK/services/filesystem/sx_fs.c ****     if (ret != 0) {
 476              		.loc 1 28 15 view .LVU93
 477 001c 0068     		ldr	r0, [r0]
 478 001e FFF7FEFF 		bl	sx_ext_flash_write
 479              	.LVL53:
  29:SynaptiX_FDK/services/filesystem/sx_fs.c ****         log_error("SX_FS", "write FAILED ret=%d", ret);
 480              		.loc 1 29 5 is_stmt 1 view .LVU94
  29:SynaptiX_FDK/services/filesystem/sx_fs.c ****         log_error("SX_FS", "write FAILED ret=%d", ret);
 481              		.loc 1 29 8 is_stmt 0 view .LVU95
 482 0022 0746     		mov	r7, r0
 483 0024 0028     		cmp	r0, #0
 484 0026 32D1     		bne	.L34
ARM GAS  C:\Users\LENOVO\AppData\Local\Temp\ccqEBdDh.s 			page 13


  34:SynaptiX_FDK/services/filesystem/sx_fs.c ****     sx_ext_flash_read(s_flash, addr, verify_buf, size);
 485              		.loc 1 34 5 is_stmt 1 view .LVU96
  35:SynaptiX_FDK/services/filesystem/sx_fs.c ****     if (memcmp(buf, verify_buf, size) != 0) {
 486              		.loc 1 35 5 view .LVU97
 487 0028 DFF8A080 		ldr	r8, .L35+28
 488 002c 3346     		mov	r3, r6
 489 002e 4246     		mov	r2, r8
 490 0030 2146     		mov	r1, r4
 491 0032 1F48     		ldr	r0, .L35
 492              	.LVL54:
  35:SynaptiX_FDK/services/filesystem/sx_fs.c ****     if (memcmp(buf, verify_buf, size) != 0) {
 493              		.loc 1 35 5 is_stmt 0 view .LVU98
 494 0034 0068     		ldr	r0, [r0]
 495 0036 FFF7FEFF 		bl	sx_ext_flash_read
 496              	.LVL55:
  36:SynaptiX_FDK/services/filesystem/sx_fs.c ****         log_error("SX_FS", "VERIFY FAILED at addr=0x%06lX", (unsigned long)addr);
 497              		.loc 1 36 5 is_stmt 1 view .LVU99
  36:SynaptiX_FDK/services/filesystem/sx_fs.c ****         log_error("SX_FS", "VERIFY FAILED at addr=0x%06lX", (unsigned long)addr);
 498              		.loc 1 36 9 is_stmt 0 view .LVU100
 499 003a 3246     		mov	r2, r6
 500 003c 4146     		mov	r1, r8
 501 003e 2846     		mov	r0, r5
 502 0040 FFF7FEFF 		bl	memcmp
 503              	.LVL56:
  36:SynaptiX_FDK/services/filesystem/sx_fs.c ****         log_error("SX_FS", "VERIFY FAILED at addr=0x%06lX", (unsigned long)addr);
 504              		.loc 1 36 8 discriminator 1 view .LVU101
 505 0044 68B3     		cbz	r0, .L32
  37:SynaptiX_FDK/services/filesystem/sx_fs.c ****         log_error("SX_FS", "wrote: %02X %02X %02X %02X ...", ((uint8_t*)buf)[0], ((uint8_t*)buf)[1]
 506              		.loc 1 37 9 is_stmt 1 view .LVU102
 507 0046 1B4E     		ldr	r6, .L35+4
 508 0048 2346     		mov	r3, r4
 509 004a 1B4A     		ldr	r2, .L35+8
 510 004c 3146     		mov	r1, r6
 511 004e 0120     		movs	r0, #1
 512 0050 FFF7FEFF 		bl	log_func
 513              	.LVL57:
  38:SynaptiX_FDK/services/filesystem/sx_fs.c ****         log_error("SX_FS", "read : %02X %02X %02X %02X ...", verify_buf[0], verify_buf[1], verify_b
 514              		.loc 1 38 9 view .LVU103
 515 0054 6B78     		ldrb	r3, [r5, #1]	@ zero_extendqisi2
 516 0056 AA78     		ldrb	r2, [r5, #2]	@ zero_extendqisi2
 517 0058 E978     		ldrb	r1, [r5, #3]	@ zero_extendqisi2
 518 005a 0291     		str	r1, [sp, #8]
 519 005c 0192     		str	r2, [sp, #4]
 520 005e 0093     		str	r3, [sp]
 521 0060 2B78     		ldrb	r3, [r5]	@ zero_extendqisi2
 522 0062 164A     		ldr	r2, .L35+12
 523 0064 3146     		mov	r1, r6
 524 0066 0120     		movs	r0, #1
 525 0068 FFF7FEFF 		bl	log_func
 526              	.LVL58:
  39:SynaptiX_FDK/services/filesystem/sx_fs.c ****     } else {
 527              		.loc 1 39 9 view .LVU104
 528 006c 98F80120 		ldrb	r2, [r8, #1]	@ zero_extendqisi2
 529 0070 98F80210 		ldrb	r1, [r8, #2]	@ zero_extendqisi2
 530 0074 98F80300 		ldrb	r0, [r8, #3]	@ zero_extendqisi2
 531 0078 0290     		str	r0, [sp, #8]
 532 007a 0191     		str	r1, [sp, #4]
ARM GAS  C:\Users\LENOVO\AppData\Local\Temp\ccqEBdDh.s 			page 14


 533 007c 0092     		str	r2, [sp]
 534 007e 98F80030 		ldrb	r3, [r8]	@ zero_extendqisi2
 535 0082 0F4A     		ldr	r2, .L35+16
 536 0084 3146     		mov	r1, r6
 537 0086 0120     		movs	r0, #1
 538 0088 FFF7FEFF 		bl	log_func
 539              	.LVL59:
 540 008c 05E0     		b	.L29
 541              	.LVL60:
 542              	.L34:
  30:SynaptiX_FDK/services/filesystem/sx_fs.c ****         return ret;
 543              		.loc 1 30 9 view .LVU105
 544 008e 0346     		mov	r3, r0
 545 0090 0C4A     		ldr	r2, .L35+20
 546 0092 0849     		ldr	r1, .L35+4
 547 0094 0120     		movs	r0, #1
 548              	.LVL61:
  30:SynaptiX_FDK/services/filesystem/sx_fs.c ****         return ret;
 549              		.loc 1 30 9 is_stmt 0 view .LVU106
 550 0096 FFF7FEFF 		bl	log_func
 551              	.LVL62:
  31:SynaptiX_FDK/services/filesystem/sx_fs.c ****     }
 552              		.loc 1 31 9 is_stmt 1 view .LVU107
 553              	.L29:
  44:SynaptiX_FDK/services/filesystem/sx_fs.c **** 
 554              		.loc 1 44 1 is_stmt 0 view .LVU108
 555 009a 3846     		mov	r0, r7
 556 009c 04B0     		add	sp, sp, #16
 557              	.LCFI12:
 558              		.cfi_remember_state
 559              		.cfi_def_cfa_offset 24
 560              		@ sp needed
 561 009e BDE8F081 		pop	{r4, r5, r6, r7, r8, pc}
 562              	.LVL63:
 563              	.L32:
 564              	.LCFI13:
 565              		.cfi_restore_state
  41:SynaptiX_FDK/services/filesystem/sx_fs.c ****     }
 566              		.loc 1 41 9 is_stmt 1 view .LVU109
 567 00a2 2346     		mov	r3, r4
 568 00a4 084A     		ldr	r2, .L35+24
 569 00a6 0349     		ldr	r1, .L35+4
 570 00a8 0320     		movs	r0, #3
 571 00aa FFF7FEFF 		bl	log_func
 572              	.LVL64:
 573 00ae F4E7     		b	.L29
 574              	.L36:
 575              		.align	2
 576              	.L35:
 577 00b0 00000000 		.word	s_flash
 578 00b4 34000000 		.word	.LC3
 579 00b8 14000000 		.word	.LC6
 580 00bc 34000000 		.word	.LC7
 581 00c0 54000000 		.word	.LC8
 582 00c4 00000000 		.word	.LC5
 583 00c8 74000000 		.word	.LC9
 584 00cc 00000000 		.word	verify_buf.0
ARM GAS  C:\Users\LENOVO\AppData\Local\Temp\ccqEBdDh.s 			page 15


 585              		.cfi_endproc
 586              	.LFE29:
 588              		.section	.text.sx_fs_init,"ax",%progbits
 589              		.align	1
 590              		.global	sx_fs_init
 591              		.syntax unified
 592              		.thumb
 593              		.thumb_func
 595              	sx_fs_init:
 596              	.LVL65:
 597              	.LFB31:
  51:SynaptiX_FDK/services/filesystem/sx_fs.c **** 
  52:SynaptiX_FDK/services/filesystem/sx_fs.c **** 
  53:SynaptiX_FDK/services/filesystem/sx_fs.c **** int sx_fs_init(sx_ext_flash_t *flash){
 598              		.loc 1 53 38 view -0
 599              		.cfi_startproc
 600              		@ args = 0, pretend = 0, frame = 0
 601              		@ frame_needed = 0, uses_anonymous_args = 0
 602              		.loc 1 53 38 is_stmt 0 view .LVU111
 603 0000 08B5     		push	{r3, lr}
 604              	.LCFI14:
 605              		.cfi_def_cfa_offset 8
 606              		.cfi_offset 3, -8
 607              		.cfi_offset 14, -4
  54:SynaptiX_FDK/services/filesystem/sx_fs.c ****     s_flash = flash;
 608              		.loc 1 54 5 is_stmt 1 view .LVU112
 609              		.loc 1 54 13 is_stmt 0 view .LVU113
 610 0002 094B     		ldr	r3, .L39
 611 0004 1860     		str	r0, [r3]
  55:SynaptiX_FDK/services/filesystem/sx_fs.c ****     s_config.block_size  = flash->info.sector_size;
 612              		.loc 1 55 5 is_stmt 1 view .LVU114
 613              		.loc 1 55 39 is_stmt 0 view .LVU115
 614 0006 8268     		ldr	r2, [r0, #8]
 615              		.loc 1 55 26 view .LVU116
 616 0008 0848     		ldr	r0, .L39+4
 617              	.LVL66:
 618              		.loc 1 55 26 view .LVU117
 619 000a 8265     		str	r2, [r0, #88]
  56:SynaptiX_FDK/services/filesystem/sx_fs.c ****     
  57:SynaptiX_FDK/services/filesystem/sx_fs.c ****     s_config.block_count = PART_GPS_LOG_SIZE / flash->info.sector_size;
 620              		.loc 1 57 5 is_stmt 1 view .LVU118
 621              		.loc 1 57 46 is_stmt 0 view .LVU119
 622 000c 4FF41003 		mov	r3, #9437184
 623              		.loc 1 57 46 view .LVU120
 624 0010 B3FBF2F3 		udiv	r3, r3, r2
 625              		.loc 1 57 26 view .LVU121
 626 0014 C365     		str	r3, [r0, #92]
  58:SynaptiX_FDK/services/filesystem/sx_fs.c ****     
  59:SynaptiX_FDK/services/filesystem/sx_fs.c ****     s_config.file_function.read  = lfs_flash_read;
 627              		.loc 1 59 5 is_stmt 1 view .LVU122
 628              		.loc 1 59 34 is_stmt 0 view .LVU123
 629 0016 064B     		ldr	r3, .L39+8
 630 0018 4366     		str	r3, [r0, #100]
  60:SynaptiX_FDK/services/filesystem/sx_fs.c ****     s_config.file_function.write = lfs_flash_write;
 631              		.loc 1 60 5 is_stmt 1 view .LVU124
 632              		.loc 1 60 34 is_stmt 0 view .LVU125
 633 001a 064B     		ldr	r3, .L39+12
ARM GAS  C:\Users\LENOVO\AppData\Local\Temp\ccqEBdDh.s 			page 16


 634 001c 8366     		str	r3, [r0, #104]
  61:SynaptiX_FDK/services/filesystem/sx_fs.c ****     s_config.file_function.erase = lfs_flash_erase;
 635              		.loc 1 61 5 is_stmt 1 view .LVU126
 636              		.loc 1 61 34 is_stmt 0 view .LVU127
 637 001e 064B     		ldr	r3, .L39+16
 638 0020 0366     		str	r3, [r0, #96]
  62:SynaptiX_FDK/services/filesystem/sx_fs.c ****     return file_system_init(&s_config);
 639              		.loc 1 62 5 is_stmt 1 view .LVU128
 640              		.loc 1 62 12 is_stmt 0 view .LVU129
 641 0022 FFF7FEFF 		bl	file_system_init
 642              	.LVL67:
  63:SynaptiX_FDK/services/filesystem/sx_fs.c **** }...
 643              		.loc 1 63 1 view .LVU130
 644 0026 08BD     		pop	{r3, pc}
 645              	.L40:
 646              		.align	2
 647              	.L39:
 648 0028 00000000 		.word	s_flash
 649 002c 00000000 		.word	s_config
 650 0030 00000000 		.word	lfs_flash_read
 651 0034 00000000 		.word	lfs_flash_write
 652 0038 00000000 		.word	lfs_flash_erase
 653              		.cfi_endproc
 654              	.LFE31:
 656              		.section	.bss.verify_buf.0,"aw",%nobits
 657              		.align	2
 660              	verify_buf.0:
 661 0000 00000000 		.space	16
 661      00000000 
 661      00000000 
 661      00000000 
 662              		.section	.bss.s_config,"aw",%nobits
 663              		.align	2
 666              	s_config:
 667 0000 00000000 		.space	108
 667      00000000 
 667      00000000 
 667      00000000 
 667      00000000 
 668              		.section	.bss.s_flash,"aw",%nobits
 669              		.align	2
 672              	s_flash:
 673 0000 00000000 		.space	4
 674              		.text
 675              	.Letext0:
 676              		.file 3 "C:\\ST\\STM32CubeCLT_1.20.0\\GNU-tools-for-STM32\\bin/../lib/gcc/arm-none-eabi/13.3.1/../
 677              		.file 4 "C:\\ST\\STM32CubeCLT_1.20.0\\GNU-tools-for-STM32\\bin/../lib/gcc/arm-none-eabi/13.3.1/inc
 678              		.file 5 "C:\\ST\\STM32CubeCLT_1.20.0\\GNU-tools-for-STM32\\bin/../lib/gcc/arm-none-eabi/13.3.1/../
 679              		.file 6 "SynaptiX_FDK/services/littlefs/lfs.h"
 680              		.file 7 "SynaptiX_FDK/services/logger/logger.h"
 681              		.file 8 "SynaptiX_FDK/services/filesystem/file_io.h"
 682              		.file 9 "C:\\ST\\STM32CubeCLT_1.20.0\\GNU-tools-for-STM32\\bin/../lib/gcc/arm-none-eabi/13.3.1/../
ARM GAS  C:\Users\LENOVO\AppData\Local\Temp\ccqEBdDh.s 			page 17


DEFINED SYMBOLS
                            *ABS*:00000000 sx_fs.c
C:\Users\LENOVO\AppData\Local\Temp\ccqEBdDh.s:22     .text.sx_ext_flash_write:00000000 $t
C:\Users\LENOVO\AppData\Local\Temp\ccqEBdDh.s:27     .text.sx_ext_flash_write:00000000 sx_ext_flash_write
C:\Users\LENOVO\AppData\Local\Temp\ccqEBdDh.s:85     .text.sx_ext_flash_erase_sector:00000000 $t
C:\Users\LENOVO\AppData\Local\Temp\ccqEBdDh.s:90     .text.sx_ext_flash_erase_sector:00000000 sx_ext_flash_erase_sector
C:\Users\LENOVO\AppData\Local\Temp\ccqEBdDh.s:140    .text.lfs_flash_erase:00000000 $t
C:\Users\LENOVO\AppData\Local\Temp\ccqEBdDh.s:145    .text.lfs_flash_erase:00000000 lfs_flash_erase
C:\Users\LENOVO\AppData\Local\Temp\ccqEBdDh.s:180    .text.lfs_flash_erase:00000018 $d
C:\Users\LENOVO\AppData\Local\Temp\ccqEBdDh.s:672    .bss.s_flash:00000000 s_flash
C:\Users\LENOVO\AppData\Local\Temp\ccqEBdDh.s:185    .rodata.sx_ext_flash_read.str1.4:00000000 $d
C:\Users\LENOVO\AppData\Local\Temp\ccqEBdDh.s:193    .text.sx_ext_flash_read:00000000 $t
C:\Users\LENOVO\AppData\Local\Temp\ccqEBdDh.s:198    .text.sx_ext_flash_read:00000000 sx_ext_flash_read
C:\Users\LENOVO\AppData\Local\Temp\ccqEBdDh.s:301    .text.sx_ext_flash_read:00000054 $d
C:\Users\LENOVO\AppData\Local\Temp\ccqEBdDh.s:307    .rodata.lfs_flash_read.str1.4:00000000 $d
C:\Users\LENOVO\AppData\Local\Temp\ccqEBdDh.s:317    .text.lfs_flash_read:00000000 $t
C:\Users\LENOVO\AppData\Local\Temp\ccqEBdDh.s:322    .text.lfs_flash_read:00000000 lfs_flash_read
C:\Users\LENOVO\AppData\Local\Temp\ccqEBdDh.s:404    .text.lfs_flash_read:00000050 $d
C:\Users\LENOVO\AppData\Local\Temp\ccqEBdDh.s:412    .rodata.lfs_flash_write.str1.4:00000000 $d
C:\Users\LENOVO\AppData\Local\Temp\ccqEBdDh.s:428    .text.lfs_flash_write:00000000 $t
C:\Users\LENOVO\AppData\Local\Temp\ccqEBdDh.s:433    .text.lfs_flash_write:00000000 lfs_flash_write
C:\Users\LENOVO\AppData\Local\Temp\ccqEBdDh.s:577    .text.lfs_flash_write:000000b0 $d
C:\Users\LENOVO\AppData\Local\Temp\ccqEBdDh.s:660    .bss.verify_buf.0:00000000 verify_buf.0
C:\Users\LENOVO\AppData\Local\Temp\ccqEBdDh.s:589    .text.sx_fs_init:00000000 $t
C:\Users\LENOVO\AppData\Local\Temp\ccqEBdDh.s:595    .text.sx_fs_init:00000000 sx_fs_init
C:\Users\LENOVO\AppData\Local\Temp\ccqEBdDh.s:648    .text.sx_fs_init:00000028 $d
C:\Users\LENOVO\AppData\Local\Temp\ccqEBdDh.s:666    .bss.s_config:00000000 s_config
C:\Users\LENOVO\AppData\Local\Temp\ccqEBdDh.s:657    .bss.verify_buf.0:00000000 $d
C:\Users\LENOVO\AppData\Local\Temp\ccqEBdDh.s:663    .bss.s_config:00000000 $d
C:\Users\LENOVO\AppData\Local\Temp\ccqEBdDh.s:669    .bss.s_flash:00000000 $d

UNDEFINED SYMBOLS
log_func
memcmp
file_system_init
