ARM GAS  C:\Users\LENOVO\AppData\Local\Temp\ccnKh5TQ.s 			page 1


   1              		.cpu cortex-m33
   2              		.arch armv8-m.main
   3              		.fpu fpv5-sp-d16
   4              		.arch_extension dsp
   5              		.eabi_attribute 27, 1
   6              		.eabi_attribute 28, 1
   7              		.eabi_attribute 20, 1
   8              		.eabi_attribute 21, 1
   9              		.eabi_attribute 23, 3
  10              		.eabi_attribute 24, 1
  11              		.eabi_attribute 25, 1
  12              		.eabi_attribute 26, 1
  13              		.eabi_attribute 30, 1
  14              		.eabi_attribute 34, 1
  15              		.eabi_attribute 18, 4
  16              		.file	"sx_fatfs.c"
  17              		.text
  18              	.Ltext0:
  19              		.cfi_sections	.debug_frame
  20              		.file 1 "SynaptiX_FDK/services/sx_fatfs/sx_fatfs.c"
  21              		.section	.rodata.sx_fatfs_mount.str1.4,"aMS",%progbits,1
  22              		.align	2
  23              	.LC1:
  24 0000 6469736B 		.ascii	"disk_initialize status: %d\000"
  24      5F696E69 
  24      7469616C 
  24      697A6520 
  24      73746174 
  25 001b 00       		.align	2
  26              	.LC2:
  27 001c 53585F46 		.ascii	"SX_FATFS\000"
  27      41544653 
  27      00
  28 0025 000000   		.align	2
  29              	.LC3:
  30 0028 303A00   		.ascii	"0:\000"
  31 002b 00       		.align	2
  32              	.LC4:
  33 002c 466C6173 		.ascii	"Flash FAT valid \342\200\224 skipping format\000"
  33      68204641 
  33      54207661 
  33      6C696420 
  33      E2809420 
  34              		.align	2
  35              	.LC5:
  36 0050 4E6F2076 		.ascii	"No valid FAT \342\200\224 formatting...\000"
  36      616C6964 
  36      20464154 
  36      20E28094 
  36      20666F72 
  37 006f 00       		.align	2
  38              	.LC6:
  39 0070 665F6D6B 		.ascii	"f_mkfs failed: %d\000"
  39      66732066 
  39      61696C65 
  39      643A2025 
  39      6400
ARM GAS  C:\Users\LENOVO\AppData\Local\Temp\ccnKh5TQ.s 			page 2


  40 0082 0000     		.align	2
  41              	.LC7:
  42 0084 665F6D6F 		.ascii	"f_mount failed: %d\000"
  42      756E7420 
  42      6661696C 
  42      65643A20 
  42      256400
  43 0097 00       		.align	2
  44              	.LC8:
  45 0098 466C6173 		.ascii	"Flash FAT formatted and mounted\000"
  45      68204641 
  45      5420666F 
  45      726D6174 
  45      74656420 
  46              		.section	.text.sx_fatfs_mount,"ax",%progbits
  47              		.align	1
  48              		.global	sx_fatfs_mount
  49              		.syntax unified
  50              		.thumb
  51              		.thumb_func
  53              	sx_fatfs_mount:
  54              	.LFB0:
   1:SynaptiX_FDK/services/sx_fatfs/sx_fatfs.c **** #include "sx_fatfs.h"
   2:SynaptiX_FDK/services/sx_fatfs/sx_fatfs.c **** #include "sx_diskio.h"
   3:SynaptiX_FDK/services/sx_fatfs/sx_fatfs.c **** #include "logger.h"
   4:SynaptiX_FDK/services/sx_fatfs/sx_fatfs.c **** #include <string.h>
   5:SynaptiX_FDK/services/sx_fatfs/sx_fatfs.c **** 
   6:SynaptiX_FDK/services/sx_fatfs/sx_fatfs.c **** static const char *TAG = "SX_FATFS";
   7:SynaptiX_FDK/services/sx_fatfs/sx_fatfs.c **** 
   8:SynaptiX_FDK/services/sx_fatfs/sx_fatfs.c **** static FATFS s_fatfs;
   9:SynaptiX_FDK/services/sx_fatfs/sx_fatfs.c **** static bool s_mounted = false;
  10:SynaptiX_FDK/services/sx_fatfs/sx_fatfs.c **** 
  11:SynaptiX_FDK/services/sx_fatfs/sx_fatfs.c **** #define WORK_SIZE   2048
  12:SynaptiX_FDK/services/sx_fatfs/sx_fatfs.c **** 
  13:SynaptiX_FDK/services/sx_fatfs/sx_fatfs.c **** /*  API */
  14:SynaptiX_FDK/services/sx_fatfs/sx_fatfs.c **** int sx_fatfs_mount(void)
  15:SynaptiX_FDK/services/sx_fatfs/sx_fatfs.c **** {
  55              		.loc 1 15 1 view -0
  56              		.cfi_startproc
  57              		@ args = 0, pretend = 0, frame = 16
  58              		@ frame_needed = 0, uses_anonymous_args = 0
  59 0000 00B5     		push	{lr}
  60              	.LCFI0:
  61              		.cfi_def_cfa_offset 4
  62              		.cfi_offset 14, -4
  63 0002 85B0     		sub	sp, sp, #20
  64              	.LCFI1:
  65              		.cfi_def_cfa_offset 24
  16:SynaptiX_FDK/services/sx_fatfs/sx_fatfs.c ****     FRESULT res;
  66              		.loc 1 16 5 view .LVU1
  17:SynaptiX_FDK/services/sx_fatfs/sx_fatfs.c ****     static BYTE work[WORK_SIZE];
  67              		.loc 1 17 5 view .LVU2
  18:SynaptiX_FDK/services/sx_fatfs/sx_fatfs.c **** 
  19:SynaptiX_FDK/services/sx_fatfs/sx_fatfs.c ****     DSTATUS st = disk_initialize(0);
  68              		.loc 1 19 5 view .LVU3
  69              		.loc 1 19 18 is_stmt 0 view .LVU4
  70 0004 0020     		movs	r0, #0
ARM GAS  C:\Users\LENOVO\AppData\Local\Temp\ccnKh5TQ.s 			page 3


  71 0006 FFF7FEFF 		bl	disk_initialize
  72              	.LVL0:
  73 000a 0346     		mov	r3, r0
  74              	.LVL1:
  20:SynaptiX_FDK/services/sx_fatfs/sx_fatfs.c ****     log_info(TAG, "disk_initialize status: %d", st);
  75              		.loc 1 20 5 is_stmt 1 view .LVU5
  76 000c 274A     		ldr	r2, .L10
  77 000e 2849     		ldr	r1, .L10+4
  78 0010 0320     		movs	r0, #3
  79 0012 FFF7FEFF 		bl	log_func
  80              	.LVL2:
  21:SynaptiX_FDK/services/sx_fatfs/sx_fatfs.c **** 
  22:SynaptiX_FDK/services/sx_fatfs/sx_fatfs.c ****     res = f_mount(&s_fatfs, "0:", 1);
  81              		.loc 1 22 5 view .LVU6
  82              		.loc 1 22 11 is_stmt 0 view .LVU7
  83 0016 0122     		movs	r2, #1
  84 0018 2649     		ldr	r1, .L10+8
  85 001a 2748     		ldr	r0, .L10+12
  86 001c FFF7FEFF 		bl	f_mount
  87              	.LVL3:
  23:SynaptiX_FDK/services/sx_fatfs/sx_fatfs.c ****     if (res == FR_OK) {
  88              		.loc 1 23 5 is_stmt 1 view .LVU8
  89              		.loc 1 23 8 is_stmt 0 view .LVU9
  90 0020 50B3     		cbz	r0, .L7
  24:SynaptiX_FDK/services/sx_fatfs/sx_fatfs.c ****         s_mounted = true;
  25:SynaptiX_FDK/services/sx_fatfs/sx_fatfs.c ****         log_info(TAG, "Flash FAT valid — skipping format");
  26:SynaptiX_FDK/services/sx_fatfs/sx_fatfs.c ****         return 0;
  27:SynaptiX_FDK/services/sx_fatfs/sx_fatfs.c ****     }
  28:SynaptiX_FDK/services/sx_fatfs/sx_fatfs.c **** 
  29:SynaptiX_FDK/services/sx_fatfs/sx_fatfs.c ****     log_info(TAG, "No valid FAT — formatting...");
  91              		.loc 1 29 5 is_stmt 1 view .LVU10
  92 0022 264A     		ldr	r2, .L10+16
  93 0024 2249     		ldr	r1, .L10+4
  94 0026 0320     		movs	r0, #3
  95              	.LVL4:
  96              		.loc 1 29 5 is_stmt 0 view .LVU11
  97 0028 FFF7FEFF 		bl	log_func
  98              	.LVL5:
  30:SynaptiX_FDK/services/sx_fatfs/sx_fatfs.c **** 
  31:SynaptiX_FDK/services/sx_fatfs/sx_fatfs.c ****     MKFS_PARM opt = {
  99              		.loc 1 31 5 is_stmt 1 view .LVU12
 100              		.loc 1 31 15 is_stmt 0 view .LVU13
 101 002c 244B     		ldr	r3, .L10+20
 102 002e EC46     		mov	ip, sp
 103 0030 0FCB     		ldm	r3, {r0, r1, r2, r3}
 104 0032 8CE80F00 		stm	ip, {r0, r1, r2, r3}
  32:SynaptiX_FDK/services/sx_fatfs/sx_fatfs.c ****         .fmt     = FM_FAT | FM_SFD,
  33:SynaptiX_FDK/services/sx_fatfs/sx_fatfs.c ****         .n_fat   = 1,
  34:SynaptiX_FDK/services/sx_fatfs/sx_fatfs.c ****         .align   = 1,
  35:SynaptiX_FDK/services/sx_fatfs/sx_fatfs.c ****         .n_root  = 256,
  36:SynaptiX_FDK/services/sx_fatfs/sx_fatfs.c ****         .au_size = 512
  37:SynaptiX_FDK/services/sx_fatfs/sx_fatfs.c ****     };
  38:SynaptiX_FDK/services/sx_fatfs/sx_fatfs.c **** 
  39:SynaptiX_FDK/services/sx_fatfs/sx_fatfs.c ****     res = f_mkfs("0:", &opt, work, sizeof(work));
 105              		.loc 1 39 5 is_stmt 1 view .LVU14
 106              		.loc 1 39 11 is_stmt 0 view .LVU15
 107 0036 4FF40063 		mov	r3, #2048
ARM GAS  C:\Users\LENOVO\AppData\Local\Temp\ccnKh5TQ.s 			page 4


 108 003a 224A     		ldr	r2, .L10+24
 109 003c 6146     		mov	r1, ip
 110 003e 1D48     		ldr	r0, .L10+8
 111 0040 FFF7FEFF 		bl	f_mkfs
 112              	.LVL6:
  40:SynaptiX_FDK/services/sx_fatfs/sx_fatfs.c ****     if (res != FR_OK) {
 113              		.loc 1 40 5 is_stmt 1 view .LVU16
 114              		.loc 1 40 8 is_stmt 0 view .LVU17
 115 0044 0346     		mov	r3, r0
 116 0046 08BB     		cbnz	r0, .L8
  41:SynaptiX_FDK/services/sx_fatfs/sx_fatfs.c ****         log_error(TAG, "f_mkfs failed: %d", res);
  42:SynaptiX_FDK/services/sx_fatfs/sx_fatfs.c ****         return -1;
  43:SynaptiX_FDK/services/sx_fatfs/sx_fatfs.c ****     }
  44:SynaptiX_FDK/services/sx_fatfs/sx_fatfs.c **** 
  45:SynaptiX_FDK/services/sx_fatfs/sx_fatfs.c ****     disk_ioctl(0, CTRL_SYNC, NULL);
 117              		.loc 1 45 5 is_stmt 1 view .LVU18
 118 0048 0022     		movs	r2, #0
 119 004a 1146     		mov	r1, r2
 120 004c 1046     		mov	r0, r2
 121              	.LVL7:
 122              		.loc 1 45 5 is_stmt 0 view .LVU19
 123 004e FFF7FEFF 		bl	disk_ioctl
 124              	.LVL8:
  46:SynaptiX_FDK/services/sx_fatfs/sx_fatfs.c **** 
  47:SynaptiX_FDK/services/sx_fatfs/sx_fatfs.c ****     res = f_mount(&s_fatfs, "0:", 1);
 125              		.loc 1 47 5 is_stmt 1 view .LVU20
 126              		.loc 1 47 11 is_stmt 0 view .LVU21
 127 0052 0122     		movs	r2, #1
 128 0054 1749     		ldr	r1, .L10+8
 129 0056 1848     		ldr	r0, .L10+12
 130 0058 FFF7FEFF 		bl	f_mount
 131              	.LVL9:
  48:SynaptiX_FDK/services/sx_fatfs/sx_fatfs.c ****     if (res != FR_OK) {
 132              		.loc 1 48 5 is_stmt 1 view .LVU22
 133              		.loc 1 48 8 is_stmt 0 view .LVU23
 134 005c 0346     		mov	r3, r0
 135 005e E8B9     		cbnz	r0, .L9
  49:SynaptiX_FDK/services/sx_fatfs/sx_fatfs.c ****         log_error(TAG, "f_mount failed: %d", res);
  50:SynaptiX_FDK/services/sx_fatfs/sx_fatfs.c ****         return -2;
  51:SynaptiX_FDK/services/sx_fatfs/sx_fatfs.c ****     }
  52:SynaptiX_FDK/services/sx_fatfs/sx_fatfs.c **** 
  53:SynaptiX_FDK/services/sx_fatfs/sx_fatfs.c ****     s_mounted = true;
 136              		.loc 1 53 5 is_stmt 1 view .LVU24
 137              		.loc 1 53 15 is_stmt 0 view .LVU25
 138 0060 194B     		ldr	r3, .L10+28
 139 0062 0122     		movs	r2, #1
 140 0064 1A70     		strb	r2, [r3]
  54:SynaptiX_FDK/services/sx_fatfs/sx_fatfs.c ****     log_info(TAG, "Flash FAT formatted and mounted");
 141              		.loc 1 54 5 is_stmt 1 view .LVU26
 142 0066 194A     		ldr	r2, .L10+32
 143 0068 1149     		ldr	r1, .L10+4
 144 006a 0320     		movs	r0, #3
 145              	.LVL10:
 146              		.loc 1 54 5 is_stmt 0 view .LVU27
 147 006c FFF7FEFF 		bl	log_func
 148              	.LVL11:
  55:SynaptiX_FDK/services/sx_fatfs/sx_fatfs.c ****     return 0;
ARM GAS  C:\Users\LENOVO\AppData\Local\Temp\ccnKh5TQ.s 			page 5


 149              		.loc 1 55 5 is_stmt 1 view .LVU28
 150              		.loc 1 55 12 is_stmt 0 view .LVU29
 151 0070 0020     		movs	r0, #0
 152              	.LVL12:
 153              	.L1:
  56:SynaptiX_FDK/services/sx_fatfs/sx_fatfs.c **** }
 154              		.loc 1 56 1 view .LVU30
 155 0072 05B0     		add	sp, sp, #20
 156              	.LCFI2:
 157              		.cfi_remember_state
 158              		.cfi_def_cfa_offset 4
 159              		@ sp needed
 160 0074 5DF804FB 		ldr	pc, [sp], #4
 161              	.LVL13:
 162              	.L7:
 163              	.LCFI3:
 164              		.cfi_restore_state
  24:SynaptiX_FDK/services/sx_fatfs/sx_fatfs.c ****         log_info(TAG, "Flash FAT valid — skipping format");
 165              		.loc 1 24 9 is_stmt 1 view .LVU31
  24:SynaptiX_FDK/services/sx_fatfs/sx_fatfs.c ****         log_info(TAG, "Flash FAT valid — skipping format");
 166              		.loc 1 24 19 is_stmt 0 view .LVU32
 167 0078 134B     		ldr	r3, .L10+28
 168 007a 0122     		movs	r2, #1
 169 007c 1A70     		strb	r2, [r3]
  25:SynaptiX_FDK/services/sx_fatfs/sx_fatfs.c ****         return 0;
 170              		.loc 1 25 9 is_stmt 1 view .LVU33
 171 007e 144A     		ldr	r2, .L10+36
 172 0080 0B49     		ldr	r1, .L10+4
 173 0082 0320     		movs	r0, #3
 174              	.LVL14:
  25:SynaptiX_FDK/services/sx_fatfs/sx_fatfs.c ****         return 0;
 175              		.loc 1 25 9 is_stmt 0 view .LVU34
 176 0084 FFF7FEFF 		bl	log_func
 177              	.LVL15:
  26:SynaptiX_FDK/services/sx_fatfs/sx_fatfs.c ****     }
 178              		.loc 1 26 9 is_stmt 1 view .LVU35
  26:SynaptiX_FDK/services/sx_fatfs/sx_fatfs.c ****     }
 179              		.loc 1 26 16 is_stmt 0 view .LVU36
 180 0088 0020     		movs	r0, #0
 181 008a F2E7     		b	.L1
 182              	.LVL16:
 183              	.L8:
  41:SynaptiX_FDK/services/sx_fatfs/sx_fatfs.c ****         return -1;
 184              		.loc 1 41 9 is_stmt 1 view .LVU37
 185 008c 114A     		ldr	r2, .L10+40
 186 008e 0849     		ldr	r1, .L10+4
 187 0090 0120     		movs	r0, #1
 188              	.LVL17:
  41:SynaptiX_FDK/services/sx_fatfs/sx_fatfs.c ****         return -1;
 189              		.loc 1 41 9 is_stmt 0 view .LVU38
 190 0092 FFF7FEFF 		bl	log_func
 191              	.LVL18:
  42:SynaptiX_FDK/services/sx_fatfs/sx_fatfs.c ****     }
 192              		.loc 1 42 9 is_stmt 1 view .LVU39
  42:SynaptiX_FDK/services/sx_fatfs/sx_fatfs.c ****     }
 193              		.loc 1 42 16 is_stmt 0 view .LVU40
 194 0096 4FF0FF30 		mov	r0, #-1
ARM GAS  C:\Users\LENOVO\AppData\Local\Temp\ccnKh5TQ.s 			page 6


 195 009a EAE7     		b	.L1
 196              	.LVL19:
 197              	.L9:
  49:SynaptiX_FDK/services/sx_fatfs/sx_fatfs.c ****         return -2;
 198              		.loc 1 49 9 is_stmt 1 view .LVU41
 199 009c 0E4A     		ldr	r2, .L10+44
 200 009e 0449     		ldr	r1, .L10+4
 201 00a0 0120     		movs	r0, #1
 202              	.LVL20:
  49:SynaptiX_FDK/services/sx_fatfs/sx_fatfs.c ****         return -2;
 203              		.loc 1 49 9 is_stmt 0 view .LVU42
 204 00a2 FFF7FEFF 		bl	log_func
 205              	.LVL21:
  50:SynaptiX_FDK/services/sx_fatfs/sx_fatfs.c ****     }
 206              		.loc 1 50 9 is_stmt 1 view .LVU43
  50:SynaptiX_FDK/services/sx_fatfs/sx_fatfs.c ****     }
 207              		.loc 1 50 16 is_stmt 0 view .LVU44
 208 00a6 6FF00100 		mvn	r0, #1
 209 00aa E2E7     		b	.L1
 210              	.L11:
 211              		.align	2
 212              	.L10:
 213 00ac 00000000 		.word	.LC1
 214 00b0 1C000000 		.word	.LC2
 215 00b4 28000000 		.word	.LC3
 216 00b8 00000000 		.word	s_fatfs
 217 00bc 50000000 		.word	.LC5
 218 00c0 00000000 		.word	.LANCHOR0
 219 00c4 00000000 		.word	work.0
 220 00c8 00000000 		.word	s_mounted
 221 00cc 98000000 		.word	.LC8
 222 00d0 2C000000 		.word	.LC4
 223 00d4 70000000 		.word	.LC6
 224 00d8 84000000 		.word	.LC7
 225              		.cfi_endproc
 226              	.LFE0:
 228              		.section	.rodata.sx_fatfs_unmount.str1.4,"aMS",%progbits,1
 229              		.align	2
 230              	.LC9:
 231 0000 52414D20 		.ascii	"RAM disk unmounted\000"
 231      6469736B 
 231      20756E6D 
 231      6F756E74 
 231      656400
 232              		.section	.text.sx_fatfs_unmount,"ax",%progbits
 233              		.align	1
 234              		.global	sx_fatfs_unmount
 235              		.syntax unified
 236              		.thumb
 237              		.thumb_func
 239              	sx_fatfs_unmount:
 240              	.LFB1:
  57:SynaptiX_FDK/services/sx_fatfs/sx_fatfs.c **** void sx_fatfs_unmount(void)
  58:SynaptiX_FDK/services/sx_fatfs/sx_fatfs.c **** {
 241              		.loc 1 58 1 is_stmt 1 view -0
 242              		.cfi_startproc
 243              		@ args = 0, pretend = 0, frame = 0
ARM GAS  C:\Users\LENOVO\AppData\Local\Temp\ccnKh5TQ.s 			page 7


 244              		@ frame_needed = 0, uses_anonymous_args = 0
 245 0000 08B5     		push	{r3, lr}
 246              	.LCFI4:
 247              		.cfi_def_cfa_offset 8
 248              		.cfi_offset 3, -8
 249              		.cfi_offset 14, -4
  59:SynaptiX_FDK/services/sx_fatfs/sx_fatfs.c ****     if (!s_mounted) return;
 250              		.loc 1 59 5 view .LVU46
 251              		.loc 1 59 9 is_stmt 0 view .LVU47
 252 0002 094B     		ldr	r3, .L16
 253 0004 1B78     		ldrb	r3, [r3]	@ zero_extendqisi2
 254              		.loc 1 59 8 view .LVU48
 255 0006 03B9     		cbnz	r3, .L15
 256              	.L12:
  60:SynaptiX_FDK/services/sx_fatfs/sx_fatfs.c ****     f_mount(NULL, "0:", 0);
  61:SynaptiX_FDK/services/sx_fatfs/sx_fatfs.c ****     s_mounted = false;
  62:SynaptiX_FDK/services/sx_fatfs/sx_fatfs.c ****     log_info(TAG, "RAM disk unmounted");
  63:SynaptiX_FDK/services/sx_fatfs/sx_fatfs.c **** }
 257              		.loc 1 63 1 view .LVU49
 258 0008 08BD     		pop	{r3, pc}
 259              	.L15:
  60:SynaptiX_FDK/services/sx_fatfs/sx_fatfs.c ****     f_mount(NULL, "0:", 0);
 260              		.loc 1 60 5 is_stmt 1 view .LVU50
 261 000a 0022     		movs	r2, #0
 262 000c 0749     		ldr	r1, .L16+4
 263 000e 1046     		mov	r0, r2
 264 0010 FFF7FEFF 		bl	f_mount
 265              	.LVL22:
  61:SynaptiX_FDK/services/sx_fatfs/sx_fatfs.c ****     log_info(TAG, "RAM disk unmounted");
 266              		.loc 1 61 5 view .LVU51
  61:SynaptiX_FDK/services/sx_fatfs/sx_fatfs.c ****     log_info(TAG, "RAM disk unmounted");
 267              		.loc 1 61 15 is_stmt 0 view .LVU52
 268 0014 044B     		ldr	r3, .L16
 269 0016 0022     		movs	r2, #0
 270 0018 1A70     		strb	r2, [r3]
  62:SynaptiX_FDK/services/sx_fatfs/sx_fatfs.c **** }
 271              		.loc 1 62 5 is_stmt 1 view .LVU53
 272 001a 054A     		ldr	r2, .L16+8
 273 001c 0549     		ldr	r1, .L16+12
 274 001e 0320     		movs	r0, #3
 275 0020 FFF7FEFF 		bl	log_func
 276              	.LVL23:
 277 0024 F0E7     		b	.L12
 278              	.L17:
 279 0026 00BF     		.align	2
 280              	.L16:
 281 0028 00000000 		.word	s_mounted
 282 002c 28000000 		.word	.LC3
 283 0030 00000000 		.word	.LC9
 284 0034 1C000000 		.word	.LC2
 285              		.cfi_endproc
 286              	.LFE1:
 288              		.section	.rodata.sx_fatfs_write_file.str1.4,"aMS",%progbits,1
 289              		.align	2
 290              	.LC10:
 291 0000 665F6F70 		.ascii	"f_open(%s) failed: %d\000"
 291      656E2825 
ARM GAS  C:\Users\LENOVO\AppData\Local\Temp\ccnKh5TQ.s 			page 8


 291      73292066 
 291      61696C65 
 291      643A2025 
 292 0016 0000     		.align	2
 293              	.LC11:
 294 0018 665F7772 		.ascii	"f_write(%s) failed: %d\000"
 294      69746528 
 294      25732920 
 294      6661696C 
 294      65643A20 
 295 002f 00       		.align	2
 296              	.LC12:
 297 0030 77726974 		.ascii	"write %s: %lu bytes\000"
 297      65202573 
 297      3A20256C 
 297      75206279 
 297      74657300 
 298              		.section	.text.sx_fatfs_write_file,"ax",%progbits
 299              		.align	1
 300              		.global	sx_fatfs_write_file
 301              		.syntax unified
 302              		.thumb
 303              		.thumb_func
 305              	sx_fatfs_write_file:
 306              	.LVL24:
 307              	.LFB2:
  64:SynaptiX_FDK/services/sx_fatfs/sx_fatfs.c **** 
  65:SynaptiX_FDK/services/sx_fatfs/sx_fatfs.c **** int sx_fatfs_write_file(const char *path, const uint8_t *data, uint32_t len){
 308              		.loc 1 65 77 view -0
 309              		.cfi_startproc
 310              		@ args = 0, pretend = 0, frame = 560
 311              		@ frame_needed = 0, uses_anonymous_args = 0
  66:SynaptiX_FDK/services/sx_fatfs/sx_fatfs.c ****     if (!s_mounted || path == NULL || data == NULL || len == 0) 
 312              		.loc 1 66 5 view .LVU55
 313              		.loc 1 66 9 is_stmt 0 view .LVU56
 314 0000 274B     		ldr	r3, .L32
 315 0002 1B78     		ldrb	r3, [r3]	@ zero_extendqisi2
 316              		.loc 1 66 8 view .LVU57
 317 0004 002B     		cmp	r3, #0
 318 0006 3ED0     		beq	.L23
  65:SynaptiX_FDK/services/sx_fatfs/sx_fatfs.c ****     if (!s_mounted || path == NULL || data == NULL || len == 0) 
 319              		.loc 1 65 77 view .LVU58
 320 0008 70B5     		push	{r4, r5, r6, lr}
 321              	.LCFI5:
 322              		.cfi_def_cfa_offset 16
 323              		.cfi_offset 4, -16
 324              		.cfi_offset 5, -12
 325              		.cfi_offset 6, -8
 326              		.cfi_offset 14, -4
 327 000a ADF50E7D 		sub	sp, sp, #568
 328              	.LCFI6:
 329              		.cfi_def_cfa_offset 584
 330 000e 0546     		mov	r5, r0
 331 0010 0E46     		mov	r6, r1
 332 0012 1446     		mov	r4, r2
 333              		.loc 1 66 20 discriminator 1 view .LVU59
 334 0014 0028     		cmp	r0, #0
ARM GAS  C:\Users\LENOVO\AppData\Local\Temp\ccnKh5TQ.s 			page 9


 335 0016 39D0     		beq	.L24
 336              		.loc 1 66 36 discriminator 2 view .LVU60
 337 0018 0029     		cmp	r1, #0
 338 001a 3AD0     		beq	.L25
 339              		.loc 1 66 52 discriminator 3 view .LVU61
 340 001c 002A     		cmp	r2, #0
 341 001e 3BD0     		beq	.L26
  67:SynaptiX_FDK/services/sx_fatfs/sx_fatfs.c ****         return -1;
  68:SynaptiX_FDK/services/sx_fatfs/sx_fatfs.c ****     FIL f;
 342              		.loc 1 68 5 is_stmt 1 view .LVU62
  69:SynaptiX_FDK/services/sx_fatfs/sx_fatfs.c ****     UINT bw;
 343              		.loc 1 69 5 view .LVU63
  70:SynaptiX_FDK/services/sx_fatfs/sx_fatfs.c ****     FRESULT res;
 344              		.loc 1 70 5 view .LVU64
  71:SynaptiX_FDK/services/sx_fatfs/sx_fatfs.c **** 
  72:SynaptiX_FDK/services/sx_fatfs/sx_fatfs.c ****     res = f_open(&f, path, FA_WRITE | FA_CREATE_ALWAYS);
 345              		.loc 1 72 5 view .LVU65
 346              		.loc 1 72 11 is_stmt 0 view .LVU66
 347 0020 0A22     		movs	r2, #10
 348              	.LVL25:
 349              		.loc 1 72 11 view .LVU67
 350 0022 0146     		mov	r1, r0
 351              	.LVL26:
 352              		.loc 1 72 11 view .LVU68
 353 0024 04A8     		add	r0, sp, #16
 354              	.LVL27:
 355              		.loc 1 72 11 view .LVU69
 356 0026 FFF7FEFF 		bl	f_open
 357              	.LVL28:
  73:SynaptiX_FDK/services/sx_fatfs/sx_fatfs.c ****     if(res != FR_OK){
 358              		.loc 1 73 5 is_stmt 1 view .LVU70
 359              		.loc 1 73 7 is_stmt 0 view .LVU71
 360 002a C0B9     		cbnz	r0, .L31
  74:SynaptiX_FDK/services/sx_fatfs/sx_fatfs.c ****         log_error(TAG, "f_open(%s) failed: %d", path, res);
  75:SynaptiX_FDK/services/sx_fatfs/sx_fatfs.c ****         return -1;
  76:SynaptiX_FDK/services/sx_fatfs/sx_fatfs.c ****     }
  77:SynaptiX_FDK/services/sx_fatfs/sx_fatfs.c **** 
  78:SynaptiX_FDK/services/sx_fatfs/sx_fatfs.c ****     res = f_write(&f, data, len, &bw);
 361              		.loc 1 78 5 is_stmt 1 view .LVU72
 362              		.loc 1 78 11 is_stmt 0 view .LVU73
 363 002c 03AB     		add	r3, sp, #12
 364 002e 2246     		mov	r2, r4
 365 0030 3146     		mov	r1, r6
 366 0032 04A8     		add	r0, sp, #16
 367              	.LVL29:
 368              		.loc 1 78 11 view .LVU74
 369 0034 FFF7FEFF 		bl	f_write
 370              	.LVL30:
 371 0038 0646     		mov	r6, r0
 372              	.LVL31:
  79:SynaptiX_FDK/services/sx_fatfs/sx_fatfs.c ****     f_close(&f);
 373              		.loc 1 79 5 is_stmt 1 view .LVU75
 374 003a 04A8     		add	r0, sp, #16
 375 003c FFF7FEFF 		bl	f_close
 376              	.LVL32:
  80:SynaptiX_FDK/services/sx_fatfs/sx_fatfs.c **** 
  81:SynaptiX_FDK/services/sx_fatfs/sx_fatfs.c ****     if(res != FR_OK || bw != len){
ARM GAS  C:\Users\LENOVO\AppData\Local\Temp\ccnKh5TQ.s 			page 10


 377              		.loc 1 81 5 view .LVU76
 378              		.loc 1 81 7 is_stmt 0 view .LVU77
 379 0040 BEB9     		cbnz	r6, .L21
 380              		.loc 1 81 27 discriminator 1 view .LVU78
 381 0042 039B     		ldr	r3, [sp, #12]
 382              		.loc 1 81 21 discriminator 1 view .LVU79
 383 0044 A342     		cmp	r3, r4
 384 0046 14D1     		bne	.L21
  82:SynaptiX_FDK/services/sx_fatfs/sx_fatfs.c ****         log_error(TAG, "f_write(%s) failed: %d", path, res);
  83:SynaptiX_FDK/services/sx_fatfs/sx_fatfs.c ****         return -2;
  84:SynaptiX_FDK/services/sx_fatfs/sx_fatfs.c ****     }
  85:SynaptiX_FDK/services/sx_fatfs/sx_fatfs.c **** 
  86:SynaptiX_FDK/services/sx_fatfs/sx_fatfs.c ****     log_info(TAG, "write %s: %lu bytes", path, len);
 385              		.loc 1 86 5 is_stmt 1 view .LVU80
 386 0048 0094     		str	r4, [sp]
 387 004a 2B46     		mov	r3, r5
 388 004c 154A     		ldr	r2, .L32+4
 389 004e 1649     		ldr	r1, .L32+8
 390 0050 0320     		movs	r0, #3
 391 0052 FFF7FEFF 		bl	log_func
 392              	.LVL33:
  87:SynaptiX_FDK/services/sx_fatfs/sx_fatfs.c ****     return 0;
 393              		.loc 1 87 5 view .LVU81
 394              		.loc 1 87 12 is_stmt 0 view .LVU82
 395 0056 0020     		movs	r0, #0
 396              	.LVL34:
 397              	.L18:
  88:SynaptiX_FDK/services/sx_fatfs/sx_fatfs.c **** }
 398              		.loc 1 88 1 view .LVU83
 399 0058 0DF50E7D 		add	sp, sp, #568
 400              	.LCFI7:
 401              		.cfi_remember_state
 402              		.cfi_def_cfa_offset 16
 403              		@ sp needed
 404 005c 70BD     		pop	{r4, r5, r6, pc}
 405              	.LVL35:
 406              	.L31:
 407              	.LCFI8:
 408              		.cfi_restore_state
  74:SynaptiX_FDK/services/sx_fatfs/sx_fatfs.c ****         return -1;
 409              		.loc 1 74 9 is_stmt 1 view .LVU84
 410 005e 0090     		str	r0, [sp]
 411 0060 2B46     		mov	r3, r5
 412 0062 124A     		ldr	r2, .L32+12
 413 0064 1049     		ldr	r1, .L32+8
 414 0066 0120     		movs	r0, #1
 415              	.LVL36:
  74:SynaptiX_FDK/services/sx_fatfs/sx_fatfs.c ****         return -1;
 416              		.loc 1 74 9 is_stmt 0 view .LVU85
 417 0068 FFF7FEFF 		bl	log_func
 418              	.LVL37:
  75:SynaptiX_FDK/services/sx_fatfs/sx_fatfs.c ****     }
 419              		.loc 1 75 9 is_stmt 1 view .LVU86
  75:SynaptiX_FDK/services/sx_fatfs/sx_fatfs.c ****     }
 420              		.loc 1 75 16 is_stmt 0 view .LVU87
 421 006c 4FF0FF30 		mov	r0, #-1
 422 0070 F2E7     		b	.L18
ARM GAS  C:\Users\LENOVO\AppData\Local\Temp\ccnKh5TQ.s 			page 11


 423              	.LVL38:
 424              	.L21:
  82:SynaptiX_FDK/services/sx_fatfs/sx_fatfs.c ****         return -2;
 425              		.loc 1 82 9 is_stmt 1 view .LVU88
 426 0072 0096     		str	r6, [sp]
 427 0074 2B46     		mov	r3, r5
 428 0076 0E4A     		ldr	r2, .L32+16
 429 0078 0B49     		ldr	r1, .L32+8
 430 007a 0120     		movs	r0, #1
 431 007c FFF7FEFF 		bl	log_func
 432              	.LVL39:
  83:SynaptiX_FDK/services/sx_fatfs/sx_fatfs.c ****     }
 433              		.loc 1 83 9 view .LVU89
  83:SynaptiX_FDK/services/sx_fatfs/sx_fatfs.c ****     }
 434              		.loc 1 83 16 is_stmt 0 view .LVU90
 435 0080 6FF00100 		mvn	r0, #1
 436 0084 E8E7     		b	.L18
 437              	.LVL40:
 438              	.L23:
 439              	.LCFI9:
 440              		.cfi_def_cfa_offset 0
 441              		.cfi_restore 4
 442              		.cfi_restore 5
 443              		.cfi_restore 6
 444              		.cfi_restore 14
  67:SynaptiX_FDK/services/sx_fatfs/sx_fatfs.c ****     FIL f;
 445              		.loc 1 67 16 view .LVU91
 446 0086 4FF0FF30 		mov	r0, #-1
 447              	.LVL41:
 448              		.loc 1 88 1 view .LVU92
 449 008a 7047     		bx	lr
 450              	.LVL42:
 451              	.L24:
 452              	.LCFI10:
 453              		.cfi_def_cfa_offset 584
 454              		.cfi_offset 4, -16
 455              		.cfi_offset 5, -12
 456              		.cfi_offset 6, -8
 457              		.cfi_offset 14, -4
  67:SynaptiX_FDK/services/sx_fatfs/sx_fatfs.c ****     FIL f;
 458              		.loc 1 67 16 view .LVU93
 459 008c 4FF0FF30 		mov	r0, #-1
 460              	.LVL43:
  67:SynaptiX_FDK/services/sx_fatfs/sx_fatfs.c ****     FIL f;
 461              		.loc 1 67 16 view .LVU94
 462 0090 E2E7     		b	.L18
 463              	.LVL44:
 464              	.L25:
  67:SynaptiX_FDK/services/sx_fatfs/sx_fatfs.c ****     FIL f;
 465              		.loc 1 67 16 view .LVU95
 466 0092 4FF0FF30 		mov	r0, #-1
 467              	.LVL45:
  67:SynaptiX_FDK/services/sx_fatfs/sx_fatfs.c ****     FIL f;
 468              		.loc 1 67 16 view .LVU96
 469 0096 DFE7     		b	.L18
 470              	.LVL46:
 471              	.L26:
ARM GAS  C:\Users\LENOVO\AppData\Local\Temp\ccnKh5TQ.s 			page 12


  67:SynaptiX_FDK/services/sx_fatfs/sx_fatfs.c ****     FIL f;
 472              		.loc 1 67 16 view .LVU97
 473 0098 4FF0FF30 		mov	r0, #-1
 474              	.LVL47:
  67:SynaptiX_FDK/services/sx_fatfs/sx_fatfs.c ****     FIL f;
 475              		.loc 1 67 16 view .LVU98
 476 009c DCE7     		b	.L18
 477              	.L33:
 478 009e 00BF     		.align	2
 479              	.L32:
 480 00a0 00000000 		.word	s_mounted
 481 00a4 30000000 		.word	.LC12
 482 00a8 1C000000 		.word	.LC2
 483 00ac 00000000 		.word	.LC10
 484 00b0 18000000 		.word	.LC11
 485              		.cfi_endproc
 486              	.LFE2:
 488              		.section	.rodata.sx_fatfs_read_file.str1.4,"aMS",%progbits,1
 489              		.align	2
 490              	.LC13:
 491 0000 665F7265 		.ascii	"f_read(%s) failed: %d\000"
 491      61642825 
 491      73292066 
 491      61696C65 
 491      643A2025 
 492 0016 0000     		.align	2
 493              	.LC14:
 494 0018 72656164 		.ascii	"read %s: %lu bytes\000"
 494      2025733A 
 494      20256C75 
 494      20627974 
 494      657300
 495              		.section	.text.sx_fatfs_read_file,"ax",%progbits
 496              		.align	1
 497              		.global	sx_fatfs_read_file
 498              		.syntax unified
 499              		.thumb
 500              		.thumb_func
 502              	sx_fatfs_read_file:
 503              	.LVL48:
 504              	.LFB3:
  89:SynaptiX_FDK/services/sx_fatfs/sx_fatfs.c **** 
  90:SynaptiX_FDK/services/sx_fatfs/sx_fatfs.c **** int sx_fatfs_read_file(const char *path, uint8_t *buf, uint32_t len, uint32_t *out_len){
 505              		.loc 1 90 88 is_stmt 1 view -0
 506              		.cfi_startproc
 507              		@ args = 0, pretend = 0, frame = 560
 508              		@ frame_needed = 0, uses_anonymous_args = 0
 509              		.loc 1 90 88 is_stmt 0 view .LVU100
 510 0000 F0B5     		push	{r4, r5, r6, r7, lr}
 511              	.LCFI11:
 512              		.cfi_def_cfa_offset 20
 513              		.cfi_offset 4, -20
 514              		.cfi_offset 5, -16
 515              		.cfi_offset 6, -12
 516              		.cfi_offset 7, -8
 517              		.cfi_offset 14, -4
 518 0002 ADF50F7D 		sub	sp, sp, #572
ARM GAS  C:\Users\LENOVO\AppData\Local\Temp\ccnKh5TQ.s 			page 13


 519              	.LCFI12:
 520              		.cfi_def_cfa_offset 592
 521 0006 1F46     		mov	r7, r3
  91:SynaptiX_FDK/services/sx_fatfs/sx_fatfs.c ****     if (!s_mounted || path == NULL || buf == NULL || len == 0) return -1;
 522              		.loc 1 91 5 is_stmt 1 view .LVU101
 523              		.loc 1 91 9 is_stmt 0 view .LVU102
 524 0008 264B     		ldr	r3, .L46
 525              	.LVL49:
 526              		.loc 1 91 9 view .LVU103
 527 000a 1B78     		ldrb	r3, [r3]	@ zero_extendqisi2
 528              		.loc 1 91 8 view .LVU104
 529 000c 002B     		cmp	r3, #0
 530 000e 3CD0     		beq	.L39
 531 0010 0446     		mov	r4, r0
 532 0012 0D46     		mov	r5, r1
 533 0014 1646     		mov	r6, r2
 534              		.loc 1 91 20 discriminator 2 view .LVU105
 535 0016 0028     		cmp	r0, #0
 536 0018 3AD0     		beq	.L40
 537              		.loc 1 91 36 discriminator 4 view .LVU106
 538 001a 0029     		cmp	r1, #0
 539 001c 3BD0     		beq	.L41
 540              		.loc 1 91 51 discriminator 6 view .LVU107
 541 001e 002A     		cmp	r2, #0
 542 0020 3CD0     		beq	.L42
  92:SynaptiX_FDK/services/sx_fatfs/sx_fatfs.c **** 
  93:SynaptiX_FDK/services/sx_fatfs/sx_fatfs.c ****     FIL     f;
 543              		.loc 1 93 5 is_stmt 1 view .LVU108
  94:SynaptiX_FDK/services/sx_fatfs/sx_fatfs.c ****     UINT    br;
 544              		.loc 1 94 5 view .LVU109
  95:SynaptiX_FDK/services/sx_fatfs/sx_fatfs.c ****     FRESULT res;
 545              		.loc 1 95 5 view .LVU110
  96:SynaptiX_FDK/services/sx_fatfs/sx_fatfs.c **** 
  97:SynaptiX_FDK/services/sx_fatfs/sx_fatfs.c ****     res = f_open(&f, path, FA_READ);
 546              		.loc 1 97 5 view .LVU111
 547              		.loc 1 97 11 is_stmt 0 view .LVU112
 548 0022 0122     		movs	r2, #1
 549              	.LVL50:
 550              		.loc 1 97 11 view .LVU113
 551 0024 0146     		mov	r1, r0
 552              	.LVL51:
 553              		.loc 1 97 11 view .LVU114
 554 0026 04A8     		add	r0, sp, #16
 555              	.LVL52:
 556              		.loc 1 97 11 view .LVU115
 557 0028 FFF7FEFF 		bl	f_open
 558              	.LVL53:
  98:SynaptiX_FDK/services/sx_fatfs/sx_fatfs.c ****     if (res != FR_OK) {
 559              		.loc 1 98 5 is_stmt 1 view .LVU116
 560              		.loc 1 98 8 is_stmt 0 view .LVU117
 561 002c C8B9     		cbnz	r0, .L44
  99:SynaptiX_FDK/services/sx_fatfs/sx_fatfs.c ****         log_error(TAG, "f_open(%s) failed: %d", path, res);
 100:SynaptiX_FDK/services/sx_fatfs/sx_fatfs.c ****         return -1;
 101:SynaptiX_FDK/services/sx_fatfs/sx_fatfs.c ****     }
 102:SynaptiX_FDK/services/sx_fatfs/sx_fatfs.c **** 
 103:SynaptiX_FDK/services/sx_fatfs/sx_fatfs.c ****     res = f_read(&f, buf, len, &br);
 562              		.loc 1 103 5 is_stmt 1 view .LVU118
ARM GAS  C:\Users\LENOVO\AppData\Local\Temp\ccnKh5TQ.s 			page 14


 563              		.loc 1 103 11 is_stmt 0 view .LVU119
 564 002e 03AB     		add	r3, sp, #12
 565 0030 3246     		mov	r2, r6
 566 0032 2946     		mov	r1, r5
 567 0034 04A8     		add	r0, sp, #16
 568              	.LVL54:
 569              		.loc 1 103 11 view .LVU120
 570 0036 FFF7FEFF 		bl	f_read
 571              	.LVL55:
 572 003a 0546     		mov	r5, r0
 573              	.LVL56:
 104:SynaptiX_FDK/services/sx_fatfs/sx_fatfs.c ****     f_close(&f);
 574              		.loc 1 104 5 is_stmt 1 view .LVU121
 575 003c 04A8     		add	r0, sp, #16
 576 003e FFF7FEFF 		bl	f_close
 577              	.LVL57:
 105:SynaptiX_FDK/services/sx_fatfs/sx_fatfs.c **** 
 106:SynaptiX_FDK/services/sx_fatfs/sx_fatfs.c ****     if (res != FR_OK) {
 578              		.loc 1 106 5 view .LVU122
 579              		.loc 1 106 8 is_stmt 0 view .LVU123
 580 0042 C5B9     		cbnz	r5, .L45
 107:SynaptiX_FDK/services/sx_fatfs/sx_fatfs.c ****         log_error(TAG, "f_read(%s) failed: %d", path, res);
 108:SynaptiX_FDK/services/sx_fatfs/sx_fatfs.c ****         return -2;
 109:SynaptiX_FDK/services/sx_fatfs/sx_fatfs.c ****     }
 110:SynaptiX_FDK/services/sx_fatfs/sx_fatfs.c **** 
 111:SynaptiX_FDK/services/sx_fatfs/sx_fatfs.c ****     if (out_len != NULL) *out_len = (uint32_t)br;
 581              		.loc 1 111 5 is_stmt 1 view .LVU124
 582              		.loc 1 111 8 is_stmt 0 view .LVU125
 583 0044 0FB1     		cbz	r7, .L38
 584              		.loc 1 111 26 is_stmt 1 discriminator 1 view .LVU126
 585              		.loc 1 111 35 is_stmt 0 discriminator 1 view .LVU127
 586 0046 039B     		ldr	r3, [sp, #12]
 587 0048 3B60     		str	r3, [r7]
 588              	.L38:
 112:SynaptiX_FDK/services/sx_fatfs/sx_fatfs.c ****     log_info(TAG, "read %s: %lu bytes", path, (uint32_t)br);
 589              		.loc 1 112 5 is_stmt 1 view .LVU128
 590 004a 039B     		ldr	r3, [sp, #12]
 591 004c 0093     		str	r3, [sp]
 592 004e 2346     		mov	r3, r4
 593 0050 154A     		ldr	r2, .L46+4
 594 0052 1649     		ldr	r1, .L46+8
 595 0054 0320     		movs	r0, #3
 596 0056 FFF7FEFF 		bl	log_func
 597              	.LVL58:
 113:SynaptiX_FDK/services/sx_fatfs/sx_fatfs.c ****     return 0;
 598              		.loc 1 113 5 view .LVU129
 599              		.loc 1 113 12 is_stmt 0 view .LVU130
 600 005a 0020     		movs	r0, #0
 601              	.LVL59:
 602              	.L34:
 114:SynaptiX_FDK/services/sx_fatfs/sx_fatfs.c **** }
 603              		.loc 1 114 1 view .LVU131
 604 005c 0DF50F7D 		add	sp, sp, #572
 605              	.LCFI13:
 606              		.cfi_remember_state
 607              		.cfi_def_cfa_offset 20
 608              		@ sp needed
ARM GAS  C:\Users\LENOVO\AppData\Local\Temp\ccnKh5TQ.s 			page 15


 609 0060 F0BD     		pop	{r4, r5, r6, r7, pc}
 610              	.LVL60:
 611              	.L44:
 612              	.LCFI14:
 613              		.cfi_restore_state
  99:SynaptiX_FDK/services/sx_fatfs/sx_fatfs.c ****         return -1;
 614              		.loc 1 99 9 is_stmt 1 view .LVU132
 615 0062 0090     		str	r0, [sp]
 616 0064 2346     		mov	r3, r4
 617 0066 124A     		ldr	r2, .L46+12
 618 0068 1049     		ldr	r1, .L46+8
 619 006a 0120     		movs	r0, #1
 620              	.LVL61:
  99:SynaptiX_FDK/services/sx_fatfs/sx_fatfs.c ****         return -1;
 621              		.loc 1 99 9 is_stmt 0 view .LVU133
 622 006c FFF7FEFF 		bl	log_func
 623              	.LVL62:
 100:SynaptiX_FDK/services/sx_fatfs/sx_fatfs.c ****     }
 624              		.loc 1 100 9 is_stmt 1 view .LVU134
 100:SynaptiX_FDK/services/sx_fatfs/sx_fatfs.c ****     }
 625              		.loc 1 100 16 is_stmt 0 view .LVU135
 626 0070 4FF0FF30 		mov	r0, #-1
 627 0074 F2E7     		b	.L34
 628              	.LVL63:
 629              	.L45:
 107:SynaptiX_FDK/services/sx_fatfs/sx_fatfs.c ****         return -2;
 630              		.loc 1 107 9 is_stmt 1 view .LVU136
 631 0076 0095     		str	r5, [sp]
 632 0078 2346     		mov	r3, r4
 633 007a 0E4A     		ldr	r2, .L46+16
 634 007c 0B49     		ldr	r1, .L46+8
 635 007e 0120     		movs	r0, #1
 636 0080 FFF7FEFF 		bl	log_func
 637              	.LVL64:
 108:SynaptiX_FDK/services/sx_fatfs/sx_fatfs.c ****     }
 638              		.loc 1 108 9 view .LVU137
 108:SynaptiX_FDK/services/sx_fatfs/sx_fatfs.c ****     }
 639              		.loc 1 108 16 is_stmt 0 view .LVU138
 640 0084 6FF00100 		mvn	r0, #1
 641 0088 E8E7     		b	.L34
 642              	.LVL65:
 643              	.L39:
  91:SynaptiX_FDK/services/sx_fatfs/sx_fatfs.c **** 
 644              		.loc 1 91 71 discriminator 7 view .LVU139
 645 008a 4FF0FF30 		mov	r0, #-1
 646              	.LVL66:
  91:SynaptiX_FDK/services/sx_fatfs/sx_fatfs.c **** 
 647              		.loc 1 91 71 discriminator 7 view .LVU140
 648 008e E5E7     		b	.L34
 649              	.LVL67:
 650              	.L40:
  91:SynaptiX_FDK/services/sx_fatfs/sx_fatfs.c **** 
 651              		.loc 1 91 71 discriminator 7 view .LVU141
 652 0090 4FF0FF30 		mov	r0, #-1
 653              	.LVL68:
  91:SynaptiX_FDK/services/sx_fatfs/sx_fatfs.c **** 
 654              		.loc 1 91 71 discriminator 7 view .LVU142
ARM GAS  C:\Users\LENOVO\AppData\Local\Temp\ccnKh5TQ.s 			page 16


 655 0094 E2E7     		b	.L34
 656              	.LVL69:
 657              	.L41:
  91:SynaptiX_FDK/services/sx_fatfs/sx_fatfs.c **** 
 658              		.loc 1 91 71 discriminator 7 view .LVU143
 659 0096 4FF0FF30 		mov	r0, #-1
 660              	.LVL70:
  91:SynaptiX_FDK/services/sx_fatfs/sx_fatfs.c **** 
 661              		.loc 1 91 71 discriminator 7 view .LVU144
 662 009a DFE7     		b	.L34
 663              	.LVL71:
 664              	.L42:
  91:SynaptiX_FDK/services/sx_fatfs/sx_fatfs.c **** 
 665              		.loc 1 91 71 discriminator 7 view .LVU145
 666 009c 4FF0FF30 		mov	r0, #-1
 667              	.LVL72:
  91:SynaptiX_FDK/services/sx_fatfs/sx_fatfs.c **** 
 668              		.loc 1 91 71 discriminator 7 view .LVU146
 669 00a0 DCE7     		b	.L34
 670              	.L47:
 671 00a2 00BF     		.align	2
 672              	.L46:
 673 00a4 00000000 		.word	s_mounted
 674 00a8 18000000 		.word	.LC14
 675 00ac 1C000000 		.word	.LC2
 676 00b0 00000000 		.word	.LC10
 677 00b4 00000000 		.word	.LC13
 678              		.cfi_endproc
 679              	.LFE3:
 681              		.section	.text.sx_fatfs_get_disk_buffer,"ax",%progbits
 682              		.align	1
 683              		.global	sx_fatfs_get_disk_buffer
 684              		.syntax unified
 685              		.thumb
 686              		.thumb_func
 688              	sx_fatfs_get_disk_buffer:
 689              	.LFB4:
 115:SynaptiX_FDK/services/sx_fatfs/sx_fatfs.c **** 
 116:SynaptiX_FDK/services/sx_fatfs/sx_fatfs.c **** uint8_t *sx_fatfs_get_disk_buffer(void){
 690              		.loc 1 116 40 is_stmt 1 view -0
 691              		.cfi_startproc
 692              		@ args = 0, pretend = 0, frame = 0
 693              		@ frame_needed = 0, uses_anonymous_args = 0
 694 0000 08B5     		push	{r3, lr}
 695              	.LCFI15:
 696              		.cfi_def_cfa_offset 8
 697              		.cfi_offset 3, -8
 698              		.cfi_offset 14, -4
 117:SynaptiX_FDK/services/sx_fatfs/sx_fatfs.c ****     return sx_diskio_get_buffer();
 699              		.loc 1 117 5 view .LVU148
 700              		.loc 1 117 12 is_stmt 0 view .LVU149
 701 0002 FFF7FEFF 		bl	sx_diskio_get_buffer
 702              	.LVL73:
 118:SynaptiX_FDK/services/sx_fatfs/sx_fatfs.c **** }
 703              		.loc 1 118 1 view .LVU150
 704 0006 08BD     		pop	{r3, pc}
 705              		.cfi_endproc
ARM GAS  C:\Users\LENOVO\AppData\Local\Temp\ccnKh5TQ.s 			page 17


 706              	.LFE4:
 708              		.section	.text.sx_fatfs_get_block_count,"ax",%progbits
 709              		.align	1
 710              		.global	sx_fatfs_get_block_count
 711              		.syntax unified
 712              		.thumb
 713              		.thumb_func
 715              	sx_fatfs_get_block_count:
 716              	.LFB5:
 119:SynaptiX_FDK/services/sx_fatfs/sx_fatfs.c **** 
 120:SynaptiX_FDK/services/sx_fatfs/sx_fatfs.c **** uint32_t sx_fatfs_get_block_count(void){
 717              		.loc 1 120 40 is_stmt 1 view -0
 718              		.cfi_startproc
 719              		@ args = 0, pretend = 0, frame = 0
 720              		@ frame_needed = 0, uses_anonymous_args = 0
 721 0000 08B5     		push	{r3, lr}
 722              	.LCFI16:
 723              		.cfi_def_cfa_offset 8
 724              		.cfi_offset 3, -8
 725              		.cfi_offset 14, -4
 121:SynaptiX_FDK/services/sx_fatfs/sx_fatfs.c ****     return sx_diskio_get_block_count();
 726              		.loc 1 121 5 view .LVU152
 727              		.loc 1 121 12 is_stmt 0 view .LVU153
 728 0002 FFF7FEFF 		bl	sx_diskio_get_block_count
 729              	.LVL74:
 122:SynaptiX_FDK/services/sx_fatfs/sx_fatfs.c **** }
 730              		.loc 1 122 1 view .LVU154
 731 0006 08BD     		pop	{r3, pc}
 732              		.cfi_endproc
 733              	.LFE5:
 735              		.section	.rodata.sx_fatfs_remount.str1.4,"aMS",%progbits,1
 736              		.align	2
 737              	.LC15:
 738 0000 53594E43 		.ascii	"SYNC done \342\200\224 remounting...\000"
 738      20646F6E 
 738      6520E280 
 738      94207265 
 738      6D6F756E 
 739              		.align	2
 740              	.LC16:
 741 001c 665F6D6F 		.ascii	"f_mount result: %d\000"
 741      756E7420 
 741      72657375 
 741      6C743A20 
 741      256400
 742              		.section	.text.sx_fatfs_remount,"ax",%progbits
 743              		.align	1
 744              		.global	sx_fatfs_remount
 745              		.syntax unified
 746              		.thumb
 747              		.thumb_func
 749              	sx_fatfs_remount:
 750              	.LFB6:
 123:SynaptiX_FDK/services/sx_fatfs/sx_fatfs.c **** 
 124:SynaptiX_FDK/services/sx_fatfs/sx_fatfs.c **** int sx_fatfs_remount(void)
 125:SynaptiX_FDK/services/sx_fatfs/sx_fatfs.c **** {
 751              		.loc 1 125 1 is_stmt 1 view -0
ARM GAS  C:\Users\LENOVO\AppData\Local\Temp\ccnKh5TQ.s 			page 18


 752              		.cfi_startproc
 753              		@ args = 0, pretend = 0, frame = 0
 754              		@ frame_needed = 0, uses_anonymous_args = 0
 755 0000 70B5     		push	{r4, r5, r6, lr}
 756              	.LCFI17:
 757              		.cfi_def_cfa_offset 16
 758              		.cfi_offset 4, -16
 759              		.cfi_offset 5, -12
 760              		.cfi_offset 6, -8
 761              		.cfi_offset 14, -4
 126:SynaptiX_FDK/services/sx_fatfs/sx_fatfs.c ****     f_mount(NULL, "0:", 0);
 762              		.loc 1 126 5 view .LVU156
 763 0002 154C     		ldr	r4, .L56
 764 0004 0022     		movs	r2, #0
 765 0006 2146     		mov	r1, r4
 766 0008 1046     		mov	r0, r2
 767 000a FFF7FEFF 		bl	f_mount
 768              	.LVL75:
 127:SynaptiX_FDK/services/sx_fatfs/sx_fatfs.c ****     s_mounted = false;
 769              		.loc 1 127 5 view .LVU157
 770              		.loc 1 127 15 is_stmt 0 view .LVU158
 771 000e 134D     		ldr	r5, .L56+4
 772 0010 0020     		movs	r0, #0
 773 0012 2870     		strb	r0, [r5]
 128:SynaptiX_FDK/services/sx_fatfs/sx_fatfs.c **** 
 129:SynaptiX_FDK/services/sx_fatfs/sx_fatfs.c ****     disk_ioctl(0, CTRL_SYNC, NULL);
 774              		.loc 1 129 5 is_stmt 1 view .LVU159
 775 0014 0246     		mov	r2, r0
 776 0016 0146     		mov	r1, r0
 777 0018 FFF7FEFF 		bl	disk_ioctl
 778              	.LVL76:
 130:SynaptiX_FDK/services/sx_fatfs/sx_fatfs.c ****     log_info(TAG, "SYNC done — remounting...");
 779              		.loc 1 130 5 view .LVU160
 780 001c 104E     		ldr	r6, .L56+8
 781 001e 114A     		ldr	r2, .L56+12
 782 0020 3146     		mov	r1, r6
 783 0022 0320     		movs	r0, #3
 784 0024 FFF7FEFF 		bl	log_func
 785              	.LVL77:
 131:SynaptiX_FDK/services/sx_fatfs/sx_fatfs.c **** 
 132:SynaptiX_FDK/services/sx_fatfs/sx_fatfs.c ****     FRESULT res = f_mount(&s_fatfs, "0:", 1);
 786              		.loc 1 132 5 view .LVU161
 787              		.loc 1 132 19 is_stmt 0 view .LVU162
 788 0028 0122     		movs	r2, #1
 789 002a 2146     		mov	r1, r4
 790 002c 0E48     		ldr	r0, .L56+16
 791 002e FFF7FEFF 		bl	f_mount
 792              	.LVL78:
 793 0032 0446     		mov	r4, r0
 794              	.LVL79:
 133:SynaptiX_FDK/services/sx_fatfs/sx_fatfs.c ****     log_info(TAG, "f_mount result: %d", res);
 795              		.loc 1 133 5 is_stmt 1 view .LVU163
 796 0034 0346     		mov	r3, r0
 797 0036 0D4A     		ldr	r2, .L56+20
 798 0038 3146     		mov	r1, r6
 799 003a 0320     		movs	r0, #3
 800              	.LVL80:
ARM GAS  C:\Users\LENOVO\AppData\Local\Temp\ccnKh5TQ.s 			page 19


 801              		.loc 1 133 5 is_stmt 0 view .LVU164
 802 003c FFF7FEFF 		bl	log_func
 803              	.LVL81:
 134:SynaptiX_FDK/services/sx_fatfs/sx_fatfs.c ****     s_mounted = (res == FR_OK);
 804              		.loc 1 134 5 is_stmt 1 view .LVU165
 805              		.loc 1 134 22 is_stmt 0 view .LVU166
 806 0040 002C     		cmp	r4, #0
 807 0042 0CBF     		ite	eq
 808 0044 0123     		moveq	r3, #1
 809 0046 0023     		movne	r3, #0
 810              		.loc 1 134 15 view .LVU167
 811 0048 2B70     		strb	r3, [r5]
 135:SynaptiX_FDK/services/sx_fatfs/sx_fatfs.c ****     return (res == FR_OK) ? 0 : -1;
 812              		.loc 1 135 5 is_stmt 1 view .LVU168
 813              		.loc 1 135 31 is_stmt 0 view .LVU169
 814 004a 01D1     		bne	.L54
 815              		.loc 1 135 31 discriminator 1 view .LVU170
 816 004c 0020     		movs	r0, #0
 817              	.L52:
 136:SynaptiX_FDK/services/sx_fatfs/sx_fatfs.c **** }
 818              		.loc 1 136 1 view .LVU171
 819 004e 70BD     		pop	{r4, r5, r6, pc}
 820              	.L54:
 135:SynaptiX_FDK/services/sx_fatfs/sx_fatfs.c ****     return (res == FR_OK) ? 0 : -1;
 821              		.loc 1 135 31 discriminator 2 view .LVU172
 822 0050 4FF0FF30 		mov	r0, #-1
 135:SynaptiX_FDK/services/sx_fatfs/sx_fatfs.c ****     return (res == FR_OK) ? 0 : -1;
 823              		.loc 1 135 31 view .LVU173
 824 0054 FBE7     		b	.L52
 825              	.L57:
 826 0056 00BF     		.align	2
 827              	.L56:
 828 0058 28000000 		.word	.LC3
 829 005c 00000000 		.word	s_mounted
 830 0060 1C000000 		.word	.LC2
 831 0064 00000000 		.word	.LC15
 832 0068 00000000 		.word	s_fatfs
 833 006c 1C000000 		.word	.LC16
 834              		.cfi_endproc
 835              	.LFE6:
 837              		.section	.rodata.sx_fatfs_debug_list.str1.4,"aMS",%progbits,1
 838              		.align	2
 839              	.LC17:
 840 0000 2F00     		.ascii	"/\000"
 841 0002 0000     		.align	2
 842              	.LC18:
 843 0004 665F6F70 		.ascii	"f_opendir failed: %d\000"
 843      656E6469 
 843      72206661 
 843      696C6564 
 843      3A202564 
 844 0019 000000   		.align	2
 845              	.LC19:
 846 001c 46415446 		.ascii	"FATFS_DBG\000"
 846      535F4442 
 846      4700
 847 0026 0000     		.align	2
ARM GAS  C:\Users\LENOVO\AppData\Local\Temp\ccnKh5TQ.s 			page 20


 848              	.LC20:
 849 0028 3D3D3D20 		.ascii	"=== Root directory ===\000"
 849      526F6F74 
 849      20646972 
 849      6563746F 
 849      7279203D 
 850 003f 00       		.align	2
 851              	.LC21:
 852 0040 20205B25 		.ascii	"  [%s] %lu bytes\000"
 852      735D2025 
 852      6C752062 
 852      79746573 
 852      00
 853 0051 000000   		.align	2
 854              	.LC22:
 855 0054 3D3D3D20 		.ascii	"=== End ===\000"
 855      456E6420 
 855      3D3D3D00 
 856              		.section	.text.sx_fatfs_debug_list,"ax",%progbits
 857              		.align	1
 858              		.global	sx_fatfs_debug_list
 859              		.syntax unified
 860              		.thumb
 861              		.thumb_func
 863              	sx_fatfs_debug_list:
 864              	.LFB7:
 137:SynaptiX_FDK/services/sx_fatfs/sx_fatfs.c **** 
 138:SynaptiX_FDK/services/sx_fatfs/sx_fatfs.c **** void sx_fatfs_debug_list(void)
 139:SynaptiX_FDK/services/sx_fatfs/sx_fatfs.c **** {
 865              		.loc 1 139 1 is_stmt 1 view -0
 866              		.cfi_startproc
 867              		@ args = 0, pretend = 0, frame = 328
 868              		@ frame_needed = 0, uses_anonymous_args = 0
 869 0000 00B5     		push	{lr}
 870              	.LCFI18:
 871              		.cfi_def_cfa_offset 4
 872              		.cfi_offset 14, -4
 873 0002 D5B0     		sub	sp, sp, #340
 874              	.LCFI19:
 875              		.cfi_def_cfa_offset 344
 140:SynaptiX_FDK/services/sx_fatfs/sx_fatfs.c ****     DIR     dir;
 876              		.loc 1 140 5 view .LVU175
 141:SynaptiX_FDK/services/sx_fatfs/sx_fatfs.c ****     FILINFO fno;
 877              		.loc 1 141 5 view .LVU176
 142:SynaptiX_FDK/services/sx_fatfs/sx_fatfs.c **** 
 143:SynaptiX_FDK/services/sx_fatfs/sx_fatfs.c ****     FRESULT res = f_opendir(&dir, "/");
 878              		.loc 1 143 5 view .LVU177
 879              		.loc 1 143 19 is_stmt 0 view .LVU178
 880 0004 1649     		ldr	r1, .L65
 881 0006 48A8     		add	r0, sp, #288
 882 0008 FFF7FEFF 		bl	f_opendir
 883              	.LVL82:
 144:SynaptiX_FDK/services/sx_fatfs/sx_fatfs.c ****     if (res != FR_OK) {
 884              		.loc 1 144 5 is_stmt 1 view .LVU179
 885              		.loc 1 144 8 is_stmt 0 view .LVU180
 886 000c B0B9     		cbnz	r0, .L64
 145:SynaptiX_FDK/services/sx_fatfs/sx_fatfs.c ****         log_error("FATFS_DBG", "f_opendir failed: %d", res);
ARM GAS  C:\Users\LENOVO\AppData\Local\Temp\ccnKh5TQ.s 			page 21


 146:SynaptiX_FDK/services/sx_fatfs/sx_fatfs.c ****         return;
 147:SynaptiX_FDK/services/sx_fatfs/sx_fatfs.c ****     }
 148:SynaptiX_FDK/services/sx_fatfs/sx_fatfs.c **** 
 149:SynaptiX_FDK/services/sx_fatfs/sx_fatfs.c ****     log_info("FATFS_DBG", "=== Root directory ===");
 887              		.loc 1 149 5 is_stmt 1 view .LVU181
 888 000e 154A     		ldr	r2, .L65+4
 889 0010 1549     		ldr	r1, .L65+8
 890 0012 0320     		movs	r0, #3
 891              	.LVL83:
 892              		.loc 1 149 5 is_stmt 0 view .LVU182
 893 0014 FFF7FEFF 		bl	log_func
 894              	.LVL84:
 895              	.L62:
 150:SynaptiX_FDK/services/sx_fatfs/sx_fatfs.c ****     while (1) {
 896              		.loc 1 150 5 is_stmt 1 view .LVU183
 151:SynaptiX_FDK/services/sx_fatfs/sx_fatfs.c ****         res = f_readdir(&dir, &fno);
 897              		.loc 1 151 9 view .LVU184
 898              		.loc 1 151 15 is_stmt 0 view .LVU185
 899 0018 02A9     		add	r1, sp, #8
 900 001a 48A8     		add	r0, sp, #288
 901 001c FFF7FEFF 		bl	f_readdir
 902              	.LVL85:
 152:SynaptiX_FDK/services/sx_fatfs/sx_fatfs.c ****         if (res != FR_OK || fno.fname[0] == 0) break;
 903              		.loc 1 152 9 is_stmt 1 view .LVU186
 904              		.loc 1 152 12 is_stmt 0 view .LVU187
 905 0020 98B9     		cbnz	r0, .L61
 906              		.loc 1 152 38 discriminator 1 view .LVU188
 907 0022 9DF81E30 		ldrb	r3, [sp, #30]	@ zero_extendqisi2
 908              		.loc 1 152 26 discriminator 1 view .LVU189
 909 0026 83B1     		cbz	r3, .L61
 153:SynaptiX_FDK/services/sx_fatfs/sx_fatfs.c ****         log_info("FATFS_DBG", "  [%s] %lu bytes", fno.fname, fno.fsize);
 910              		.loc 1 153 9 is_stmt 1 view .LVU190
 911 0028 029B     		ldr	r3, [sp, #8]
 912 002a 0093     		str	r3, [sp]
 913 002c 0DF11E03 		add	r3, sp, #30
 914 0030 0E4A     		ldr	r2, .L65+12
 915 0032 0D49     		ldr	r1, .L65+8
 916 0034 0320     		movs	r0, #3
 917              	.LVL86:
 918              		.loc 1 153 9 is_stmt 0 view .LVU191
 919 0036 FFF7FEFF 		bl	log_func
 920              	.LVL87:
 150:SynaptiX_FDK/services/sx_fatfs/sx_fatfs.c ****         res = f_readdir(&dir, &fno);
 921              		.loc 1 150 11 is_stmt 1 view .LVU192
 151:SynaptiX_FDK/services/sx_fatfs/sx_fatfs.c ****         if (res != FR_OK || fno.fname[0] == 0) break;
 922              		.loc 1 151 13 is_stmt 0 view .LVU193
 923 003a EDE7     		b	.L62
 924              	.LVL88:
 925              	.L64:
 151:SynaptiX_FDK/services/sx_fatfs/sx_fatfs.c ****         if (res != FR_OK || fno.fname[0] == 0) break;
 926              		.loc 1 151 13 view .LVU194
 927 003c 0346     		mov	r3, r0
 145:SynaptiX_FDK/services/sx_fatfs/sx_fatfs.c ****         return;
 928              		.loc 1 145 9 is_stmt 1 view .LVU195
 929 003e 0C4A     		ldr	r2, .L65+16
 930 0040 0949     		ldr	r1, .L65+8
 931 0042 0120     		movs	r0, #1
ARM GAS  C:\Users\LENOVO\AppData\Local\Temp\ccnKh5TQ.s 			page 22


 932              	.LVL89:
 145:SynaptiX_FDK/services/sx_fatfs/sx_fatfs.c ****         return;
 933              		.loc 1 145 9 is_stmt 0 view .LVU196
 934 0044 FFF7FEFF 		bl	log_func
 935              	.LVL90:
 146:SynaptiX_FDK/services/sx_fatfs/sx_fatfs.c ****     }
 936              		.loc 1 146 9 is_stmt 1 view .LVU197
 937 0048 07E0     		b	.L58
 938              	.LVL91:
 939              	.L61:
 154:SynaptiX_FDK/services/sx_fatfs/sx_fatfs.c ****     }
 155:SynaptiX_FDK/services/sx_fatfs/sx_fatfs.c ****     f_closedir(&dir);
 940              		.loc 1 155 5 view .LVU198
 941 004a 48A8     		add	r0, sp, #288
 942              	.LVL92:
 943              		.loc 1 155 5 is_stmt 0 view .LVU199
 944 004c FFF7FEFF 		bl	f_closedir
 945              	.LVL93:
 156:SynaptiX_FDK/services/sx_fatfs/sx_fatfs.c ****     log_info("FATFS_DBG", "=== End ===");
 946              		.loc 1 156 5 is_stmt 1 view .LVU200
 947 0050 084A     		ldr	r2, .L65+20
 948 0052 0549     		ldr	r1, .L65+8
 949 0054 0320     		movs	r0, #3
 950 0056 FFF7FEFF 		bl	log_func
 951              	.LVL94:
 952              	.L58:
 157:SynaptiX_FDK/services/sx_fatfs/sx_fatfs.c **** }...
 953              		.loc 1 157 1 is_stmt 0 view .LVU201
 954 005a 55B0     		add	sp, sp, #340
 955              	.LCFI20:
 956              		.cfi_def_cfa_offset 4
 957              		@ sp needed
 958 005c 5DF804FB 		ldr	pc, [sp], #4
 959              	.L66:
 960              		.align	2
 961              	.L65:
 962 0060 00000000 		.word	.LC17
 963 0064 28000000 		.word	.LC20
 964 0068 1C000000 		.word	.LC19
 965 006c 40000000 		.word	.LC21
 966 0070 04000000 		.word	.LC18
 967 0074 54000000 		.word	.LC22
 968              		.cfi_endproc
 969              	.LFE7:
 971              		.section	.bss.work.0,"aw",%nobits
 972              		.align	2
 975              	work.0:
 976 0000 00000000 		.space	2048
 976      00000000 
 976      00000000 
 976      00000000 
 976      00000000 
 977              		.section	.bss.s_mounted,"aw",%nobits
 980              	s_mounted:
 981 0000 00       		.space	1
 982              		.section	.bss.s_fatfs,"aw",%nobits
 983              		.align	2
ARM GAS  C:\Users\LENOVO\AppData\Local\Temp\ccnKh5TQ.s 			page 23


 986              	s_fatfs:
 987 0000 00000000 		.space	564
 987      00000000 
 987      00000000 
 987      00000000 
 987      00000000 
 988              		.section	.rodata
 989              		.align	2
 990              		.set	.LANCHOR0,. + 0
 991              	.LC0:
 992 0000 09       		.byte	9
 993 0001 01       		.byte	1
 994 0002 0000     		.space	2
 995 0004 01000000 		.word	1
 996 0008 00010000 		.word	256
 997 000c 00020000 		.word	512
 998              		.text
 999              	.Letext0:
 1000              		.file 2 "C:\\ST\\STM32CubeCLT_1.20.0\\GNU-tools-for-STM32\\bin/../lib/gcc/arm-none-eabi/13.3.1/../
 1001              		.file 3 "C:\\ST\\STM32CubeCLT_1.20.0\\GNU-tools-for-STM32\\bin/../lib/gcc/arm-none-eabi/13.3.1/../
 1002              		.file 4 "SynaptiX_FDK/services/fatfs/ff.h"
 1003              		.file 5 "SynaptiX_FDK/services/fatfs/diskio.h"
 1004              		.file 6 "SynaptiX_FDK/services/logger/logger.h"
 1005              		.file 7 "SynaptiX_FDK/services/sx_fatfs/sx_diskio.h"
ARM GAS  C:\Users\LENOVO\AppData\Local\Temp\ccnKh5TQ.s 			page 24


DEFINED SYMBOLS
                            *ABS*:00000000 sx_fatfs.c
C:\Users\LENOVO\AppData\Local\Temp\ccnKh5TQ.s:22     .rodata.sx_fatfs_mount.str1.4:00000000 $d
C:\Users\LENOVO\AppData\Local\Temp\ccnKh5TQ.s:47     .text.sx_fatfs_mount:00000000 $t
C:\Users\LENOVO\AppData\Local\Temp\ccnKh5TQ.s:53     .text.sx_fatfs_mount:00000000 sx_fatfs_mount
C:\Users\LENOVO\AppData\Local\Temp\ccnKh5TQ.s:213    .text.sx_fatfs_mount:000000ac $d
C:\Users\LENOVO\AppData\Local\Temp\ccnKh5TQ.s:986    .bss.s_fatfs:00000000 s_fatfs
C:\Users\LENOVO\AppData\Local\Temp\ccnKh5TQ.s:975    .bss.work.0:00000000 work.0
C:\Users\LENOVO\AppData\Local\Temp\ccnKh5TQ.s:980    .bss.s_mounted:00000000 s_mounted
C:\Users\LENOVO\AppData\Local\Temp\ccnKh5TQ.s:229    .rodata.sx_fatfs_unmount.str1.4:00000000 $d
C:\Users\LENOVO\AppData\Local\Temp\ccnKh5TQ.s:233    .text.sx_fatfs_unmount:00000000 $t
C:\Users\LENOVO\AppData\Local\Temp\ccnKh5TQ.s:239    .text.sx_fatfs_unmount:00000000 sx_fatfs_unmount
C:\Users\LENOVO\AppData\Local\Temp\ccnKh5TQ.s:281    .text.sx_fatfs_unmount:00000028 $d
C:\Users\LENOVO\AppData\Local\Temp\ccnKh5TQ.s:289    .rodata.sx_fatfs_write_file.str1.4:00000000 $d
C:\Users\LENOVO\AppData\Local\Temp\ccnKh5TQ.s:299    .text.sx_fatfs_write_file:00000000 $t
C:\Users\LENOVO\AppData\Local\Temp\ccnKh5TQ.s:305    .text.sx_fatfs_write_file:00000000 sx_fatfs_write_file
C:\Users\LENOVO\AppData\Local\Temp\ccnKh5TQ.s:480    .text.sx_fatfs_write_file:000000a0 $d
C:\Users\LENOVO\AppData\Local\Temp\ccnKh5TQ.s:489    .rodata.sx_fatfs_read_file.str1.4:00000000 $d
C:\Users\LENOVO\AppData\Local\Temp\ccnKh5TQ.s:496    .text.sx_fatfs_read_file:00000000 $t
C:\Users\LENOVO\AppData\Local\Temp\ccnKh5TQ.s:502    .text.sx_fatfs_read_file:00000000 sx_fatfs_read_file
C:\Users\LENOVO\AppData\Local\Temp\ccnKh5TQ.s:673    .text.sx_fatfs_read_file:000000a4 $d
C:\Users\LENOVO\AppData\Local\Temp\ccnKh5TQ.s:682    .text.sx_fatfs_get_disk_buffer:00000000 $t
C:\Users\LENOVO\AppData\Local\Temp\ccnKh5TQ.s:688    .text.sx_fatfs_get_disk_buffer:00000000 sx_fatfs_get_disk_buffer
C:\Users\LENOVO\AppData\Local\Temp\ccnKh5TQ.s:709    .text.sx_fatfs_get_block_count:00000000 $t
C:\Users\LENOVO\AppData\Local\Temp\ccnKh5TQ.s:715    .text.sx_fatfs_get_block_count:00000000 sx_fatfs_get_block_count
C:\Users\LENOVO\AppData\Local\Temp\ccnKh5TQ.s:736    .rodata.sx_fatfs_remount.str1.4:00000000 $d
C:\Users\LENOVO\AppData\Local\Temp\ccnKh5TQ.s:743    .text.sx_fatfs_remount:00000000 $t
C:\Users\LENOVO\AppData\Local\Temp\ccnKh5TQ.s:749    .text.sx_fatfs_remount:00000000 sx_fatfs_remount
C:\Users\LENOVO\AppData\Local\Temp\ccnKh5TQ.s:828    .text.sx_fatfs_remount:00000058 $d
C:\Users\LENOVO\AppData\Local\Temp\ccnKh5TQ.s:838    .rodata.sx_fatfs_debug_list.str1.4:00000000 $d
C:\Users\LENOVO\AppData\Local\Temp\ccnKh5TQ.s:857    .text.sx_fatfs_debug_list:00000000 $t
C:\Users\LENOVO\AppData\Local\Temp\ccnKh5TQ.s:863    .text.sx_fatfs_debug_list:00000000 sx_fatfs_debug_list
C:\Users\LENOVO\AppData\Local\Temp\ccnKh5TQ.s:962    .text.sx_fatfs_debug_list:00000060 $d
C:\Users\LENOVO\AppData\Local\Temp\ccnKh5TQ.s:972    .bss.work.0:00000000 $d
C:\Users\LENOVO\AppData\Local\Temp\ccnKh5TQ.s:981    .bss.s_mounted:00000000 $d
C:\Users\LENOVO\AppData\Local\Temp\ccnKh5TQ.s:983    .bss.s_fatfs:00000000 $d
C:\Users\LENOVO\AppData\Local\Temp\ccnKh5TQ.s:989    .rodata:00000000 $d

UNDEFINED SYMBOLS
disk_initialize
log_func
f_mount
f_mkfs
disk_ioctl
f_open
f_write
f_close
f_read
sx_diskio_get_buffer
sx_diskio_get_block_count
f_opendir
f_readdir
f_closedir
