ARM GAS  C:\Users\LENOVO\AppData\Local\Temp\ccSXW3LS.s 			page 1


   1              		.cpu cortex-m33
   2              		.arch armv8-m.main
   3              		.fpu fpv5-sp-d16
   4              		.arch_extension dsp
   5              		.eabi_attribute 27, 1
   6              		.eabi_attribute 28, 1
   7              		.eabi_attribute 20, 1
   8              		.eabi_attribute 21, 1
   9              		.eabi_attribute 23, 3
  10              		.eabi_attribute 24, 1
  11              		.eabi_attribute 25, 1
  12              		.eabi_attribute 26, 1
  13              		.eabi_attribute 30, 1
  14              		.eabi_attribute 34, 1
  15              		.eabi_attribute 18, 4
  16              		.file	"sx_usb_tiny_msc.c"
  17              		.text
  18              	.Ltext0:
  19              		.cfi_sections	.debug_frame
  20              		.file 1 "SynaptiX_FDK/components/usb_msc_tiny/sx_usb_tiny_msc.c"
  21              		.section	.rodata.sx_usb_tiny_msc_init.str1.4,"aMS",%progbits,1
  22              		.align	2
  23              	.LC0:
  24 0000 4D534320 		.ascii	"MSC Initialized\000"
  24      496E6974 
  24      69616C69 
  24      7A656400 
  25              		.align	2
  26              	.LC1:
  27 0010 53585F4D 		.ascii	"SX_MSC\000"
  27      534300
  28              		.section	.text.sx_usb_tiny_msc_init,"ax",%progbits
  29              		.align	1
  30              		.global	sx_usb_tiny_msc_init
  31              		.syntax unified
  32              		.thumb
  33              		.thumb_func
  35              	sx_usb_tiny_msc_init:
  36              	.LVL0:
  37              	.LFB638:
   1:SynaptiX_FDK/components/usb_msc_tiny/sx_usb_tiny_msc.c **** #include "sx_usb_tiny_msc.h"
   2:SynaptiX_FDK/components/usb_msc_tiny/sx_usb_tiny_msc.c **** #include "sx_config.h"
   3:SynaptiX_FDK/components/usb_msc_tiny/sx_usb_tiny_msc.c **** #include "logger.h"
   4:SynaptiX_FDK/components/usb_msc_tiny/sx_usb_tiny_msc.c **** #include "ff.h"
   5:SynaptiX_FDK/components/usb_msc_tiny/sx_usb_tiny_msc.c **** #include "diskio.h"
   6:SynaptiX_FDK/components/usb_msc_tiny/sx_usb_tiny_msc.c **** #include <string.h>
   7:SynaptiX_FDK/components/usb_msc_tiny/sx_usb_tiny_msc.c **** #include "stdio.h"
   8:SynaptiX_FDK/components/usb_msc_tiny/sx_usb_tiny_msc.c **** 
   9:SynaptiX_FDK/components/usb_msc_tiny/sx_usb_tiny_msc.c **** #if (SX_PLATFORM == SX_PLATFORM_STM32H5)
  10:SynaptiX_FDK/components/usb_msc_tiny/sx_usb_tiny_msc.c ****     #include "stm32h5xx_hal.h"
  11:SynaptiX_FDK/components/usb_msc_tiny/sx_usb_tiny_msc.c ****     #include "tusb.h"
  12:SynaptiX_FDK/components/usb_msc_tiny/sx_usb_tiny_msc.c **** #endif
  13:SynaptiX_FDK/components/usb_msc_tiny/sx_usb_tiny_msc.c **** 
  14:SynaptiX_FDK/components/usb_msc_tiny/sx_usb_tiny_msc.c **** #if CFG_TUD_MSC
  15:SynaptiX_FDK/components/usb_msc_tiny/sx_usb_tiny_msc.c **** 
  16:SynaptiX_FDK/components/usb_msc_tiny/sx_usb_tiny_msc.c **** static const char* TAG = "SX_MSC";
  17:SynaptiX_FDK/components/usb_msc_tiny/sx_usb_tiny_msc.c **** static sx_usb_tiny_msc_t *s_msc = NULL;
ARM GAS  C:\Users\LENOVO\AppData\Local\Temp\ccSXW3LS.s 			page 2


  18:SynaptiX_FDK/components/usb_msc_tiny/sx_usb_tiny_msc.c **** 
  19:SynaptiX_FDK/components/usb_msc_tiny/sx_usb_tiny_msc.c **** static uint8_t  s_write_tmp[SX_MSC_BLOCK_SIZE];
  20:SynaptiX_FDK/components/usb_msc_tiny/sx_usb_tiny_msc.c **** static uint32_t s_write_tmp_lba = 0xFFFFFFFF;
  21:SynaptiX_FDK/components/usb_msc_tiny/sx_usb_tiny_msc.c **** 
  22:SynaptiX_FDK/components/usb_msc_tiny/sx_usb_tiny_msc.c **** void sx_usb_tiny_msc_init(sx_usb_tiny_msc_t *msc)
  23:SynaptiX_FDK/components/usb_msc_tiny/sx_usb_tiny_msc.c **** {
  38              		.loc 1 23 1 view -0
  39              		.cfi_startproc
  40              		@ args = 0, pretend = 0, frame = 0
  41              		@ frame_needed = 0, uses_anonymous_args = 0
  42              		.loc 1 23 1 is_stmt 0 view .LVU1
  43 0000 08B5     		push	{r3, lr}
  44              	.LCFI0:
  45              		.cfi_def_cfa_offset 8
  46              		.cfi_offset 3, -8
  47              		.cfi_offset 14, -4
  24:SynaptiX_FDK/components/usb_msc_tiny/sx_usb_tiny_msc.c ****     memset(msc, 0x00, sizeof(sx_usb_tiny_msc_t));
  48              		.loc 1 24 5 is_stmt 1 view .LVU2
  49 0002 0023     		movs	r3, #0
  50 0004 0360     		str	r3, [r0]	@ unaligned
  51 0006 4360     		str	r3, [r0, #4]	@ unaligned
  25:SynaptiX_FDK/components/usb_msc_tiny/sx_usb_tiny_msc.c ****     msc->state         = SX_MSC_STATE_IDLE;
  52              		.loc 1 25 5 view .LVU3
  26:SynaptiX_FDK/components/usb_msc_tiny/sx_usb_tiny_msc.c ****     msc->media_changed = false;
  53              		.loc 1 26 5 view .LVU4
  27:SynaptiX_FDK/components/usb_msc_tiny/sx_usb_tiny_msc.c ****     msc->block_count   = 0;
  54              		.loc 1 27 5 view .LVU5
  28:SynaptiX_FDK/components/usb_msc_tiny/sx_usb_tiny_msc.c ****     s_msc = msc;
  55              		.loc 1 28 5 view .LVU6
  56              		.loc 1 28 11 is_stmt 0 view .LVU7
  57 0008 034B     		ldr	r3, .L3
  58 000a 1860     		str	r0, [r3]
  29:SynaptiX_FDK/components/usb_msc_tiny/sx_usb_tiny_msc.c ****     log_info(TAG, "MSC Initialized");
  59              		.loc 1 29 5 is_stmt 1 view .LVU8
  60 000c 034A     		ldr	r2, .L3+4
  61 000e 0449     		ldr	r1, .L3+8
  62 0010 0320     		movs	r0, #3
  63              	.LVL1:
  64              		.loc 1 29 5 is_stmt 0 view .LVU9
  65 0012 FFF7FEFF 		bl	log_func
  66              	.LVL2:
  30:SynaptiX_FDK/components/usb_msc_tiny/sx_usb_tiny_msc.c **** }
  67              		.loc 1 30 1 view .LVU10
  68 0016 08BD     		pop	{r3, pc}
  69              	.L4:
  70              		.align	2
  71              	.L3:
  72 0018 00000000 		.word	s_msc
  73 001c 00000000 		.word	.LC0
  74 0020 10000000 		.word	.LC1
  75              		.cfi_endproc
  76              	.LFE638:
  78              		.section	.rodata.sx_usb_tiny_msc_enter.str1.4,"aMS",%progbits,1
  79              		.align	2
  80              	.LC2:
  81 0000 416C7265 		.ascii	"Already in MSC mode\000"
  81      61647920 
ARM GAS  C:\Users\LENOVO\AppData\Local\Temp\ccSXW3LS.s 			page 3


  81      696E204D 
  81      5343206D 
  81      6F646500 
  82              		.align	2
  83              	.LC3:
  84 0014 4E6F2062 		.ascii	"No block count set \342\200\224 call sx_usb_tiny_ms"
  84      6C6F636B 
  84      20636F75 
  84      6E742073 
  84      657420E2 
  85 003e 635F6C6F 		.ascii	"c_load() first\000"
  85      61642829 
  85      20666972 
  85      737400
  86 004d 000000   		.align	2
  87              	.LC4:
  88 0050 4D534320 		.ascii	"MSC active: %lu blocks\000"
  88      61637469 
  88      76653A20 
  88      256C7520 
  88      626C6F63 
  89              		.section	.text.sx_usb_tiny_msc_enter,"ax",%progbits
  90              		.align	1
  91              		.global	sx_usb_tiny_msc_enter
  92              		.syntax unified
  93              		.thumb
  94              		.thumb_func
  96              	sx_usb_tiny_msc_enter:
  97              	.LVL3:
  98              	.LFB639:
  31:SynaptiX_FDK/components/usb_msc_tiny/sx_usb_tiny_msc.c **** 
  32:SynaptiX_FDK/components/usb_msc_tiny/sx_usb_tiny_msc.c **** void sx_usb_tiny_msc_enter(sx_usb_tiny_msc_t *msc)
  33:SynaptiX_FDK/components/usb_msc_tiny/sx_usb_tiny_msc.c **** {
  99              		.loc 1 33 1 is_stmt 1 view -0
 100              		.cfi_startproc
 101              		@ args = 0, pretend = 0, frame = 0
 102              		@ frame_needed = 0, uses_anonymous_args = 0
 103              		.loc 1 33 1 is_stmt 0 view .LVU12
 104 0000 08B5     		push	{r3, lr}
 105              	.LCFI1:
 106              		.cfi_def_cfa_offset 8
 107              		.cfi_offset 3, -8
 108              		.cfi_offset 14, -4
  34:SynaptiX_FDK/components/usb_msc_tiny/sx_usb_tiny_msc.c ****     if (msc->state == SX_MSC_STATE_ACTIVE || msc->state == SX_MSC_STATE_BUILDING) {
 109              		.loc 1 34 5 is_stmt 1 view .LVU13
 110              		.loc 1 34 12 is_stmt 0 view .LVU14
 111 0002 0379     		ldrb	r3, [r0, #4]	@ zero_extendqisi2
 112              		.loc 1 34 43 view .LVU15
 113 0004 013B     		subs	r3, r3, #1
 114 0006 DBB2     		uxtb	r3, r3
 115              		.loc 1 34 8 view .LVU16
 116 0008 012B     		cmp	r3, #1
 117 000a 0BD9     		bls	.L10
  35:SynaptiX_FDK/components/usb_msc_tiny/sx_usb_tiny_msc.c ****         log_warn(TAG, "Already in MSC mode");
  36:SynaptiX_FDK/components/usb_msc_tiny/sx_usb_tiny_msc.c ****         return;
  37:SynaptiX_FDK/components/usb_msc_tiny/sx_usb_tiny_msc.c ****     }
  38:SynaptiX_FDK/components/usb_msc_tiny/sx_usb_tiny_msc.c ****     if (msc->block_count == 0) {
ARM GAS  C:\Users\LENOVO\AppData\Local\Temp\ccSXW3LS.s 			page 4


 118              		.loc 1 38 5 is_stmt 1 view .LVU17
 119              		.loc 1 38 12 is_stmt 0 view .LVU18
 120 000c 0368     		ldr	r3, [r0]
 121              		.loc 1 38 8 view .LVU19
 122 000e 7BB1     		cbz	r3, .L11
  39:SynaptiX_FDK/components/usb_msc_tiny/sx_usb_tiny_msc.c ****         log_error(TAG, "No block count set — call sx_usb_tiny_msc_load() first");
  40:SynaptiX_FDK/components/usb_msc_tiny/sx_usb_tiny_msc.c ****         return;
  41:SynaptiX_FDK/components/usb_msc_tiny/sx_usb_tiny_msc.c ****     }
  42:SynaptiX_FDK/components/usb_msc_tiny/sx_usb_tiny_msc.c ****     msc->state         = SX_MSC_STATE_ACTIVE;
 123              		.loc 1 42 5 is_stmt 1 view .LVU20
 124              		.loc 1 42 24 is_stmt 0 view .LVU21
 125 0010 0222     		movs	r2, #2
 126 0012 0271     		strb	r2, [r0, #4]
  43:SynaptiX_FDK/components/usb_msc_tiny/sx_usb_tiny_msc.c ****     msc->media_changed = true;
 127              		.loc 1 43 5 is_stmt 1 view .LVU22
 128              		.loc 1 43 24 is_stmt 0 view .LVU23
 129 0014 0122     		movs	r2, #1
 130 0016 4271     		strb	r2, [r0, #5]
  44:SynaptiX_FDK/components/usb_msc_tiny/sx_usb_tiny_msc.c ****     log_info(TAG, "MSC active: %lu blocks", msc->block_count);
 131              		.loc 1 44 5 is_stmt 1 view .LVU24
 132 0018 084A     		ldr	r2, .L12
 133 001a 0949     		ldr	r1, .L12+4
 134 001c 0320     		movs	r0, #3
 135              	.LVL4:
 136              		.loc 1 44 5 is_stmt 0 view .LVU25
 137 001e FFF7FEFF 		bl	log_func
 138              	.LVL5:
 139              	.L5:
  45:SynaptiX_FDK/components/usb_msc_tiny/sx_usb_tiny_msc.c **** }
 140              		.loc 1 45 1 view .LVU26
 141 0022 08BD     		pop	{r3, pc}
 142              	.LVL6:
 143              	.L10:
  35:SynaptiX_FDK/components/usb_msc_tiny/sx_usb_tiny_msc.c ****         return;
 144              		.loc 1 35 9 is_stmt 1 view .LVU27
 145 0024 074A     		ldr	r2, .L12+8
 146 0026 0649     		ldr	r1, .L12+4
 147 0028 0220     		movs	r0, #2
 148              	.LVL7:
  35:SynaptiX_FDK/components/usb_msc_tiny/sx_usb_tiny_msc.c ****         return;
 149              		.loc 1 35 9 is_stmt 0 view .LVU28
 150 002a FFF7FEFF 		bl	log_func
 151              	.LVL8:
  36:SynaptiX_FDK/components/usb_msc_tiny/sx_usb_tiny_msc.c ****     }
 152              		.loc 1 36 9 is_stmt 1 view .LVU29
 153 002e F8E7     		b	.L5
 154              	.LVL9:
 155              	.L11:
  39:SynaptiX_FDK/components/usb_msc_tiny/sx_usb_tiny_msc.c ****         return;
 156              		.loc 1 39 9 view .LVU30
 157 0030 054A     		ldr	r2, .L12+12
 158 0032 0349     		ldr	r1, .L12+4
 159 0034 0120     		movs	r0, #1
 160              	.LVL10:
  39:SynaptiX_FDK/components/usb_msc_tiny/sx_usb_tiny_msc.c ****         return;
 161              		.loc 1 39 9 is_stmt 0 view .LVU31
 162 0036 FFF7FEFF 		bl	log_func
ARM GAS  C:\Users\LENOVO\AppData\Local\Temp\ccSXW3LS.s 			page 5


 163              	.LVL11:
  40:SynaptiX_FDK/components/usb_msc_tiny/sx_usb_tiny_msc.c ****     }
 164              		.loc 1 40 9 is_stmt 1 view .LVU32
 165 003a F2E7     		b	.L5
 166              	.L13:
 167              		.align	2
 168              	.L12:
 169 003c 50000000 		.word	.LC4
 170 0040 10000000 		.word	.LC1
 171 0044 00000000 		.word	.LC2
 172 0048 14000000 		.word	.LC3
 173              		.cfi_endproc
 174              	.LFE639:
 176              		.section	.rodata.sx_usb_tiny_msc_exit.str1.4,"aMS",%progbits,1
 177              		.align	2
 178              	.LC5:
 179 0000 4D534320 		.ascii	"MSC not active\000"
 179      6E6F7420 
 179      61637469 
 179      766500
 180 000f 00       		.align	2
 181              	.LC6:
 182 0010 4D534320 		.ascii	"MSC exited\000"
 182      65786974 
 182      656400
 183              		.section	.text.sx_usb_tiny_msc_exit,"ax",%progbits
 184              		.align	1
 185              		.global	sx_usb_tiny_msc_exit
 186              		.syntax unified
 187              		.thumb
 188              		.thumb_func
 190              	sx_usb_tiny_msc_exit:
 191              	.LVL12:
 192              	.LFB640:
  46:SynaptiX_FDK/components/usb_msc_tiny/sx_usb_tiny_msc.c **** 
  47:SynaptiX_FDK/components/usb_msc_tiny/sx_usb_tiny_msc.c **** void sx_usb_tiny_msc_exit(sx_usb_tiny_msc_t *msc)
  48:SynaptiX_FDK/components/usb_msc_tiny/sx_usb_tiny_msc.c **** {
 193              		.loc 1 48 1 view -0
 194              		.cfi_startproc
 195              		@ args = 0, pretend = 0, frame = 0
 196              		@ frame_needed = 0, uses_anonymous_args = 0
 197              		.loc 1 48 1 is_stmt 0 view .LVU34
 198 0000 08B5     		push	{r3, lr}
 199              	.LCFI2:
 200              		.cfi_def_cfa_offset 8
 201              		.cfi_offset 3, -8
 202              		.cfi_offset 14, -4
  49:SynaptiX_FDK/components/usb_msc_tiny/sx_usb_tiny_msc.c ****     if (msc->state == SX_MSC_STATE_IDLE) {
 203              		.loc 1 49 5 is_stmt 1 view .LVU35
 204              		.loc 1 49 12 is_stmt 0 view .LVU36
 205 0002 0379     		ldrb	r3, [r0, #4]	@ zero_extendqisi2
 206              		.loc 1 49 8 view .LVU37
 207 0004 43B1     		cbz	r3, .L18
  50:SynaptiX_FDK/components/usb_msc_tiny/sx_usb_tiny_msc.c ****         log_warn(TAG, "MSC not active");
  51:SynaptiX_FDK/components/usb_msc_tiny/sx_usb_tiny_msc.c ****         return;
  52:SynaptiX_FDK/components/usb_msc_tiny/sx_usb_tiny_msc.c ****     }
  53:SynaptiX_FDK/components/usb_msc_tiny/sx_usb_tiny_msc.c ****     msc->state         = SX_MSC_STATE_IDLE;
ARM GAS  C:\Users\LENOVO\AppData\Local\Temp\ccSXW3LS.s 			page 6


 208              		.loc 1 53 5 is_stmt 1 view .LVU38
 209              		.loc 1 53 24 is_stmt 0 view .LVU39
 210 0006 0023     		movs	r3, #0
 211 0008 0371     		strb	r3, [r0, #4]
  54:SynaptiX_FDK/components/usb_msc_tiny/sx_usb_tiny_msc.c ****     msc->media_changed = false;
 212              		.loc 1 54 5 is_stmt 1 view .LVU40
 213              		.loc 1 54 24 is_stmt 0 view .LVU41
 214 000a 4371     		strb	r3, [r0, #5]
  55:SynaptiX_FDK/components/usb_msc_tiny/sx_usb_tiny_msc.c ****     log_info(TAG, "MSC exited");
 215              		.loc 1 55 5 is_stmt 1 view .LVU42
 216 000c 054A     		ldr	r2, .L19
 217 000e 0649     		ldr	r1, .L19+4
 218 0010 0320     		movs	r0, #3
 219              	.LVL13:
 220              		.loc 1 55 5 is_stmt 0 view .LVU43
 221 0012 FFF7FEFF 		bl	log_func
 222              	.LVL14:
 223              	.L14:
  56:SynaptiX_FDK/components/usb_msc_tiny/sx_usb_tiny_msc.c **** }
 224              		.loc 1 56 1 view .LVU44
 225 0016 08BD     		pop	{r3, pc}
 226              	.LVL15:
 227              	.L18:
  50:SynaptiX_FDK/components/usb_msc_tiny/sx_usb_tiny_msc.c ****         return;
 228              		.loc 1 50 9 is_stmt 1 view .LVU45
 229 0018 044A     		ldr	r2, .L19+8
 230 001a 0349     		ldr	r1, .L19+4
 231 001c 0220     		movs	r0, #2
 232              	.LVL16:
  50:SynaptiX_FDK/components/usb_msc_tiny/sx_usb_tiny_msc.c ****         return;
 233              		.loc 1 50 9 is_stmt 0 view .LVU46
 234 001e FFF7FEFF 		bl	log_func
 235              	.LVL17:
  51:SynaptiX_FDK/components/usb_msc_tiny/sx_usb_tiny_msc.c ****     }
 236              		.loc 1 51 9 is_stmt 1 view .LVU47
 237 0022 F8E7     		b	.L14
 238              	.L20:
 239              		.align	2
 240              	.L19:
 241 0024 10000000 		.word	.LC6
 242 0028 10000000 		.word	.LC1
 243 002c 00000000 		.word	.LC5
 244              		.cfi_endproc
 245              	.LFE640:
 247              		.section	.text.sx_usb_tiny_msc_get_state,"ax",%progbits
 248              		.align	1
 249              		.global	sx_usb_tiny_msc_get_state
 250              		.syntax unified
 251              		.thumb
 252              		.thumb_func
 254              	sx_usb_tiny_msc_get_state:
 255              	.LVL18:
 256              	.LFB641:
  57:SynaptiX_FDK/components/usb_msc_tiny/sx_usb_tiny_msc.c **** 
  58:SynaptiX_FDK/components/usb_msc_tiny/sx_usb_tiny_msc.c **** sx_msc_state_t sx_usb_tiny_msc_get_state(sx_usb_tiny_msc_t *msc)  { return msc->state; }
 257              		.loc 1 58 67 view -0
 258              		.cfi_startproc
ARM GAS  C:\Users\LENOVO\AppData\Local\Temp\ccSXW3LS.s 			page 7


 259              		@ args = 0, pretend = 0, frame = 0
 260              		@ frame_needed = 0, uses_anonymous_args = 0
 261              		@ link register save eliminated.
 262              		.loc 1 58 69 view .LVU49
 263              		.loc 1 58 88 is_stmt 0 view .LVU50
 264 0000 0079     		ldrb	r0, [r0, #4]	@ zero_extendqisi2
 265              	.LVL19:
 266              		.loc 1 58 88 view .LVU51
 267 0002 7047     		bx	lr
 268              		.cfi_endproc
 269              	.LFE641:
 271              		.section	.text.sx_usb_tiny_msc_is_active,"ax",%progbits
 272              		.align	1
 273              		.global	sx_usb_tiny_msc_is_active
 274              		.syntax unified
 275              		.thumb
 276              		.thumb_func
 278              	sx_usb_tiny_msc_is_active:
 279              	.LVL20:
 280              	.LFB642:
  59:SynaptiX_FDK/components/usb_msc_tiny/sx_usb_tiny_msc.c **** bool           sx_usb_tiny_msc_is_active(sx_usb_tiny_msc_t *msc)
  60:SynaptiX_FDK/components/usb_msc_tiny/sx_usb_tiny_msc.c **** {
 281              		.loc 1 60 1 is_stmt 1 view -0
 282              		.cfi_startproc
 283              		@ args = 0, pretend = 0, frame = 0
 284              		@ frame_needed = 0, uses_anonymous_args = 0
 285              		@ link register save eliminated.
  61:SynaptiX_FDK/components/usb_msc_tiny/sx_usb_tiny_msc.c ****     return (msc->state == SX_MSC_STATE_ACTIVE || msc->state == SX_MSC_STATE_BUILDING);
 286              		.loc 1 61 5 view .LVU53
 287              		.loc 1 61 16 is_stmt 0 view .LVU54
 288 0000 0079     		ldrb	r0, [r0, #4]	@ zero_extendqisi2
 289              	.LVL21:
 290              		.loc 1 61 47 view .LVU55
 291 0002 0138     		subs	r0, r0, #1
 292 0004 C0B2     		uxtb	r0, r0
  62:SynaptiX_FDK/components/usb_msc_tiny/sx_usb_tiny_msc.c **** }
 293              		.loc 1 62 1 view .LVU56
 294 0006 0128     		cmp	r0, #1
 295 0008 8CBF     		ite	hi
 296 000a 0020     		movhi	r0, #0
 297 000c 0120     		movls	r0, #1
 298 000e 7047     		bx	lr
 299              		.cfi_endproc
 300              	.LFE642:
 302              		.section	.rodata.sx_usb_tiny_msc_set_media_changed.str1.4,"aMS",%progbits,1
 303              		.align	2
 304              	.LC7:
 305 0000 4D656469 		.ascii	"Media changed flagged\000"
 305      61206368 
 305      616E6765 
 305      6420666C 
 305      61676765 
 306              		.section	.text.sx_usb_tiny_msc_set_media_changed,"ax",%progbits
 307              		.align	1
 308              		.global	sx_usb_tiny_msc_set_media_changed
 309              		.syntax unified
 310              		.thumb
ARM GAS  C:\Users\LENOVO\AppData\Local\Temp\ccSXW3LS.s 			page 8


 311              		.thumb_func
 313              	sx_usb_tiny_msc_set_media_changed:
 314              	.LVL22:
 315              	.LFB643:
  63:SynaptiX_FDK/components/usb_msc_tiny/sx_usb_tiny_msc.c **** 
  64:SynaptiX_FDK/components/usb_msc_tiny/sx_usb_tiny_msc.c **** void sx_usb_tiny_msc_set_media_changed(sx_usb_tiny_msc_t *msc)
  65:SynaptiX_FDK/components/usb_msc_tiny/sx_usb_tiny_msc.c **** {
 316              		.loc 1 65 1 is_stmt 1 view -0
 317              		.cfi_startproc
 318              		@ args = 0, pretend = 0, frame = 0
 319              		@ frame_needed = 0, uses_anonymous_args = 0
 320              		.loc 1 65 1 is_stmt 0 view .LVU58
 321 0000 08B5     		push	{r3, lr}
 322              	.LCFI3:
 323              		.cfi_def_cfa_offset 8
 324              		.cfi_offset 3, -8
 325              		.cfi_offset 14, -4
  66:SynaptiX_FDK/components/usb_msc_tiny/sx_usb_tiny_msc.c ****     msc->media_changed = true;
 326              		.loc 1 66 5 is_stmt 1 view .LVU59
 327              		.loc 1 66 24 is_stmt 0 view .LVU60
 328 0002 0123     		movs	r3, #1
 329 0004 4371     		strb	r3, [r0, #5]
  67:SynaptiX_FDK/components/usb_msc_tiny/sx_usb_tiny_msc.c ****     log_info(TAG, "Media changed flagged");
 330              		.loc 1 67 5 is_stmt 1 view .LVU61
 331 0006 034A     		ldr	r2, .L25
 332 0008 0349     		ldr	r1, .L25+4
 333 000a 0320     		movs	r0, #3
 334              	.LVL23:
 335              		.loc 1 67 5 is_stmt 0 view .LVU62
 336 000c FFF7FEFF 		bl	log_func
 337              	.LVL24:
  68:SynaptiX_FDK/components/usb_msc_tiny/sx_usb_tiny_msc.c **** }
 338              		.loc 1 68 1 view .LVU63
 339 0010 08BD     		pop	{r3, pc}
 340              	.L26:
 341 0012 00BF     		.align	2
 342              	.L25:
 343 0014 00000000 		.word	.LC7
 344 0018 10000000 		.word	.LC1
 345              		.cfi_endproc
 346              	.LFE643:
 348              		.section	.rodata.sx_usb_tiny_msc_load.str1.4,"aMS",%progbits,1
 349              		.align	2
 350              	.LC8:
 351 0000 496E7661 		.ascii	"Invalid block count\000"
 351      6C696420 
 351      626C6F63 
 351      6B20636F 
 351      756E7400 
 352              		.align	2
 353              	.LC9:
 354 0014 4469736B 		.ascii	"Disk loaded: %lu blocks (%lu bytes)\000"
 354      206C6F61 
 354      6465643A 
 354      20256C75 
 354      20626C6F 
 355              		.section	.text.sx_usb_tiny_msc_load,"ax",%progbits
ARM GAS  C:\Users\LENOVO\AppData\Local\Temp\ccSXW3LS.s 			page 9


 356              		.align	1
 357              		.global	sx_usb_tiny_msc_load
 358              		.syntax unified
 359              		.thumb
 360              		.thumb_func
 362              	sx_usb_tiny_msc_load:
 363              	.LVL25:
 364              	.LFB644:
  69:SynaptiX_FDK/components/usb_msc_tiny/sx_usb_tiny_msc.c **** 
  70:SynaptiX_FDK/components/usb_msc_tiny/sx_usb_tiny_msc.c **** void sx_usb_tiny_msc_load(sx_usb_tiny_msc_t *msc, uint32_t block_count)
  71:SynaptiX_FDK/components/usb_msc_tiny/sx_usb_tiny_msc.c **** {
 365              		.loc 1 71 1 is_stmt 1 view -0
 366              		.cfi_startproc
 367              		@ args = 0, pretend = 0, frame = 0
 368              		@ frame_needed = 0, uses_anonymous_args = 0
 369              		.loc 1 71 1 is_stmt 0 view .LVU65
 370 0000 00B5     		push	{lr}
 371              	.LCFI4:
 372              		.cfi_def_cfa_offset 4
 373              		.cfi_offset 14, -4
 374 0002 83B0     		sub	sp, sp, #12
 375              	.LCFI5:
 376              		.cfi_def_cfa_offset 16
  72:SynaptiX_FDK/components/usb_msc_tiny/sx_usb_tiny_msc.c ****     if (block_count == 0) {
 377              		.loc 1 72 5 is_stmt 1 view .LVU66
 378              		.loc 1 72 8 is_stmt 0 view .LVU67
 379 0004 59B1     		cbz	r1, .L31
 380 0006 0B46     		mov	r3, r1
  73:SynaptiX_FDK/components/usb_msc_tiny/sx_usb_tiny_msc.c ****         log_error(TAG, "Invalid block count");
  74:SynaptiX_FDK/components/usb_msc_tiny/sx_usb_tiny_msc.c ****         return;
  75:SynaptiX_FDK/components/usb_msc_tiny/sx_usb_tiny_msc.c ****     }
  76:SynaptiX_FDK/components/usb_msc_tiny/sx_usb_tiny_msc.c ****     msc->block_count = block_count;
 381              		.loc 1 76 5 is_stmt 1 view .LVU68
 382              		.loc 1 76 22 is_stmt 0 view .LVU69
 383 0008 0160     		str	r1, [r0]
  77:SynaptiX_FDK/components/usb_msc_tiny/sx_usb_tiny_msc.c ****     log_info(TAG, "Disk loaded: %lu blocks (%lu bytes)",
 384              		.loc 1 77 5 is_stmt 1 view .LVU70
 385 000a 4A02     		lsls	r2, r1, #9
 386 000c 0092     		str	r2, [sp]
 387 000e 074A     		ldr	r2, .L32
 388 0010 0749     		ldr	r1, .L32+4
 389              	.LVL26:
 390              		.loc 1 77 5 is_stmt 0 view .LVU71
 391 0012 0320     		movs	r0, #3
 392              	.LVL27:
 393              		.loc 1 77 5 view .LVU72
 394 0014 FFF7FEFF 		bl	log_func
 395              	.LVL28:
 396              	.L27:
  78:SynaptiX_FDK/components/usb_msc_tiny/sx_usb_tiny_msc.c ****              block_count, block_count * SX_MSC_BLOCK_SIZE);
  79:SynaptiX_FDK/components/usb_msc_tiny/sx_usb_tiny_msc.c **** }
 397              		.loc 1 79 1 view .LVU73
 398 0018 03B0     		add	sp, sp, #12
 399              	.LCFI6:
 400              		.cfi_remember_state
 401              		.cfi_def_cfa_offset 4
 402              		@ sp needed
ARM GAS  C:\Users\LENOVO\AppData\Local\Temp\ccSXW3LS.s 			page 10


 403 001a 5DF804FB 		ldr	pc, [sp], #4
 404              	.LVL29:
 405              	.L31:
 406              	.LCFI7:
 407              		.cfi_restore_state
  73:SynaptiX_FDK/components/usb_msc_tiny/sx_usb_tiny_msc.c ****         return;
 408              		.loc 1 73 9 is_stmt 1 view .LVU74
 409 001e 054A     		ldr	r2, .L32+8
 410 0020 0349     		ldr	r1, .L32+4
 411              	.LVL30:
  73:SynaptiX_FDK/components/usb_msc_tiny/sx_usb_tiny_msc.c ****         return;
 412              		.loc 1 73 9 is_stmt 0 view .LVU75
 413 0022 0120     		movs	r0, #1
 414              	.LVL31:
  73:SynaptiX_FDK/components/usb_msc_tiny/sx_usb_tiny_msc.c ****         return;
 415              		.loc 1 73 9 view .LVU76
 416 0024 FFF7FEFF 		bl	log_func
 417              	.LVL32:
  74:SynaptiX_FDK/components/usb_msc_tiny/sx_usb_tiny_msc.c ****     }
 418              		.loc 1 74 9 is_stmt 1 view .LVU77
 419 0028 F6E7     		b	.L27
 420              	.L33:
 421 002a 00BF     		.align	2
 422              	.L32:
 423 002c 14000000 		.word	.LC9
 424 0030 10000000 		.word	.LC1
 425 0034 00000000 		.word	.LC8
 426              		.cfi_endproc
 427              	.LFE644:
 429              		.section	.text.sx_usb_tiny_msc_disconnect,"ax",%progbits
 430              		.align	1
 431              		.global	sx_usb_tiny_msc_disconnect
 432              		.syntax unified
 433              		.thumb
 434              		.thumb_func
 436              	sx_usb_tiny_msc_disconnect:
 437              	.LFB645:
  80:SynaptiX_FDK/components/usb_msc_tiny/sx_usb_tiny_msc.c **** 
  81:SynaptiX_FDK/components/usb_msc_tiny/sx_usb_tiny_msc.c **** void sx_usb_tiny_msc_disconnect(void) { tud_disconnect(); }
 438              		.loc 1 81 39 view -0
 439              		.cfi_startproc
 440              		@ args = 0, pretend = 0, frame = 0
 441              		@ frame_needed = 0, uses_anonymous_args = 0
 442 0000 08B5     		push	{r3, lr}
 443              	.LCFI8:
 444              		.cfi_def_cfa_offset 8
 445              		.cfi_offset 3, -8
 446              		.cfi_offset 14, -4
 447              		.loc 1 81 41 view .LVU79
 448 0002 FFF7FEFF 		bl	tud_disconnect
 449              	.LVL33:
 450              		.loc 1 81 59 is_stmt 0 view .LVU80
 451 0006 08BD     		pop	{r3, pc}
 452              		.cfi_endproc
 453              	.LFE645:
 455              		.section	.text.sx_usb_tiny_msc_connect,"ax",%progbits
 456              		.align	1
ARM GAS  C:\Users\LENOVO\AppData\Local\Temp\ccSXW3LS.s 			page 11


 457              		.global	sx_usb_tiny_msc_connect
 458              		.syntax unified
 459              		.thumb
 460              		.thumb_func
 462              	sx_usb_tiny_msc_connect:
 463              	.LFB646:
  82:SynaptiX_FDK/components/usb_msc_tiny/sx_usb_tiny_msc.c **** void sx_usb_tiny_msc_connect(void)    { tud_connect();    }
 464              		.loc 1 82 39 is_stmt 1 view -0
 465              		.cfi_startproc
 466              		@ args = 0, pretend = 0, frame = 0
 467              		@ frame_needed = 0, uses_anonymous_args = 0
 468 0000 08B5     		push	{r3, lr}
 469              	.LCFI9:
 470              		.cfi_def_cfa_offset 8
 471              		.cfi_offset 3, -8
 472              		.cfi_offset 14, -4
 473              		.loc 1 82 41 view .LVU82
 474 0002 FFF7FEFF 		bl	tud_connect
 475              	.LVL34:
 476              		.loc 1 82 59 is_stmt 0 view .LVU83
 477 0006 08BD     		pop	{r3, pc}
 478              		.cfi_endproc
 479              	.LFE646:
 481              		.section	.rodata.tud_msc_inquiry2_cb.str1.4,"aMS",%progbits,1
 482              		.align	2
 483              	.LC10:
 484 0000 53796E61 		.ascii	"SynaptiX\000"
 484      70746958 
 484      00
 485 0009 000000   		.align	2
 486              	.LC11:
 487 000c 54726163 		.ascii	"Tracking Storage\000"
 487      6B696E67 
 487      2053746F 
 487      72616765 
 487      00
 488 001d 000000   		.align	2
 489              	.LC12:
 490 0020 312E3020 		.ascii	"1.0 \000"
 490      00
 491              		.section	.text.tud_msc_inquiry2_cb,"ax",%progbits
 492              		.align	1
 493              		.global	tud_msc_inquiry2_cb
 494              		.syntax unified
 495              		.thumb
 496              		.thumb_func
 498              	tud_msc_inquiry2_cb:
 499              	.LVL35:
 500              	.LFB647:
  83:SynaptiX_FDK/components/usb_msc_tiny/sx_usb_tiny_msc.c **** 
  84:SynaptiX_FDK/components/usb_msc_tiny/sx_usb_tiny_msc.c **** 
  85:SynaptiX_FDK/components/usb_msc_tiny/sx_usb_tiny_msc.c **** uint32_t tud_msc_inquiry2_cb(uint8_t lun, scsi_inquiry_resp_t *resp, uint32_t bufsize)
  86:SynaptiX_FDK/components/usb_msc_tiny/sx_usb_tiny_msc.c **** {
 501              		.loc 1 86 1 is_stmt 1 view -0
 502              		.cfi_startproc
 503              		@ args = 0, pretend = 0, frame = 0
 504              		@ frame_needed = 0, uses_anonymous_args = 0
ARM GAS  C:\Users\LENOVO\AppData\Local\Temp\ccSXW3LS.s 			page 12


 505              		@ link register save eliminated.
 506              		.loc 1 86 1 is_stmt 0 view .LVU85
 507 0000 10B4     		push	{r4}
 508              	.LCFI10:
 509              		.cfi_def_cfa_offset 4
 510              		.cfi_offset 4, -4
 511 0002 8C46     		mov	ip, r1
  87:SynaptiX_FDK/components/usb_msc_tiny/sx_usb_tiny_msc.c ****     (void)lun; (void)bufsize;
 512              		.loc 1 87 5 is_stmt 1 view .LVU86
 513              		.loc 1 87 16 view .LVU87
  88:SynaptiX_FDK/components/usb_msc_tiny/sx_usb_tiny_msc.c ****     memcpy(resp->vendor_id,   "SynaptiX",         8);
 514              		.loc 1 88 5 view .LVU88
 515 0004 0B4B     		ldr	r3, .L40
 516 0006 03CB     		ldmia	r3!, {r0, r1}
 517              	.LVL36:
 518              		.loc 1 88 5 is_stmt 0 view .LVU89
 519 0008 CCF80800 		str	r0, [ip, #8]	@ unaligned
 520 000c CCF80C10 		str	r1, [ip, #12]	@ unaligned
  89:SynaptiX_FDK/components/usb_msc_tiny/sx_usb_tiny_msc.c ****     memcpy(resp->product_id,  "Tracking Storage", 16);
 521              		.loc 1 89 5 is_stmt 1 view .LVU90
 522 0010 094C     		ldr	r4, .L40+4
 523 0012 0FCC     		ldmia	r4!, {r0, r1, r2, r3}
 524              	.LVL37:
 525              		.loc 1 89 5 is_stmt 0 view .LVU91
 526 0014 CCF81000 		str	r0, [ip, #16]	@ unaligned
 527 0018 CCF81410 		str	r1, [ip, #20]	@ unaligned
 528 001c CCF81820 		str	r2, [ip, #24]	@ unaligned
 529 0020 CCF81C30 		str	r3, [ip, #28]	@ unaligned
  90:SynaptiX_FDK/components/usb_msc_tiny/sx_usb_tiny_msc.c ****     memcpy(resp->product_rev, "1.0 ",              4);
 530              		.loc 1 90 5 is_stmt 1 view .LVU92
 531 0024 054B     		ldr	r3, .L40+8
 532 0026 1868     		ldr	r0, [r3]
 533 0028 CCF82000 		str	r0, [ip, #32]	@ unaligned
  91:SynaptiX_FDK/components/usb_msc_tiny/sx_usb_tiny_msc.c ****     return sizeof(scsi_inquiry_resp_t);
 534              		.loc 1 91 5 view .LVU93
  92:SynaptiX_FDK/components/usb_msc_tiny/sx_usb_tiny_msc.c **** }
 535              		.loc 1 92 1 is_stmt 0 view .LVU94
 536 002c 2420     		movs	r0, #36
 537 002e 5DF8044B 		ldr	r4, [sp], #4
 538              	.LCFI11:
 539              		.cfi_restore 4
 540              		.cfi_def_cfa_offset 0
 541 0032 7047     		bx	lr
 542              	.L41:
 543              		.align	2
 544              	.L40:
 545 0034 00000000 		.word	.LC10
 546 0038 0C000000 		.word	.LC11
 547 003c 20000000 		.word	.LC12
 548              		.cfi_endproc
 549              	.LFE647:
 551              		.section	.rodata.tud_msc_test_unit_ready_cb.str1.4,"aMS",%progbits,1
 552              		.align	2
 553              	.LC13:
 554 0000 554E4954 		.ascii	"UNIT_ATTENTION: media changed\000"
 554      5F415454 
 554      454E5449 
ARM GAS  C:\Users\LENOVO\AppData\Local\Temp\ccSXW3LS.s 			page 13


 554      4F4E3A20 
 554      6D656469 
 555              		.section	.text.tud_msc_test_unit_ready_cb,"ax",%progbits
 556              		.align	1
 557              		.global	tud_msc_test_unit_ready_cb
 558              		.syntax unified
 559              		.thumb
 560              		.thumb_func
 562              	tud_msc_test_unit_ready_cb:
 563              	.LVL38:
 564              	.LFB648:
  93:SynaptiX_FDK/components/usb_msc_tiny/sx_usb_tiny_msc.c **** 
  94:SynaptiX_FDK/components/usb_msc_tiny/sx_usb_tiny_msc.c **** bool tud_msc_test_unit_ready_cb(uint8_t lun)
  95:SynaptiX_FDK/components/usb_msc_tiny/sx_usb_tiny_msc.c **** {
 565              		.loc 1 95 1 is_stmt 1 view -0
 566              		.cfi_startproc
 567              		@ args = 0, pretend = 0, frame = 0
 568              		@ frame_needed = 0, uses_anonymous_args = 0
 569              		.loc 1 95 1 is_stmt 0 view .LVU96
 570 0000 70B5     		push	{r4, r5, r6, lr}
 571              	.LCFI12:
 572              		.cfi_def_cfa_offset 16
 573              		.cfi_offset 4, -16
 574              		.cfi_offset 5, -12
 575              		.cfi_offset 6, -8
 576              		.cfi_offset 14, -4
 577 0002 0546     		mov	r5, r0
  96:SynaptiX_FDK/components/usb_msc_tiny/sx_usb_tiny_msc.c ****     (void)lun;
 578              		.loc 1 96 5 is_stmt 1 view .LVU97
  97:SynaptiX_FDK/components/usb_msc_tiny/sx_usb_tiny_msc.c ****     if (s_msc == NULL || !sx_usb_tiny_msc_is_active(s_msc))
 579              		.loc 1 97 5 view .LVU98
 580              		.loc 1 97 15 is_stmt 0 view .LVU99
 581 0004 134B     		ldr	r3, .L50
 582 0006 1C68     		ldr	r4, [r3]
 583              		.loc 1 97 8 view .LVU100
 584 0008 4CB1     		cbz	r4, .L43
 585              		.loc 1 97 27 discriminator 1 view .LVU101
 586 000a 2046     		mov	r0, r4
 587              	.LVL39:
 588              		.loc 1 97 27 discriminator 1 view .LVU102
 589 000c FFF7FEFF 		bl	sx_usb_tiny_msc_is_active
 590              	.LVL40:
 591              		.loc 1 97 23 discriminator 1 view .LVU103
 592 0010 28B1     		cbz	r0, .L43
  98:SynaptiX_FDK/components/usb_msc_tiny/sx_usb_tiny_msc.c ****         return tud_msc_set_sense(lun, SCSI_SENSE_NOT_READY, 0x3A, 0x00);
  99:SynaptiX_FDK/components/usb_msc_tiny/sx_usb_tiny_msc.c **** 
 100:SynaptiX_FDK/components/usb_msc_tiny/sx_usb_tiny_msc.c ****     if (s_msc->state == SX_MSC_STATE_BUILDING)
 593              		.loc 1 100 5 is_stmt 1 view .LVU104
 594              		.loc 1 100 14 is_stmt 0 view .LVU105
 595 0012 2379     		ldrb	r3, [r4, #4]	@ zero_extendqisi2
 596              		.loc 1 100 8 view .LVU106
 597 0014 012B     		cmp	r3, #1
 598 0016 09D0     		beq	.L48
 101:SynaptiX_FDK/components/usb_msc_tiny/sx_usb_tiny_msc.c ****         return tud_msc_set_sense(lun, SCSI_SENSE_NOT_READY, 0x04, 0x01);
 102:SynaptiX_FDK/components/usb_msc_tiny/sx_usb_tiny_msc.c **** 
 103:SynaptiX_FDK/components/usb_msc_tiny/sx_usb_tiny_msc.c ****     if (s_msc->media_changed) {
 599              		.loc 1 103 5 is_stmt 1 view .LVU107
ARM GAS  C:\Users\LENOVO\AppData\Local\Temp\ccSXW3LS.s 			page 14


 600              		.loc 1 103 14 is_stmt 0 view .LVU108
 601 0018 6379     		ldrb	r3, [r4, #5]	@ zero_extendqisi2
 602              		.loc 1 103 8 view .LVU109
 603 001a 6BB9     		cbnz	r3, .L49
 604              	.L45:
 104:SynaptiX_FDK/components/usb_msc_tiny/sx_usb_tiny_msc.c ****         s_msc->media_changed = false;
 105:SynaptiX_FDK/components/usb_msc_tiny/sx_usb_tiny_msc.c ****         log_info(TAG, "UNIT_ATTENTION: media changed");
 106:SynaptiX_FDK/components/usb_msc_tiny/sx_usb_tiny_msc.c ****         return tud_msc_set_sense(lun, SCSI_SENSE_UNIT_ATTENTION, 0x28, 0x00);
 107:SynaptiX_FDK/components/usb_msc_tiny/sx_usb_tiny_msc.c ****     }
 108:SynaptiX_FDK/components/usb_msc_tiny/sx_usb_tiny_msc.c ****     return true;
 109:SynaptiX_FDK/components/usb_msc_tiny/sx_usb_tiny_msc.c **** }
 605              		.loc 1 109 1 view .LVU110
 606 001c 70BD     		pop	{r4, r5, r6, pc}
 607              	.LVL41:
 608              	.L43:
  98:SynaptiX_FDK/components/usb_msc_tiny/sx_usb_tiny_msc.c **** 
 609              		.loc 1 98 9 is_stmt 1 view .LVU111
  98:SynaptiX_FDK/components/usb_msc_tiny/sx_usb_tiny_msc.c **** 
 610              		.loc 1 98 16 is_stmt 0 view .LVU112
 611 001e 0023     		movs	r3, #0
 612 0020 3A22     		movs	r2, #58
 613 0022 0221     		movs	r1, #2
 614 0024 2846     		mov	r0, r5
 615 0026 FFF7FEFF 		bl	tud_msc_set_sense
 616              	.LVL42:
 617 002a F7E7     		b	.L45
 618              	.L48:
 101:SynaptiX_FDK/components/usb_msc_tiny/sx_usb_tiny_msc.c ****         return tud_msc_set_sense(lun, SCSI_SENSE_NOT_READY, 0x04, 0x01);
 619              		.loc 1 101 9 is_stmt 1 view .LVU113
 101:SynaptiX_FDK/components/usb_msc_tiny/sx_usb_tiny_msc.c ****         return tud_msc_set_sense(lun, SCSI_SENSE_NOT_READY, 0x04, 0x01);
 620              		.loc 1 101 16 is_stmt 0 view .LVU114
 621 002c 0422     		movs	r2, #4
 622 002e 0221     		movs	r1, #2
 623 0030 2846     		mov	r0, r5
 624 0032 FFF7FEFF 		bl	tud_msc_set_sense
 625              	.LVL43:
 626 0036 F1E7     		b	.L45
 627              	.L49:
 104:SynaptiX_FDK/components/usb_msc_tiny/sx_usb_tiny_msc.c ****         s_msc->media_changed = false;
 628              		.loc 1 104 9 is_stmt 1 view .LVU115
 104:SynaptiX_FDK/components/usb_msc_tiny/sx_usb_tiny_msc.c ****         s_msc->media_changed = false;
 629              		.loc 1 104 30 is_stmt 0 view .LVU116
 630 0038 0026     		movs	r6, #0
 631 003a 6671     		strb	r6, [r4, #5]
 105:SynaptiX_FDK/components/usb_msc_tiny/sx_usb_tiny_msc.c ****         return tud_msc_set_sense(lun, SCSI_SENSE_UNIT_ATTENTION, 0x28, 0x00);
 632              		.loc 1 105 9 is_stmt 1 view .LVU117
 633 003c 064A     		ldr	r2, .L50+4
 634 003e 0749     		ldr	r1, .L50+8
 635 0040 0320     		movs	r0, #3
 636 0042 FFF7FEFF 		bl	log_func
 637              	.LVL44:
 106:SynaptiX_FDK/components/usb_msc_tiny/sx_usb_tiny_msc.c ****     }
 638              		.loc 1 106 9 view .LVU118
 106:SynaptiX_FDK/components/usb_msc_tiny/sx_usb_tiny_msc.c ****     }
 639              		.loc 1 106 16 is_stmt 0 view .LVU119
 640 0046 3346     		mov	r3, r6
 641 0048 2822     		movs	r2, #40
ARM GAS  C:\Users\LENOVO\AppData\Local\Temp\ccSXW3LS.s 			page 15


 642 004a 0621     		movs	r1, #6
 643 004c 2846     		mov	r0, r5
 644 004e FFF7FEFF 		bl	tud_msc_set_sense
 645              	.LVL45:
 646 0052 E3E7     		b	.L45
 647              	.L51:
 648              		.align	2
 649              	.L50:
 650 0054 00000000 		.word	s_msc
 651 0058 00000000 		.word	.LC13
 652 005c 10000000 		.word	.LC1
 653              		.cfi_endproc
 654              	.LFE648:
 656              		.section	.text.tud_msc_capacity_cb,"ax",%progbits
 657              		.align	1
 658              		.global	tud_msc_capacity_cb
 659              		.syntax unified
 660              		.thumb
 661              		.thumb_func
 663              	tud_msc_capacity_cb:
 664              	.LVL46:
 665              	.LFB649:
 110:SynaptiX_FDK/components/usb_msc_tiny/sx_usb_tiny_msc.c **** 
 111:SynaptiX_FDK/components/usb_msc_tiny/sx_usb_tiny_msc.c **** void tud_msc_capacity_cb(uint8_t lun, uint32_t *block_count, uint16_t *block_size)
 112:SynaptiX_FDK/components/usb_msc_tiny/sx_usb_tiny_msc.c **** {
 666              		.loc 1 112 1 is_stmt 1 view -0
 667              		.cfi_startproc
 668              		@ args = 0, pretend = 0, frame = 0
 669              		@ frame_needed = 0, uses_anonymous_args = 0
 670              		@ link register save eliminated.
 113:SynaptiX_FDK/components/usb_msc_tiny/sx_usb_tiny_msc.c ****     (void)lun;
 671              		.loc 1 113 5 view .LVU121
 114:SynaptiX_FDK/components/usb_msc_tiny/sx_usb_tiny_msc.c ****     *block_count = (s_msc != NULL) ? s_msc->block_count : 0;
 672              		.loc 1 114 5 view .LVU122
 673              		.loc 1 114 27 is_stmt 0 view .LVU123
 674 0000 054B     		ldr	r3, .L55
 675 0002 1B68     		ldr	r3, [r3]
 676              		.loc 1 114 57 view .LVU124
 677 0004 2BB1     		cbz	r3, .L54
 678              		.loc 1 114 57 discriminator 1 view .LVU125
 679 0006 1B68     		ldr	r3, [r3]
 680              	.L53:
 681              		.loc 1 114 18 discriminator 4 view .LVU126
 682 0008 0B60     		str	r3, [r1]
 115:SynaptiX_FDK/components/usb_msc_tiny/sx_usb_tiny_msc.c ****     *block_size  = SX_MSC_BLOCK_SIZE;
 683              		.loc 1 115 5 is_stmt 1 view .LVU127
 684              		.loc 1 115 18 is_stmt 0 view .LVU128
 685 000a 4FF40073 		mov	r3, #512
 686 000e 1380     		strh	r3, [r2]	@ movhi
 116:SynaptiX_FDK/components/usb_msc_tiny/sx_usb_tiny_msc.c **** }
 687              		.loc 1 116 1 view .LVU129
 688 0010 7047     		bx	lr
 689              	.L54:
 114:SynaptiX_FDK/components/usb_msc_tiny/sx_usb_tiny_msc.c ****     *block_count = (s_msc != NULL) ? s_msc->block_count : 0;
 690              		.loc 1 114 57 discriminator 2 view .LVU130
 691 0012 0023     		movs	r3, #0
 692 0014 F8E7     		b	.L53
ARM GAS  C:\Users\LENOVO\AppData\Local\Temp\ccSXW3LS.s 			page 16


 693              	.L56:
 694 0016 00BF     		.align	2
 695              	.L55:
 696 0018 00000000 		.word	s_msc
 697              		.cfi_endproc
 698              	.LFE649:
 700              		.section	.text.tud_msc_is_writable_cb,"ax",%progbits
 701              		.align	1
 702              		.global	tud_msc_is_writable_cb
 703              		.syntax unified
 704              		.thumb
 705              		.thumb_func
 707              	tud_msc_is_writable_cb:
 708              	.LVL47:
 709              	.LFB650:
 117:SynaptiX_FDK/components/usb_msc_tiny/sx_usb_tiny_msc.c **** 
 118:SynaptiX_FDK/components/usb_msc_tiny/sx_usb_tiny_msc.c **** bool tud_msc_is_writable_cb(uint8_t lun)  { (void)lun; return true; }
 710              		.loc 1 118 43 is_stmt 1 view -0
 711              		.cfi_startproc
 712              		@ args = 0, pretend = 0, frame = 0
 713              		@ frame_needed = 0, uses_anonymous_args = 0
 714              		@ link register save eliminated.
 715              		.loc 1 118 45 view .LVU132
 716              		.loc 1 118 56 view .LVU133
 717              		.loc 1 118 69 is_stmt 0 view .LVU134
 718 0000 0120     		movs	r0, #1
 719              	.LVL48:
 720              		.loc 1 118 69 view .LVU135
 721 0002 7047     		bx	lr
 722              		.cfi_endproc
 723              	.LFE650:
 725              		.section	.rodata.tud_msc_start_stop_cb.str1.4,"aMS",%progbits,1
 726              		.align	2
 727              	.LC14:
 728 0000 486F7374 		.ascii	"Host ejected disk \342\200\224 cache flushed\000"
 728      20656A65 
 728      63746564 
 728      20646973 
 728      6B20E280 
 729              		.section	.text.tud_msc_start_stop_cb,"ax",%progbits
 730              		.align	1
 731              		.global	tud_msc_start_stop_cb
 732              		.syntax unified
 733              		.thumb
 734              		.thumb_func
 736              	tud_msc_start_stop_cb:
 737              	.LVL49:
 738              	.LFB651:
 119:SynaptiX_FDK/components/usb_msc_tiny/sx_usb_tiny_msc.c **** 
 120:SynaptiX_FDK/components/usb_msc_tiny/sx_usb_tiny_msc.c **** bool tud_msc_start_stop_cb(uint8_t lun, uint8_t power_condition, bool start, bool load_eject)
 121:SynaptiX_FDK/components/usb_msc_tiny/sx_usb_tiny_msc.c **** {
 739              		.loc 1 121 1 is_stmt 1 view -0
 740              		.cfi_startproc
 741              		@ args = 0, pretend = 0, frame = 0
 742              		@ frame_needed = 0, uses_anonymous_args = 0
 122:SynaptiX_FDK/components/usb_msc_tiny/sx_usb_tiny_msc.c ****     (void)lun; (void)power_condition;
 743              		.loc 1 122 5 view .LVU137
ARM GAS  C:\Users\LENOVO\AppData\Local\Temp\ccSXW3LS.s 			page 17


 744              		.loc 1 122 16 view .LVU138
 123:SynaptiX_FDK/components/usb_msc_tiny/sx_usb_tiny_msc.c ****     if (load_eject && !start && s_msc != NULL) {
 745              		.loc 1 123 5 view .LVU139
 746              		.loc 1 123 8 is_stmt 0 view .LVU140
 747 0000 93B1     		cbz	r3, .L61
 748              		.loc 1 123 20 discriminator 1 view .LVU141
 749 0002 8AB9     		cbnz	r2, .L61
 121:SynaptiX_FDK/components/usb_msc_tiny/sx_usb_tiny_msc.c ****     (void)lun; (void)power_condition;
 750              		.loc 1 121 1 view .LVU142
 751 0004 08B5     		push	{r3, lr}
 752              	.LCFI13:
 753              		.cfi_def_cfa_offset 8
 754              		.cfi_offset 3, -8
 755              		.cfi_offset 14, -4
 756              		.loc 1 123 39 discriminator 2 view .LVU143
 757 0006 094B     		ldr	r3, .L64
 758              	.LVL50:
 759              		.loc 1 123 39 discriminator 2 view .LVU144
 760 0008 1B68     		ldr	r3, [r3]
 761              		.loc 1 123 30 discriminator 2 view .LVU145
 762 000a 5BB1     		cbz	r3, .L59
 124:SynaptiX_FDK/components/usb_msc_tiny/sx_usb_tiny_msc.c ****         /* Host ejected — flush any pending write cache */
 125:SynaptiX_FDK/components/usb_msc_tiny/sx_usb_tiny_msc.c ****         disk_ioctl(0, CTRL_SYNC, NULL);
 763              		.loc 1 125 9 is_stmt 1 view .LVU146
 764 000c 1146     		mov	r1, r2
 765              	.LVL51:
 766              		.loc 1 125 9 is_stmt 0 view .LVU147
 767 000e 1046     		mov	r0, r2
 768              	.LVL52:
 769              		.loc 1 125 9 view .LVU148
 770 0010 FFF7FEFF 		bl	disk_ioctl
 771              	.LVL53:
 126:SynaptiX_FDK/components/usb_msc_tiny/sx_usb_tiny_msc.c ****         s_msc->state = SX_MSC_STATE_EJECTED;
 772              		.loc 1 126 9 is_stmt 1 view .LVU149
 773              		.loc 1 126 14 is_stmt 0 view .LVU150
 774 0014 054B     		ldr	r3, .L64
 775 0016 1B68     		ldr	r3, [r3]
 776              		.loc 1 126 22 view .LVU151
 777 0018 0320     		movs	r0, #3
 778 001a 1871     		strb	r0, [r3, #4]
 127:SynaptiX_FDK/components/usb_msc_tiny/sx_usb_tiny_msc.c ****         log_info(TAG, "Host ejected disk — cache flushed");
 779              		.loc 1 127 9 is_stmt 1 view .LVU152
 780 001c 044A     		ldr	r2, .L64+4
 781 001e 0549     		ldr	r1, .L64+8
 782 0020 FFF7FEFF 		bl	log_func
 783              	.LVL54:
 784              	.L59:
 128:SynaptiX_FDK/components/usb_msc_tiny/sx_usb_tiny_msc.c ****     }
 129:SynaptiX_FDK/components/usb_msc_tiny/sx_usb_tiny_msc.c ****     return true;
 785              		.loc 1 129 5 view .LVU153
 130:SynaptiX_FDK/components/usb_msc_tiny/sx_usb_tiny_msc.c **** }
 786              		.loc 1 130 1 is_stmt 0 view .LVU154
 787 0024 0120     		movs	r0, #1
 788 0026 08BD     		pop	{r3, pc}
 789              	.LVL55:
 790              	.L61:
 791              	.LCFI14:
ARM GAS  C:\Users\LENOVO\AppData\Local\Temp\ccSXW3LS.s 			page 18


 792              		.cfi_def_cfa_offset 0
 793              		.cfi_restore 3
 794              		.cfi_restore 14
 129:SynaptiX_FDK/components/usb_msc_tiny/sx_usb_tiny_msc.c **** }
 795              		.loc 1 129 5 is_stmt 1 view .LVU155
 796              		.loc 1 130 1 is_stmt 0 view .LVU156
 797 0028 0120     		movs	r0, #1
 798              	.LVL56:
 799              		.loc 1 130 1 view .LVU157
 800 002a 7047     		bx	lr
 801              	.L65:
 802              		.align	2
 803              	.L64:
 804 002c 00000000 		.word	s_msc
 805 0030 00000000 		.word	.LC14
 806 0034 10000000 		.word	.LC1
 807              		.cfi_endproc
 808              	.LFE651:
 810              		.section	.text.tud_msc_read10_cb,"ax",%progbits
 811              		.align	1
 812              		.global	tud_msc_read10_cb
 813              		.syntax unified
 814              		.thumb
 815              		.thumb_func
 817              	tud_msc_read10_cb:
 818              	.LVL57:
 819              	.LFB652:
 131:SynaptiX_FDK/components/usb_msc_tiny/sx_usb_tiny_msc.c **** 
 132:SynaptiX_FDK/components/usb_msc_tiny/sx_usb_tiny_msc.c **** /* READ: flash is memory-mapped, read directly via diskio */
 133:SynaptiX_FDK/components/usb_msc_tiny/sx_usb_tiny_msc.c **** int32_t tud_msc_read10_cb(uint8_t lun, uint32_t lba, uint32_t offset,
 134:SynaptiX_FDK/components/usb_msc_tiny/sx_usb_tiny_msc.c ****                            void *buffer, uint32_t bufsize)
 135:SynaptiX_FDK/components/usb_msc_tiny/sx_usb_tiny_msc.c **** {
 820              		.loc 1 135 1 is_stmt 1 view -0
 821              		.cfi_startproc
 822              		@ args = 4, pretend = 0, frame = 512
 823              		@ frame_needed = 0, uses_anonymous_args = 0
 824              		.loc 1 135 1 is_stmt 0 view .LVU159
 825 0000 70B5     		push	{r4, r5, r6, lr}
 826              	.LCFI15:
 827              		.cfi_def_cfa_offset 16
 828              		.cfi_offset 4, -16
 829              		.cfi_offset 5, -12
 830              		.cfi_offset 6, -8
 831              		.cfi_offset 14, -4
 832 0002 ADF5007D 		sub	sp, sp, #512
 833              	.LCFI16:
 834              		.cfi_def_cfa_offset 528
 835 0006 1D46     		mov	r5, r3
 136:SynaptiX_FDK/components/usb_msc_tiny/sx_usb_tiny_msc.c ****     (void)lun;
 836              		.loc 1 136 5 is_stmt 1 view .LVU160
 137:SynaptiX_FDK/components/usb_msc_tiny/sx_usb_tiny_msc.c ****     if (s_msc == NULL || s_msc->state != SX_MSC_STATE_ACTIVE) return -1;
 837              		.loc 1 137 5 view .LVU161
 838              		.loc 1 137 15 is_stmt 0 view .LVU162
 839 0008 134B     		ldr	r3, .L73
 840              	.LVL58:
 841              		.loc 1 137 15 view .LVU163
 842 000a 1C68     		ldr	r4, [r3]
ARM GAS  C:\Users\LENOVO\AppData\Local\Temp\ccSXW3LS.s 			page 19


 843              		.loc 1 137 8 view .LVU164
 844 000c BCB1     		cbz	r4, .L68
 845 000e 1646     		mov	r6, r2
 846              		.loc 1 137 31 discriminator 2 view .LVU165
 847 0010 2379     		ldrb	r3, [r4, #4]	@ zero_extendqisi2
 848              		.loc 1 137 23 discriminator 2 view .LVU166
 849 0012 022B     		cmp	r3, #2
 850 0014 16D1     		bne	.L69
 138:SynaptiX_FDK/components/usb_msc_tiny/sx_usb_tiny_msc.c ****     if (lba >= s_msc->block_count)                             return -1;
 851              		.loc 1 138 5 is_stmt 1 view .LVU167
 852              		.loc 1 138 21 is_stmt 0 view .LVU168
 853 0016 2368     		ldr	r3, [r4]
 854              		.loc 1 138 8 view .LVU169
 855 0018 8B42     		cmp	r3, r1
 856 001a 16D9     		bls	.L70
 139:SynaptiX_FDK/components/usb_msc_tiny/sx_usb_tiny_msc.c **** 
 140:SynaptiX_FDK/components/usb_msc_tiny/sx_usb_tiny_msc.c ****     /* offset is always 0 in practice but handle it correctly */
 141:SynaptiX_FDK/components/usb_msc_tiny/sx_usb_tiny_msc.c ****     uint8_t  tmp[SX_MSC_BLOCK_SIZE];
 857              		.loc 1 141 5 is_stmt 1 view .LVU170
 142:SynaptiX_FDK/components/usb_msc_tiny/sx_usb_tiny_msc.c ****     DRESULT  res = disk_read(0, tmp, (LBA_t)lba, 1);
 858              		.loc 1 142 5 view .LVU171
 859              		.loc 1 142 20 is_stmt 0 view .LVU172
 860 001c 0123     		movs	r3, #1
 861 001e 0A46     		mov	r2, r1
 862              	.LVL59:
 863              		.loc 1 142 20 view .LVU173
 864 0020 6946     		mov	r1, sp
 865              	.LVL60:
 866              		.loc 1 142 20 view .LVU174
 867 0022 0020     		movs	r0, #0
 868              	.LVL61:
 869              		.loc 1 142 20 view .LVU175
 870 0024 FFF7FEFF 		bl	disk_read
 871              	.LVL62:
 143:SynaptiX_FDK/components/usb_msc_tiny/sx_usb_tiny_msc.c ****     if (res != RES_OK) return -1;
 872              		.loc 1 143 5 is_stmt 1 view .LVU176
 873              		.loc 1 143 8 is_stmt 0 view .LVU177
 874 0028 90B9     		cbnz	r0, .L71
 144:SynaptiX_FDK/components/usb_msc_tiny/sx_usb_tiny_msc.c **** 
 145:SynaptiX_FDK/components/usb_msc_tiny/sx_usb_tiny_msc.c ****     memcpy(buffer, tmp + offset, bufsize);
 875              		.loc 1 145 5 is_stmt 1 view .LVU178
 876 002a 849A     		ldr	r2, [sp, #528]
 877 002c 0DEB0601 		add	r1, sp, r6
 878 0030 2846     		mov	r0, r5
 879              	.LVL63:
 880              		.loc 1 145 5 is_stmt 0 view .LVU179
 881 0032 FFF7FEFF 		bl	memcpy
 882              	.LVL64:
 146:SynaptiX_FDK/components/usb_msc_tiny/sx_usb_tiny_msc.c ****     //log_debug(TAG, "READ  lba=%lu off=%lu size=%lu", lba, offset, bufsize);
 147:SynaptiX_FDK/components/usb_msc_tiny/sx_usb_tiny_msc.c ****     return (int32_t)bufsize;
 883              		.loc 1 147 5 is_stmt 1 view .LVU180
 884              		.loc 1 147 12 is_stmt 0 view .LVU181
 885 0036 8498     		ldr	r0, [sp, #528]
 886              	.LVL65:
 887              	.L66:
 148:SynaptiX_FDK/components/usb_msc_tiny/sx_usb_tiny_msc.c **** }
 888              		.loc 1 148 1 view .LVU182
ARM GAS  C:\Users\LENOVO\AppData\Local\Temp\ccSXW3LS.s 			page 20


 889 0038 0DF5007D 		add	sp, sp, #512
 890              	.LCFI17:
 891              		.cfi_remember_state
 892              		.cfi_def_cfa_offset 16
 893              		@ sp needed
 894 003c 70BD     		pop	{r4, r5, r6, pc}
 895              	.LVL66:
 896              	.L68:
 897              	.LCFI18:
 898              		.cfi_restore_state
 137:SynaptiX_FDK/components/usb_msc_tiny/sx_usb_tiny_msc.c ****     if (lba >= s_msc->block_count)                             return -1;
 899              		.loc 1 137 70 discriminator 3 view .LVU183
 900 003e 4FF0FF30 		mov	r0, #-1
 901              	.LVL67:
 137:SynaptiX_FDK/components/usb_msc_tiny/sx_usb_tiny_msc.c ****     if (lba >= s_msc->block_count)                             return -1;
 902              		.loc 1 137 70 discriminator 3 view .LVU184
 903 0042 F9E7     		b	.L66
 904              	.LVL68:
 905              	.L69:
 137:SynaptiX_FDK/components/usb_msc_tiny/sx_usb_tiny_msc.c ****     if (lba >= s_msc->block_count)                             return -1;
 906              		.loc 1 137 70 discriminator 3 view .LVU185
 907 0044 4FF0FF30 		mov	r0, #-1
 908              	.LVL69:
 137:SynaptiX_FDK/components/usb_msc_tiny/sx_usb_tiny_msc.c ****     if (lba >= s_msc->block_count)                             return -1;
 909              		.loc 1 137 70 discriminator 3 view .LVU186
 910 0048 F6E7     		b	.L66
 911              	.LVL70:
 912              	.L70:
 138:SynaptiX_FDK/components/usb_msc_tiny/sx_usb_tiny_msc.c **** 
 913              		.loc 1 138 71 discriminator 1 view .LVU187
 914 004a 4FF0FF30 		mov	r0, #-1
 915              	.LVL71:
 138:SynaptiX_FDK/components/usb_msc_tiny/sx_usb_tiny_msc.c **** 
 916              		.loc 1 138 71 discriminator 1 view .LVU188
 917 004e F3E7     		b	.L66
 918              	.LVL72:
 919              	.L71:
 143:SynaptiX_FDK/components/usb_msc_tiny/sx_usb_tiny_msc.c **** 
 920              		.loc 1 143 31 discriminator 1 view .LVU189
 921 0050 4FF0FF30 		mov	r0, #-1
 922              	.LVL73:
 143:SynaptiX_FDK/components/usb_msc_tiny/sx_usb_tiny_msc.c **** 
 923              		.loc 1 143 31 discriminator 1 view .LVU190
 924 0054 F0E7     		b	.L66
 925              	.L74:
 926 0056 00BF     		.align	2
 927              	.L73:
 928 0058 00000000 		.word	s_msc
 929              		.cfi_endproc
 930              	.LFE652:
 932              		.section	.text.tud_msc_write10_cb,"ax",%progbits
 933              		.align	1
 934              		.global	tud_msc_write10_cb
 935              		.syntax unified
 936              		.thumb
 937              		.thumb_func
 939              	tud_msc_write10_cb:
ARM GAS  C:\Users\LENOVO\AppData\Local\Temp\ccSXW3LS.s 			page 21


 940              	.LVL74:
 941              	.LFB653:
 149:SynaptiX_FDK/components/usb_msc_tiny/sx_usb_tiny_msc.c **** 
 150:SynaptiX_FDK/components/usb_msc_tiny/sx_usb_tiny_msc.c **** int32_t tud_msc_write10_cb(uint8_t lun, uint32_t lba, uint32_t offset,
 151:SynaptiX_FDK/components/usb_msc_tiny/sx_usb_tiny_msc.c ****                             uint8_t *buffer, uint32_t bufsize)
 152:SynaptiX_FDK/components/usb_msc_tiny/sx_usb_tiny_msc.c **** {
 942              		.loc 1 152 1 is_stmt 1 view -0
 943              		.cfi_startproc
 944              		@ args = 4, pretend = 0, frame = 0
 945              		@ frame_needed = 0, uses_anonymous_args = 0
 946              		.loc 1 152 1 is_stmt 0 view .LVU192
 947 0000 F8B5     		push	{r3, r4, r5, r6, r7, lr}
 948              	.LCFI19:
 949              		.cfi_def_cfa_offset 24
 950              		.cfi_offset 3, -24
 951              		.cfi_offset 4, -20
 952              		.cfi_offset 5, -16
 953              		.cfi_offset 6, -12
 954              		.cfi_offset 7, -8
 955              		.cfi_offset 14, -4
 956 0002 1446     		mov	r4, r2
 957 0004 069D     		ldr	r5, [sp, #24]
 153:SynaptiX_FDK/components/usb_msc_tiny/sx_usb_tiny_msc.c ****     (void)lun;
 958              		.loc 1 153 5 is_stmt 1 view .LVU193
 154:SynaptiX_FDK/components/usb_msc_tiny/sx_usb_tiny_msc.c ****     if (s_msc == NULL || s_msc->state != SX_MSC_STATE_ACTIVE) return -1;
 959              		.loc 1 154 5 view .LVU194
 960              		.loc 1 154 15 is_stmt 0 view .LVU195
 961 0006 1E4A     		ldr	r2, .L86
 962              	.LVL75:
 963              		.loc 1 154 15 view .LVU196
 964 0008 1268     		ldr	r2, [r2]
 965              		.loc 1 154 8 view .LVU197
 966 000a 7AB3     		cbz	r2, .L79
 967 000c 0E46     		mov	r6, r1
 968 000e 1F46     		mov	r7, r3
 969              		.loc 1 154 31 discriminator 2 view .LVU198
 970 0010 1379     		ldrb	r3, [r2, #4]	@ zero_extendqisi2
 971              	.LVL76:
 972              		.loc 1 154 23 discriminator 2 view .LVU199
 973 0012 022B     		cmp	r3, #2
 974 0014 2DD1     		bne	.L80
 155:SynaptiX_FDK/components/usb_msc_tiny/sx_usb_tiny_msc.c ****     if (lba >= s_msc->block_count)                             return -1;
 975              		.loc 1 155 5 is_stmt 1 view .LVU200
 976              		.loc 1 155 21 is_stmt 0 view .LVU201
 977 0016 1368     		ldr	r3, [r2]
 978              		.loc 1 155 8 view .LVU202
 979 0018 8B42     		cmp	r3, r1
 980 001a 2DD9     		bls	.L81
 156:SynaptiX_FDK/components/usb_msc_tiny/sx_usb_tiny_msc.c **** 
 157:SynaptiX_FDK/components/usb_msc_tiny/sx_usb_tiny_msc.c ****     if (lba != s_write_tmp_lba) {
 981              		.loc 1 157 5 is_stmt 1 view .LVU203
 982              		.loc 1 157 13 is_stmt 0 view .LVU204
 983 001c 194B     		ldr	r3, .L86+4
 984 001e 1B68     		ldr	r3, [r3]
 985              		.loc 1 157 8 view .LVU205
 986 0020 8B42     		cmp	r3, r1
 987 0022 0BD1     		bne	.L84
ARM GAS  C:\Users\LENOVO\AppData\Local\Temp\ccSXW3LS.s 			page 22


 988              	.LVL77:
 989              	.L77:
 158:SynaptiX_FDK/components/usb_msc_tiny/sx_usb_tiny_msc.c ****         s_write_tmp_lba = lba;
 159:SynaptiX_FDK/components/usb_msc_tiny/sx_usb_tiny_msc.c ****         disk_read(0, s_write_tmp, (LBA_t)lba, 1);
 160:SynaptiX_FDK/components/usb_msc_tiny/sx_usb_tiny_msc.c ****     }
 161:SynaptiX_FDK/components/usb_msc_tiny/sx_usb_tiny_msc.c **** 
 162:SynaptiX_FDK/components/usb_msc_tiny/sx_usb_tiny_msc.c ****     memcpy(s_write_tmp + offset, buffer, bufsize);
 990              		.loc 1 162 5 is_stmt 1 view .LVU206
 991 0024 2A46     		mov	r2, r5
 992 0026 3946     		mov	r1, r7
 993 0028 1748     		ldr	r0, .L86+8
 994 002a 2044     		add	r0, r0, r4
 995 002c FFF7FEFF 		bl	memcpy
 996              	.LVL78:
 163:SynaptiX_FDK/components/usb_msc_tiny/sx_usb_tiny_msc.c **** 
 164:SynaptiX_FDK/components/usb_msc_tiny/sx_usb_tiny_msc.c ****     if (offset + bufsize >= SX_MSC_BLOCK_SIZE) {
 997              		.loc 1 164 5 view .LVU207
 998              		.loc 1 164 16 is_stmt 0 view .LVU208
 999 0030 2C44     		add	r4, r4, r5
 1000              	.LVL79:
 1001              		.loc 1 164 8 view .LVU209
 1002 0032 B4F5007F 		cmp	r4, #512
 1003 0036 0AD2     		bcs	.L85
 1004              	.L78:
 165:SynaptiX_FDK/components/usb_msc_tiny/sx_usb_tiny_msc.c ****         DRESULT res = disk_write(0, s_write_tmp, (LBA_t)lba, 1);
 166:SynaptiX_FDK/components/usb_msc_tiny/sx_usb_tiny_msc.c ****         s_write_tmp_lba = 0xFFFFFFFF; // reset
 167:SynaptiX_FDK/components/usb_msc_tiny/sx_usb_tiny_msc.c ****         if (res != RES_OK) return -1;
 168:SynaptiX_FDK/components/usb_msc_tiny/sx_usb_tiny_msc.c ****     }
 169:SynaptiX_FDK/components/usb_msc_tiny/sx_usb_tiny_msc.c **** 
 170:SynaptiX_FDK/components/usb_msc_tiny/sx_usb_tiny_msc.c ****     //log_debug(TAG, "WRITE lba=%lu off=%lu size=%lu", lba, offset, bufsize);
 171:SynaptiX_FDK/components/usb_msc_tiny/sx_usb_tiny_msc.c ****     return (int32_t)bufsize;
 1005              		.loc 1 171 5 is_stmt 1 view .LVU210
 1006              		.loc 1 171 12 is_stmt 0 view .LVU211
 1007 0038 2846     		mov	r0, r5
 1008              	.LVL80:
 1009              	.L75:
 172:SynaptiX_FDK/components/usb_msc_tiny/sx_usb_tiny_msc.c **** }
 1010              		.loc 1 172 1 view .LVU212
 1011 003a F8BD     		pop	{r3, r4, r5, r6, r7, pc}
 1012              	.LVL81:
 1013              	.L84:
 158:SynaptiX_FDK/components/usb_msc_tiny/sx_usb_tiny_msc.c ****         disk_read(0, s_write_tmp, (LBA_t)lba, 1);
 1014              		.loc 1 158 9 is_stmt 1 view .LVU213
 158:SynaptiX_FDK/components/usb_msc_tiny/sx_usb_tiny_msc.c ****         disk_read(0, s_write_tmp, (LBA_t)lba, 1);
 1015              		.loc 1 158 25 is_stmt 0 view .LVU214
 1016 003c 114B     		ldr	r3, .L86+4
 1017 003e 1960     		str	r1, [r3]
 159:SynaptiX_FDK/components/usb_msc_tiny/sx_usb_tiny_msc.c ****     }
 1018              		.loc 1 159 9 is_stmt 1 view .LVU215
 1019 0040 0123     		movs	r3, #1
 1020 0042 0A46     		mov	r2, r1
 1021 0044 1049     		ldr	r1, .L86+8
 1022              	.LVL82:
 159:SynaptiX_FDK/components/usb_msc_tiny/sx_usb_tiny_msc.c ****     }
 1023              		.loc 1 159 9 is_stmt 0 view .LVU216
 1024 0046 0020     		movs	r0, #0
 1025              	.LVL83:
ARM GAS  C:\Users\LENOVO\AppData\Local\Temp\ccSXW3LS.s 			page 23


 159:SynaptiX_FDK/components/usb_msc_tiny/sx_usb_tiny_msc.c ****     }
 1026              		.loc 1 159 9 view .LVU217
 1027 0048 FFF7FEFF 		bl	disk_read
 1028              	.LVL84:
 1029 004c EAE7     		b	.L77
 1030              	.LVL85:
 1031              	.L85:
 1032              	.LBB2:
 165:SynaptiX_FDK/components/usb_msc_tiny/sx_usb_tiny_msc.c ****         s_write_tmp_lba = 0xFFFFFFFF; // reset
 1033              		.loc 1 165 9 is_stmt 1 view .LVU218
 165:SynaptiX_FDK/components/usb_msc_tiny/sx_usb_tiny_msc.c ****         s_write_tmp_lba = 0xFFFFFFFF; // reset
 1034              		.loc 1 165 23 is_stmt 0 view .LVU219
 1035 004e 0123     		movs	r3, #1
 1036 0050 3246     		mov	r2, r6
 1037 0052 0D49     		ldr	r1, .L86+8
 1038 0054 0020     		movs	r0, #0
 1039 0056 FFF7FEFF 		bl	disk_write
 1040              	.LVL86:
 166:SynaptiX_FDK/components/usb_msc_tiny/sx_usb_tiny_msc.c ****         if (res != RES_OK) return -1;
 1041              		.loc 1 166 9 is_stmt 1 view .LVU220
 166:SynaptiX_FDK/components/usb_msc_tiny/sx_usb_tiny_msc.c ****         if (res != RES_OK) return -1;
 1042              		.loc 1 166 25 is_stmt 0 view .LVU221
 1043 005a 0A4B     		ldr	r3, .L86+4
 1044 005c 4FF0FF32 		mov	r2, #-1
 1045 0060 1A60     		str	r2, [r3]
 167:SynaptiX_FDK/components/usb_msc_tiny/sx_usb_tiny_msc.c ****     }
 1046              		.loc 1 167 9 is_stmt 1 view .LVU222
 167:SynaptiX_FDK/components/usb_msc_tiny/sx_usb_tiny_msc.c ****     }
 1047              		.loc 1 167 12 is_stmt 0 view .LVU223
 1048 0062 0028     		cmp	r0, #0
 1049 0064 E8D0     		beq	.L78
 167:SynaptiX_FDK/components/usb_msc_tiny/sx_usb_tiny_msc.c ****     }
 1050              		.loc 1 167 35 discriminator 1 view .LVU224
 1051 0066 4FF0FF30 		mov	r0, #-1
 1052              	.LVL87:
 167:SynaptiX_FDK/components/usb_msc_tiny/sx_usb_tiny_msc.c ****     }
 1053              		.loc 1 167 35 discriminator 1 view .LVU225
 1054 006a E6E7     		b	.L75
 1055              	.LVL88:
 1056              	.L79:
 167:SynaptiX_FDK/components/usb_msc_tiny/sx_usb_tiny_msc.c ****     }
 1057              		.loc 1 167 35 discriminator 1 view .LVU226
 1058              	.LBE2:
 154:SynaptiX_FDK/components/usb_msc_tiny/sx_usb_tiny_msc.c ****     if (lba >= s_msc->block_count)                             return -1;
 1059              		.loc 1 154 70 discriminator 3 view .LVU227
 1060 006c 4FF0FF30 		mov	r0, #-1
 1061              	.LVL89:
 154:SynaptiX_FDK/components/usb_msc_tiny/sx_usb_tiny_msc.c ****     if (lba >= s_msc->block_count)                             return -1;
 1062              		.loc 1 154 70 discriminator 3 view .LVU228
 1063 0070 E3E7     		b	.L75
 1064              	.LVL90:
 1065              	.L80:
 154:SynaptiX_FDK/components/usb_msc_tiny/sx_usb_tiny_msc.c ****     if (lba >= s_msc->block_count)                             return -1;
 1066              		.loc 1 154 70 discriminator 3 view .LVU229
 1067 0072 4FF0FF30 		mov	r0, #-1
 1068              	.LVL91:
 154:SynaptiX_FDK/components/usb_msc_tiny/sx_usb_tiny_msc.c ****     if (lba >= s_msc->block_count)                             return -1;
ARM GAS  C:\Users\LENOVO\AppData\Local\Temp\ccSXW3LS.s 			page 24


 1069              		.loc 1 154 70 discriminator 3 view .LVU230
 1070 0076 E0E7     		b	.L75
 1071              	.LVL92:
 1072              	.L81:
 155:SynaptiX_FDK/components/usb_msc_tiny/sx_usb_tiny_msc.c **** 
 1073              		.loc 1 155 71 discriminator 1 view .LVU231
 1074 0078 4FF0FF30 		mov	r0, #-1
 1075              	.LVL93:
 155:SynaptiX_FDK/components/usb_msc_tiny/sx_usb_tiny_msc.c **** 
 1076              		.loc 1 155 71 discriminator 1 view .LVU232
 1077 007c DDE7     		b	.L75
 1078              	.L87:
 1079 007e 00BF     		.align	2
 1080              	.L86:
 1081 0080 00000000 		.word	s_msc
 1082 0084 00000000 		.word	s_write_tmp_lba
 1083 0088 00000000 		.word	s_write_tmp
 1084              		.cfi_endproc
 1085              	.LFE653:
 1087              		.section	.text.tud_msc_scsi_cb,"ax",%progbits
 1088              		.align	1
 1089              		.global	tud_msc_scsi_cb
 1090              		.syntax unified
 1091              		.thumb
 1092              		.thumb_func
 1094              	tud_msc_scsi_cb:
 1095              	.LVL94:
 1096              	.LFB654:
 173:SynaptiX_FDK/components/usb_msc_tiny/sx_usb_tiny_msc.c **** 
 174:SynaptiX_FDK/components/usb_msc_tiny/sx_usb_tiny_msc.c **** int32_t tud_msc_scsi_cb(uint8_t lun, uint8_t const scsi_cmd[16],
 175:SynaptiX_FDK/components/usb_msc_tiny/sx_usb_tiny_msc.c ****                          void *buffer, uint16_t bufsize)
 176:SynaptiX_FDK/components/usb_msc_tiny/sx_usb_tiny_msc.c **** {
 1097              		.loc 1 176 1 is_stmt 1 view -0
 1098              		.cfi_startproc
 1099              		@ args = 0, pretend = 0, frame = 0
 1100              		@ frame_needed = 0, uses_anonymous_args = 0
 1101              		.loc 1 176 1 is_stmt 0 view .LVU234
 1102 0000 08B5     		push	{r3, lr}
 1103              	.LCFI20:
 1104              		.cfi_def_cfa_offset 8
 1105              		.cfi_offset 3, -8
 1106              		.cfi_offset 14, -4
 177:SynaptiX_FDK/components/usb_msc_tiny/sx_usb_tiny_msc.c ****     (void)lun; (void)scsi_cmd; (void)buffer; (void)bufsize;
 1107              		.loc 1 177 5 is_stmt 1 view .LVU235
 1108              		.loc 1 177 16 view .LVU236
 1109              		.loc 1 177 32 view .LVU237
 1110              		.loc 1 177 46 view .LVU238
 178:SynaptiX_FDK/components/usb_msc_tiny/sx_usb_tiny_msc.c ****     tud_msc_set_sense(lun, SCSI_SENSE_ILLEGAL_REQUEST, 0x20, 0x00);
 1111              		.loc 1 178 5 view .LVU239
 1112 0002 0023     		movs	r3, #0
 1113              	.LVL95:
 1114              		.loc 1 178 5 is_stmt 0 view .LVU240
 1115 0004 2022     		movs	r2, #32
 1116              	.LVL96:
 1117              		.loc 1 178 5 view .LVU241
 1118 0006 0521     		movs	r1, #5
 1119              	.LVL97:
ARM GAS  C:\Users\LENOVO\AppData\Local\Temp\ccSXW3LS.s 			page 25


 1120              		.loc 1 178 5 view .LVU242
 1121 0008 FFF7FEFF 		bl	tud_msc_set_sense
 1122              	.LVL98:
 179:SynaptiX_FDK/components/usb_msc_tiny/sx_usb_tiny_msc.c ****     return -1;
 1123              		.loc 1 179 5 is_stmt 1 view .LVU243
 180:SynaptiX_FDK/components/usb_msc_tiny/sx_usb_tiny_msc.c **** }
 1124              		.loc 1 180 1 is_stmt 0 view .LVU244
 1125 000c 4FF0FF30 		mov	r0, #-1
 1126 0010 08BD     		pop	{r3, pc}
 1127              		.cfi_endproc
 1128              	.LFE654:
 1130              		.section	.data.s_write_tmp_lba,"aw"
 1131              		.align	2
 1134              	s_write_tmp_lba:
 1135 0000 FFFFFFFF 		.word	-1
 1136              		.section	.bss.s_write_tmp,"aw",%nobits
 1137              		.align	2
 1140              	s_write_tmp:
 1141 0000 00000000 		.space	512
 1141      00000000 
 1141      00000000 
 1141      00000000 
 1141      00000000 
 1142              		.section	.bss.s_msc,"aw",%nobits
 1143              		.align	2
 1146              	s_msc:
 1147 0000 00000000 		.space	4
 1148              		.text
 1149              	.Letext0:
 1150              		.file 2 "C:\\ST\\STM32CubeCLT_1.20.0\\GNU-tools-for-STM32\\bin/../lib/gcc/arm-none-eabi/13.3.1/../
 1151              		.file 3 "C:\\ST\\STM32CubeCLT_1.20.0\\GNU-tools-for-STM32\\bin/../lib/gcc/arm-none-eabi/13.3.1/../
 1152              		.file 4 "SynaptiX_FDK/components/usb_msc_tiny/sx_usb_tiny_msc.h"
 1153              		.file 5 "C:\\ST\\STM32CubeCLT_1.20.0\\GNU-tools-for-STM32\\bin/../lib/gcc/arm-none-eabi/13.3.1/inc
 1154              		.file 6 "SynaptiX_FDK/services/logger/logger.h"
 1155              		.file 7 "SynaptiX_FDK/services/fatfs/ff.h"
 1156              		.file 8 "SynaptiX_FDK/services/fatfs/diskio.h"
 1157              		.file 9 "Drivers/STM32H5xx_HAL_Driver/Inc/stm32h5xx_ll_lptim.h"
 1158              		.file 10 "SynaptiX_FDK/lib/tinyusb/src/class/msc/msc.h"
 1159              		.file 11 "SynaptiX_FDK/lib/tinyusb/src/class/msc/msc_device.h"
 1160              		.file 12 "C:\\ST\\STM32CubeCLT_1.20.0\\GNU-tools-for-STM32\\bin/../lib/gcc/arm-none-eabi/13.3.1/..
 1161              		.file 13 "SynaptiX_FDK/lib/tinyusb/src/device/usbd.h"
 1162              		.file 14 "<built-in>"
ARM GAS  C:\Users\LENOVO\AppData\Local\Temp\ccSXW3LS.s 			page 26


DEFINED SYMBOLS
                            *ABS*:00000000 sx_usb_tiny_msc.c
C:\Users\LENOVO\AppData\Local\Temp\ccSXW3LS.s:22     .rodata.sx_usb_tiny_msc_init.str1.4:00000000 $d
C:\Users\LENOVO\AppData\Local\Temp\ccSXW3LS.s:29     .text.sx_usb_tiny_msc_init:00000000 $t
C:\Users\LENOVO\AppData\Local\Temp\ccSXW3LS.s:35     .text.sx_usb_tiny_msc_init:00000000 sx_usb_tiny_msc_init
C:\Users\LENOVO\AppData\Local\Temp\ccSXW3LS.s:72     .text.sx_usb_tiny_msc_init:00000018 $d
C:\Users\LENOVO\AppData\Local\Temp\ccSXW3LS.s:1146   .bss.s_msc:00000000 s_msc
C:\Users\LENOVO\AppData\Local\Temp\ccSXW3LS.s:79     .rodata.sx_usb_tiny_msc_enter.str1.4:00000000 $d
C:\Users\LENOVO\AppData\Local\Temp\ccSXW3LS.s:90     .text.sx_usb_tiny_msc_enter:00000000 $t
C:\Users\LENOVO\AppData\Local\Temp\ccSXW3LS.s:96     .text.sx_usb_tiny_msc_enter:00000000 sx_usb_tiny_msc_enter
C:\Users\LENOVO\AppData\Local\Temp\ccSXW3LS.s:169    .text.sx_usb_tiny_msc_enter:0000003c $d
C:\Users\LENOVO\AppData\Local\Temp\ccSXW3LS.s:177    .rodata.sx_usb_tiny_msc_exit.str1.4:00000000 $d
C:\Users\LENOVO\AppData\Local\Temp\ccSXW3LS.s:184    .text.sx_usb_tiny_msc_exit:00000000 $t
C:\Users\LENOVO\AppData\Local\Temp\ccSXW3LS.s:190    .text.sx_usb_tiny_msc_exit:00000000 sx_usb_tiny_msc_exit
C:\Users\LENOVO\AppData\Local\Temp\ccSXW3LS.s:241    .text.sx_usb_tiny_msc_exit:00000024 $d
C:\Users\LENOVO\AppData\Local\Temp\ccSXW3LS.s:248    .text.sx_usb_tiny_msc_get_state:00000000 $t
C:\Users\LENOVO\AppData\Local\Temp\ccSXW3LS.s:254    .text.sx_usb_tiny_msc_get_state:00000000 sx_usb_tiny_msc_get_state
C:\Users\LENOVO\AppData\Local\Temp\ccSXW3LS.s:272    .text.sx_usb_tiny_msc_is_active:00000000 $t
C:\Users\LENOVO\AppData\Local\Temp\ccSXW3LS.s:278    .text.sx_usb_tiny_msc_is_active:00000000 sx_usb_tiny_msc_is_active
C:\Users\LENOVO\AppData\Local\Temp\ccSXW3LS.s:303    .rodata.sx_usb_tiny_msc_set_media_changed.str1.4:00000000 $d
C:\Users\LENOVO\AppData\Local\Temp\ccSXW3LS.s:307    .text.sx_usb_tiny_msc_set_media_changed:00000000 $t
C:\Users\LENOVO\AppData\Local\Temp\ccSXW3LS.s:313    .text.sx_usb_tiny_msc_set_media_changed:00000000 sx_usb_tiny_msc_set_media_changed
C:\Users\LENOVO\AppData\Local\Temp\ccSXW3LS.s:343    .text.sx_usb_tiny_msc_set_media_changed:00000014 $d
C:\Users\LENOVO\AppData\Local\Temp\ccSXW3LS.s:349    .rodata.sx_usb_tiny_msc_load.str1.4:00000000 $d
C:\Users\LENOVO\AppData\Local\Temp\ccSXW3LS.s:356    .text.sx_usb_tiny_msc_load:00000000 $t
C:\Users\LENOVO\AppData\Local\Temp\ccSXW3LS.s:362    .text.sx_usb_tiny_msc_load:00000000 sx_usb_tiny_msc_load
C:\Users\LENOVO\AppData\Local\Temp\ccSXW3LS.s:423    .text.sx_usb_tiny_msc_load:0000002c $d
C:\Users\LENOVO\AppData\Local\Temp\ccSXW3LS.s:430    .text.sx_usb_tiny_msc_disconnect:00000000 $t
C:\Users\LENOVO\AppData\Local\Temp\ccSXW3LS.s:436    .text.sx_usb_tiny_msc_disconnect:00000000 sx_usb_tiny_msc_disconnect
C:\Users\LENOVO\AppData\Local\Temp\ccSXW3LS.s:456    .text.sx_usb_tiny_msc_connect:00000000 $t
C:\Users\LENOVO\AppData\Local\Temp\ccSXW3LS.s:462    .text.sx_usb_tiny_msc_connect:00000000 sx_usb_tiny_msc_connect
C:\Users\LENOVO\AppData\Local\Temp\ccSXW3LS.s:482    .rodata.tud_msc_inquiry2_cb.str1.4:00000000 $d
C:\Users\LENOVO\AppData\Local\Temp\ccSXW3LS.s:492    .text.tud_msc_inquiry2_cb:00000000 $t
C:\Users\LENOVO\AppData\Local\Temp\ccSXW3LS.s:498    .text.tud_msc_inquiry2_cb:00000000 tud_msc_inquiry2_cb
C:\Users\LENOVO\AppData\Local\Temp\ccSXW3LS.s:545    .text.tud_msc_inquiry2_cb:00000034 $d
C:\Users\LENOVO\AppData\Local\Temp\ccSXW3LS.s:552    .rodata.tud_msc_test_unit_ready_cb.str1.4:00000000 $d
C:\Users\LENOVO\AppData\Local\Temp\ccSXW3LS.s:556    .text.tud_msc_test_unit_ready_cb:00000000 $t
C:\Users\LENOVO\AppData\Local\Temp\ccSXW3LS.s:562    .text.tud_msc_test_unit_ready_cb:00000000 tud_msc_test_unit_ready_cb
C:\Users\LENOVO\AppData\Local\Temp\ccSXW3LS.s:650    .text.tud_msc_test_unit_ready_cb:00000054 $d
C:\Users\LENOVO\AppData\Local\Temp\ccSXW3LS.s:657    .text.tud_msc_capacity_cb:00000000 $t
C:\Users\LENOVO\AppData\Local\Temp\ccSXW3LS.s:663    .text.tud_msc_capacity_cb:00000000 tud_msc_capacity_cb
C:\Users\LENOVO\AppData\Local\Temp\ccSXW3LS.s:696    .text.tud_msc_capacity_cb:00000018 $d
C:\Users\LENOVO\AppData\Local\Temp\ccSXW3LS.s:701    .text.tud_msc_is_writable_cb:00000000 $t
C:\Users\LENOVO\AppData\Local\Temp\ccSXW3LS.s:707    .text.tud_msc_is_writable_cb:00000000 tud_msc_is_writable_cb
C:\Users\LENOVO\AppData\Local\Temp\ccSXW3LS.s:726    .rodata.tud_msc_start_stop_cb.str1.4:00000000 $d
C:\Users\LENOVO\AppData\Local\Temp\ccSXW3LS.s:730    .text.tud_msc_start_stop_cb:00000000 $t
C:\Users\LENOVO\AppData\Local\Temp\ccSXW3LS.s:736    .text.tud_msc_start_stop_cb:00000000 tud_msc_start_stop_cb
C:\Users\LENOVO\AppData\Local\Temp\ccSXW3LS.s:804    .text.tud_msc_start_stop_cb:0000002c $d
C:\Users\LENOVO\AppData\Local\Temp\ccSXW3LS.s:811    .text.tud_msc_read10_cb:00000000 $t
C:\Users\LENOVO\AppData\Local\Temp\ccSXW3LS.s:817    .text.tud_msc_read10_cb:00000000 tud_msc_read10_cb
C:\Users\LENOVO\AppData\Local\Temp\ccSXW3LS.s:928    .text.tud_msc_read10_cb:00000058 $d
C:\Users\LENOVO\AppData\Local\Temp\ccSXW3LS.s:933    .text.tud_msc_write10_cb:00000000 $t
C:\Users\LENOVO\AppData\Local\Temp\ccSXW3LS.s:939    .text.tud_msc_write10_cb:00000000 tud_msc_write10_cb
C:\Users\LENOVO\AppData\Local\Temp\ccSXW3LS.s:1081   .text.tud_msc_write10_cb:00000080 $d
C:\Users\LENOVO\AppData\Local\Temp\ccSXW3LS.s:1134   .data.s_write_tmp_lba:00000000 s_write_tmp_lba
C:\Users\LENOVO\AppData\Local\Temp\ccSXW3LS.s:1140   .bss.s_write_tmp:00000000 s_write_tmp
C:\Users\LENOVO\AppData\Local\Temp\ccSXW3LS.s:1088   .text.tud_msc_scsi_cb:00000000 $t
ARM GAS  C:\Users\LENOVO\AppData\Local\Temp\ccSXW3LS.s 			page 27


C:\Users\LENOVO\AppData\Local\Temp\ccSXW3LS.s:1094   .text.tud_msc_scsi_cb:00000000 tud_msc_scsi_cb
C:\Users\LENOVO\AppData\Local\Temp\ccSXW3LS.s:1131   .data.s_write_tmp_lba:00000000 $d
C:\Users\LENOVO\AppData\Local\Temp\ccSXW3LS.s:1137   .bss.s_write_tmp:00000000 $d
C:\Users\LENOVO\AppData\Local\Temp\ccSXW3LS.s:1143   .bss.s_msc:00000000 $d

UNDEFINED SYMBOLS
log_func
tud_disconnect
tud_connect
tud_msc_set_sense
disk_ioctl
disk_read
memcpy
disk_write
