ARM GAS  C:\Users\LENOVO\AppData\Local\Temp\ccdclrI8.s 			page 1


   1              		.cpu cortex-m33
   2              		.arch armv8-m.main
   3              		.fpu fpv5-sp-d16
   4              		.arch_extension dsp
   5              		.eabi_attribute 27, 1
   6              		.eabi_attribute 28, 1
   7              		.eabi_attribute 20, 1
   8              		.eabi_attribute 21, 1
   9              		.eabi_attribute 23, 3
  10              		.eabi_attribute 24, 1
  11              		.eabi_attribute 25, 1
  12              		.eabi_attribute 26, 1
  13              		.eabi_attribute 30, 1
  14              		.eabi_attribute 34, 1
  15              		.eabi_attribute 18, 4
  16              		.file	"sx_usb_tiny_cdc.c"
  17              		.text
  18              	.Ltext0:
  19              		.cfi_sections	.debug_frame
  20              		.file 1 "SynaptiX_FDK/components/usb_cdc_tiny/sx_usb_tiny_cdc.c"
  21              		.section	.rodata.usb_rx_task.str1.4,"aMS",%progbits,1
  22              		.align	2
  23              	.LC1:
  24 0000 636F6E6E 		.ascii	"connected=%d available=%d\000"
  24      65637465 
  24      643D2564 
  24      20617661 
  24      696C6162 
  25 001a 0000     		.align	2
  26              	.LC2:
  27 001c 53585F55 		.ascii	"SX_USB_TINY\000"
  27      53425F54 
  27      494E5900 
  28              		.align	2
  29              	.LC3:
  30 0028 52582071 		.ascii	"RX queue full, byte dropped\000"
  30      75657565 
  30      2066756C 
  30      6C2C2062 
  30      79746520 
  31              		.section	.text.usb_rx_task,"ax",%progbits
  32              		.align	1
  33              		.syntax unified
  34              		.thumb
  35              		.thumb_func
  37              	usb_rx_task:
  38              	.LVL0:
  39              	.LFB639:
   1:SynaptiX_FDK/components/usb_cdc_tiny/sx_usb_tiny_cdc.c **** #include "sx_usb_tiny_cdc.h"
   2:SynaptiX_FDK/components/usb_cdc_tiny/sx_usb_tiny_cdc.c **** #include "sx_mem.h"
   3:SynaptiX_FDK/components/usb_cdc_tiny/sx_usb_tiny_cdc.c **** #include "sx_config.h"
   4:SynaptiX_FDK/components/usb_cdc_tiny/sx_usb_tiny_cdc.c **** #include "logger.h"
   5:SynaptiX_FDK/components/usb_cdc_tiny/sx_usb_tiny_cdc.c **** #include <string.h>
   6:SynaptiX_FDK/components/usb_cdc_tiny/sx_usb_tiny_cdc.c **** #include <stdarg.h>
   7:SynaptiX_FDK/components/usb_cdc_tiny/sx_usb_tiny_cdc.c **** #include <stdio.h>
   8:SynaptiX_FDK/components/usb_cdc_tiny/sx_usb_tiny_cdc.c **** #include "sx_delay.h"
   9:SynaptiX_FDK/components/usb_cdc_tiny/sx_usb_tiny_cdc.c **** static const char *TAG = "SX_USB_TINY";
ARM GAS  C:\Users\LENOVO\AppData\Local\Temp\ccdclrI8.s 			page 2


  10:SynaptiX_FDK/components/usb_cdc_tiny/sx_usb_tiny_cdc.c **** 
  11:SynaptiX_FDK/components/usb_cdc_tiny/sx_usb_tiny_cdc.c **** #if (SX_PLATFORM == SX_PLATFORM_STM32H5) 
  12:SynaptiX_FDK/components/usb_cdc_tiny/sx_usb_tiny_cdc.c ****     #include "stm32h5xx_hal.h"
  13:SynaptiX_FDK/components/usb_cdc_tiny/sx_usb_tiny_cdc.c ****     #include "tusb.h"
  14:SynaptiX_FDK/components/usb_cdc_tiny/sx_usb_tiny_cdc.c ****     #include "usb.h"
  15:SynaptiX_FDK/components/usb_cdc_tiny/sx_usb_tiny_cdc.c **** #elif (SX_PLATFORM == SX_PLATFORM_STM32H7)
  16:SynaptiX_FDK/components/usb_cdc_tiny/sx_usb_tiny_cdc.c ****     #include "stm32h7xx_hal_uart.h"
  17:SynaptiX_FDK/components/usb_cdc_tiny/sx_usb_tiny_cdc.c **** #endif
  18:SynaptiX_FDK/components/usb_cdc_tiny/sx_usb_tiny_cdc.c **** 
  19:SynaptiX_FDK/components/usb_cdc_tiny/sx_usb_tiny_cdc.c **** void sx_usb_tiny_init(sx_usb_tiny_t *_usb, sx_usb_tiny_config_t *_config)
  20:SynaptiX_FDK/components/usb_cdc_tiny/sx_usb_tiny_cdc.c **** {
  21:SynaptiX_FDK/components/usb_cdc_tiny/sx_usb_tiny_cdc.c ****     _usb->config    = _config;
  22:SynaptiX_FDK/components/usb_cdc_tiny/sx_usb_tiny_cdc.c ****     _usb->connected = false;
  23:SynaptiX_FDK/components/usb_cdc_tiny/sx_usb_tiny_cdc.c **** 
  24:SynaptiX_FDK/components/usb_cdc_tiny/sx_usb_tiny_cdc.c ****     _usb->rxBuffer = sx_malloc(_config->rx_buf_size);
  25:SynaptiX_FDK/components/usb_cdc_tiny/sx_usb_tiny_cdc.c ****     cqueue_init_static(&_usb->rxQueue, _usb->rxBuffer,
  26:SynaptiX_FDK/components/usb_cdc_tiny/sx_usb_tiny_cdc.c ****                         _config->rx_buf_size, 1);
  27:SynaptiX_FDK/components/usb_cdc_tiny/sx_usb_tiny_cdc.c **** 
  28:SynaptiX_FDK/components/usb_cdc_tiny/sx_usb_tiny_cdc.c ****     _usb->txBuffer = sx_malloc(_config->tx_buf_size);
  29:SynaptiX_FDK/components/usb_cdc_tiny/sx_usb_tiny_cdc.c ****     cqueue_init_static(&_usb->txQueue, _usb->txBuffer,
  30:SynaptiX_FDK/components/usb_cdc_tiny/sx_usb_tiny_cdc.c ****                         _config->tx_buf_size, 1);
  31:SynaptiX_FDK/components/usb_cdc_tiny/sx_usb_tiny_cdc.c **** 
  32:SynaptiX_FDK/components/usb_cdc_tiny/sx_usb_tiny_cdc.c ****     #if (SX_USE_OS == 1)
  33:SynaptiX_FDK/components/usb_cdc_tiny/sx_usb_tiny_cdc.c ****     sx_os_mutex_new(&_usb->rxMutex);
  34:SynaptiX_FDK/components/usb_cdc_tiny/sx_usb_tiny_cdc.c ****     #endif
  35:SynaptiX_FDK/components/usb_cdc_tiny/sx_usb_tiny_cdc.c **** 
  36:SynaptiX_FDK/components/usb_cdc_tiny/sx_usb_tiny_cdc.c **** #if SX_PLATFORM == SX_PLATFORM_STM32H5 || SX_PLATFORM == SX_PLATFORM_STM32H7
  37:SynaptiX_FDK/components/usb_cdc_tiny/sx_usb_tiny_cdc.c ****     //dcd_fs_msp_init(0);
  38:SynaptiX_FDK/components/usb_cdc_tiny/sx_usb_tiny_cdc.c **** 
  39:SynaptiX_FDK/components/usb_cdc_tiny/sx_usb_tiny_cdc.c ****     tusb_rhport_init_t dev_init = {
  40:SynaptiX_FDK/components/usb_cdc_tiny/sx_usb_tiny_cdc.c ****         .role  = TUSB_ROLE_DEVICE,
  41:SynaptiX_FDK/components/usb_cdc_tiny/sx_usb_tiny_cdc.c ****         .speed = TUSB_SPEED_AUTO,
  42:SynaptiX_FDK/components/usb_cdc_tiny/sx_usb_tiny_cdc.c ****     };
  43:SynaptiX_FDK/components/usb_cdc_tiny/sx_usb_tiny_cdc.c ****     tusb_init(BOARD_TUD_RHPORT, &dev_init);
  44:SynaptiX_FDK/components/usb_cdc_tiny/sx_usb_tiny_cdc.c **** #endif
  45:SynaptiX_FDK/components/usb_cdc_tiny/sx_usb_tiny_cdc.c **** 
  46:SynaptiX_FDK/components/usb_cdc_tiny/sx_usb_tiny_cdc.c ****     log_info(TAG, "CDC initialized, rx_buf=%lu tx_buf=%lu",
  47:SynaptiX_FDK/components/usb_cdc_tiny/sx_usb_tiny_cdc.c ****              _config->rx_buf_size, _config->tx_buf_size);
  48:SynaptiX_FDK/components/usb_cdc_tiny/sx_usb_tiny_cdc.c **** }
  49:SynaptiX_FDK/components/usb_cdc_tiny/sx_usb_tiny_cdc.c **** 
  50:SynaptiX_FDK/components/usb_cdc_tiny/sx_usb_tiny_cdc.c **** /*RX_TASK*/
  51:SynaptiX_FDK/components/usb_cdc_tiny/sx_usb_tiny_cdc.c **** static void usb_rx_task(sx_usb_tiny_t *_usb)
  52:SynaptiX_FDK/components/usb_cdc_tiny/sx_usb_tiny_cdc.c **** {
  40              		.loc 1 52 1 view -0
  41              		.cfi_startproc
  42              		@ args = 0, pretend = 0, frame = 64
  43              		@ frame_needed = 0, uses_anonymous_args = 0
  44              		.loc 1 52 1 is_stmt 0 view .LVU1
  45 0000 70B5     		push	{r4, r5, r6, lr}
  46              	.LCFI0:
  47              		.cfi_def_cfa_offset 16
  48              		.cfi_offset 4, -16
  49              		.cfi_offset 5, -12
  50              		.cfi_offset 6, -8
  51              		.cfi_offset 14, -4
  52 0002 92B0     		sub	sp, sp, #72
  53              	.LCFI1:
ARM GAS  C:\Users\LENOVO\AppData\Local\Temp\ccdclrI8.s 			page 3


  54              		.cfi_def_cfa_offset 88
  55 0004 0546     		mov	r5, r0
  53:SynaptiX_FDK/components/usb_cdc_tiny/sx_usb_tiny_cdc.c **** #if SX_PLATFORM == SX_PLATFORM_STM32H5 || SX_PLATFORM == SX_PLATFORM_STM32H7
  54:SynaptiX_FDK/components/usb_cdc_tiny/sx_usb_tiny_cdc.c ****     if(!tud_cdc_connected()) return;
  56              		.loc 1 54 5 is_stmt 1 view .LVU2
  57              	.LBB26:
  58              	.LBI26:
  59              		.file 2 "SynaptiX_FDK/lib/tinyusb/src/class/cdc/cdc_device.h"
   1:SynaptiX_FDK/lib/tinyusb/src/class/cdc/cdc_device.h **** /*
   2:SynaptiX_FDK/lib/tinyusb/src/class/cdc/cdc_device.h ****  * The MIT License (MIT)
   3:SynaptiX_FDK/lib/tinyusb/src/class/cdc/cdc_device.h ****  *
   4:SynaptiX_FDK/lib/tinyusb/src/class/cdc/cdc_device.h ****  * Copyright (c) 2019 Ha Thach (tinyusb.org)
   5:SynaptiX_FDK/lib/tinyusb/src/class/cdc/cdc_device.h ****  *
   6:SynaptiX_FDK/lib/tinyusb/src/class/cdc/cdc_device.h ****  * Permission is hereby granted, free of charge, to any person obtaining a copy
   7:SynaptiX_FDK/lib/tinyusb/src/class/cdc/cdc_device.h ****  * of this software and associated documentation files (the "Software"), to deal
   8:SynaptiX_FDK/lib/tinyusb/src/class/cdc/cdc_device.h ****  * in the Software without restriction, including without limitation the rights
   9:SynaptiX_FDK/lib/tinyusb/src/class/cdc/cdc_device.h ****  * to use, copy, modify, merge, publish, distribute, sublicense, and/or sell
  10:SynaptiX_FDK/lib/tinyusb/src/class/cdc/cdc_device.h ****  * copies of the Software, and to permit persons to whom the Software is
  11:SynaptiX_FDK/lib/tinyusb/src/class/cdc/cdc_device.h ****  * furnished to do so, subject to the following conditions:
  12:SynaptiX_FDK/lib/tinyusb/src/class/cdc/cdc_device.h ****  *
  13:SynaptiX_FDK/lib/tinyusb/src/class/cdc/cdc_device.h ****  * The above copyright notice and this permission notice shall be included in
  14:SynaptiX_FDK/lib/tinyusb/src/class/cdc/cdc_device.h ****  * all copies or substantial portions of the Software.
  15:SynaptiX_FDK/lib/tinyusb/src/class/cdc/cdc_device.h ****  *
  16:SynaptiX_FDK/lib/tinyusb/src/class/cdc/cdc_device.h ****  * THE SOFTWARE IS PROVIDED "AS IS", WITHOUT WARRANTY OF ANY KIND, EXPRESS OR
  17:SynaptiX_FDK/lib/tinyusb/src/class/cdc/cdc_device.h ****  * IMPLIED, INCLUDING BUT NOT LIMITED TO THE WARRANTIES OF MERCHANTABILITY,
  18:SynaptiX_FDK/lib/tinyusb/src/class/cdc/cdc_device.h ****  * FITNESS FOR A PARTICULAR PURPOSE AND NONINFRINGEMENT. IN NO EVENT SHALL THE
  19:SynaptiX_FDK/lib/tinyusb/src/class/cdc/cdc_device.h ****  * AUTHORS OR COPYRIGHT HOLDERS BE LIABLE FOR ANY CLAIM, DAMAGES OR OTHER
  20:SynaptiX_FDK/lib/tinyusb/src/class/cdc/cdc_device.h ****  * LIABILITY, WHETHER IN AN ACTION OF CONTRACT, TORT OR OTHERWISE, ARISING FROM,
  21:SynaptiX_FDK/lib/tinyusb/src/class/cdc/cdc_device.h ****  * OUT OF OR IN CONNECTION WITH THE SOFTWARE OR THE USE OR OTHER DEALINGS IN
  22:SynaptiX_FDK/lib/tinyusb/src/class/cdc/cdc_device.h ****  * THE SOFTWARE.
  23:SynaptiX_FDK/lib/tinyusb/src/class/cdc/cdc_device.h ****  *
  24:SynaptiX_FDK/lib/tinyusb/src/class/cdc/cdc_device.h ****  * This file is part of the TinyUSB stack.
  25:SynaptiX_FDK/lib/tinyusb/src/class/cdc/cdc_device.h ****  */
  26:SynaptiX_FDK/lib/tinyusb/src/class/cdc/cdc_device.h **** 
  27:SynaptiX_FDK/lib/tinyusb/src/class/cdc/cdc_device.h **** #ifndef TUSB_CDC_DEVICE_H_
  28:SynaptiX_FDK/lib/tinyusb/src/class/cdc/cdc_device.h **** #define TUSB_CDC_DEVICE_H_
  29:SynaptiX_FDK/lib/tinyusb/src/class/cdc/cdc_device.h **** 
  30:SynaptiX_FDK/lib/tinyusb/src/class/cdc/cdc_device.h **** #include "cdc.h"
  31:SynaptiX_FDK/lib/tinyusb/src/class/cdc/cdc_device.h **** 
  32:SynaptiX_FDK/lib/tinyusb/src/class/cdc/cdc_device.h **** #ifdef __cplusplus
  33:SynaptiX_FDK/lib/tinyusb/src/class/cdc/cdc_device.h ****  extern "C" {
  34:SynaptiX_FDK/lib/tinyusb/src/class/cdc/cdc_device.h **** #endif
  35:SynaptiX_FDK/lib/tinyusb/src/class/cdc/cdc_device.h **** 
  36:SynaptiX_FDK/lib/tinyusb/src/class/cdc/cdc_device.h **** //--------------------------------------------------------------------+
  37:SynaptiX_FDK/lib/tinyusb/src/class/cdc/cdc_device.h **** // Class Driver Configuration
  38:SynaptiX_FDK/lib/tinyusb/src/class/cdc/cdc_device.h **** //--------------------------------------------------------------------+
  39:SynaptiX_FDK/lib/tinyusb/src/class/cdc/cdc_device.h **** #ifndef CFG_TUD_CDC_NOTIFY
  40:SynaptiX_FDK/lib/tinyusb/src/class/cdc/cdc_device.h ****   #define CFG_TUD_CDC_NOTIFY    0
  41:SynaptiX_FDK/lib/tinyusb/src/class/cdc/cdc_device.h **** #endif
  42:SynaptiX_FDK/lib/tinyusb/src/class/cdc/cdc_device.h **** 
  43:SynaptiX_FDK/lib/tinyusb/src/class/cdc/cdc_device.h **** #ifndef CFG_TUD_CDC_TX_BUFSIZE
  44:SynaptiX_FDK/lib/tinyusb/src/class/cdc/cdc_device.h ****   #define CFG_TUD_CDC_TX_BUFSIZE TUD_EPSIZE_BULK_MAX
  45:SynaptiX_FDK/lib/tinyusb/src/class/cdc/cdc_device.h **** #endif
  46:SynaptiX_FDK/lib/tinyusb/src/class/cdc/cdc_device.h **** 
  47:SynaptiX_FDK/lib/tinyusb/src/class/cdc/cdc_device.h **** #ifndef CFG_TUD_CDC_RX_BUFSIZE
  48:SynaptiX_FDK/lib/tinyusb/src/class/cdc/cdc_device.h ****   #define CFG_TUD_CDC_RX_BUFSIZE TUD_EPSIZE_BULK_MAX
  49:SynaptiX_FDK/lib/tinyusb/src/class/cdc/cdc_device.h **** #endif
ARM GAS  C:\Users\LENOVO\AppData\Local\Temp\ccdclrI8.s 			page 4


  50:SynaptiX_FDK/lib/tinyusb/src/class/cdc/cdc_device.h **** 
  51:SynaptiX_FDK/lib/tinyusb/src/class/cdc/cdc_device.h **** // EP_BUFSIZE is separated to RX_EPSIZE and TX_EPSIZE
  52:SynaptiX_FDK/lib/tinyusb/src/class/cdc/cdc_device.h **** #ifndef CFG_TUD_CDC_RX_EPSIZE
  53:SynaptiX_FDK/lib/tinyusb/src/class/cdc/cdc_device.h ****   #ifdef CFG_TUD_CDC_EP_BUFSIZE
  54:SynaptiX_FDK/lib/tinyusb/src/class/cdc/cdc_device.h ****     #define CFG_TUD_CDC_RX_EPSIZE CFG_TUD_CDC_EP_BUFSIZE
  55:SynaptiX_FDK/lib/tinyusb/src/class/cdc/cdc_device.h ****   #else
  56:SynaptiX_FDK/lib/tinyusb/src/class/cdc/cdc_device.h ****     #define CFG_TUD_CDC_RX_EPSIZE TUD_EPSIZE_BULK_MAX
  57:SynaptiX_FDK/lib/tinyusb/src/class/cdc/cdc_device.h ****   #endif
  58:SynaptiX_FDK/lib/tinyusb/src/class/cdc/cdc_device.h **** #endif
  59:SynaptiX_FDK/lib/tinyusb/src/class/cdc/cdc_device.h **** 
  60:SynaptiX_FDK/lib/tinyusb/src/class/cdc/cdc_device.h **** #ifndef CFG_TUD_CDC_TX_EPSIZE
  61:SynaptiX_FDK/lib/tinyusb/src/class/cdc/cdc_device.h ****   #ifdef CFG_TUD_CDC_EP_BUFSIZE
  62:SynaptiX_FDK/lib/tinyusb/src/class/cdc/cdc_device.h ****     #define CFG_TUD_CDC_TX_EPSIZE  CFG_TUD_CDC_EP_BUFSIZE
  63:SynaptiX_FDK/lib/tinyusb/src/class/cdc/cdc_device.h ****   #else
  64:SynaptiX_FDK/lib/tinyusb/src/class/cdc/cdc_device.h ****     #define CFG_TUD_CDC_TX_EPSIZE TUD_EPSIZE_BULK_MAX
  65:SynaptiX_FDK/lib/tinyusb/src/class/cdc/cdc_device.h ****   #endif
  66:SynaptiX_FDK/lib/tinyusb/src/class/cdc/cdc_device.h **** #endif
  67:SynaptiX_FDK/lib/tinyusb/src/class/cdc/cdc_device.h **** 
  68:SynaptiX_FDK/lib/tinyusb/src/class/cdc/cdc_device.h **** // Enable multi-packet RX transfer with ZLP termination for better throughput. Requires host suppor
  69:SynaptiX_FDK/lib/tinyusb/src/class/cdc/cdc_device.h **** #ifndef CFG_TUD_CDC_RX_NEED_ZLP
  70:SynaptiX_FDK/lib/tinyusb/src/class/cdc/cdc_device.h ****   #define CFG_TUD_CDC_RX_NEED_ZLP 0
  71:SynaptiX_FDK/lib/tinyusb/src/class/cdc/cdc_device.h **** #endif
  72:SynaptiX_FDK/lib/tinyusb/src/class/cdc/cdc_device.h **** 
  73:SynaptiX_FDK/lib/tinyusb/src/class/cdc/cdc_device.h **** // Keep rx fifo data even with bus reset or disconnect
  74:SynaptiX_FDK/lib/tinyusb/src/class/cdc/cdc_device.h **** #ifndef CFG_TUD_CDC_RX_PERSISTENT
  75:SynaptiX_FDK/lib/tinyusb/src/class/cdc/cdc_device.h ****   #define CFG_TUD_CDC_RX_PERSISTENT 0
  76:SynaptiX_FDK/lib/tinyusb/src/class/cdc/cdc_device.h **** #endif
  77:SynaptiX_FDK/lib/tinyusb/src/class/cdc/cdc_device.h **** 
  78:SynaptiX_FDK/lib/tinyusb/src/class/cdc/cdc_device.h **** // Keep tx fifo data even with bus reset or disconnect
  79:SynaptiX_FDK/lib/tinyusb/src/class/cdc/cdc_device.h **** #ifndef CFG_TUD_CDC_TX_PERSISTENT
  80:SynaptiX_FDK/lib/tinyusb/src/class/cdc/cdc_device.h ****   #define CFG_TUD_CDC_TX_PERSISTENT 0
  81:SynaptiX_FDK/lib/tinyusb/src/class/cdc/cdc_device.h **** #endif
  82:SynaptiX_FDK/lib/tinyusb/src/class/cdc/cdc_device.h **** 
  83:SynaptiX_FDK/lib/tinyusb/src/class/cdc/cdc_device.h **** // If not connected, tx fifo can be overwritten
  84:SynaptiX_FDK/lib/tinyusb/src/class/cdc/cdc_device.h **** #ifndef CFG_TUD_CDC_TX_OVERWRITABLE_IF_NOT_CONNECTED
  85:SynaptiX_FDK/lib/tinyusb/src/class/cdc/cdc_device.h ****   #define CFG_TUD_CDC_TX_OVERWRITABLE_IF_NOT_CONNECTED 1
  86:SynaptiX_FDK/lib/tinyusb/src/class/cdc/cdc_device.h **** #endif
  87:SynaptiX_FDK/lib/tinyusb/src/class/cdc/cdc_device.h **** 
  88:SynaptiX_FDK/lib/tinyusb/src/class/cdc/cdc_device.h **** // Backward compatible: tud_cdc_configure_t and tud_cdc_configure() are no longer used.
  89:SynaptiX_FDK/lib/tinyusb/src/class/cdc/cdc_device.h **** // Configuration is now done via compile-time macros above.
  90:SynaptiX_FDK/lib/tinyusb/src/class/cdc/cdc_device.h **** typedef struct {
  91:SynaptiX_FDK/lib/tinyusb/src/class/cdc/cdc_device.h ****   bool rx_persistent;
  92:SynaptiX_FDK/lib/tinyusb/src/class/cdc/cdc_device.h ****   bool tx_persistent;
  93:SynaptiX_FDK/lib/tinyusb/src/class/cdc/cdc_device.h ****   bool tx_overwritabe_if_not_connected;
  94:SynaptiX_FDK/lib/tinyusb/src/class/cdc/cdc_device.h **** } tud_cdc_configure_t;
  95:SynaptiX_FDK/lib/tinyusb/src/class/cdc/cdc_device.h **** 
  96:SynaptiX_FDK/lib/tinyusb/src/class/cdc/cdc_device.h **** #define tud_cdc_configure(_cfg)          ((void)(_cfg))
  97:SynaptiX_FDK/lib/tinyusb/src/class/cdc/cdc_device.h **** #define tud_cdc_configure_fifo_t         tud_cdc_configure_t
  98:SynaptiX_FDK/lib/tinyusb/src/class/cdc/cdc_device.h **** #define tud_cdc_configure_fifo(_cfg)     ((void)(_cfg))
  99:SynaptiX_FDK/lib/tinyusb/src/class/cdc/cdc_device.h **** 
 100:SynaptiX_FDK/lib/tinyusb/src/class/cdc/cdc_device.h **** //--------------------------------------------------------------------+
 101:SynaptiX_FDK/lib/tinyusb/src/class/cdc/cdc_device.h **** // Application API (Multiple Ports) i.e. CFG_TUD_CDC > 1
 102:SynaptiX_FDK/lib/tinyusb/src/class/cdc/cdc_device.h **** //--------------------------------------------------------------------+
 103:SynaptiX_FDK/lib/tinyusb/src/class/cdc/cdc_device.h **** 
 104:SynaptiX_FDK/lib/tinyusb/src/class/cdc/cdc_device.h **** // Check if the interface is ready
 105:SynaptiX_FDK/lib/tinyusb/src/class/cdc/cdc_device.h **** bool tud_cdc_n_ready(uint8_t itf);
 106:SynaptiX_FDK/lib/tinyusb/src/class/cdc/cdc_device.h **** 
ARM GAS  C:\Users\LENOVO\AppData\Local\Temp\ccdclrI8.s 			page 5


 107:SynaptiX_FDK/lib/tinyusb/src/class/cdc/cdc_device.h **** // Check if the terminal is connected to this port
 108:SynaptiX_FDK/lib/tinyusb/src/class/cdc/cdc_device.h **** bool tud_cdc_n_connected(uint8_t itf);
 109:SynaptiX_FDK/lib/tinyusb/src/class/cdc/cdc_device.h **** 
 110:SynaptiX_FDK/lib/tinyusb/src/class/cdc/cdc_device.h **** // Get the current line state. Bit 0:  DTR (Data Terminal Ready), Bit 1: RTS (Request to Send)
 111:SynaptiX_FDK/lib/tinyusb/src/class/cdc/cdc_device.h **** uint8_t tud_cdc_n_get_line_state(uint8_t itf);
 112:SynaptiX_FDK/lib/tinyusb/src/class/cdc/cdc_device.h **** 
 113:SynaptiX_FDK/lib/tinyusb/src/class/cdc/cdc_device.h **** // Get current line encoding: bit rate, stop bits parity etc ..
 114:SynaptiX_FDK/lib/tinyusb/src/class/cdc/cdc_device.h **** void tud_cdc_n_get_line_coding(uint8_t itf, cdc_line_coding_t* coding);
 115:SynaptiX_FDK/lib/tinyusb/src/class/cdc/cdc_device.h **** 
 116:SynaptiX_FDK/lib/tinyusb/src/class/cdc/cdc_device.h **** // Set special character that will trigger tud_cdc_rx_wanted_cb() callback on receiving
 117:SynaptiX_FDK/lib/tinyusb/src/class/cdc/cdc_device.h **** void tud_cdc_n_set_wanted_char(uint8_t itf, char wanted);
 118:SynaptiX_FDK/lib/tinyusb/src/class/cdc/cdc_device.h **** 
 119:SynaptiX_FDK/lib/tinyusb/src/class/cdc/cdc_device.h **** // Get the number of bytes available for reading
 120:SynaptiX_FDK/lib/tinyusb/src/class/cdc/cdc_device.h **** uint32_t tud_cdc_n_available(uint8_t itf);
 121:SynaptiX_FDK/lib/tinyusb/src/class/cdc/cdc_device.h **** 
 122:SynaptiX_FDK/lib/tinyusb/src/class/cdc/cdc_device.h **** // Read received bytes
 123:SynaptiX_FDK/lib/tinyusb/src/class/cdc/cdc_device.h **** uint32_t tud_cdc_n_read(uint8_t itf, void* buffer, uint32_t bufsize);
 124:SynaptiX_FDK/lib/tinyusb/src/class/cdc/cdc_device.h **** 
 125:SynaptiX_FDK/lib/tinyusb/src/class/cdc/cdc_device.h **** // Read a byte, return -1 if there is none
 126:SynaptiX_FDK/lib/tinyusb/src/class/cdc/cdc_device.h **** TU_ATTR_ALWAYS_INLINE static inline int32_t tud_cdc_n_read_char(uint8_t itf) {
 127:SynaptiX_FDK/lib/tinyusb/src/class/cdc/cdc_device.h ****   uint8_t ch;
 128:SynaptiX_FDK/lib/tinyusb/src/class/cdc/cdc_device.h ****   return tud_cdc_n_read(itf, &ch, 1) ? (int32_t) ch : -1;
 129:SynaptiX_FDK/lib/tinyusb/src/class/cdc/cdc_device.h **** }
 130:SynaptiX_FDK/lib/tinyusb/src/class/cdc/cdc_device.h **** 
 131:SynaptiX_FDK/lib/tinyusb/src/class/cdc/cdc_device.h **** // Clear the received FIFO
 132:SynaptiX_FDK/lib/tinyusb/src/class/cdc/cdc_device.h **** void tud_cdc_n_read_flush(uint8_t itf);
 133:SynaptiX_FDK/lib/tinyusb/src/class/cdc/cdc_device.h **** 
 134:SynaptiX_FDK/lib/tinyusb/src/class/cdc/cdc_device.h **** // Get a byte from FIFO without removing it
 135:SynaptiX_FDK/lib/tinyusb/src/class/cdc/cdc_device.h **** bool tud_cdc_n_peek(uint8_t itf, uint8_t* ui8);
 136:SynaptiX_FDK/lib/tinyusb/src/class/cdc/cdc_device.h **** 
 137:SynaptiX_FDK/lib/tinyusb/src/class/cdc/cdc_device.h **** // Write bytes to TX FIFO, data may remain in the FIFO for a while
 138:SynaptiX_FDK/lib/tinyusb/src/class/cdc/cdc_device.h **** uint32_t tud_cdc_n_write(uint8_t itf, void const* buffer, uint32_t bufsize);
 139:SynaptiX_FDK/lib/tinyusb/src/class/cdc/cdc_device.h **** 
 140:SynaptiX_FDK/lib/tinyusb/src/class/cdc/cdc_device.h **** // Write a byte
 141:SynaptiX_FDK/lib/tinyusb/src/class/cdc/cdc_device.h **** TU_ATTR_ALWAYS_INLINE static inline uint32_t tud_cdc_n_write_char(uint8_t itf, char ch) {
 142:SynaptiX_FDK/lib/tinyusb/src/class/cdc/cdc_device.h ****   return tud_cdc_n_write(itf, &ch, 1);
 143:SynaptiX_FDK/lib/tinyusb/src/class/cdc/cdc_device.h **** }
 144:SynaptiX_FDK/lib/tinyusb/src/class/cdc/cdc_device.h **** 
 145:SynaptiX_FDK/lib/tinyusb/src/class/cdc/cdc_device.h **** // Write a null-terminated string
 146:SynaptiX_FDK/lib/tinyusb/src/class/cdc/cdc_device.h **** TU_ATTR_ALWAYS_INLINE static inline uint32_t tud_cdc_n_write_str(uint8_t itf, char const* str) {
 147:SynaptiX_FDK/lib/tinyusb/src/class/cdc/cdc_device.h ****   return tud_cdc_n_write(itf, str, strlen(str));
 148:SynaptiX_FDK/lib/tinyusb/src/class/cdc/cdc_device.h **** }
 149:SynaptiX_FDK/lib/tinyusb/src/class/cdc/cdc_device.h **** 
 150:SynaptiX_FDK/lib/tinyusb/src/class/cdc/cdc_device.h **** // Force sending data if possible, return number of forced bytes
 151:SynaptiX_FDK/lib/tinyusb/src/class/cdc/cdc_device.h **** uint32_t tud_cdc_n_write_flush(uint8_t itf);
 152:SynaptiX_FDK/lib/tinyusb/src/class/cdc/cdc_device.h **** 
 153:SynaptiX_FDK/lib/tinyusb/src/class/cdc/cdc_device.h **** // Return the number of bytes (characters) available for writing to TX FIFO buffer in a single n_wr
 154:SynaptiX_FDK/lib/tinyusb/src/class/cdc/cdc_device.h **** uint32_t tud_cdc_n_write_available(uint8_t itf);
 155:SynaptiX_FDK/lib/tinyusb/src/class/cdc/cdc_device.h **** 
 156:SynaptiX_FDK/lib/tinyusb/src/class/cdc/cdc_device.h **** // Clear the TX FIFO
 157:SynaptiX_FDK/lib/tinyusb/src/class/cdc/cdc_device.h **** bool tud_cdc_n_write_clear(uint8_t itf);
 158:SynaptiX_FDK/lib/tinyusb/src/class/cdc/cdc_device.h **** 
 159:SynaptiX_FDK/lib/tinyusb/src/class/cdc/cdc_device.h **** #if CFG_TUD_CDC_NOTIFY
 160:SynaptiX_FDK/lib/tinyusb/src/class/cdc/cdc_device.h **** bool tud_cdc_n_notify_msg(uint8_t itf, cdc_notify_msg_t *msg);
 161:SynaptiX_FDK/lib/tinyusb/src/class/cdc/cdc_device.h **** 
 162:SynaptiX_FDK/lib/tinyusb/src/class/cdc/cdc_device.h **** // Send UART status notification: DCD, DSR etc ..
 163:SynaptiX_FDK/lib/tinyusb/src/class/cdc/cdc_device.h **** TU_ATTR_ALWAYS_INLINE static inline bool tud_cdc_n_notify_uart_state(uint8_t                       
ARM GAS  C:\Users\LENOVO\AppData\Local\Temp\ccdclrI8.s 			page 6


 164:SynaptiX_FDK/lib/tinyusb/src/class/cdc/cdc_device.h ****                                                                      const cdc_notify_uart_state_t 
 165:SynaptiX_FDK/lib/tinyusb/src/class/cdc/cdc_device.h ****   cdc_notify_msg_t notify_msg;
 166:SynaptiX_FDK/lib/tinyusb/src/class/cdc/cdc_device.h ****   notify_msg.request.bmRequestType = CDC_REQ_TYPE_NOTIF;
 167:SynaptiX_FDK/lib/tinyusb/src/class/cdc/cdc_device.h ****   notify_msg.request.bRequest      = CDC_NOTIF_SERIAL_STATE;
 168:SynaptiX_FDK/lib/tinyusb/src/class/cdc/cdc_device.h ****   notify_msg.request.wValue        = 0;
 169:SynaptiX_FDK/lib/tinyusb/src/class/cdc/cdc_device.h ****   notify_msg.request.wIndex        = 0; // filled later
 170:SynaptiX_FDK/lib/tinyusb/src/class/cdc/cdc_device.h ****   notify_msg.request.wLength       = sizeof(cdc_notify_uart_state_t);
 171:SynaptiX_FDK/lib/tinyusb/src/class/cdc/cdc_device.h ****   notify_msg.serial_state          = *state;
 172:SynaptiX_FDK/lib/tinyusb/src/class/cdc/cdc_device.h ****   return tud_cdc_n_notify_msg(itf, &notify_msg);
 173:SynaptiX_FDK/lib/tinyusb/src/class/cdc/cdc_device.h **** }
 174:SynaptiX_FDK/lib/tinyusb/src/class/cdc/cdc_device.h **** 
 175:SynaptiX_FDK/lib/tinyusb/src/class/cdc/cdc_device.h **** // Send connection speed change notification
 176:SynaptiX_FDK/lib/tinyusb/src/class/cdc/cdc_device.h **** TU_ATTR_ALWAYS_INLINE static inline bool
 177:SynaptiX_FDK/lib/tinyusb/src/class/cdc/cdc_device.h **** tud_cdc_n_notify_conn_speed_change(uint8_t itf, const cdc_notify_conn_speed_change_t *conn_speed_ch
 178:SynaptiX_FDK/lib/tinyusb/src/class/cdc/cdc_device.h ****   cdc_notify_msg_t notify_msg;
 179:SynaptiX_FDK/lib/tinyusb/src/class/cdc/cdc_device.h ****   notify_msg.request.bmRequestType = CDC_REQ_TYPE_NOTIF;
 180:SynaptiX_FDK/lib/tinyusb/src/class/cdc/cdc_device.h ****   notify_msg.request.bRequest      = CDC_NOTIF_CONNECTION_SPEED_CHANGE;
 181:SynaptiX_FDK/lib/tinyusb/src/class/cdc/cdc_device.h ****   notify_msg.request.wValue        = 0;
 182:SynaptiX_FDK/lib/tinyusb/src/class/cdc/cdc_device.h ****   notify_msg.request.wIndex        = 0; // filled later
 183:SynaptiX_FDK/lib/tinyusb/src/class/cdc/cdc_device.h ****   notify_msg.request.wLength       = sizeof(cdc_notify_conn_speed_change_t);
 184:SynaptiX_FDK/lib/tinyusb/src/class/cdc/cdc_device.h ****   notify_msg.conn_speed_change     = *conn_speed_change;
 185:SynaptiX_FDK/lib/tinyusb/src/class/cdc/cdc_device.h ****   return tud_cdc_n_notify_msg(itf, &notify_msg);
 186:SynaptiX_FDK/lib/tinyusb/src/class/cdc/cdc_device.h **** }
 187:SynaptiX_FDK/lib/tinyusb/src/class/cdc/cdc_device.h **** 
 188:SynaptiX_FDK/lib/tinyusb/src/class/cdc/cdc_device.h **** TU_ATTR_ALWAYS_INLINE static inline bool tud_cdc_notify_msg(cdc_notify_msg_t *msg) {
 189:SynaptiX_FDK/lib/tinyusb/src/class/cdc/cdc_device.h ****   return tud_cdc_n_notify_msg(0, msg);
 190:SynaptiX_FDK/lib/tinyusb/src/class/cdc/cdc_device.h **** }
 191:SynaptiX_FDK/lib/tinyusb/src/class/cdc/cdc_device.h **** 
 192:SynaptiX_FDK/lib/tinyusb/src/class/cdc/cdc_device.h **** TU_ATTR_ALWAYS_INLINE static inline bool tud_cdc_notify_uart_state(const cdc_notify_uart_state_t* s
 193:SynaptiX_FDK/lib/tinyusb/src/class/cdc/cdc_device.h ****  return tud_cdc_n_notify_uart_state(0, state);
 194:SynaptiX_FDK/lib/tinyusb/src/class/cdc/cdc_device.h **** }
 195:SynaptiX_FDK/lib/tinyusb/src/class/cdc/cdc_device.h **** 
 196:SynaptiX_FDK/lib/tinyusb/src/class/cdc/cdc_device.h **** TU_ATTR_ALWAYS_INLINE static inline bool tud_cdc_notify_conn_speed_change(const cdc_notify_conn_spe
 197:SynaptiX_FDK/lib/tinyusb/src/class/cdc/cdc_device.h ****   return tud_cdc_n_notify_conn_speed_change(0, conn_speed_change);
 198:SynaptiX_FDK/lib/tinyusb/src/class/cdc/cdc_device.h **** }
 199:SynaptiX_FDK/lib/tinyusb/src/class/cdc/cdc_device.h **** #endif
 200:SynaptiX_FDK/lib/tinyusb/src/class/cdc/cdc_device.h **** 
 201:SynaptiX_FDK/lib/tinyusb/src/class/cdc/cdc_device.h **** //--------------------------------------------------------------------+
 202:SynaptiX_FDK/lib/tinyusb/src/class/cdc/cdc_device.h **** // Application API (Single Port)
 203:SynaptiX_FDK/lib/tinyusb/src/class/cdc/cdc_device.h **** //--------------------------------------------------------------------+
 204:SynaptiX_FDK/lib/tinyusb/src/class/cdc/cdc_device.h **** 
 205:SynaptiX_FDK/lib/tinyusb/src/class/cdc/cdc_device.h **** TU_ATTR_ALWAYS_INLINE static inline bool tud_cdc_ready(void) {
 206:SynaptiX_FDK/lib/tinyusb/src/class/cdc/cdc_device.h ****   return tud_cdc_n_ready(0);
 207:SynaptiX_FDK/lib/tinyusb/src/class/cdc/cdc_device.h **** }
 208:SynaptiX_FDK/lib/tinyusb/src/class/cdc/cdc_device.h **** 
 209:SynaptiX_FDK/lib/tinyusb/src/class/cdc/cdc_device.h **** TU_ATTR_ALWAYS_INLINE static inline bool tud_cdc_connected(void) {
  60              		.loc 2 209 42 view .LVU3
  61              	.LBB27:
 210:SynaptiX_FDK/lib/tinyusb/src/class/cdc/cdc_device.h ****   return tud_cdc_n_connected(0);
  62              		.loc 2 210 3 view .LVU4
  63              		.loc 2 210 10 is_stmt 0 view .LVU5
  64 0006 0020     		movs	r0, #0
  65              	.LVL1:
  66              		.loc 2 210 10 view .LVU6
  67 0008 FFF7FEFF 		bl	tud_cdc_n_connected
  68              	.LVL2:
  69              	.LBE27:
ARM GAS  C:\Users\LENOVO\AppData\Local\Temp\ccdclrI8.s 			page 7


  70              	.LBE26:
  71              		.loc 1 54 7 discriminator 1 view .LVU7
  72 000c 08B9     		cbnz	r0, .L9
  73              	.L1:
  55:SynaptiX_FDK/components/usb_cdc_tiny/sx_usb_tiny_cdc.c ****     if(!tud_cdc_available()) return;
  56:SynaptiX_FDK/components/usb_cdc_tiny/sx_usb_tiny_cdc.c **** 
  57:SynaptiX_FDK/components/usb_cdc_tiny/sx_usb_tiny_cdc.c ****     uint8_t buf[64];
  58:SynaptiX_FDK/components/usb_cdc_tiny/sx_usb_tiny_cdc.c ****     log_debug(TAG, "connected=%d available=%d", tud_cdc_connected(), tud_cdc_available());
  59:SynaptiX_FDK/components/usb_cdc_tiny/sx_usb_tiny_cdc.c ****     uint32_t count = tud_cdc_read(buf, sizeof(buf));
  60:SynaptiX_FDK/components/usb_cdc_tiny/sx_usb_tiny_cdc.c **** 
  61:SynaptiX_FDK/components/usb_cdc_tiny/sx_usb_tiny_cdc.c ****     for(uint32_t i=0; i<count; i++){
  62:SynaptiX_FDK/components/usb_cdc_tiny/sx_usb_tiny_cdc.c ****         if (cqueue_send(&_usb->rxQueue, &buf[i]) == false) {
  63:SynaptiX_FDK/components/usb_cdc_tiny/sx_usb_tiny_cdc.c ****             log_warn(TAG, "RX queue full, byte dropped");
  64:SynaptiX_FDK/components/usb_cdc_tiny/sx_usb_tiny_cdc.c ****             break;
  65:SynaptiX_FDK/components/usb_cdc_tiny/sx_usb_tiny_cdc.c ****         }
  66:SynaptiX_FDK/components/usb_cdc_tiny/sx_usb_tiny_cdc.c ****     }
  67:SynaptiX_FDK/components/usb_cdc_tiny/sx_usb_tiny_cdc.c **** #endif
  68:SynaptiX_FDK/components/usb_cdc_tiny/sx_usb_tiny_cdc.c **** }
  74              		.loc 1 68 1 view .LVU8
  75 000e 12B0     		add	sp, sp, #72
  76              	.LCFI2:
  77              		.cfi_remember_state
  78              		.cfi_def_cfa_offset 16
  79              		@ sp needed
  80 0010 70BD     		pop	{r4, r5, r6, pc}
  81              	.LVL3:
  82              	.L9:
  83              	.LCFI3:
  84              		.cfi_restore_state
  55:SynaptiX_FDK/components/usb_cdc_tiny/sx_usb_tiny_cdc.c ****     if(!tud_cdc_available()) return;
  85              		.loc 1 55 5 is_stmt 1 view .LVU9
  86              	.LBB28:
  87              	.LBI28:
 211:SynaptiX_FDK/lib/tinyusb/src/class/cdc/cdc_device.h **** }
 212:SynaptiX_FDK/lib/tinyusb/src/class/cdc/cdc_device.h **** 
 213:SynaptiX_FDK/lib/tinyusb/src/class/cdc/cdc_device.h **** TU_ATTR_ALWAYS_INLINE static inline uint8_t tud_cdc_get_line_state(void) {
 214:SynaptiX_FDK/lib/tinyusb/src/class/cdc/cdc_device.h ****   return tud_cdc_n_get_line_state(0);
 215:SynaptiX_FDK/lib/tinyusb/src/class/cdc/cdc_device.h **** }
 216:SynaptiX_FDK/lib/tinyusb/src/class/cdc/cdc_device.h **** 
 217:SynaptiX_FDK/lib/tinyusb/src/class/cdc/cdc_device.h **** TU_ATTR_ALWAYS_INLINE static inline void tud_cdc_get_line_coding(cdc_line_coding_t* coding) {
 218:SynaptiX_FDK/lib/tinyusb/src/class/cdc/cdc_device.h ****   tud_cdc_n_get_line_coding(0, coding);
 219:SynaptiX_FDK/lib/tinyusb/src/class/cdc/cdc_device.h **** }
 220:SynaptiX_FDK/lib/tinyusb/src/class/cdc/cdc_device.h **** 
 221:SynaptiX_FDK/lib/tinyusb/src/class/cdc/cdc_device.h **** TU_ATTR_ALWAYS_INLINE static inline void tud_cdc_set_wanted_char(char wanted) {
 222:SynaptiX_FDK/lib/tinyusb/src/class/cdc/cdc_device.h ****   tud_cdc_n_set_wanted_char(0, wanted);
 223:SynaptiX_FDK/lib/tinyusb/src/class/cdc/cdc_device.h **** }
 224:SynaptiX_FDK/lib/tinyusb/src/class/cdc/cdc_device.h **** 
 225:SynaptiX_FDK/lib/tinyusb/src/class/cdc/cdc_device.h **** TU_ATTR_ALWAYS_INLINE static inline uint32_t tud_cdc_available(void) {
  88              		.loc 2 225 46 view .LVU10
  89              	.LBB29:
 226:SynaptiX_FDK/lib/tinyusb/src/class/cdc/cdc_device.h ****   return tud_cdc_n_available(0);
  90              		.loc 2 226 3 view .LVU11
  91              		.loc 2 226 10 is_stmt 0 view .LVU12
  92 0012 0020     		movs	r0, #0
  93 0014 FFF7FEFF 		bl	tud_cdc_n_available
  94              	.LVL4:
  95              	.LBE29:
ARM GAS  C:\Users\LENOVO\AppData\Local\Temp\ccdclrI8.s 			page 8


  96              	.LBE28:
  55:SynaptiX_FDK/components/usb_cdc_tiny/sx_usb_tiny_cdc.c ****     if(!tud_cdc_available()) return;
  97              		.loc 1 55 7 discriminator 1 view .LVU13
  98 0018 0028     		cmp	r0, #0
  99 001a F8D0     		beq	.L1
  57:SynaptiX_FDK/components/usb_cdc_tiny/sx_usb_tiny_cdc.c ****     log_debug(TAG, "connected=%d available=%d", tud_cdc_connected(), tud_cdc_available());
 100              		.loc 1 57 5 is_stmt 1 view .LVU14
  58:SynaptiX_FDK/components/usb_cdc_tiny/sx_usb_tiny_cdc.c ****     uint32_t count = tud_cdc_read(buf, sizeof(buf));
 101              		.loc 1 58 5 view .LVU15
 102              	.LBB30:
 103              	.LBI30:
 209:SynaptiX_FDK/lib/tinyusb/src/class/cdc/cdc_device.h ****   return tud_cdc_n_connected(0);
 104              		.loc 2 209 42 view .LVU16
 105              	.LBB31:
 210:SynaptiX_FDK/lib/tinyusb/src/class/cdc/cdc_device.h **** }
 106              		.loc 2 210 3 view .LVU17
 210:SynaptiX_FDK/lib/tinyusb/src/class/cdc/cdc_device.h **** }
 107              		.loc 2 210 10 is_stmt 0 view .LVU18
 108 001c 0020     		movs	r0, #0
 109 001e FFF7FEFF 		bl	tud_cdc_n_connected
 110              	.LVL5:
 111 0022 0446     		mov	r4, r0
 112              	.LBE31:
 113              	.LBE30:
 114              	.LBB32:
 115              	.LBI32:
 225:SynaptiX_FDK/lib/tinyusb/src/class/cdc/cdc_device.h ****   return tud_cdc_n_available(0);
 116              		.loc 2 225 46 is_stmt 1 view .LVU19
 117              	.LBB33:
 118              		.loc 2 226 3 view .LVU20
 119              		.loc 2 226 10 is_stmt 0 view .LVU21
 120 0024 0020     		movs	r0, #0
 121 0026 FFF7FEFF 		bl	tud_cdc_n_available
 122              	.LVL6:
 123              	.LBE33:
 124              	.LBE32:
  58:SynaptiX_FDK/components/usb_cdc_tiny/sx_usb_tiny_cdc.c ****     uint32_t count = tud_cdc_read(buf, sizeof(buf));
 125              		.loc 1 58 5 discriminator 2 view .LVU22
 126 002a 0090     		str	r0, [sp]
 127 002c 2346     		mov	r3, r4
 128 002e 0E4A     		ldr	r2, .L11
 129 0030 0E49     		ldr	r1, .L11+4
 130 0032 0420     		movs	r0, #4
 131 0034 FFF7FEFF 		bl	log_func
 132              	.LVL7:
  59:SynaptiX_FDK/components/usb_cdc_tiny/sx_usb_tiny_cdc.c **** 
 133              		.loc 1 59 5 is_stmt 1 view .LVU23
 134              	.LBB34:
 135              	.LBI34:
 227:SynaptiX_FDK/lib/tinyusb/src/class/cdc/cdc_device.h **** }
 228:SynaptiX_FDK/lib/tinyusb/src/class/cdc/cdc_device.h **** 
 229:SynaptiX_FDK/lib/tinyusb/src/class/cdc/cdc_device.h **** TU_ATTR_ALWAYS_INLINE static inline int32_t tud_cdc_read_char(void) {
 230:SynaptiX_FDK/lib/tinyusb/src/class/cdc/cdc_device.h ****   return tud_cdc_n_read_char(0);
 231:SynaptiX_FDK/lib/tinyusb/src/class/cdc/cdc_device.h **** }
 232:SynaptiX_FDK/lib/tinyusb/src/class/cdc/cdc_device.h **** 
 233:SynaptiX_FDK/lib/tinyusb/src/class/cdc/cdc_device.h **** TU_ATTR_ALWAYS_INLINE static inline uint32_t tud_cdc_read(void* buffer, uint32_t bufsize) {
 136              		.loc 2 233 46 view .LVU24
ARM GAS  C:\Users\LENOVO\AppData\Local\Temp\ccdclrI8.s 			page 9


 137              	.LBB35:
 234:SynaptiX_FDK/lib/tinyusb/src/class/cdc/cdc_device.h ****   return tud_cdc_n_read(0, buffer, bufsize);
 138              		.loc 2 234 3 view .LVU25
 139              		.loc 2 234 10 is_stmt 0 view .LVU26
 140 0038 4022     		movs	r2, #64
 141 003a 02A9     		add	r1, sp, #8
 142              	.LVL8:
 143              		.loc 2 234 10 view .LVU27
 144 003c 0020     		movs	r0, #0
 145 003e FFF7FEFF 		bl	tud_cdc_n_read
 146              	.LVL9:
 147              		.loc 2 234 10 view .LVU28
 148 0042 0646     		mov	r6, r0
 149              	.LVL10:
 150              		.loc 2 234 10 view .LVU29
 151              	.LBE35:
 152              	.LBE34:
  61:SynaptiX_FDK/components/usb_cdc_tiny/sx_usb_tiny_cdc.c ****         if (cqueue_send(&_usb->rxQueue, &buf[i]) == false) {
 153              		.loc 1 61 5 is_stmt 1 view .LVU30
 154              	.LBB36:
  61:SynaptiX_FDK/components/usb_cdc_tiny/sx_usb_tiny_cdc.c ****         if (cqueue_send(&_usb->rxQueue, &buf[i]) == false) {
 155              		.loc 1 61 9 view .LVU31
  61:SynaptiX_FDK/components/usb_cdc_tiny/sx_usb_tiny_cdc.c ****         if (cqueue_send(&_usb->rxQueue, &buf[i]) == false) {
 156              		.loc 1 61 18 is_stmt 0 view .LVU32
 157 0044 0024     		movs	r4, #0
 158              	.LVL11:
 159              	.L3:
  61:SynaptiX_FDK/components/usb_cdc_tiny/sx_usb_tiny_cdc.c ****         if (cqueue_send(&_usb->rxQueue, &buf[i]) == false) {
 160              		.loc 1 61 24 is_stmt 1 discriminator 1 view .LVU33
 161 0046 B442     		cmp	r4, r6
 162 0048 E1D2     		bcs	.L1
  62:SynaptiX_FDK/components/usb_cdc_tiny/sx_usb_tiny_cdc.c ****             log_warn(TAG, "RX queue full, byte dropped");
 163              		.loc 1 62 9 view .LVU34
  62:SynaptiX_FDK/components/usb_cdc_tiny/sx_usb_tiny_cdc.c ****             log_warn(TAG, "RX queue full, byte dropped");
 164              		.loc 1 62 13 is_stmt 0 view .LVU35
 165 004a 02AB     		add	r3, sp, #8
 166 004c 1919     		adds	r1, r3, r4
 167 004e 05F10800 		add	r0, r5, #8
 168 0052 FFF7FEFF 		bl	cqueue_send
 169              	.LVL12:
  62:SynaptiX_FDK/components/usb_cdc_tiny/sx_usb_tiny_cdc.c ****             log_warn(TAG, "RX queue full, byte dropped");
 170              		.loc 1 62 12 discriminator 1 view .LVU36
 171 0056 08B1     		cbz	r0, .L10
  61:SynaptiX_FDK/components/usb_cdc_tiny/sx_usb_tiny_cdc.c ****         if (cqueue_send(&_usb->rxQueue, &buf[i]) == false) {
 172              		.loc 1 61 33 is_stmt 1 discriminator 2 view .LVU37
 173 0058 0134     		adds	r4, r4, #1
 174              	.LVL13:
  61:SynaptiX_FDK/components/usb_cdc_tiny/sx_usb_tiny_cdc.c ****         if (cqueue_send(&_usb->rxQueue, &buf[i]) == false) {
 175              		.loc 1 61 33 is_stmt 0 discriminator 2 view .LVU38
 176 005a F4E7     		b	.L3
 177              	.L10:
  63:SynaptiX_FDK/components/usb_cdc_tiny/sx_usb_tiny_cdc.c ****             break;
 178              		.loc 1 63 13 is_stmt 1 view .LVU39
 179 005c 044A     		ldr	r2, .L11+8
 180 005e 0349     		ldr	r1, .L11+4
 181 0060 0220     		movs	r0, #2
 182 0062 FFF7FEFF 		bl	log_func
ARM GAS  C:\Users\LENOVO\AppData\Local\Temp\ccdclrI8.s 			page 10


 183              	.LVL14:
  64:SynaptiX_FDK/components/usb_cdc_tiny/sx_usb_tiny_cdc.c ****         }
 184              		.loc 1 64 13 view .LVU40
 185 0066 D2E7     		b	.L1
 186              	.L12:
 187              		.align	2
 188              	.L11:
 189 0068 00000000 		.word	.LC1
 190 006c 1C000000 		.word	.LC2
 191 0070 28000000 		.word	.LC3
 192              	.LBE36:
 193              		.cfi_endproc
 194              	.LFE639:
 196              		.section	.rodata.sx_usb_tiny_init.str1.4,"aMS",%progbits,1
 197              		.align	2
 198              	.LC4:
 199 0000 43444320 		.ascii	"CDC initialized, rx_buf=%lu tx_buf=%lu\000"
 199      696E6974 
 199      69616C69 
 199      7A65642C 
 199      2072785F 
 200              		.section	.text.sx_usb_tiny_init,"ax",%progbits
 201              		.align	1
 202              		.global	sx_usb_tiny_init
 203              		.syntax unified
 204              		.thumb
 205              		.thumb_func
 207              	sx_usb_tiny_init:
 208              	.LVL15:
 209              	.LFB638:
  20:SynaptiX_FDK/components/usb_cdc_tiny/sx_usb_tiny_cdc.c ****     _usb->config    = _config;
 210              		.loc 1 20 1 view -0
 211              		.cfi_startproc
 212              		@ args = 0, pretend = 0, frame = 8
 213              		@ frame_needed = 0, uses_anonymous_args = 0
  20:SynaptiX_FDK/components/usb_cdc_tiny/sx_usb_tiny_cdc.c ****     _usb->config    = _config;
 214              		.loc 1 20 1 is_stmt 0 view .LVU42
 215 0000 70B5     		push	{r4, r5, r6, lr}
 216              	.LCFI4:
 217              		.cfi_def_cfa_offset 16
 218              		.cfi_offset 4, -16
 219              		.cfi_offset 5, -12
 220              		.cfi_offset 6, -8
 221              		.cfi_offset 14, -4
 222 0002 84B0     		sub	sp, sp, #16
 223              	.LCFI5:
 224              		.cfi_def_cfa_offset 32
 225 0004 0546     		mov	r5, r0
 226 0006 0C46     		mov	r4, r1
  21:SynaptiX_FDK/components/usb_cdc_tiny/sx_usb_tiny_cdc.c ****     _usb->connected = false;
 227              		.loc 1 21 5 is_stmt 1 view .LVU43
  21:SynaptiX_FDK/components/usb_cdc_tiny/sx_usb_tiny_cdc.c ****     _usb->connected = false;
 228              		.loc 1 21 21 is_stmt 0 view .LVU44
 229 0008 0160     		str	r1, [r0]
  22:SynaptiX_FDK/components/usb_cdc_tiny/sx_usb_tiny_cdc.c **** 
 230              		.loc 1 22 5 is_stmt 1 view .LVU45
  22:SynaptiX_FDK/components/usb_cdc_tiny/sx_usb_tiny_cdc.c **** 
ARM GAS  C:\Users\LENOVO\AppData\Local\Temp\ccdclrI8.s 			page 11


 231              		.loc 1 22 21 is_stmt 0 view .LVU46
 232 000a 0026     		movs	r6, #0
 233 000c 80F83C60 		strb	r6, [r0, #60]
  24:SynaptiX_FDK/components/usb_cdc_tiny/sx_usb_tiny_cdc.c ****     cqueue_init_static(&_usb->rxQueue, _usb->rxBuffer,
 234              		.loc 1 24 5 is_stmt 1 view .LVU47
  24:SynaptiX_FDK/components/usb_cdc_tiny/sx_usb_tiny_cdc.c ****     cqueue_init_static(&_usb->rxQueue, _usb->rxBuffer,
 235              		.loc 1 24 22 is_stmt 0 view .LVU48
 236 0010 0868     		ldr	r0, [r1]
 237              	.LVL16:
  24:SynaptiX_FDK/components/usb_cdc_tiny/sx_usb_tiny_cdc.c ****     cqueue_init_static(&_usb->rxQueue, _usb->rxBuffer,
 238              		.loc 1 24 22 view .LVU49
 239 0012 FFF7FEFF 		bl	sx_malloc
 240              	.LVL17:
  24:SynaptiX_FDK/components/usb_cdc_tiny/sx_usb_tiny_cdc.c ****     cqueue_init_static(&_usb->rxQueue, _usb->rxBuffer,
 241              		.loc 1 24 22 view .LVU50
 242 0016 0146     		mov	r1, r0
  24:SynaptiX_FDK/components/usb_cdc_tiny/sx_usb_tiny_cdc.c ****     cqueue_init_static(&_usb->rxQueue, _usb->rxBuffer,
 243              		.loc 1 24 20 discriminator 1 view .LVU51
 244 0018 6860     		str	r0, [r5, #4]
  25:SynaptiX_FDK/components/usb_cdc_tiny/sx_usb_tiny_cdc.c ****                         _config->rx_buf_size, 1);
 245              		.loc 1 25 5 is_stmt 1 view .LVU52
 246 001a 0123     		movs	r3, #1
 247 001c 2268     		ldr	r2, [r4]
 248 001e 05F10800 		add	r0, r5, #8
 249 0022 FFF7FEFF 		bl	cqueue_init_static
 250              	.LVL18:
  28:SynaptiX_FDK/components/usb_cdc_tiny/sx_usb_tiny_cdc.c ****     cqueue_init_static(&_usb->txQueue, _usb->txBuffer,
 251              		.loc 1 28 5 view .LVU53
  28:SynaptiX_FDK/components/usb_cdc_tiny/sx_usb_tiny_cdc.c ****     cqueue_init_static(&_usb->txQueue, _usb->txBuffer,
 252              		.loc 1 28 22 is_stmt 0 view .LVU54
 253 0026 6068     		ldr	r0, [r4, #4]
 254 0028 FFF7FEFF 		bl	sx_malloc
 255              	.LVL19:
 256 002c 0146     		mov	r1, r0
  28:SynaptiX_FDK/components/usb_cdc_tiny/sx_usb_tiny_cdc.c ****     cqueue_init_static(&_usb->txQueue, _usb->txBuffer,
 257              		.loc 1 28 20 discriminator 1 view .LVU55
 258 002e 2862     		str	r0, [r5, #32]
  29:SynaptiX_FDK/components/usb_cdc_tiny/sx_usb_tiny_cdc.c ****                         _config->tx_buf_size, 1);
 259              		.loc 1 29 5 is_stmt 1 view .LVU56
 260 0030 0123     		movs	r3, #1
 261 0032 6268     		ldr	r2, [r4, #4]
 262 0034 05F12400 		add	r0, r5, #36
 263 0038 FFF7FEFF 		bl	cqueue_init_static
 264              	.LVL20:
  39:SynaptiX_FDK/components/usb_cdc_tiny/sx_usb_tiny_cdc.c ****         .role  = TUSB_ROLE_DEVICE,
 265              		.loc 1 39 5 view .LVU57
  39:SynaptiX_FDK/components/usb_cdc_tiny/sx_usb_tiny_cdc.c ****         .role  = TUSB_ROLE_DEVICE,
 266              		.loc 1 39 24 is_stmt 0 view .LVU58
 267 003c 084B     		ldr	r3, .L15
 268 003e 1B88     		ldrh	r3, [r3]
 269 0040 ADF80C30 		strh	r3, [sp, #12]	@ movhi
  43:SynaptiX_FDK/components/usb_cdc_tiny/sx_usb_tiny_cdc.c **** #endif
 270              		.loc 1 43 5 is_stmt 1 view .LVU59
 271 0044 03A9     		add	r1, sp, #12
 272 0046 3046     		mov	r0, r6
 273 0048 FFF7FEFF 		bl	tusb_rhport_init
 274              	.LVL21:
ARM GAS  C:\Users\LENOVO\AppData\Local\Temp\ccdclrI8.s 			page 12


  46:SynaptiX_FDK/components/usb_cdc_tiny/sx_usb_tiny_cdc.c ****              _config->rx_buf_size, _config->tx_buf_size);
 275              		.loc 1 46 5 view .LVU60
 276 004c 6368     		ldr	r3, [r4, #4]
 277 004e 0093     		str	r3, [sp]
 278 0050 2368     		ldr	r3, [r4]
 279 0052 044A     		ldr	r2, .L15+4
 280 0054 0449     		ldr	r1, .L15+8
 281 0056 0320     		movs	r0, #3
 282 0058 FFF7FEFF 		bl	log_func
 283              	.LVL22:
  48:SynaptiX_FDK/components/usb_cdc_tiny/sx_usb_tiny_cdc.c **** 
 284              		.loc 1 48 1 is_stmt 0 view .LVU61
 285 005c 04B0     		add	sp, sp, #16
 286              	.LCFI6:
 287              		.cfi_def_cfa_offset 16
 288              		@ sp needed
 289 005e 70BD     		pop	{r4, r5, r6, pc}
 290              	.LVL23:
 291              	.L16:
  48:SynaptiX_FDK/components/usb_cdc_tiny/sx_usb_tiny_cdc.c **** 
 292              		.loc 1 48 1 view .LVU62
 293              		.align	2
 294              	.L15:
 295 0060 00000000 		.word	.LANCHOR0
 296 0064 00000000 		.word	.LC4
 297 0068 1C000000 		.word	.LC2
 298              		.cfi_endproc
 299              	.LFE638:
 301              		.section	.text.sx_usb_tiny_read,"ax",%progbits
 302              		.align	1
 303              		.global	sx_usb_tiny_read
 304              		.syntax unified
 305              		.thumb
 306              		.thumb_func
 308              	sx_usb_tiny_read:
 309              	.LVL24:
 310              	.LFB642:
  69:SynaptiX_FDK/components/usb_cdc_tiny/sx_usb_tiny_cdc.c **** 
  70:SynaptiX_FDK/components/usb_cdc_tiny/sx_usb_tiny_cdc.c **** void sx_usb_tiny_process(sx_usb_tiny_t *_usb){
  71:SynaptiX_FDK/components/usb_cdc_tiny/sx_usb_tiny_cdc.c **** #if SX_PLATFORM == SX_PLATFORM_STM32H5 || SX_PLATFORM == SX_PLATFORM_STM32H7
  72:SynaptiX_FDK/components/usb_cdc_tiny/sx_usb_tiny_cdc.c ****     tud_task();
  73:SynaptiX_FDK/components/usb_cdc_tiny/sx_usb_tiny_cdc.c ****     _usb->connected = sx_usb_tiny_connected(_usb);
  74:SynaptiX_FDK/components/usb_cdc_tiny/sx_usb_tiny_cdc.c ****     usb_rx_task(_usb);
  75:SynaptiX_FDK/components/usb_cdc_tiny/sx_usb_tiny_cdc.c **** #endif
  76:SynaptiX_FDK/components/usb_cdc_tiny/sx_usb_tiny_cdc.c **** }
  77:SynaptiX_FDK/components/usb_cdc_tiny/sx_usb_tiny_cdc.c **** 
  78:SynaptiX_FDK/components/usb_cdc_tiny/sx_usb_tiny_cdc.c **** void sx_usb_tiny_write(sx_usb_tiny_t *_usb, const uint8_t *_data, uint32_t _len){
  79:SynaptiX_FDK/components/usb_cdc_tiny/sx_usb_tiny_cdc.c ****     if(!sx_usb_tiny_connected(_usb)) 
  80:SynaptiX_FDK/components/usb_cdc_tiny/sx_usb_tiny_cdc.c ****         return;
  81:SynaptiX_FDK/components/usb_cdc_tiny/sx_usb_tiny_cdc.c ****     log_debug(TAG, "USB write: %lu bytes", _len);
  82:SynaptiX_FDK/components/usb_cdc_tiny/sx_usb_tiny_cdc.c **** 
  83:SynaptiX_FDK/components/usb_cdc_tiny/sx_usb_tiny_cdc.c **** #if SX_PLATFORM == SX_PLATFORM_STM32H5 || SX_PLATFORM == SX_PLATFORM_STM32H7
  84:SynaptiX_FDK/components/usb_cdc_tiny/sx_usb_tiny_cdc.c ****     uint32_t sent = 0;
  85:SynaptiX_FDK/components/usb_cdc_tiny/sx_usb_tiny_cdc.c ****     while(sent < _len){
  86:SynaptiX_FDK/components/usb_cdc_tiny/sx_usb_tiny_cdc.c ****         uint32_t written = tud_cdc_write(_data + sent, _len - sent);
  87:SynaptiX_FDK/components/usb_cdc_tiny/sx_usb_tiny_cdc.c ****         sent += written;
  88:SynaptiX_FDK/components/usb_cdc_tiny/sx_usb_tiny_cdc.c ****         tud_cdc_write_flush();
ARM GAS  C:\Users\LENOVO\AppData\Local\Temp\ccdclrI8.s 			page 13


  89:SynaptiX_FDK/components/usb_cdc_tiny/sx_usb_tiny_cdc.c ****         if(written == 0)
  90:SynaptiX_FDK/components/usb_cdc_tiny/sx_usb_tiny_cdc.c ****             tud_task();
  91:SynaptiX_FDK/components/usb_cdc_tiny/sx_usb_tiny_cdc.c ****     }
  92:SynaptiX_FDK/components/usb_cdc_tiny/sx_usb_tiny_cdc.c **** #endif
  93:SynaptiX_FDK/components/usb_cdc_tiny/sx_usb_tiny_cdc.c **** }
  94:SynaptiX_FDK/components/usb_cdc_tiny/sx_usb_tiny_cdc.c **** 
  95:SynaptiX_FDK/components/usb_cdc_tiny/sx_usb_tiny_cdc.c **** int sx_usb_tiny_read(sx_usb_tiny_t *_usb, uint8_t *_data,
  96:SynaptiX_FDK/components/usb_cdc_tiny/sx_usb_tiny_cdc.c ****                      uint32_t _len, uint32_t _timeoutMS)
  97:SynaptiX_FDK/components/usb_cdc_tiny/sx_usb_tiny_cdc.c **** {
 311              		.loc 1 97 1 is_stmt 1 view -0
 312              		.cfi_startproc
 313              		@ args = 0, pretend = 0, frame = 0
 314              		@ frame_needed = 0, uses_anonymous_args = 0
 315              		.loc 1 97 1 is_stmt 0 view .LVU64
 316 0000 2DE9F843 		push	{r3, r4, r5, r6, r7, r8, r9, lr}
 317              	.LCFI7:
 318              		.cfi_def_cfa_offset 32
 319              		.cfi_offset 3, -32
 320              		.cfi_offset 4, -28
 321              		.cfi_offset 5, -24
 322              		.cfi_offset 6, -20
 323              		.cfi_offset 7, -16
 324              		.cfi_offset 8, -12
 325              		.cfi_offset 9, -8
 326              		.cfi_offset 14, -4
 327 0004 8146     		mov	r9, r0
 328 0006 8846     		mov	r8, r1
 329 0008 1646     		mov	r6, r2
 330 000a 1F46     		mov	r7, r3
  98:SynaptiX_FDK/components/usb_cdc_tiny/sx_usb_tiny_cdc.c ****     uint32_t len  = 0;
 331              		.loc 1 98 5 is_stmt 1 view .LVU65
 332              	.LVL25:
  99:SynaptiX_FDK/components/usb_cdc_tiny/sx_usb_tiny_cdc.c ****     uint32_t time = 0;
 333              		.loc 1 99 5 view .LVU66
 100:SynaptiX_FDK/components/usb_cdc_tiny/sx_usb_tiny_cdc.c ****     while(len < _len && time < _timeoutMS){
 334              		.loc 1 100 5 view .LVU67
  99:SynaptiX_FDK/components/usb_cdc_tiny/sx_usb_tiny_cdc.c ****     uint32_t time = 0;
 335              		.loc 1 99 14 is_stmt 0 view .LVU68
 336 000c 0025     		movs	r5, #0
  98:SynaptiX_FDK/components/usb_cdc_tiny/sx_usb_tiny_cdc.c ****     uint32_t len  = 0;
 337              		.loc 1 98 14 view .LVU69
 338 000e 2C46     		mov	r4, r5
 339              		.loc 1 100 10 view .LVU70
 340 0010 05E0     		b	.L18
 341              	.LVL26:
 342              	.L19:
 101:SynaptiX_FDK/components/usb_cdc_tiny/sx_usb_tiny_cdc.c ****         if(cqueue_receive(&_usb->rxQueue, _data + len)){
 102:SynaptiX_FDK/components/usb_cdc_tiny/sx_usb_tiny_cdc.c ****             len++;
 103:SynaptiX_FDK/components/usb_cdc_tiny/sx_usb_tiny_cdc.c ****         } else {
 104:SynaptiX_FDK/components/usb_cdc_tiny/sx_usb_tiny_cdc.c ****             tud_task();
 343              		.loc 1 104 13 is_stmt 1 view .LVU71
 344              	.LBB37:
 345              	.LBI37:
 346              		.file 3 "SynaptiX_FDK/lib/tinyusb/src/device/usbd.h"
   1:SynaptiX_FDK/lib/tinyusb/src/device/usbd.h **** /*
   2:SynaptiX_FDK/lib/tinyusb/src/device/usbd.h ****  * The MIT License (MIT)
   3:SynaptiX_FDK/lib/tinyusb/src/device/usbd.h ****  *
ARM GAS  C:\Users\LENOVO\AppData\Local\Temp\ccdclrI8.s 			page 14


   4:SynaptiX_FDK/lib/tinyusb/src/device/usbd.h ****  * Copyright (c) 2019 Ha Thach (tinyusb.org)
   5:SynaptiX_FDK/lib/tinyusb/src/device/usbd.h ****  *
   6:SynaptiX_FDK/lib/tinyusb/src/device/usbd.h ****  * Permission is hereby granted, free of charge, to any person obtaining a copy
   7:SynaptiX_FDK/lib/tinyusb/src/device/usbd.h ****  * of this software and associated documentation files (the "Software"), to deal
   8:SynaptiX_FDK/lib/tinyusb/src/device/usbd.h ****  * in the Software without restriction, including without limitation the rights
   9:SynaptiX_FDK/lib/tinyusb/src/device/usbd.h ****  * to use, copy, modify, merge, publish, distribute, sublicense, and/or sell
  10:SynaptiX_FDK/lib/tinyusb/src/device/usbd.h ****  * copies of the Software, and to permit persons to whom the Software is
  11:SynaptiX_FDK/lib/tinyusb/src/device/usbd.h ****  * furnished to do so, subject to the following conditions:
  12:SynaptiX_FDK/lib/tinyusb/src/device/usbd.h ****  *
  13:SynaptiX_FDK/lib/tinyusb/src/device/usbd.h ****  * The above copyright notice and this permission notice shall be included in
  14:SynaptiX_FDK/lib/tinyusb/src/device/usbd.h ****  * all copies or substantial portions of the Software.
  15:SynaptiX_FDK/lib/tinyusb/src/device/usbd.h ****  *
  16:SynaptiX_FDK/lib/tinyusb/src/device/usbd.h ****  * THE SOFTWARE IS PROVIDED "AS IS", WITHOUT WARRANTY OF ANY KIND, EXPRESS OR
  17:SynaptiX_FDK/lib/tinyusb/src/device/usbd.h ****  * IMPLIED, INCLUDING BUT NOT LIMITED TO THE WARRANTIES OF MERCHANTABILITY,
  18:SynaptiX_FDK/lib/tinyusb/src/device/usbd.h ****  * FITNESS FOR A PARTICULAR PURPOSE AND NONINFRINGEMENT. IN NO EVENT SHALL THE
  19:SynaptiX_FDK/lib/tinyusb/src/device/usbd.h ****  * AUTHORS OR COPYRIGHT HOLDERS BE LIABLE FOR ANY CLAIM, DAMAGES OR OTHER
  20:SynaptiX_FDK/lib/tinyusb/src/device/usbd.h ****  * LIABILITY, WHETHER IN AN ACTION OF CONTRACT, TORT OR OTHERWISE, ARISING FROM,
  21:SynaptiX_FDK/lib/tinyusb/src/device/usbd.h ****  * OUT OF OR IN CONNECTION WITH THE SOFTWARE OR THE USE OR OTHER DEALINGS IN
  22:SynaptiX_FDK/lib/tinyusb/src/device/usbd.h ****  * THE SOFTWARE.
  23:SynaptiX_FDK/lib/tinyusb/src/device/usbd.h ****  *
  24:SynaptiX_FDK/lib/tinyusb/src/device/usbd.h ****  * This file is part of the TinyUSB stack.
  25:SynaptiX_FDK/lib/tinyusb/src/device/usbd.h ****  */
  26:SynaptiX_FDK/lib/tinyusb/src/device/usbd.h **** 
  27:SynaptiX_FDK/lib/tinyusb/src/device/usbd.h **** #ifndef TUSB_USBD_H_
  28:SynaptiX_FDK/lib/tinyusb/src/device/usbd.h **** #define TUSB_USBD_H_
  29:SynaptiX_FDK/lib/tinyusb/src/device/usbd.h **** 
  30:SynaptiX_FDK/lib/tinyusb/src/device/usbd.h **** #include "common/tusb_common.h"
  31:SynaptiX_FDK/lib/tinyusb/src/device/usbd.h **** 
  32:SynaptiX_FDK/lib/tinyusb/src/device/usbd.h **** #ifdef __cplusplus
  33:SynaptiX_FDK/lib/tinyusb/src/device/usbd.h **** extern "C" {
  34:SynaptiX_FDK/lib/tinyusb/src/device/usbd.h **** #endif
  35:SynaptiX_FDK/lib/tinyusb/src/device/usbd.h **** 
  36:SynaptiX_FDK/lib/tinyusb/src/device/usbd.h **** // ConfigID for tud_configure()
  37:SynaptiX_FDK/lib/tinyusb/src/device/usbd.h **** enum {
  38:SynaptiX_FDK/lib/tinyusb/src/device/usbd.h ****   TUD_CFGID_INVALID = 0,
  39:SynaptiX_FDK/lib/tinyusb/src/device/usbd.h ****   TUD_CFGID_DWC2 = 100,
  40:SynaptiX_FDK/lib/tinyusb/src/device/usbd.h **** };
  41:SynaptiX_FDK/lib/tinyusb/src/device/usbd.h **** 
  42:SynaptiX_FDK/lib/tinyusb/src/device/usbd.h **** typedef struct {
  43:SynaptiX_FDK/lib/tinyusb/src/device/usbd.h ****   uint16_t bm_double_buffered; // bitmap of IN endpoints to be double buffered, only effective for 
  44:SynaptiX_FDK/lib/tinyusb/src/device/usbd.h ****   bool vbus_sensing; // Vbus pin is used for device connection detection, mandatory for tud_umount_
  45:SynaptiX_FDK/lib/tinyusb/src/device/usbd.h **** } tud_configure_dwc2_t;
  46:SynaptiX_FDK/lib/tinyusb/src/device/usbd.h **** 
  47:SynaptiX_FDK/lib/tinyusb/src/device/usbd.h ****   #ifndef CFG_TUD_CONFIGURE_DWC2_DEFAULT
  48:SynaptiX_FDK/lib/tinyusb/src/device/usbd.h ****     #define CFG_TUD_CONFIGURE_DWC2_DEFAULT {.bm_double_buffered = 0, .vbus_sensing = CFG_TUD_VBUS_D
  49:SynaptiX_FDK/lib/tinyusb/src/device/usbd.h ****   #endif
  50:SynaptiX_FDK/lib/tinyusb/src/device/usbd.h **** 
  51:SynaptiX_FDK/lib/tinyusb/src/device/usbd.h **** typedef union {
  52:SynaptiX_FDK/lib/tinyusb/src/device/usbd.h ****   tud_configure_dwc2_t dwc2;
  53:SynaptiX_FDK/lib/tinyusb/src/device/usbd.h **** } tud_configure_param_t;
  54:SynaptiX_FDK/lib/tinyusb/src/device/usbd.h **** 
  55:SynaptiX_FDK/lib/tinyusb/src/device/usbd.h **** //--------------------------------------------------------------------+
  56:SynaptiX_FDK/lib/tinyusb/src/device/usbd.h **** // Application API
  57:SynaptiX_FDK/lib/tinyusb/src/device/usbd.h **** //--------------------------------------------------------------------+
  58:SynaptiX_FDK/lib/tinyusb/src/device/usbd.h **** 
  59:SynaptiX_FDK/lib/tinyusb/src/device/usbd.h **** // Configure device stack behavior with dynamic or port-specific parameters.
  60:SynaptiX_FDK/lib/tinyusb/src/device/usbd.h **** // Should be called before initialization of the device stack
ARM GAS  C:\Users\LENOVO\AppData\Local\Temp\ccdclrI8.s 			page 15


  61:SynaptiX_FDK/lib/tinyusb/src/device/usbd.h **** // - cfg_id   : configure ID from TUD_CFGID_* enum values
  62:SynaptiX_FDK/lib/tinyusb/src/device/usbd.h **** // - cfg_param: configure data, structure depends on the ID
  63:SynaptiX_FDK/lib/tinyusb/src/device/usbd.h **** bool tud_configure(uint8_t rhport, uint32_t cfg_id, const void* cfg_param);
  64:SynaptiX_FDK/lib/tinyusb/src/device/usbd.h **** 
  65:SynaptiX_FDK/lib/tinyusb/src/device/usbd.h **** // New API to replace tud_init() to init device stack on specific roothub port
  66:SynaptiX_FDK/lib/tinyusb/src/device/usbd.h **** // Must be called in the same task/context as tud_task() if RTOS is used
  67:SynaptiX_FDK/lib/tinyusb/src/device/usbd.h **** bool tud_rhport_init(uint8_t rhport, const tusb_rhport_init_t* rh_init);
  68:SynaptiX_FDK/lib/tinyusb/src/device/usbd.h **** 
  69:SynaptiX_FDK/lib/tinyusb/src/device/usbd.h **** // Init device stack on roothub port
  70:SynaptiX_FDK/lib/tinyusb/src/device/usbd.h **** #if TUSB_VERSION_NUMBER > 2000  // 0.20.0
  71:SynaptiX_FDK/lib/tinyusb/src/device/usbd.h **** TU_ATTR_DEPRECATED("Please use tusb_init(rhport, rh_init) instead")
  72:SynaptiX_FDK/lib/tinyusb/src/device/usbd.h **** #endif
  73:SynaptiX_FDK/lib/tinyusb/src/device/usbd.h **** TU_ATTR_ALWAYS_INLINE static inline bool tud_init (uint8_t rhport) {
  74:SynaptiX_FDK/lib/tinyusb/src/device/usbd.h ****   const tusb_rhport_init_t rh_init = {
  75:SynaptiX_FDK/lib/tinyusb/src/device/usbd.h ****     .role = TUSB_ROLE_DEVICE,
  76:SynaptiX_FDK/lib/tinyusb/src/device/usbd.h ****     .speed = TUD_OPT_HIGH_SPEED ? TUSB_SPEED_HIGH : TUSB_SPEED_FULL
  77:SynaptiX_FDK/lib/tinyusb/src/device/usbd.h ****   };
  78:SynaptiX_FDK/lib/tinyusb/src/device/usbd.h ****   return tud_rhport_init(rhport, &rh_init);
  79:SynaptiX_FDK/lib/tinyusb/src/device/usbd.h **** }
  80:SynaptiX_FDK/lib/tinyusb/src/device/usbd.h **** 
  81:SynaptiX_FDK/lib/tinyusb/src/device/usbd.h **** // Deinit device stack on roothub port
  82:SynaptiX_FDK/lib/tinyusb/src/device/usbd.h **** // Must be called in the same task/context as tud_task() if RTOS is used
  83:SynaptiX_FDK/lib/tinyusb/src/device/usbd.h **** bool tud_deinit(uint8_t rhport);
  84:SynaptiX_FDK/lib/tinyusb/src/device/usbd.h **** 
  85:SynaptiX_FDK/lib/tinyusb/src/device/usbd.h **** // Check if device stack is already initialized
  86:SynaptiX_FDK/lib/tinyusb/src/device/usbd.h **** bool tud_inited(void);
  87:SynaptiX_FDK/lib/tinyusb/src/device/usbd.h **** 
  88:SynaptiX_FDK/lib/tinyusb/src/device/usbd.h **** // Task function should be called in main/rtos loop, extended version of tud_task()
  89:SynaptiX_FDK/lib/tinyusb/src/device/usbd.h **** // - timeout_ms: millisecond to wait, zero = no wait, 0xFFFFFFFF = wait forever
  90:SynaptiX_FDK/lib/tinyusb/src/device/usbd.h **** // - in_isr: if function is called in ISR
  91:SynaptiX_FDK/lib/tinyusb/src/device/usbd.h **** void tud_task_ext(uint32_t timeout_ms, bool in_isr);
  92:SynaptiX_FDK/lib/tinyusb/src/device/usbd.h **** 
  93:SynaptiX_FDK/lib/tinyusb/src/device/usbd.h **** // Task function should be called in main/rtos loop
  94:SynaptiX_FDK/lib/tinyusb/src/device/usbd.h **** TU_ATTR_ALWAYS_INLINE static inline
  95:SynaptiX_FDK/lib/tinyusb/src/device/usbd.h **** void tud_task (void) {
 347              		.loc 3 95 6 view .LVU72
 348              	.LBB38:
  96:SynaptiX_FDK/lib/tinyusb/src/device/usbd.h ****   tud_task_ext(UINT32_MAX, false);
 349              		.loc 3 96 3 view .LVU73
 350 0012 0021     		movs	r1, #0
 351 0014 4FF0FF30 		mov	r0, #-1
 352 0018 FFF7FEFF 		bl	tud_task_ext
 353              	.LVL27:
 354              	.LBE38:
 355              	.LBE37:
 105:SynaptiX_FDK/components/usb_cdc_tiny/sx_usb_tiny_cdc.c ****             //sx_delay_ms(1);
 106:SynaptiX_FDK/components/usb_cdc_tiny/sx_usb_tiny_cdc.c ****             time++;
 356              		.loc 1 106 13 view .LVU74
 357              		.loc 1 106 17 is_stmt 0 view .LVU75
 358 001c 0135     		adds	r5, r5, #1
 359              	.LVL28:
 360              	.L18:
 100:SynaptiX_FDK/components/usb_cdc_tiny/sx_usb_tiny_cdc.c ****         if(cqueue_receive(&_usb->rxQueue, _data + len)){
 361              		.loc 1 100 22 is_stmt 1 view .LVU76
 362 001e B442     		cmp	r4, r6
 363 0020 0BD2     		bcs	.L21
 100:SynaptiX_FDK/components/usb_cdc_tiny/sx_usb_tiny_cdc.c ****         if(cqueue_receive(&_usb->rxQueue, _data + len)){
ARM GAS  C:\Users\LENOVO\AppData\Local\Temp\ccdclrI8.s 			page 16


 364              		.loc 1 100 22 is_stmt 0 discriminator 1 view .LVU77
 365 0022 BD42     		cmp	r5, r7
 366 0024 09D2     		bcs	.L21
 101:SynaptiX_FDK/components/usb_cdc_tiny/sx_usb_tiny_cdc.c ****             len++;
 367              		.loc 1 101 9 is_stmt 1 view .LVU78
 101:SynaptiX_FDK/components/usb_cdc_tiny/sx_usb_tiny_cdc.c ****             len++;
 368              		.loc 1 101 12 is_stmt 0 view .LVU79
 369 0026 08EB0401 		add	r1, r8, r4
 370 002a 09F10800 		add	r0, r9, #8
 371 002e FFF7FEFF 		bl	cqueue_receive
 372              	.LVL29:
 101:SynaptiX_FDK/components/usb_cdc_tiny/sx_usb_tiny_cdc.c ****             len++;
 373              		.loc 1 101 11 discriminator 1 view .LVU80
 374 0032 0028     		cmp	r0, #0
 375 0034 EDD0     		beq	.L19
 102:SynaptiX_FDK/components/usb_cdc_tiny/sx_usb_tiny_cdc.c ****         } else {
 376              		.loc 1 102 13 is_stmt 1 view .LVU81
 102:SynaptiX_FDK/components/usb_cdc_tiny/sx_usb_tiny_cdc.c ****         } else {
 377              		.loc 1 102 16 is_stmt 0 view .LVU82
 378 0036 0134     		adds	r4, r4, #1
 379              	.LVL30:
 102:SynaptiX_FDK/components/usb_cdc_tiny/sx_usb_tiny_cdc.c ****         } else {
 380              		.loc 1 102 16 view .LVU83
 381 0038 F1E7     		b	.L18
 382              	.L21:
 107:SynaptiX_FDK/components/usb_cdc_tiny/sx_usb_tiny_cdc.c ****         }
 108:SynaptiX_FDK/components/usb_cdc_tiny/sx_usb_tiny_cdc.c ****     }
 109:SynaptiX_FDK/components/usb_cdc_tiny/sx_usb_tiny_cdc.c ****     return (int)len;
 383              		.loc 1 109 5 is_stmt 1 view .LVU84
 110:SynaptiX_FDK/components/usb_cdc_tiny/sx_usb_tiny_cdc.c **** }
 384              		.loc 1 110 1 is_stmt 0 view .LVU85
 385 003a 2046     		mov	r0, r4
 386 003c BDE8F883 		pop	{r3, r4, r5, r6, r7, r8, r9, pc}
 387              		.loc 1 110 1 view .LVU86
 388              		.cfi_endproc
 389              	.LFE642:
 391              		.section	.text.sx_usb_tiny_connected,"ax",%progbits
 392              		.align	1
 393              		.global	sx_usb_tiny_connected
 394              		.syntax unified
 395              		.thumb
 396              		.thumb_func
 398              	sx_usb_tiny_connected:
 399              	.LVL31:
 400              	.LFB643:
 111:SynaptiX_FDK/components/usb_cdc_tiny/sx_usb_tiny_cdc.c **** 
 112:SynaptiX_FDK/components/usb_cdc_tiny/sx_usb_tiny_cdc.c **** bool sx_usb_tiny_connected(sx_usb_tiny_t *_usb){
 401              		.loc 1 112 48 is_stmt 1 view -0
 402              		.cfi_startproc
 403              		@ args = 0, pretend = 0, frame = 0
 404              		@ frame_needed = 0, uses_anonymous_args = 0
 405              		.loc 1 112 48 is_stmt 0 view .LVU88
 406 0000 08B5     		push	{r3, lr}
 407              	.LCFI8:
 408              		.cfi_def_cfa_offset 8
 409              		.cfi_offset 3, -8
 410              		.cfi_offset 14, -4
ARM GAS  C:\Users\LENOVO\AppData\Local\Temp\ccdclrI8.s 			page 17


 113:SynaptiX_FDK/components/usb_cdc_tiny/sx_usb_tiny_cdc.c ****     return tud_cdc_connected();
 411              		.loc 1 113 5 is_stmt 1 view .LVU89
 412              	.LBB39:
 413              	.LBI39:
 209:SynaptiX_FDK/lib/tinyusb/src/class/cdc/cdc_device.h ****   return tud_cdc_n_connected(0);
 414              		.loc 2 209 42 view .LVU90
 415              	.LBB40:
 210:SynaptiX_FDK/lib/tinyusb/src/class/cdc/cdc_device.h **** }
 416              		.loc 2 210 3 view .LVU91
 210:SynaptiX_FDK/lib/tinyusb/src/class/cdc/cdc_device.h **** }
 417              		.loc 2 210 10 is_stmt 0 view .LVU92
 418 0002 0020     		movs	r0, #0
 419              	.LVL32:
 210:SynaptiX_FDK/lib/tinyusb/src/class/cdc/cdc_device.h **** }
 420              		.loc 2 210 10 view .LVU93
 421 0004 FFF7FEFF 		bl	tud_cdc_n_connected
 422              	.LVL33:
 423              	.LBE40:
 424              	.LBE39:
 114:SynaptiX_FDK/components/usb_cdc_tiny/sx_usb_tiny_cdc.c **** }
 425              		.loc 1 114 1 view .LVU94
 426 0008 08BD     		pop	{r3, pc}
 427              		.cfi_endproc
 428              	.LFE643:
 430              		.section	.text.sx_usb_tiny_process,"ax",%progbits
 431              		.align	1
 432              		.global	sx_usb_tiny_process
 433              		.syntax unified
 434              		.thumb
 435              		.thumb_func
 437              	sx_usb_tiny_process:
 438              	.LVL34:
 439              	.LFB640:
  70:SynaptiX_FDK/components/usb_cdc_tiny/sx_usb_tiny_cdc.c **** #if SX_PLATFORM == SX_PLATFORM_STM32H5 || SX_PLATFORM == SX_PLATFORM_STM32H7
 440              		.loc 1 70 46 is_stmt 1 view -0
 441              		.cfi_startproc
 442              		@ args = 0, pretend = 0, frame = 0
 443              		@ frame_needed = 0, uses_anonymous_args = 0
  70:SynaptiX_FDK/components/usb_cdc_tiny/sx_usb_tiny_cdc.c **** #if SX_PLATFORM == SX_PLATFORM_STM32H5 || SX_PLATFORM == SX_PLATFORM_STM32H7
 444              		.loc 1 70 46 is_stmt 0 view .LVU96
 445 0000 10B5     		push	{r4, lr}
 446              	.LCFI9:
 447              		.cfi_def_cfa_offset 8
 448              		.cfi_offset 4, -8
 449              		.cfi_offset 14, -4
 450 0002 0446     		mov	r4, r0
  72:SynaptiX_FDK/components/usb_cdc_tiny/sx_usb_tiny_cdc.c ****     _usb->connected = sx_usb_tiny_connected(_usb);
 451              		.loc 1 72 5 is_stmt 1 view .LVU97
 452              	.LBB41:
 453              	.LBI41:
  95:SynaptiX_FDK/lib/tinyusb/src/device/usbd.h ****   tud_task_ext(UINT32_MAX, false);
 454              		.loc 3 95 6 view .LVU98
 455              	.LBB42:
 456              		.loc 3 96 3 view .LVU99
 457 0004 0021     		movs	r1, #0
 458 0006 4FF0FF30 		mov	r0, #-1
 459              	.LVL35:
ARM GAS  C:\Users\LENOVO\AppData\Local\Temp\ccdclrI8.s 			page 18


 460              		.loc 3 96 3 is_stmt 0 view .LVU100
 461 000a FFF7FEFF 		bl	tud_task_ext
 462              	.LVL36:
 463              	.LBE42:
 464              	.LBE41:
  73:SynaptiX_FDK/components/usb_cdc_tiny/sx_usb_tiny_cdc.c ****     usb_rx_task(_usb);
 465              		.loc 1 73 5 is_stmt 1 view .LVU101
  73:SynaptiX_FDK/components/usb_cdc_tiny/sx_usb_tiny_cdc.c ****     usb_rx_task(_usb);
 466              		.loc 1 73 23 is_stmt 0 view .LVU102
 467 000e 2046     		mov	r0, r4
 468 0010 FFF7FEFF 		bl	sx_usb_tiny_connected
 469              	.LVL37:
  73:SynaptiX_FDK/components/usb_cdc_tiny/sx_usb_tiny_cdc.c ****     usb_rx_task(_usb);
 470              		.loc 1 73 21 discriminator 1 view .LVU103
 471 0014 84F83C00 		strb	r0, [r4, #60]
  74:SynaptiX_FDK/components/usb_cdc_tiny/sx_usb_tiny_cdc.c **** #endif
 472              		.loc 1 74 5 is_stmt 1 view .LVU104
 473 0018 2046     		mov	r0, r4
 474 001a FFF7FEFF 		bl	usb_rx_task
 475              	.LVL38:
  76:SynaptiX_FDK/components/usb_cdc_tiny/sx_usb_tiny_cdc.c **** 
 476              		.loc 1 76 1 is_stmt 0 view .LVU105
 477 001e 10BD     		pop	{r4, pc}
  76:SynaptiX_FDK/components/usb_cdc_tiny/sx_usb_tiny_cdc.c **** 
 478              		.loc 1 76 1 view .LVU106
 479              		.cfi_endproc
 480              	.LFE640:
 482              		.section	.rodata.sx_usb_tiny_write.str1.4,"aMS",%progbits,1
 483              		.align	2
 484              	.LC5:
 485 0000 55534220 		.ascii	"USB write: %lu bytes\000"
 485      77726974 
 485      653A2025 
 485      6C752062 
 485      79746573 
 486              		.section	.text.sx_usb_tiny_write,"ax",%progbits
 487              		.align	1
 488              		.global	sx_usb_tiny_write
 489              		.syntax unified
 490              		.thumb
 491              		.thumb_func
 493              	sx_usb_tiny_write:
 494              	.LVL39:
 495              	.LFB641:
  78:SynaptiX_FDK/components/usb_cdc_tiny/sx_usb_tiny_cdc.c ****     if(!sx_usb_tiny_connected(_usb)) 
 496              		.loc 1 78 81 is_stmt 1 view -0
 497              		.cfi_startproc
 498              		@ args = 0, pretend = 0, frame = 0
 499              		@ frame_needed = 0, uses_anonymous_args = 0
  78:SynaptiX_FDK/components/usb_cdc_tiny/sx_usb_tiny_cdc.c ****     if(!sx_usb_tiny_connected(_usb)) 
 500              		.loc 1 78 81 is_stmt 0 view .LVU108
 501 0000 F8B5     		push	{r3, r4, r5, r6, r7, lr}
 502              	.LCFI10:
 503              		.cfi_def_cfa_offset 24
 504              		.cfi_offset 3, -24
 505              		.cfi_offset 4, -20
 506              		.cfi_offset 5, -16
ARM GAS  C:\Users\LENOVO\AppData\Local\Temp\ccdclrI8.s 			page 19


 507              		.cfi_offset 6, -12
 508              		.cfi_offset 7, -8
 509              		.cfi_offset 14, -4
 510 0002 0F46     		mov	r7, r1
 511 0004 1646     		mov	r6, r2
  79:SynaptiX_FDK/components/usb_cdc_tiny/sx_usb_tiny_cdc.c ****         return;
 512              		.loc 1 79 5 is_stmt 1 view .LVU109
  79:SynaptiX_FDK/components/usb_cdc_tiny/sx_usb_tiny_cdc.c ****         return;
 513              		.loc 1 79 9 is_stmt 0 view .LVU110
 514 0006 FFF7FEFF 		bl	sx_usb_tiny_connected
 515              	.LVL40:
  79:SynaptiX_FDK/components/usb_cdc_tiny/sx_usb_tiny_cdc.c ****         return;
 516              		.loc 1 79 7 discriminator 1 view .LVU111
 517 000a 00B9     		cbnz	r0, .L34
 518              	.L28:
  93:SynaptiX_FDK/components/usb_cdc_tiny/sx_usb_tiny_cdc.c **** 
 519              		.loc 1 93 1 view .LVU112
 520 000c F8BD     		pop	{r3, r4, r5, r6, r7, pc}
 521              	.LVL41:
 522              	.L34:
  81:SynaptiX_FDK/components/usb_cdc_tiny/sx_usb_tiny_cdc.c **** 
 523              		.loc 1 81 5 is_stmt 1 view .LVU113
 524 000e 3346     		mov	r3, r6
 525 0010 0C4A     		ldr	r2, .L35
 526 0012 0D49     		ldr	r1, .L35+4
 527 0014 0420     		movs	r0, #4
 528 0016 FFF7FEFF 		bl	log_func
 529              	.LVL42:
  84:SynaptiX_FDK/components/usb_cdc_tiny/sx_usb_tiny_cdc.c ****     while(sent < _len){
 530              		.loc 1 84 5 view .LVU114
  85:SynaptiX_FDK/components/usb_cdc_tiny/sx_usb_tiny_cdc.c ****         uint32_t written = tud_cdc_write(_data + sent, _len - sent);
 531              		.loc 1 85 5 view .LVU115
  84:SynaptiX_FDK/components/usb_cdc_tiny/sx_usb_tiny_cdc.c ****     while(sent < _len){
 532              		.loc 1 84 14 is_stmt 0 view .LVU116
 533 001a 0024     		movs	r4, #0
 534              	.LVL43:
 535              	.L30:
  85:SynaptiX_FDK/components/usb_cdc_tiny/sx_usb_tiny_cdc.c ****         uint32_t written = tud_cdc_write(_data + sent, _len - sent);
 536              		.loc 1 85 16 is_stmt 1 view .LVU117
 537 001c B442     		cmp	r4, r6
 538 001e F5D2     		bcs	.L28
 539              	.LBB43:
  86:SynaptiX_FDK/components/usb_cdc_tiny/sx_usb_tiny_cdc.c ****         sent += written;
 540              		.loc 1 86 9 view .LVU118
 541              	.LVL44:
 542              	.LBB44:
 543              	.LBI44:
 235:SynaptiX_FDK/lib/tinyusb/src/class/cdc/cdc_device.h **** }
 236:SynaptiX_FDK/lib/tinyusb/src/class/cdc/cdc_device.h **** 
 237:SynaptiX_FDK/lib/tinyusb/src/class/cdc/cdc_device.h **** TU_ATTR_ALWAYS_INLINE static inline void tud_cdc_read_flush(void) {
 238:SynaptiX_FDK/lib/tinyusb/src/class/cdc/cdc_device.h ****   tud_cdc_n_read_flush(0);
 239:SynaptiX_FDK/lib/tinyusb/src/class/cdc/cdc_device.h **** }
 240:SynaptiX_FDK/lib/tinyusb/src/class/cdc/cdc_device.h **** 
 241:SynaptiX_FDK/lib/tinyusb/src/class/cdc/cdc_device.h **** TU_ATTR_ALWAYS_INLINE static inline bool tud_cdc_peek(uint8_t* ui8) {
 242:SynaptiX_FDK/lib/tinyusb/src/class/cdc/cdc_device.h ****   return tud_cdc_n_peek(0, ui8);
 243:SynaptiX_FDK/lib/tinyusb/src/class/cdc/cdc_device.h **** }
 244:SynaptiX_FDK/lib/tinyusb/src/class/cdc/cdc_device.h **** 
ARM GAS  C:\Users\LENOVO\AppData\Local\Temp\ccdclrI8.s 			page 20


 245:SynaptiX_FDK/lib/tinyusb/src/class/cdc/cdc_device.h **** TU_ATTR_ALWAYS_INLINE static inline uint32_t tud_cdc_write_char(char ch) {
 246:SynaptiX_FDK/lib/tinyusb/src/class/cdc/cdc_device.h ****   return tud_cdc_n_write_char(0, ch);
 247:SynaptiX_FDK/lib/tinyusb/src/class/cdc/cdc_device.h **** }
 248:SynaptiX_FDK/lib/tinyusb/src/class/cdc/cdc_device.h **** 
 249:SynaptiX_FDK/lib/tinyusb/src/class/cdc/cdc_device.h **** TU_ATTR_ALWAYS_INLINE static inline uint32_t tud_cdc_write(void const* buffer, uint32_t bufsize) {
 544              		.loc 2 249 46 view .LVU119
 545              	.LBB45:
 250:SynaptiX_FDK/lib/tinyusb/src/class/cdc/cdc_device.h ****   return tud_cdc_n_write(0, buffer, bufsize);
 546              		.loc 2 250 3 view .LVU120
 547              		.loc 2 250 10 is_stmt 0 view .LVU121
 548 0020 321B     		subs	r2, r6, r4
 549              	.LVL45:
 550              		.loc 2 250 10 view .LVU122
 551 0022 3919     		adds	r1, r7, r4
 552              	.LVL46:
 553              		.loc 2 250 10 view .LVU123
 554 0024 0020     		movs	r0, #0
 555 0026 FFF7FEFF 		bl	tud_cdc_n_write
 556              	.LVL47:
 557              		.loc 2 250 10 view .LVU124
 558 002a 0546     		mov	r5, r0
 559              	.LVL48:
 560              		.loc 2 250 10 view .LVU125
 561              	.LBE45:
 562              	.LBE44:
  87:SynaptiX_FDK/components/usb_cdc_tiny/sx_usb_tiny_cdc.c ****         tud_cdc_write_flush();
 563              		.loc 1 87 9 is_stmt 1 view .LVU126
  87:SynaptiX_FDK/components/usb_cdc_tiny/sx_usb_tiny_cdc.c ****         tud_cdc_write_flush();
 564              		.loc 1 87 14 is_stmt 0 view .LVU127
 565 002c 0444     		add	r4, r4, r0
 566              	.LVL49:
  88:SynaptiX_FDK/components/usb_cdc_tiny/sx_usb_tiny_cdc.c ****         if(written == 0)
 567              		.loc 1 88 9 is_stmt 1 view .LVU128
 568              	.LBB46:
 569              	.LBI46:
 251:SynaptiX_FDK/lib/tinyusb/src/class/cdc/cdc_device.h **** }
 252:SynaptiX_FDK/lib/tinyusb/src/class/cdc/cdc_device.h **** 
 253:SynaptiX_FDK/lib/tinyusb/src/class/cdc/cdc_device.h **** TU_ATTR_ALWAYS_INLINE static inline uint32_t tud_cdc_write_str(char const* str) {
 254:SynaptiX_FDK/lib/tinyusb/src/class/cdc/cdc_device.h ****   return tud_cdc_n_write_str(0, str);
 255:SynaptiX_FDK/lib/tinyusb/src/class/cdc/cdc_device.h **** }
 256:SynaptiX_FDK/lib/tinyusb/src/class/cdc/cdc_device.h **** 
 257:SynaptiX_FDK/lib/tinyusb/src/class/cdc/cdc_device.h **** TU_ATTR_ALWAYS_INLINE static inline uint32_t tud_cdc_write_flush(void) {
 570              		.loc 2 257 46 view .LVU129
 571              	.LBB47:
 258:SynaptiX_FDK/lib/tinyusb/src/class/cdc/cdc_device.h ****   return tud_cdc_n_write_flush(0);
 572              		.loc 2 258 3 view .LVU130
 573              		.loc 2 258 10 is_stmt 0 view .LVU131
 574 002e 0020     		movs	r0, #0
 575              	.LVL50:
 576              		.loc 2 258 10 view .LVU132
 577 0030 FFF7FEFF 		bl	tud_cdc_n_write_flush
 578              	.LVL51:
 579              	.LBE47:
 580              	.LBE46:
  89:SynaptiX_FDK/components/usb_cdc_tiny/sx_usb_tiny_cdc.c ****             tud_task();
 581              		.loc 1 89 9 is_stmt 1 view .LVU133
  89:SynaptiX_FDK/components/usb_cdc_tiny/sx_usb_tiny_cdc.c ****             tud_task();
ARM GAS  C:\Users\LENOVO\AppData\Local\Temp\ccdclrI8.s 			page 21


 582              		.loc 1 89 11 is_stmt 0 view .LVU134
 583 0034 002D     		cmp	r5, #0
 584 0036 F1D1     		bne	.L30
  90:SynaptiX_FDK/components/usb_cdc_tiny/sx_usb_tiny_cdc.c ****     }
 585              		.loc 1 90 13 is_stmt 1 view .LVU135
 586              	.LBB48:
 587              	.LBI48:
  95:SynaptiX_FDK/lib/tinyusb/src/device/usbd.h ****   tud_task_ext(UINT32_MAX, false);
 588              		.loc 3 95 6 view .LVU136
 589              	.LBB49:
 590              		.loc 3 96 3 view .LVU137
 591 0038 0021     		movs	r1, #0
 592 003a 4FF0FF30 		mov	r0, #-1
 593 003e FFF7FEFF 		bl	tud_task_ext
 594              	.LVL52:
  97:SynaptiX_FDK/lib/tinyusb/src/device/usbd.h **** }
 595              		.loc 3 97 1 is_stmt 0 view .LVU138
 596 0042 EBE7     		b	.L30
 597              	.L36:
 598              		.align	2
 599              	.L35:
 600 0044 00000000 		.word	.LC5
 601 0048 1C000000 		.word	.LC2
 602              	.LBE49:
 603              	.LBE48:
 604              	.LBE43:
 605              		.cfi_endproc
 606              	.LFE641:
 608              		.section	.text.sx_usb_tiny_available,"ax",%progbits
 609              		.align	1
 610              		.global	sx_usb_tiny_available
 611              		.syntax unified
 612              		.thumb
 613              		.thumb_func
 615              	sx_usb_tiny_available:
 616              	.LVL53:
 617              	.LFB644:
 115:SynaptiX_FDK/components/usb_cdc_tiny/sx_usb_tiny_cdc.c **** 
 116:SynaptiX_FDK/components/usb_cdc_tiny/sx_usb_tiny_cdc.c **** int sx_usb_tiny_available(sx_usb_tiny_t *_usb){
 618              		.loc 1 116 47 is_stmt 1 view -0
 619              		.cfi_startproc
 620              		@ args = 0, pretend = 0, frame = 0
 621              		@ frame_needed = 0, uses_anonymous_args = 0
 622              		@ link register save eliminated.
 117:SynaptiX_FDK/components/usb_cdc_tiny/sx_usb_tiny_cdc.c ****     //log_debug(TAG, "USB available: %d bytes", _usb->rxQueue.count);
 118:SynaptiX_FDK/components/usb_cdc_tiny/sx_usb_tiny_cdc.c ****     return _usb->rxQueue.count;
 623              		.loc 1 118 5 view .LVU140
 119:SynaptiX_FDK/components/usb_cdc_tiny/sx_usb_tiny_cdc.c ****     //return tud_cdc_available();
 120:SynaptiX_FDK/components/usb_cdc_tiny/sx_usb_tiny_cdc.c **** }
 624              		.loc 1 120 1 is_stmt 0 view .LVU141
 625 0000 C069     		ldr	r0, [r0, #28]
 626              	.LVL54:
 627              		.loc 1 120 1 view .LVU142
 628 0002 7047     		bx	lr
 629              		.cfi_endproc
 630              	.LFE644:
 632              		.section	.text.sx_usb_tiny_printf,"ax",%progbits
ARM GAS  C:\Users\LENOVO\AppData\Local\Temp\ccdclrI8.s 			page 22


 633              		.align	1
 634              		.global	sx_usb_tiny_printf
 635              		.syntax unified
 636              		.thumb
 637              		.thumb_func
 639              	sx_usb_tiny_printf:
 640              	.LVL55:
 641              	.LFB645:
 121:SynaptiX_FDK/components/usb_cdc_tiny/sx_usb_tiny_cdc.c **** 
 122:SynaptiX_FDK/components/usb_cdc_tiny/sx_usb_tiny_cdc.c **** void sx_usb_tiny_printf(sx_usb_tiny_t *_usb, const char *fmt, ...){
 642              		.loc 1 122 67 is_stmt 1 view -0
 643              		.cfi_startproc
 644              		@ args = 4, pretend = 12, frame = 264
 645              		@ frame_needed = 0, uses_anonymous_args = 1
 646              		.loc 1 122 67 is_stmt 0 view .LVU144
 647 0000 0EB4     		push	{r1, r2, r3}
 648              	.LCFI11:
 649              		.cfi_def_cfa_offset 12
 650              		.cfi_offset 1, -12
 651              		.cfi_offset 2, -8
 652              		.cfi_offset 3, -4
 653 0002 10B5     		push	{r4, lr}
 654              	.LCFI12:
 655              		.cfi_def_cfa_offset 20
 656              		.cfi_offset 4, -20
 657              		.cfi_offset 14, -16
 658 0004 C3B0     		sub	sp, sp, #268
 659              	.LCFI13:
 660              		.cfi_def_cfa_offset 288
 661 0006 0446     		mov	r4, r0
 662 0008 45AB     		add	r3, sp, #276
 663 000a 53F8042B 		ldr	r2, [r3], #4
 123:SynaptiX_FDK/components/usb_cdc_tiny/sx_usb_tiny_cdc.c ****     char buf[256];
 664              		.loc 1 123 5 is_stmt 1 view .LVU145
 124:SynaptiX_FDK/components/usb_cdc_tiny/sx_usb_tiny_cdc.c ****     va_list ap;
 665              		.loc 1 124 5 view .LVU146
 125:SynaptiX_FDK/components/usb_cdc_tiny/sx_usb_tiny_cdc.c ****     va_start(ap, fmt);
 666              		.loc 1 125 5 view .LVU147
 667 000e 0193     		str	r3, [sp, #4]
 126:SynaptiX_FDK/components/usb_cdc_tiny/sx_usb_tiny_cdc.c ****     vsnprintf(buf, sizeof(buf), fmt, ap);
 668              		.loc 1 126 5 view .LVU148
 669 0010 4FF48071 		mov	r1, #256
 670 0014 02A8     		add	r0, sp, #8
 671              	.LVL56:
 672              		.loc 1 126 5 is_stmt 0 view .LVU149
 673 0016 FFF7FEFF 		bl	vsnprintf
 674              	.LVL57:
 127:SynaptiX_FDK/components/usb_cdc_tiny/sx_usb_tiny_cdc.c ****     va_end(ap);
 675              		.loc 1 127 5 is_stmt 1 view .LVU150
 128:SynaptiX_FDK/components/usb_cdc_tiny/sx_usb_tiny_cdc.c ****     sx_usb_tiny_write(_usb, (uint8_t *)buf, strlen(buf));
 676              		.loc 1 128 5 view .LVU151
 677              		.loc 1 128 45 is_stmt 0 view .LVU152
 678 001a 02A8     		add	r0, sp, #8
 679 001c FFF7FEFF 		bl	strlen
 680              	.LVL58:
 681 0020 0246     		mov	r2, r0
 682              		.loc 1 128 5 discriminator 1 view .LVU153
ARM GAS  C:\Users\LENOVO\AppData\Local\Temp\ccdclrI8.s 			page 23


 683 0022 02A9     		add	r1, sp, #8
 684 0024 2046     		mov	r0, r4
 685 0026 FFF7FEFF 		bl	sx_usb_tiny_write
 686              	.LVL59:
 129:SynaptiX_FDK/components/usb_cdc_tiny/sx_usb_tiny_cdc.c **** }
 687              		.loc 1 129 1 view .LVU154
 688 002a 43B0     		add	sp, sp, #268
 689              	.LCFI14:
 690              		.cfi_def_cfa_offset 20
 691              		@ sp needed
 692 002c BDE81040 		pop	{r4, lr}
 693              	.LCFI15:
 694              		.cfi_restore 14
 695              		.cfi_restore 4
 696              		.cfi_def_cfa_offset 12
 697              	.LVL60:
 698              		.loc 1 129 1 view .LVU155
 699 0030 03B0     		add	sp, sp, #12
 700              	.LCFI16:
 701              		.cfi_restore 3
 702              		.cfi_restore 2
 703              		.cfi_restore 1
 704              		.cfi_def_cfa_offset 0
 705 0032 7047     		bx	lr
 706              		.cfi_endproc
 707              	.LFE645:
 709              		.section	.rodata
 710              		.align	2
 711              		.set	.LANCHOR0,. + 0
 712              	.LC0:
 713 0000 01       		.byte	1
 714 0001 AA       		.byte	-86
 715              		.text
 716              	.Letext0:
 717              		.file 4 "C:\\ST\\STM32CubeCLT_1.20.0\\GNU-tools-for-STM32\\bin/../lib/gcc/arm-none-eabi/13.3.1/../
 718              		.file 5 "C:\\ST\\STM32CubeCLT_1.20.0\\GNU-tools-for-STM32\\bin/../lib/gcc/arm-none-eabi/13.3.1/../
 719              		.file 6 "C:\\ST\\STM32CubeCLT_1.20.0\\GNU-tools-for-STM32\\bin/../lib/gcc/arm-none-eabi/13.3.1/inc
 720              		.file 7 "C:\\ST\\STM32CubeCLT_1.20.0\\GNU-tools-for-STM32\\bin/../lib/gcc/arm-none-eabi/13.3.1/inc
 721              		.file 8 "C:\\ST\\STM32CubeCLT_1.20.0\\GNU-tools-for-STM32\\bin/../lib/gcc/arm-none-eabi/13.3.1/../
 722              		.file 9 "SynaptiX_FDK/utils/cqueue/cqueue.h"
 723              		.file 10 "SynaptiX_FDK/lib/tinyusb/src/common/tusb_types.h"
 724              		.file 11 "SynaptiX_FDK/components/usb_cdc_tiny/sx_usb_tiny_cdc.h"
 725              		.file 12 "SynaptiX_FDK/services/logger/logger.h"
 726              		.file 13 "Drivers/STM32H5xx_HAL_Driver/Inc/stm32h5xx_ll_lptim.h"
 727              		.file 14 "C:\\ST\\STM32CubeCLT_1.20.0\\GNU-tools-for-STM32\\bin/../lib/gcc/arm-none-eabi/13.3.1/..
 728              		.file 15 "SynaptiX_FDK/lib/tinyusb/src/tusb.h"
 729              		.file 16 "SynaptiX_FDK/utils/mem/sx_mem.h"
 730              		.file 17 "<built-in>"
ARM GAS  C:\Users\LENOVO\AppData\Local\Temp\ccdclrI8.s 			page 24


DEFINED SYMBOLS
                            *ABS*:00000000 sx_usb_tiny_cdc.c
C:\Users\LENOVO\AppData\Local\Temp\ccdclrI8.s:22     .rodata.usb_rx_task.str1.4:00000000 $d
C:\Users\LENOVO\AppData\Local\Temp\ccdclrI8.s:32     .text.usb_rx_task:00000000 $t
C:\Users\LENOVO\AppData\Local\Temp\ccdclrI8.s:37     .text.usb_rx_task:00000000 usb_rx_task
C:\Users\LENOVO\AppData\Local\Temp\ccdclrI8.s:189    .text.usb_rx_task:00000068 $d
C:\Users\LENOVO\AppData\Local\Temp\ccdclrI8.s:197    .rodata.sx_usb_tiny_init.str1.4:00000000 $d
C:\Users\LENOVO\AppData\Local\Temp\ccdclrI8.s:201    .text.sx_usb_tiny_init:00000000 $t
C:\Users\LENOVO\AppData\Local\Temp\ccdclrI8.s:207    .text.sx_usb_tiny_init:00000000 sx_usb_tiny_init
C:\Users\LENOVO\AppData\Local\Temp\ccdclrI8.s:295    .text.sx_usb_tiny_init:00000060 $d
C:\Users\LENOVO\AppData\Local\Temp\ccdclrI8.s:302    .text.sx_usb_tiny_read:00000000 $t
C:\Users\LENOVO\AppData\Local\Temp\ccdclrI8.s:308    .text.sx_usb_tiny_read:00000000 sx_usb_tiny_read
C:\Users\LENOVO\AppData\Local\Temp\ccdclrI8.s:392    .text.sx_usb_tiny_connected:00000000 $t
C:\Users\LENOVO\AppData\Local\Temp\ccdclrI8.s:398    .text.sx_usb_tiny_connected:00000000 sx_usb_tiny_connected
C:\Users\LENOVO\AppData\Local\Temp\ccdclrI8.s:431    .text.sx_usb_tiny_process:00000000 $t
C:\Users\LENOVO\AppData\Local\Temp\ccdclrI8.s:437    .text.sx_usb_tiny_process:00000000 sx_usb_tiny_process
C:\Users\LENOVO\AppData\Local\Temp\ccdclrI8.s:483    .rodata.sx_usb_tiny_write.str1.4:00000000 $d
C:\Users\LENOVO\AppData\Local\Temp\ccdclrI8.s:487    .text.sx_usb_tiny_write:00000000 $t
C:\Users\LENOVO\AppData\Local\Temp\ccdclrI8.s:493    .text.sx_usb_tiny_write:00000000 sx_usb_tiny_write
C:\Users\LENOVO\AppData\Local\Temp\ccdclrI8.s:600    .text.sx_usb_tiny_write:00000044 $d
C:\Users\LENOVO\AppData\Local\Temp\ccdclrI8.s:609    .text.sx_usb_tiny_available:00000000 $t
C:\Users\LENOVO\AppData\Local\Temp\ccdclrI8.s:615    .text.sx_usb_tiny_available:00000000 sx_usb_tiny_available
C:\Users\LENOVO\AppData\Local\Temp\ccdclrI8.s:633    .text.sx_usb_tiny_printf:00000000 $t
C:\Users\LENOVO\AppData\Local\Temp\ccdclrI8.s:639    .text.sx_usb_tiny_printf:00000000 sx_usb_tiny_printf
C:\Users\LENOVO\AppData\Local\Temp\ccdclrI8.s:710    .rodata:00000000 $d

UNDEFINED SYMBOLS
tud_cdc_n_connected
tud_cdc_n_available
log_func
tud_cdc_n_read
cqueue_send
sx_malloc
cqueue_init_static
tusb_rhport_init
tud_task_ext
cqueue_receive
tud_cdc_n_write
tud_cdc_n_write_flush
vsnprintf
strlen
