ARM GAS  C:\Users\LENOVO\AppData\Local\Temp\cc0Ppm4M.s 			page 1


   1              		.cpu cortex-m33
   2              		.arch armv8-m.main
   3              		.fpu fpv5-sp-d16
   4              		.arch_extension dsp
   5              		.eabi_attribute 27, 1
   6              		.eabi_attribute 28, 1
   7              		.eabi_attribute 20, 1
   8              		.eabi_attribute 21, 1
   9              		.eabi_attribute 23, 3
  10              		.eabi_attribute 24, 1
  11              		.eabi_attribute 25, 1
  12              		.eabi_attribute 26, 1
  13              		.eabi_attribute 30, 1
  14              		.eabi_attribute 34, 1
  15              		.eabi_attribute 18, 4
  16              		.file	"usart.c"
  17              		.text
  18              	.Ltext0:
  19              		.cfi_sections	.debug_frame
  20              		.file 1 "Core/Src/usart.c"
  21              		.section	.text.MX_USART1_UART_Init,"ax",%progbits
  22              		.align	1
  23              		.global	MX_USART1_UART_Init
  24              		.syntax unified
  25              		.thumb
  26              		.thumb_func
  28              	MX_USART1_UART_Init:
  29              	.LFB496:
   1:Core/Src/usart.c **** /* USER CODE BEGIN Header */
   2:Core/Src/usart.c **** /**
   3:Core/Src/usart.c ****   ******************************************************************************
   4:Core/Src/usart.c ****   * @file    usart.c
   5:Core/Src/usart.c ****   * @brief   This file provides code for the configuration
   6:Core/Src/usart.c ****   *          of the USART instances.
   7:Core/Src/usart.c ****   ******************************************************************************
   8:Core/Src/usart.c ****   * @attention
   9:Core/Src/usart.c ****   *
  10:Core/Src/usart.c ****   * Copyright (c) 2026 STMicroelectronics.
  11:Core/Src/usart.c ****   * All rights reserved.
  12:Core/Src/usart.c ****   *
  13:Core/Src/usart.c ****   * This software is licensed under terms that can be found in the LICENSE file
  14:Core/Src/usart.c ****   * in the root directory of this software component.
  15:Core/Src/usart.c ****   * If no LICENSE file comes with this software, it is provided AS-IS.
  16:Core/Src/usart.c ****   *
  17:Core/Src/usart.c ****   ******************************************************************************
  18:Core/Src/usart.c ****   */
  19:Core/Src/usart.c **** /* USER CODE END Header */
  20:Core/Src/usart.c **** /* Includes ------------------------------------------------------------------*/
  21:Core/Src/usart.c **** #include "usart.h"
  22:Core/Src/usart.c **** 
  23:Core/Src/usart.c **** /* USER CODE BEGIN 0 */
  24:Core/Src/usart.c **** 
  25:Core/Src/usart.c **** /* USER CODE END 0 */
  26:Core/Src/usart.c **** 
  27:Core/Src/usart.c **** UART_HandleTypeDef huart1;
  28:Core/Src/usart.c **** UART_HandleTypeDef huart2;
  29:Core/Src/usart.c **** UART_HandleTypeDef huart3;
ARM GAS  C:\Users\LENOVO\AppData\Local\Temp\cc0Ppm4M.s 			page 2


  30:Core/Src/usart.c **** 
  31:Core/Src/usart.c **** /* USART1 init function */
  32:Core/Src/usart.c **** 
  33:Core/Src/usart.c **** void MX_USART1_UART_Init(void)
  34:Core/Src/usart.c **** {
  30              		.loc 1 34 1 view -0
  31              		.cfi_startproc
  32              		@ args = 0, pretend = 0, frame = 0
  33              		@ frame_needed = 0, uses_anonymous_args = 0
  34 0000 08B5     		push	{r3, lr}
  35              	.LCFI0:
  36              		.cfi_def_cfa_offset 8
  37              		.cfi_offset 3, -8
  38              		.cfi_offset 14, -4
  35:Core/Src/usart.c **** 
  36:Core/Src/usart.c ****   /* USER CODE BEGIN USART1_Init 0 */
  37:Core/Src/usart.c **** 
  38:Core/Src/usart.c ****   /* USER CODE END USART1_Init 0 */
  39:Core/Src/usart.c **** 
  40:Core/Src/usart.c ****   /* USER CODE BEGIN USART1_Init 1 */
  41:Core/Src/usart.c **** 
  42:Core/Src/usart.c ****   /* USER CODE END USART1_Init 1 */
  43:Core/Src/usart.c ****   huart1.Instance = USART1;
  39              		.loc 1 43 3 view .LVU1
  40              		.loc 1 43 19 is_stmt 0 view .LVU2
  41 0002 1948     		ldr	r0, .L11
  42 0004 194B     		ldr	r3, .L11+4
  43 0006 0360     		str	r3, [r0]
  44:Core/Src/usart.c ****   huart1.Init.BaudRate = 115200;
  44              		.loc 1 44 3 is_stmt 1 view .LVU3
  45              		.loc 1 44 24 is_stmt 0 view .LVU4
  46 0008 4FF4E133 		mov	r3, #115200
  47 000c 4360     		str	r3, [r0, #4]
  45:Core/Src/usart.c ****   huart1.Init.WordLength = UART_WORDLENGTH_8B;
  48              		.loc 1 45 3 is_stmt 1 view .LVU5
  49              		.loc 1 45 26 is_stmt 0 view .LVU6
  50 000e 0023     		movs	r3, #0
  51 0010 8360     		str	r3, [r0, #8]
  46:Core/Src/usart.c ****   huart1.Init.StopBits = UART_STOPBITS_1;
  52              		.loc 1 46 3 is_stmt 1 view .LVU7
  53              		.loc 1 46 24 is_stmt 0 view .LVU8
  54 0012 C360     		str	r3, [r0, #12]
  47:Core/Src/usart.c ****   huart1.Init.Parity = UART_PARITY_NONE;
  55              		.loc 1 47 3 is_stmt 1 view .LVU9
  56              		.loc 1 47 22 is_stmt 0 view .LVU10
  57 0014 0361     		str	r3, [r0, #16]
  48:Core/Src/usart.c ****   huart1.Init.Mode = UART_MODE_TX_RX;
  58              		.loc 1 48 3 is_stmt 1 view .LVU11
  59              		.loc 1 48 20 is_stmt 0 view .LVU12
  60 0016 0C22     		movs	r2, #12
  61 0018 4261     		str	r2, [r0, #20]
  49:Core/Src/usart.c ****   huart1.Init.HwFlowCtl = UART_HWCONTROL_NONE;
  62              		.loc 1 49 3 is_stmt 1 view .LVU13
  63              		.loc 1 49 25 is_stmt 0 view .LVU14
  64 001a 8361     		str	r3, [r0, #24]
  50:Core/Src/usart.c ****   huart1.Init.OverSampling = UART_OVERSAMPLING_16;
  65              		.loc 1 50 3 is_stmt 1 view .LVU15
ARM GAS  C:\Users\LENOVO\AppData\Local\Temp\cc0Ppm4M.s 			page 3


  66              		.loc 1 50 28 is_stmt 0 view .LVU16
  67 001c C361     		str	r3, [r0, #28]
  51:Core/Src/usart.c ****   huart1.Init.OneBitSampling = UART_ONE_BIT_SAMPLE_DISABLE;
  68              		.loc 1 51 3 is_stmt 1 view .LVU17
  69              		.loc 1 51 30 is_stmt 0 view .LVU18
  70 001e 0362     		str	r3, [r0, #32]
  52:Core/Src/usart.c ****   huart1.Init.ClockPrescaler = UART_PRESCALER_DIV1;
  71              		.loc 1 52 3 is_stmt 1 view .LVU19
  72              		.loc 1 52 30 is_stmt 0 view .LVU20
  73 0020 4362     		str	r3, [r0, #36]
  53:Core/Src/usart.c ****   huart1.AdvancedInit.AdvFeatureInit = UART_ADVFEATURE_SWAP_INIT;
  74              		.loc 1 53 3 is_stmt 1 view .LVU21
  75              		.loc 1 53 38 is_stmt 0 view .LVU22
  76 0022 0823     		movs	r3, #8
  77 0024 8362     		str	r3, [r0, #40]
  54:Core/Src/usart.c ****   huart1.AdvancedInit.Swap = UART_ADVFEATURE_SWAP_ENABLE;
  78              		.loc 1 54 3 is_stmt 1 view .LVU23
  79              		.loc 1 54 28 is_stmt 0 view .LVU24
  80 0026 4FF40043 		mov	r3, #32768
  81 002a 8363     		str	r3, [r0, #56]
  55:Core/Src/usart.c ****   if (HAL_UART_Init(&huart1) != HAL_OK)
  82              		.loc 1 55 3 is_stmt 1 view .LVU25
  83              		.loc 1 55 7 is_stmt 0 view .LVU26
  84 002c FFF7FEFF 		bl	HAL_UART_Init
  85              	.LVL0:
  86              		.loc 1 55 6 discriminator 1 view .LVU27
  87 0030 70B9     		cbnz	r0, .L7
  88              	.L2:
  56:Core/Src/usart.c ****   {
  57:Core/Src/usart.c ****     Error_Handler();
  58:Core/Src/usart.c ****   }
  59:Core/Src/usart.c ****   if (HAL_UARTEx_SetTxFifoThreshold(&huart1, UART_TXFIFO_THRESHOLD_1_8) != HAL_OK)
  89              		.loc 1 59 3 is_stmt 1 view .LVU28
  90              		.loc 1 59 7 is_stmt 0 view .LVU29
  91 0032 0021     		movs	r1, #0
  92 0034 0C48     		ldr	r0, .L11
  93 0036 FFF7FEFF 		bl	HAL_UARTEx_SetTxFifoThreshold
  94              	.LVL1:
  95              		.loc 1 59 6 discriminator 1 view .LVU30
  96 003a 60B9     		cbnz	r0, .L8
  97              	.L3:
  60:Core/Src/usart.c ****   {
  61:Core/Src/usart.c ****     Error_Handler();
  62:Core/Src/usart.c ****   }
  63:Core/Src/usart.c ****   if (HAL_UARTEx_SetRxFifoThreshold(&huart1, UART_RXFIFO_THRESHOLD_1_8) != HAL_OK)
  98              		.loc 1 63 3 is_stmt 1 view .LVU31
  99              		.loc 1 63 7 is_stmt 0 view .LVU32
 100 003c 0021     		movs	r1, #0
 101 003e 0A48     		ldr	r0, .L11
 102 0040 FFF7FEFF 		bl	HAL_UARTEx_SetRxFifoThreshold
 103              	.LVL2:
 104              		.loc 1 63 6 discriminator 1 view .LVU33
 105 0044 50B9     		cbnz	r0, .L9
 106              	.L4:
  64:Core/Src/usart.c ****   {
  65:Core/Src/usart.c ****     Error_Handler();
  66:Core/Src/usart.c ****   }
ARM GAS  C:\Users\LENOVO\AppData\Local\Temp\cc0Ppm4M.s 			page 4


  67:Core/Src/usart.c ****   if (HAL_UARTEx_DisableFifoMode(&huart1) != HAL_OK)
 107              		.loc 1 67 3 is_stmt 1 view .LVU34
 108              		.loc 1 67 7 is_stmt 0 view .LVU35
 109 0046 0848     		ldr	r0, .L11
 110 0048 FFF7FEFF 		bl	HAL_UARTEx_DisableFifoMode
 111              	.LVL3:
 112              		.loc 1 67 6 discriminator 1 view .LVU36
 113 004c 48B9     		cbnz	r0, .L10
 114              	.L1:
  68:Core/Src/usart.c ****   {
  69:Core/Src/usart.c ****     Error_Handler();
  70:Core/Src/usart.c ****   }
  71:Core/Src/usart.c ****   /* USER CODE BEGIN USART1_Init 2 */
  72:Core/Src/usart.c **** 
  73:Core/Src/usart.c ****   /* USER CODE END USART1_Init 2 */
  74:Core/Src/usart.c **** 
  75:Core/Src/usart.c **** }
 115              		.loc 1 75 1 view .LVU37
 116 004e 08BD     		pop	{r3, pc}
 117              	.L7:
  57:Core/Src/usart.c ****   }
 118              		.loc 1 57 5 is_stmt 1 view .LVU38
 119 0050 FFF7FEFF 		bl	Error_Handler
 120              	.LVL4:
 121 0054 EDE7     		b	.L2
 122              	.L8:
  61:Core/Src/usart.c ****   }
 123              		.loc 1 61 5 view .LVU39
 124 0056 FFF7FEFF 		bl	Error_Handler
 125              	.LVL5:
 126 005a EFE7     		b	.L3
 127              	.L9:
  65:Core/Src/usart.c ****   }
 128              		.loc 1 65 5 view .LVU40
 129 005c FFF7FEFF 		bl	Error_Handler
 130              	.LVL6:
 131 0060 F1E7     		b	.L4
 132              	.L10:
  69:Core/Src/usart.c ****   }
 133              		.loc 1 69 5 view .LVU41
 134 0062 FFF7FEFF 		bl	Error_Handler
 135              	.LVL7:
 136              		.loc 1 75 1 is_stmt 0 view .LVU42
 137 0066 F2E7     		b	.L1
 138              	.L12:
 139              		.align	2
 140              	.L11:
 141 0068 00000000 		.word	huart1
 142 006c 00380140 		.word	1073821696
 143              		.cfi_endproc
 144              	.LFE496:
 146              		.section	.text.MX_USART2_UART_Init,"ax",%progbits
 147              		.align	1
 148              		.global	MX_USART2_UART_Init
 149              		.syntax unified
 150              		.thumb
 151              		.thumb_func
ARM GAS  C:\Users\LENOVO\AppData\Local\Temp\cc0Ppm4M.s 			page 5


 153              	MX_USART2_UART_Init:
 154              	.LFB497:
  76:Core/Src/usart.c **** /* USART2 init function */
  77:Core/Src/usart.c **** 
  78:Core/Src/usart.c **** void MX_USART2_UART_Init(void)
  79:Core/Src/usart.c **** {
 155              		.loc 1 79 1 is_stmt 1 view -0
 156              		.cfi_startproc
 157              		@ args = 0, pretend = 0, frame = 0
 158              		@ frame_needed = 0, uses_anonymous_args = 0
 159 0000 08B5     		push	{r3, lr}
 160              	.LCFI1:
 161              		.cfi_def_cfa_offset 8
 162              		.cfi_offset 3, -8
 163              		.cfi_offset 14, -4
  80:Core/Src/usart.c **** 
  81:Core/Src/usart.c ****   /* USER CODE BEGIN USART2_Init 0 */
  82:Core/Src/usart.c **** 
  83:Core/Src/usart.c ****   /* USER CODE END USART2_Init 0 */
  84:Core/Src/usart.c **** 
  85:Core/Src/usart.c ****   /* USER CODE BEGIN USART2_Init 1 */
  86:Core/Src/usart.c **** 
  87:Core/Src/usart.c ****   /* USER CODE END USART2_Init 1 */
  88:Core/Src/usart.c ****   huart2.Instance = USART2;
 164              		.loc 1 88 3 view .LVU44
 165              		.loc 1 88 19 is_stmt 0 view .LVU45
 166 0002 1748     		ldr	r0, .L23
 167 0004 174B     		ldr	r3, .L23+4
 168 0006 0360     		str	r3, [r0]
  89:Core/Src/usart.c ****   huart2.Init.BaudRate = 9600;
 169              		.loc 1 89 3 is_stmt 1 view .LVU46
 170              		.loc 1 89 24 is_stmt 0 view .LVU47
 171 0008 4FF41653 		mov	r3, #9600
 172 000c 4360     		str	r3, [r0, #4]
  90:Core/Src/usart.c ****   huart2.Init.WordLength = UART_WORDLENGTH_8B;
 173              		.loc 1 90 3 is_stmt 1 view .LVU48
 174              		.loc 1 90 26 is_stmt 0 view .LVU49
 175 000e 0023     		movs	r3, #0
 176 0010 8360     		str	r3, [r0, #8]
  91:Core/Src/usart.c ****   huart2.Init.StopBits = UART_STOPBITS_1;
 177              		.loc 1 91 3 is_stmt 1 view .LVU50
 178              		.loc 1 91 24 is_stmt 0 view .LVU51
 179 0012 C360     		str	r3, [r0, #12]
  92:Core/Src/usart.c ****   huart2.Init.Parity = UART_PARITY_NONE;
 180              		.loc 1 92 3 is_stmt 1 view .LVU52
 181              		.loc 1 92 22 is_stmt 0 view .LVU53
 182 0014 0361     		str	r3, [r0, #16]
  93:Core/Src/usart.c ****   huart2.Init.Mode = UART_MODE_TX_RX;
 183              		.loc 1 93 3 is_stmt 1 view .LVU54
 184              		.loc 1 93 20 is_stmt 0 view .LVU55
 185 0016 0C22     		movs	r2, #12
 186 0018 4261     		str	r2, [r0, #20]
  94:Core/Src/usart.c ****   huart2.Init.HwFlowCtl = UART_HWCONTROL_NONE;
 187              		.loc 1 94 3 is_stmt 1 view .LVU56
 188              		.loc 1 94 25 is_stmt 0 view .LVU57
 189 001a 8361     		str	r3, [r0, #24]
  95:Core/Src/usart.c ****   huart2.Init.OverSampling = UART_OVERSAMPLING_16;
ARM GAS  C:\Users\LENOVO\AppData\Local\Temp\cc0Ppm4M.s 			page 6


 190              		.loc 1 95 3 is_stmt 1 view .LVU58
 191              		.loc 1 95 28 is_stmt 0 view .LVU59
 192 001c C361     		str	r3, [r0, #28]
  96:Core/Src/usart.c ****   huart2.Init.OneBitSampling = UART_ONE_BIT_SAMPLE_DISABLE;
 193              		.loc 1 96 3 is_stmt 1 view .LVU60
 194              		.loc 1 96 30 is_stmt 0 view .LVU61
 195 001e 0362     		str	r3, [r0, #32]
  97:Core/Src/usart.c ****   huart2.Init.ClockPrescaler = UART_PRESCALER_DIV1;
 196              		.loc 1 97 3 is_stmt 1 view .LVU62
 197              		.loc 1 97 30 is_stmt 0 view .LVU63
 198 0020 4362     		str	r3, [r0, #36]
  98:Core/Src/usart.c ****   huart2.AdvancedInit.AdvFeatureInit = UART_ADVFEATURE_NO_INIT;
 199              		.loc 1 98 3 is_stmt 1 view .LVU64
 200              		.loc 1 98 38 is_stmt 0 view .LVU65
 201 0022 8362     		str	r3, [r0, #40]
  99:Core/Src/usart.c ****   if (HAL_UART_Init(&huart2) != HAL_OK)
 202              		.loc 1 99 3 is_stmt 1 view .LVU66
 203              		.loc 1 99 7 is_stmt 0 view .LVU67
 204 0024 FFF7FEFF 		bl	HAL_UART_Init
 205              	.LVL8:
 206              		.loc 1 99 6 discriminator 1 view .LVU68
 207 0028 70B9     		cbnz	r0, .L19
 208              	.L14:
 100:Core/Src/usart.c ****   {
 101:Core/Src/usart.c ****     Error_Handler();
 102:Core/Src/usart.c ****   }
 103:Core/Src/usart.c ****   if (HAL_UARTEx_SetTxFifoThreshold(&huart2, UART_TXFIFO_THRESHOLD_1_8) != HAL_OK)
 209              		.loc 1 103 3 is_stmt 1 view .LVU69
 210              		.loc 1 103 7 is_stmt 0 view .LVU70
 211 002a 0021     		movs	r1, #0
 212 002c 0C48     		ldr	r0, .L23
 213 002e FFF7FEFF 		bl	HAL_UARTEx_SetTxFifoThreshold
 214              	.LVL9:
 215              		.loc 1 103 6 discriminator 1 view .LVU71
 216 0032 60B9     		cbnz	r0, .L20
 217              	.L15:
 104:Core/Src/usart.c ****   {
 105:Core/Src/usart.c ****     Error_Handler();
 106:Core/Src/usart.c ****   }
 107:Core/Src/usart.c ****   if (HAL_UARTEx_SetRxFifoThreshold(&huart2, UART_RXFIFO_THRESHOLD_1_8) != HAL_OK)
 218              		.loc 1 107 3 is_stmt 1 view .LVU72
 219              		.loc 1 107 7 is_stmt 0 view .LVU73
 220 0034 0021     		movs	r1, #0
 221 0036 0A48     		ldr	r0, .L23
 222 0038 FFF7FEFF 		bl	HAL_UARTEx_SetRxFifoThreshold
 223              	.LVL10:
 224              		.loc 1 107 6 discriminator 1 view .LVU74
 225 003c 50B9     		cbnz	r0, .L21
 226              	.L16:
 108:Core/Src/usart.c ****   {
 109:Core/Src/usart.c ****     Error_Handler();
 110:Core/Src/usart.c ****   }
 111:Core/Src/usart.c ****   if (HAL_UARTEx_DisableFifoMode(&huart2) != HAL_OK)
 227              		.loc 1 111 3 is_stmt 1 view .LVU75
 228              		.loc 1 111 7 is_stmt 0 view .LVU76
 229 003e 0848     		ldr	r0, .L23
 230 0040 FFF7FEFF 		bl	HAL_UARTEx_DisableFifoMode
ARM GAS  C:\Users\LENOVO\AppData\Local\Temp\cc0Ppm4M.s 			page 7


 231              	.LVL11:
 232              		.loc 1 111 6 discriminator 1 view .LVU77
 233 0044 48B9     		cbnz	r0, .L22
 234              	.L13:
 112:Core/Src/usart.c ****   {
 113:Core/Src/usart.c ****     Error_Handler();
 114:Core/Src/usart.c ****   }
 115:Core/Src/usart.c ****   /* USER CODE BEGIN USART2_Init 2 */
 116:Core/Src/usart.c **** 
 117:Core/Src/usart.c ****   /* USER CODE END USART2_Init 2 */
 118:Core/Src/usart.c **** 
 119:Core/Src/usart.c **** }
 235              		.loc 1 119 1 view .LVU78
 236 0046 08BD     		pop	{r3, pc}
 237              	.L19:
 101:Core/Src/usart.c ****   }
 238              		.loc 1 101 5 is_stmt 1 view .LVU79
 239 0048 FFF7FEFF 		bl	Error_Handler
 240              	.LVL12:
 241 004c EDE7     		b	.L14
 242              	.L20:
 105:Core/Src/usart.c ****   }
 243              		.loc 1 105 5 view .LVU80
 244 004e FFF7FEFF 		bl	Error_Handler
 245              	.LVL13:
 246 0052 EFE7     		b	.L15
 247              	.L21:
 109:Core/Src/usart.c ****   }
 248              		.loc 1 109 5 view .LVU81
 249 0054 FFF7FEFF 		bl	Error_Handler
 250              	.LVL14:
 251 0058 F1E7     		b	.L16
 252              	.L22:
 113:Core/Src/usart.c ****   }
 253              		.loc 1 113 5 view .LVU82
 254 005a FFF7FEFF 		bl	Error_Handler
 255              	.LVL15:
 256              		.loc 1 119 1 is_stmt 0 view .LVU83
 257 005e F2E7     		b	.L13
 258              	.L24:
 259              		.align	2
 260              	.L23:
 261 0060 00000000 		.word	huart2
 262 0064 00440040 		.word	1073759232
 263              		.cfi_endproc
 264              	.LFE497:
 266              		.section	.text.MX_USART3_UART_Init,"ax",%progbits
 267              		.align	1
 268              		.global	MX_USART3_UART_Init
 269              		.syntax unified
 270              		.thumb
 271              		.thumb_func
 273              	MX_USART3_UART_Init:
 274              	.LFB498:
 120:Core/Src/usart.c **** /* USART3 init function */
 121:Core/Src/usart.c **** 
 122:Core/Src/usart.c **** void MX_USART3_UART_Init(void)
ARM GAS  C:\Users\LENOVO\AppData\Local\Temp\cc0Ppm4M.s 			page 8


 123:Core/Src/usart.c **** {
 275              		.loc 1 123 1 is_stmt 1 view -0
 276              		.cfi_startproc
 277              		@ args = 0, pretend = 0, frame = 0
 278              		@ frame_needed = 0, uses_anonymous_args = 0
 279 0000 08B5     		push	{r3, lr}
 280              	.LCFI2:
 281              		.cfi_def_cfa_offset 8
 282              		.cfi_offset 3, -8
 283              		.cfi_offset 14, -4
 124:Core/Src/usart.c **** 
 125:Core/Src/usart.c ****   /* USER CODE BEGIN USART3_Init 0 */
 126:Core/Src/usart.c **** 
 127:Core/Src/usart.c ****   /* USER CODE END USART3_Init 0 */
 128:Core/Src/usart.c **** 
 129:Core/Src/usart.c ****   /* USER CODE BEGIN USART3_Init 1 */
 130:Core/Src/usart.c **** 
 131:Core/Src/usart.c ****   /* USER CODE END USART3_Init 1 */
 132:Core/Src/usart.c ****   huart3.Instance = USART3;
 284              		.loc 1 132 3 view .LVU85
 285              		.loc 1 132 19 is_stmt 0 view .LVU86
 286 0002 1748     		ldr	r0, .L35
 287 0004 174B     		ldr	r3, .L35+4
 288 0006 0360     		str	r3, [r0]
 133:Core/Src/usart.c ****   huart3.Init.BaudRate = 115200;
 289              		.loc 1 133 3 is_stmt 1 view .LVU87
 290              		.loc 1 133 24 is_stmt 0 view .LVU88
 291 0008 4FF4E133 		mov	r3, #115200
 292 000c 4360     		str	r3, [r0, #4]
 134:Core/Src/usart.c ****   huart3.Init.WordLength = UART_WORDLENGTH_8B;
 293              		.loc 1 134 3 is_stmt 1 view .LVU89
 294              		.loc 1 134 26 is_stmt 0 view .LVU90
 295 000e 0023     		movs	r3, #0
 296 0010 8360     		str	r3, [r0, #8]
 135:Core/Src/usart.c ****   huart3.Init.StopBits = UART_STOPBITS_1;
 297              		.loc 1 135 3 is_stmt 1 view .LVU91
 298              		.loc 1 135 24 is_stmt 0 view .LVU92
 299 0012 C360     		str	r3, [r0, #12]
 136:Core/Src/usart.c ****   huart3.Init.Parity = UART_PARITY_NONE;
 300              		.loc 1 136 3 is_stmt 1 view .LVU93
 301              		.loc 1 136 22 is_stmt 0 view .LVU94
 302 0014 0361     		str	r3, [r0, #16]
 137:Core/Src/usart.c ****   huart3.Init.Mode = UART_MODE_TX_RX;
 303              		.loc 1 137 3 is_stmt 1 view .LVU95
 304              		.loc 1 137 20 is_stmt 0 view .LVU96
 305 0016 0C22     		movs	r2, #12
 306 0018 4261     		str	r2, [r0, #20]
 138:Core/Src/usart.c ****   huart3.Init.HwFlowCtl = UART_HWCONTROL_NONE;
 307              		.loc 1 138 3 is_stmt 1 view .LVU97
 308              		.loc 1 138 25 is_stmt 0 view .LVU98
 309 001a 8361     		str	r3, [r0, #24]
 139:Core/Src/usart.c ****   huart3.Init.OverSampling = UART_OVERSAMPLING_16;
 310              		.loc 1 139 3 is_stmt 1 view .LVU99
 311              		.loc 1 139 28 is_stmt 0 view .LVU100
 312 001c C361     		str	r3, [r0, #28]
 140:Core/Src/usart.c ****   huart3.Init.OneBitSampling = UART_ONE_BIT_SAMPLE_DISABLE;
 313              		.loc 1 140 3 is_stmt 1 view .LVU101
ARM GAS  C:\Users\LENOVO\AppData\Local\Temp\cc0Ppm4M.s 			page 9


 314              		.loc 1 140 30 is_stmt 0 view .LVU102
 315 001e 0362     		str	r3, [r0, #32]
 141:Core/Src/usart.c ****   huart3.Init.ClockPrescaler = UART_PRESCALER_DIV1;
 316              		.loc 1 141 3 is_stmt 1 view .LVU103
 317              		.loc 1 141 30 is_stmt 0 view .LVU104
 318 0020 4362     		str	r3, [r0, #36]
 142:Core/Src/usart.c ****   huart3.AdvancedInit.AdvFeatureInit = UART_ADVFEATURE_NO_INIT;
 319              		.loc 1 142 3 is_stmt 1 view .LVU105
 320              		.loc 1 142 38 is_stmt 0 view .LVU106
 321 0022 8362     		str	r3, [r0, #40]
 143:Core/Src/usart.c ****   if (HAL_UART_Init(&huart3) != HAL_OK)
 322              		.loc 1 143 3 is_stmt 1 view .LVU107
 323              		.loc 1 143 7 is_stmt 0 view .LVU108
 324 0024 FFF7FEFF 		bl	HAL_UART_Init
 325              	.LVL16:
 326              		.loc 1 143 6 discriminator 1 view .LVU109
 327 0028 70B9     		cbnz	r0, .L31
 328              	.L26:
 144:Core/Src/usart.c ****   {
 145:Core/Src/usart.c ****     Error_Handler();
 146:Core/Src/usart.c ****   }
 147:Core/Src/usart.c ****   if (HAL_UARTEx_SetTxFifoThreshold(&huart3, UART_TXFIFO_THRESHOLD_1_8) != HAL_OK)
 329              		.loc 1 147 3 is_stmt 1 view .LVU110
 330              		.loc 1 147 7 is_stmt 0 view .LVU111
 331 002a 0021     		movs	r1, #0
 332 002c 0C48     		ldr	r0, .L35
 333 002e FFF7FEFF 		bl	HAL_UARTEx_SetTxFifoThreshold
 334              	.LVL17:
 335              		.loc 1 147 6 discriminator 1 view .LVU112
 336 0032 60B9     		cbnz	r0, .L32
 337              	.L27:
 148:Core/Src/usart.c ****   {
 149:Core/Src/usart.c ****     Error_Handler();
 150:Core/Src/usart.c ****   }
 151:Core/Src/usart.c ****   if (HAL_UARTEx_SetRxFifoThreshold(&huart3, UART_RXFIFO_THRESHOLD_1_8) != HAL_OK)
 338              		.loc 1 151 3 is_stmt 1 view .LVU113
 339              		.loc 1 151 7 is_stmt 0 view .LVU114
 340 0034 0021     		movs	r1, #0
 341 0036 0A48     		ldr	r0, .L35
 342 0038 FFF7FEFF 		bl	HAL_UARTEx_SetRxFifoThreshold
 343              	.LVL18:
 344              		.loc 1 151 6 discriminator 1 view .LVU115
 345 003c 50B9     		cbnz	r0, .L33
 346              	.L28:
 152:Core/Src/usart.c ****   {
 153:Core/Src/usart.c ****     Error_Handler();
 154:Core/Src/usart.c ****   }
 155:Core/Src/usart.c ****   if (HAL_UARTEx_DisableFifoMode(&huart3) != HAL_OK)
 347              		.loc 1 155 3 is_stmt 1 view .LVU116
 348              		.loc 1 155 7 is_stmt 0 view .LVU117
 349 003e 0848     		ldr	r0, .L35
 350 0040 FFF7FEFF 		bl	HAL_UARTEx_DisableFifoMode
 351              	.LVL19:
 352              		.loc 1 155 6 discriminator 1 view .LVU118
 353 0044 48B9     		cbnz	r0, .L34
 354              	.L25:
 156:Core/Src/usart.c ****   {
ARM GAS  C:\Users\LENOVO\AppData\Local\Temp\cc0Ppm4M.s 			page 10


 157:Core/Src/usart.c ****     Error_Handler();
 158:Core/Src/usart.c ****   }
 159:Core/Src/usart.c ****   /* USER CODE BEGIN USART3_Init 2 */
 160:Core/Src/usart.c **** 
 161:Core/Src/usart.c ****   /* USER CODE END USART3_Init 2 */
 162:Core/Src/usart.c **** 
 163:Core/Src/usart.c **** }
 355              		.loc 1 163 1 view .LVU119
 356 0046 08BD     		pop	{r3, pc}
 357              	.L31:
 145:Core/Src/usart.c ****   }
 358              		.loc 1 145 5 is_stmt 1 view .LVU120
 359 0048 FFF7FEFF 		bl	Error_Handler
 360              	.LVL20:
 361 004c EDE7     		b	.L26
 362              	.L32:
 149:Core/Src/usart.c ****   }
 363              		.loc 1 149 5 view .LVU121
 364 004e FFF7FEFF 		bl	Error_Handler
 365              	.LVL21:
 366 0052 EFE7     		b	.L27
 367              	.L33:
 153:Core/Src/usart.c ****   }
 368              		.loc 1 153 5 view .LVU122
 369 0054 FFF7FEFF 		bl	Error_Handler
 370              	.LVL22:
 371 0058 F1E7     		b	.L28
 372              	.L34:
 157:Core/Src/usart.c ****   }
 373              		.loc 1 157 5 view .LVU123
 374 005a FFF7FEFF 		bl	Error_Handler
 375              	.LVL23:
 376              		.loc 1 163 1 is_stmt 0 view .LVU124
 377 005e F2E7     		b	.L25
 378              	.L36:
 379              		.align	2
 380              	.L35:
 381 0060 00000000 		.word	huart3
 382 0064 00480040 		.word	1073760256
 383              		.cfi_endproc
 384              	.LFE498:
 386              		.section	.text.HAL_UART_MspInit,"ax",%progbits
 387              		.align	1
 388              		.global	HAL_UART_MspInit
 389              		.syntax unified
 390              		.thumb
 391              		.thumb_func
 393              	HAL_UART_MspInit:
 394              	.LVL24:
 395              	.LFB499:
 164:Core/Src/usart.c **** 
 165:Core/Src/usart.c **** void HAL_UART_MspInit(UART_HandleTypeDef* uartHandle)
 166:Core/Src/usart.c **** {
 396              		.loc 1 166 1 is_stmt 1 view -0
 397              		.cfi_startproc
 398              		@ args = 0, pretend = 0, frame = 312
 399              		@ frame_needed = 0, uses_anonymous_args = 0
ARM GAS  C:\Users\LENOVO\AppData\Local\Temp\cc0Ppm4M.s 			page 11


 400              		.loc 1 166 1 is_stmt 0 view .LVU126
 401 0000 30B5     		push	{r4, r5, lr}
 402              	.LCFI3:
 403              		.cfi_def_cfa_offset 12
 404              		.cfi_offset 4, -12
 405              		.cfi_offset 5, -8
 406              		.cfi_offset 14, -4
 407 0002 CFB0     		sub	sp, sp, #316
 408              	.LCFI4:
 409              		.cfi_def_cfa_offset 328
 410 0004 0446     		mov	r4, r0
 167:Core/Src/usart.c **** 
 168:Core/Src/usart.c ****   GPIO_InitTypeDef GPIO_InitStruct = {0};
 411              		.loc 1 168 3 is_stmt 1 view .LVU127
 412              		.loc 1 168 20 is_stmt 0 view .LVU128
 413 0006 0021     		movs	r1, #0
 414 0008 4991     		str	r1, [sp, #292]
 415 000a 4A91     		str	r1, [sp, #296]
 416 000c 4B91     		str	r1, [sp, #300]
 417 000e 4C91     		str	r1, [sp, #304]
 418 0010 4D91     		str	r1, [sp, #308]
 169:Core/Src/usart.c ****   RCC_PeriphCLKInitTypeDef PeriphClkInitStruct = {0};
 419              		.loc 1 169 3 is_stmt 1 view .LVU129
 420              		.loc 1 169 28 is_stmt 0 view .LVU130
 421 0012 4FF48472 		mov	r2, #264
 422 0016 06A8     		add	r0, sp, #24
 423              	.LVL25:
 424              		.loc 1 169 28 view .LVU131
 425 0018 FFF7FEFF 		bl	memset
 426              	.LVL26:
 170:Core/Src/usart.c ****   if(uartHandle->Instance==USART1)
 427              		.loc 1 170 3 is_stmt 1 view .LVU132
 428              		.loc 1 170 16 is_stmt 0 view .LVU133
 429 001c 2368     		ldr	r3, [r4]
 430              		.loc 1 170 5 view .LVU134
 431 001e 5D4A     		ldr	r2, .L51
 432 0020 9342     		cmp	r3, r2
 433 0022 07D0     		beq	.L45
 171:Core/Src/usart.c ****   {
 172:Core/Src/usart.c ****   /* USER CODE BEGIN USART1_MspInit 0 */
 173:Core/Src/usart.c **** 
 174:Core/Src/usart.c ****   /* USER CODE END USART1_MspInit 0 */
 175:Core/Src/usart.c **** 
 176:Core/Src/usart.c ****   /** Initializes the peripherals clock
 177:Core/Src/usart.c ****   */
 178:Core/Src/usart.c ****     PeriphClkInitStruct.PeriphClockSelection = RCC_PERIPHCLK_USART1;
 179:Core/Src/usart.c ****     PeriphClkInitStruct.Usart1ClockSelection = RCC_USART1CLKSOURCE_PCLK2;
 180:Core/Src/usart.c ****     if (HAL_RCCEx_PeriphCLKConfig(&PeriphClkInitStruct) != HAL_OK)
 181:Core/Src/usart.c ****     {
 182:Core/Src/usart.c ****       Error_Handler();
 183:Core/Src/usart.c ****     }
 184:Core/Src/usart.c **** 
 185:Core/Src/usart.c ****     /* USART1 clock enable */
 186:Core/Src/usart.c ****     __HAL_RCC_USART1_CLK_ENABLE();
 187:Core/Src/usart.c **** 
 188:Core/Src/usart.c ****     __HAL_RCC_GPIOB_CLK_ENABLE();
 189:Core/Src/usart.c ****     /**USART1 GPIO Configuration
ARM GAS  C:\Users\LENOVO\AppData\Local\Temp\cc0Ppm4M.s 			page 12


 190:Core/Src/usart.c ****     PB14     ------> USART1_TX
 191:Core/Src/usart.c ****     PB15     ------> USART1_RX
 192:Core/Src/usart.c ****     */
 193:Core/Src/usart.c ****     GPIO_InitStruct.Pin = LTE_RX_Pin|LTE_TX_Pin;
 194:Core/Src/usart.c ****     GPIO_InitStruct.Mode = GPIO_MODE_AF_PP;
 195:Core/Src/usart.c ****     GPIO_InitStruct.Pull = GPIO_NOPULL;
 196:Core/Src/usart.c ****     GPIO_InitStruct.Speed = GPIO_SPEED_FREQ_HIGH;
 197:Core/Src/usart.c ****     GPIO_InitStruct.Alternate = GPIO_AF4_USART1;
 198:Core/Src/usart.c ****     HAL_GPIO_Init(GPIOB, &GPIO_InitStruct);
 199:Core/Src/usart.c **** 
 200:Core/Src/usart.c ****     /* USART1 interrupt Init */
 201:Core/Src/usart.c ****     HAL_NVIC_SetPriority(USART1_IRQn, 2, 0);
 202:Core/Src/usart.c ****     HAL_NVIC_EnableIRQ(USART1_IRQn);
 203:Core/Src/usart.c ****   /* USER CODE BEGIN USART1_MspInit 1 */
 204:Core/Src/usart.c **** 
 205:Core/Src/usart.c ****   /* USER CODE END USART1_MspInit 1 */
 206:Core/Src/usart.c ****   }
 207:Core/Src/usart.c ****   else if(uartHandle->Instance==USART2)
 434              		.loc 1 207 8 is_stmt 1 view .LVU135
 435              		.loc 1 207 10 is_stmt 0 view .LVU136
 436 0024 5C4A     		ldr	r2, .L51+4
 437 0026 9342     		cmp	r3, r2
 438 0028 3FD0     		beq	.L46
 208:Core/Src/usart.c ****   {
 209:Core/Src/usart.c ****   /* USER CODE BEGIN USART2_MspInit 0 */
 210:Core/Src/usart.c **** 
 211:Core/Src/usart.c ****   /* USER CODE END USART2_MspInit 0 */
 212:Core/Src/usart.c **** 
 213:Core/Src/usart.c ****   /** Initializes the peripherals clock
 214:Core/Src/usart.c ****   */
 215:Core/Src/usart.c ****     PeriphClkInitStruct.PeriphClockSelection = RCC_PERIPHCLK_USART2;
 216:Core/Src/usart.c ****     PeriphClkInitStruct.Usart2ClockSelection = RCC_USART2CLKSOURCE_PCLK1;
 217:Core/Src/usart.c ****     if (HAL_RCCEx_PeriphCLKConfig(&PeriphClkInitStruct) != HAL_OK)
 218:Core/Src/usart.c ****     {
 219:Core/Src/usart.c ****       Error_Handler();
 220:Core/Src/usart.c ****     }
 221:Core/Src/usart.c **** 
 222:Core/Src/usart.c ****     /* USART2 clock enable */
 223:Core/Src/usart.c ****     __HAL_RCC_USART2_CLK_ENABLE();
 224:Core/Src/usart.c **** 
 225:Core/Src/usart.c ****     __HAL_RCC_GPIOA_CLK_ENABLE();
 226:Core/Src/usart.c ****     /**USART2 GPIO Configuration
 227:Core/Src/usart.c ****     PA2     ------> USART2_TX
 228:Core/Src/usart.c ****     PA3     ------> USART2_RX
 229:Core/Src/usart.c ****     */
 230:Core/Src/usart.c ****     GPIO_InitStruct.Pin = GPS_TX_Pin|GPS_RX_Pin;
 231:Core/Src/usart.c ****     GPIO_InitStruct.Mode = GPIO_MODE_AF_PP;
 232:Core/Src/usart.c ****     GPIO_InitStruct.Pull = GPIO_NOPULL;
 233:Core/Src/usart.c ****     GPIO_InitStruct.Speed = GPIO_SPEED_FREQ_LOW;
 234:Core/Src/usart.c ****     GPIO_InitStruct.Alternate = GPIO_AF7_USART2;
 235:Core/Src/usart.c ****     HAL_GPIO_Init(GPIOA, &GPIO_InitStruct);
 236:Core/Src/usart.c **** 
 237:Core/Src/usart.c ****     /* USART2 interrupt Init */
 238:Core/Src/usart.c ****     HAL_NVIC_SetPriority(USART2_IRQn, 3, 0);
 239:Core/Src/usart.c ****     HAL_NVIC_EnableIRQ(USART2_IRQn);
 240:Core/Src/usart.c ****   /* USER CODE BEGIN USART2_MspInit 1 */
 241:Core/Src/usart.c **** 
ARM GAS  C:\Users\LENOVO\AppData\Local\Temp\cc0Ppm4M.s 			page 13


 242:Core/Src/usart.c ****   /* USER CODE END USART2_MspInit 1 */
 243:Core/Src/usart.c ****   }
 244:Core/Src/usart.c ****   else if(uartHandle->Instance==USART3)
 439              		.loc 1 244 8 is_stmt 1 view .LVU137
 440              		.loc 1 244 10 is_stmt 0 view .LVU138
 441 002a 5C4A     		ldr	r2, .L51+8
 442 002c 9342     		cmp	r3, r2
 443 002e 76D0     		beq	.L47
 444              	.LVL27:
 445              	.L37:
 245:Core/Src/usart.c ****   {
 246:Core/Src/usart.c ****   /* USER CODE BEGIN USART3_MspInit 0 */
 247:Core/Src/usart.c **** 
 248:Core/Src/usart.c ****   /* USER CODE END USART3_MspInit 0 */
 249:Core/Src/usart.c **** 
 250:Core/Src/usart.c ****   /** Initializes the peripherals clock
 251:Core/Src/usart.c ****   */
 252:Core/Src/usart.c ****     PeriphClkInitStruct.PeriphClockSelection = RCC_PERIPHCLK_USART3;
 253:Core/Src/usart.c ****     PeriphClkInitStruct.Usart3ClockSelection = RCC_USART3CLKSOURCE_PCLK1;
 254:Core/Src/usart.c ****     if (HAL_RCCEx_PeriphCLKConfig(&PeriphClkInitStruct) != HAL_OK)
 255:Core/Src/usart.c ****     {
 256:Core/Src/usart.c ****       Error_Handler();
 257:Core/Src/usart.c ****     }
 258:Core/Src/usart.c **** 
 259:Core/Src/usart.c ****     /* USART3 clock enable */
 260:Core/Src/usart.c ****     __HAL_RCC_USART3_CLK_ENABLE();
 261:Core/Src/usart.c **** 
 262:Core/Src/usart.c ****     __HAL_RCC_GPIOB_CLK_ENABLE();
 263:Core/Src/usart.c ****     /**USART3 GPIO Configuration
 264:Core/Src/usart.c ****     PB10     ------> USART3_TX
 265:Core/Src/usart.c ****     PB11     ------> USART3_RX
 266:Core/Src/usart.c ****     */
 267:Core/Src/usart.c ****     GPIO_InitStruct.Pin = LOG_TX_Pin|LOG_RX_Pin;
 268:Core/Src/usart.c ****     GPIO_InitStruct.Mode = GPIO_MODE_AF_PP;
 269:Core/Src/usart.c ****     GPIO_InitStruct.Pull = GPIO_NOPULL;
 270:Core/Src/usart.c ****     GPIO_InitStruct.Speed = GPIO_SPEED_FREQ_LOW;
 271:Core/Src/usart.c ****     GPIO_InitStruct.Alternate = GPIO_AF7_USART3;
 272:Core/Src/usart.c ****     HAL_GPIO_Init(GPIOB, &GPIO_InitStruct);
 273:Core/Src/usart.c **** 
 274:Core/Src/usart.c ****     /* USART3 interrupt Init */
 275:Core/Src/usart.c ****     HAL_NVIC_SetPriority(USART3_IRQn, 0, 0);
 276:Core/Src/usart.c ****     HAL_NVIC_EnableIRQ(USART3_IRQn);
 277:Core/Src/usart.c ****   /* USER CODE BEGIN USART3_MspInit 1 */
 278:Core/Src/usart.c **** 
 279:Core/Src/usart.c ****   /* USER CODE END USART3_MspInit 1 */
 280:Core/Src/usart.c ****   }
 281:Core/Src/usart.c **** }
 446              		.loc 1 281 1 view .LVU139
 447 0030 4FB0     		add	sp, sp, #316
 448              	.LCFI5:
 449              		.cfi_remember_state
 450              		.cfi_def_cfa_offset 12
 451              		@ sp needed
 452 0032 30BD     		pop	{r4, r5, pc}
 453              	.LVL28:
 454              	.L45:
 455              	.LCFI6:
ARM GAS  C:\Users\LENOVO\AppData\Local\Temp\cc0Ppm4M.s 			page 14


 456              		.cfi_restore_state
 178:Core/Src/usart.c ****     PeriphClkInitStruct.Usart1ClockSelection = RCC_USART1CLKSOURCE_PCLK2;
 457              		.loc 1 178 5 is_stmt 1 view .LVU140
 178:Core/Src/usart.c ****     PeriphClkInitStruct.Usart1ClockSelection = RCC_USART1CLKSOURCE_PCLK2;
 458              		.loc 1 178 46 is_stmt 0 view .LVU141
 459 0034 0122     		movs	r2, #1
 460 0036 0023     		movs	r3, #0
 461 0038 CDE90623 		strd	r2, [sp, #24]
 179:Core/Src/usart.c ****     if (HAL_RCCEx_PeriphCLKConfig(&PeriphClkInitStruct) != HAL_OK)
 462              		.loc 1 179 5 is_stmt 1 view .LVU142
 180:Core/Src/usart.c ****     {
 463              		.loc 1 180 5 view .LVU143
 180:Core/Src/usart.c ****     {
 464              		.loc 1 180 9 is_stmt 0 view .LVU144
 465 003c 06A8     		add	r0, sp, #24
 466 003e FFF7FEFF 		bl	HAL_RCCEx_PeriphCLKConfig
 467              	.LVL29:
 180:Core/Src/usart.c ****     {
 468              		.loc 1 180 8 discriminator 1 view .LVU145
 469 0042 78BB     		cbnz	r0, .L48
 470              	.L39:
 186:Core/Src/usart.c **** 
 471              		.loc 1 186 5 is_stmt 1 view .LVU146
 472              	.LBB2:
 186:Core/Src/usart.c **** 
 473              		.loc 1 186 5 view .LVU147
 186:Core/Src/usart.c **** 
 474              		.loc 1 186 5 view .LVU148
 475 0044 564B     		ldr	r3, .L51+12
 476 0046 D3F8A420 		ldr	r2, [r3, #164]
 477 004a 42F48042 		orr	r2, r2, #16384
 478 004e C3F8A420 		str	r2, [r3, #164]
 186:Core/Src/usart.c **** 
 479              		.loc 1 186 5 view .LVU149
 480 0052 D3F8A420 		ldr	r2, [r3, #164]
 481 0056 02F48042 		and	r2, r2, #16384
 482 005a 0092     		str	r2, [sp]
 186:Core/Src/usart.c **** 
 483              		.loc 1 186 5 view .LVU150
 484 005c 009A     		ldr	r2, [sp]
 485              	.LBE2:
 186:Core/Src/usart.c **** 
 486              		.loc 1 186 5 view .LVU151
 188:Core/Src/usart.c ****     /**USART1 GPIO Configuration
 487              		.loc 1 188 5 view .LVU152
 488              	.LBB3:
 188:Core/Src/usart.c ****     /**USART1 GPIO Configuration
 489              		.loc 1 188 5 view .LVU153
 188:Core/Src/usart.c ****     /**USART1 GPIO Configuration
 490              		.loc 1 188 5 view .LVU154
 491 005e D3F88C20 		ldr	r2, [r3, #140]
 492 0062 42F00202 		orr	r2, r2, #2
 493 0066 C3F88C20 		str	r2, [r3, #140]
 188:Core/Src/usart.c ****     /**USART1 GPIO Configuration
 494              		.loc 1 188 5 view .LVU155
 495 006a D3F88C30 		ldr	r3, [r3, #140]
 496 006e 03F00203 		and	r3, r3, #2
ARM GAS  C:\Users\LENOVO\AppData\Local\Temp\cc0Ppm4M.s 			page 15


 497 0072 0193     		str	r3, [sp, #4]
 188:Core/Src/usart.c ****     /**USART1 GPIO Configuration
 498              		.loc 1 188 5 view .LVU156
 499 0074 019B     		ldr	r3, [sp, #4]
 500              	.LBE3:
 188:Core/Src/usart.c ****     /**USART1 GPIO Configuration
 501              		.loc 1 188 5 view .LVU157
 193:Core/Src/usart.c ****     GPIO_InitStruct.Mode = GPIO_MODE_AF_PP;
 502              		.loc 1 193 5 view .LVU158
 193:Core/Src/usart.c ****     GPIO_InitStruct.Mode = GPIO_MODE_AF_PP;
 503              		.loc 1 193 25 is_stmt 0 view .LVU159
 504 0076 4FF44043 		mov	r3, #49152
 505 007a 4993     		str	r3, [sp, #292]
 194:Core/Src/usart.c ****     GPIO_InitStruct.Pull = GPIO_NOPULL;
 506              		.loc 1 194 5 is_stmt 1 view .LVU160
 194:Core/Src/usart.c ****     GPIO_InitStruct.Pull = GPIO_NOPULL;
 507              		.loc 1 194 26 is_stmt 0 view .LVU161
 508 007c 0224     		movs	r4, #2
 509              	.LVL30:
 194:Core/Src/usart.c ****     GPIO_InitStruct.Pull = GPIO_NOPULL;
 510              		.loc 1 194 26 view .LVU162
 511 007e 4A94     		str	r4, [sp, #296]
 195:Core/Src/usart.c ****     GPIO_InitStruct.Speed = GPIO_SPEED_FREQ_HIGH;
 512              		.loc 1 195 5 is_stmt 1 view .LVU163
 195:Core/Src/usart.c ****     GPIO_InitStruct.Speed = GPIO_SPEED_FREQ_HIGH;
 513              		.loc 1 195 26 is_stmt 0 view .LVU164
 514 0080 0025     		movs	r5, #0
 515 0082 4B95     		str	r5, [sp, #300]
 196:Core/Src/usart.c ****     GPIO_InitStruct.Alternate = GPIO_AF4_USART1;
 516              		.loc 1 196 5 is_stmt 1 view .LVU165
 196:Core/Src/usart.c ****     GPIO_InitStruct.Alternate = GPIO_AF4_USART1;
 517              		.loc 1 196 27 is_stmt 0 view .LVU166
 518 0084 4C94     		str	r4, [sp, #304]
 197:Core/Src/usart.c ****     HAL_GPIO_Init(GPIOB, &GPIO_InitStruct);
 519              		.loc 1 197 5 is_stmt 1 view .LVU167
 197:Core/Src/usart.c ****     HAL_GPIO_Init(GPIOB, &GPIO_InitStruct);
 520              		.loc 1 197 31 is_stmt 0 view .LVU168
 521 0086 0423     		movs	r3, #4
 522 0088 4D93     		str	r3, [sp, #308]
 198:Core/Src/usart.c **** 
 523              		.loc 1 198 5 is_stmt 1 view .LVU169
 524 008a 49A9     		add	r1, sp, #292
 525 008c 4548     		ldr	r0, .L51+16
 526 008e FFF7FEFF 		bl	HAL_GPIO_Init
 527              	.LVL31:
 201:Core/Src/usart.c ****     HAL_NVIC_EnableIRQ(USART1_IRQn);
 528              		.loc 1 201 5 view .LVU170
 529 0092 2A46     		mov	r2, r5
 530 0094 2146     		mov	r1, r4
 531 0096 3A20     		movs	r0, #58
 532 0098 FFF7FEFF 		bl	HAL_NVIC_SetPriority
 533              	.LVL32:
 202:Core/Src/usart.c ****   /* USER CODE BEGIN USART1_MspInit 1 */
 534              		.loc 1 202 5 view .LVU171
 535 009c 3A20     		movs	r0, #58
 536 009e FFF7FEFF 		bl	HAL_NVIC_EnableIRQ
 537              	.LVL33:
ARM GAS  C:\Users\LENOVO\AppData\Local\Temp\cc0Ppm4M.s 			page 16


 538 00a2 C5E7     		b	.L37
 539              	.LVL34:
 540              	.L48:
 182:Core/Src/usart.c ****     }
 541              		.loc 1 182 7 view .LVU172
 542 00a4 FFF7FEFF 		bl	Error_Handler
 543              	.LVL35:
 544 00a8 CCE7     		b	.L39
 545              	.L46:
 215:Core/Src/usart.c ****     PeriphClkInitStruct.Usart2ClockSelection = RCC_USART2CLKSOURCE_PCLK1;
 546              		.loc 1 215 5 view .LVU173
 215:Core/Src/usart.c ****     PeriphClkInitStruct.Usart2ClockSelection = RCC_USART2CLKSOURCE_PCLK1;
 547              		.loc 1 215 46 is_stmt 0 view .LVU174
 548 00aa 0222     		movs	r2, #2
 549 00ac 0023     		movs	r3, #0
 550 00ae CDE90623 		strd	r2, [sp, #24]
 216:Core/Src/usart.c ****     if (HAL_RCCEx_PeriphCLKConfig(&PeriphClkInitStruct) != HAL_OK)
 551              		.loc 1 216 5 is_stmt 1 view .LVU175
 217:Core/Src/usart.c ****     {
 552              		.loc 1 217 5 view .LVU176
 217:Core/Src/usart.c ****     {
 553              		.loc 1 217 9 is_stmt 0 view .LVU177
 554 00b2 06A8     		add	r0, sp, #24
 555 00b4 FFF7FEFF 		bl	HAL_RCCEx_PeriphCLKConfig
 556              	.LVL36:
 217:Core/Src/usart.c ****     {
 557              		.loc 1 217 8 discriminator 1 view .LVU178
 558 00b8 70BB     		cbnz	r0, .L49
 559              	.L42:
 223:Core/Src/usart.c **** 
 560              		.loc 1 223 5 is_stmt 1 view .LVU179
 561              	.LBB4:
 223:Core/Src/usart.c **** 
 562              		.loc 1 223 5 view .LVU180
 223:Core/Src/usart.c **** 
 563              		.loc 1 223 5 view .LVU181
 564 00ba 394B     		ldr	r3, .L51+12
 565 00bc D3F89C20 		ldr	r2, [r3, #156]
 566 00c0 42F40032 		orr	r2, r2, #131072
 567 00c4 C3F89C20 		str	r2, [r3, #156]
 223:Core/Src/usart.c **** 
 568              		.loc 1 223 5 view .LVU182
 569 00c8 D3F89C20 		ldr	r2, [r3, #156]
 570 00cc 02F40032 		and	r2, r2, #131072
 571 00d0 0292     		str	r2, [sp, #8]
 223:Core/Src/usart.c **** 
 572              		.loc 1 223 5 view .LVU183
 573 00d2 029A     		ldr	r2, [sp, #8]
 574              	.LBE4:
 223:Core/Src/usart.c **** 
 575              		.loc 1 223 5 view .LVU184
 225:Core/Src/usart.c ****     /**USART2 GPIO Configuration
 576              		.loc 1 225 5 view .LVU185
 577              	.LBB5:
 225:Core/Src/usart.c ****     /**USART2 GPIO Configuration
 578              		.loc 1 225 5 view .LVU186
 225:Core/Src/usart.c ****     /**USART2 GPIO Configuration
ARM GAS  C:\Users\LENOVO\AppData\Local\Temp\cc0Ppm4M.s 			page 17


 579              		.loc 1 225 5 view .LVU187
 580 00d4 D3F88C20 		ldr	r2, [r3, #140]
 581 00d8 42F00102 		orr	r2, r2, #1
 582 00dc C3F88C20 		str	r2, [r3, #140]
 225:Core/Src/usart.c ****     /**USART2 GPIO Configuration
 583              		.loc 1 225 5 view .LVU188
 584 00e0 D3F88C30 		ldr	r3, [r3, #140]
 585 00e4 03F00103 		and	r3, r3, #1
 586 00e8 0393     		str	r3, [sp, #12]
 225:Core/Src/usart.c ****     /**USART2 GPIO Configuration
 587              		.loc 1 225 5 view .LVU189
 588 00ea 039B     		ldr	r3, [sp, #12]
 589              	.LBE5:
 225:Core/Src/usart.c ****     /**USART2 GPIO Configuration
 590              		.loc 1 225 5 view .LVU190
 230:Core/Src/usart.c ****     GPIO_InitStruct.Mode = GPIO_MODE_AF_PP;
 591              		.loc 1 230 5 view .LVU191
 230:Core/Src/usart.c ****     GPIO_InitStruct.Mode = GPIO_MODE_AF_PP;
 592              		.loc 1 230 25 is_stmt 0 view .LVU192
 593 00ec 0C23     		movs	r3, #12
 594 00ee 4993     		str	r3, [sp, #292]
 231:Core/Src/usart.c ****     GPIO_InitStruct.Pull = GPIO_NOPULL;
 595              		.loc 1 231 5 is_stmt 1 view .LVU193
 231:Core/Src/usart.c ****     GPIO_InitStruct.Pull = GPIO_NOPULL;
 596              		.loc 1 231 26 is_stmt 0 view .LVU194
 597 00f0 0223     		movs	r3, #2
 598 00f2 4A93     		str	r3, [sp, #296]
 232:Core/Src/usart.c ****     GPIO_InitStruct.Speed = GPIO_SPEED_FREQ_LOW;
 599              		.loc 1 232 5 is_stmt 1 view .LVU195
 232:Core/Src/usart.c ****     GPIO_InitStruct.Speed = GPIO_SPEED_FREQ_LOW;
 600              		.loc 1 232 26 is_stmt 0 view .LVU196
 601 00f4 0024     		movs	r4, #0
 602              	.LVL37:
 232:Core/Src/usart.c ****     GPIO_InitStruct.Speed = GPIO_SPEED_FREQ_LOW;
 603              		.loc 1 232 26 view .LVU197
 604 00f6 4B94     		str	r4, [sp, #300]
 233:Core/Src/usart.c ****     GPIO_InitStruct.Alternate = GPIO_AF7_USART2;
 605              		.loc 1 233 5 is_stmt 1 view .LVU198
 233:Core/Src/usart.c ****     GPIO_InitStruct.Alternate = GPIO_AF7_USART2;
 606              		.loc 1 233 27 is_stmt 0 view .LVU199
 607 00f8 4C94     		str	r4, [sp, #304]
 234:Core/Src/usart.c ****     HAL_GPIO_Init(GPIOA, &GPIO_InitStruct);
 608              		.loc 1 234 5 is_stmt 1 view .LVU200
 234:Core/Src/usart.c ****     HAL_GPIO_Init(GPIOA, &GPIO_InitStruct);
 609              		.loc 1 234 31 is_stmt 0 view .LVU201
 610 00fa 0723     		movs	r3, #7
 611 00fc 4D93     		str	r3, [sp, #308]
 235:Core/Src/usart.c **** 
 612              		.loc 1 235 5 is_stmt 1 view .LVU202
 613 00fe 49A9     		add	r1, sp, #292
 614 0100 2948     		ldr	r0, .L51+20
 615 0102 FFF7FEFF 		bl	HAL_GPIO_Init
 616              	.LVL38:
 238:Core/Src/usart.c ****     HAL_NVIC_EnableIRQ(USART2_IRQn);
 617              		.loc 1 238 5 view .LVU203
 618 0106 2246     		mov	r2, r4
 619 0108 0321     		movs	r1, #3
ARM GAS  C:\Users\LENOVO\AppData\Local\Temp\cc0Ppm4M.s 			page 18


 620 010a 3B20     		movs	r0, #59
 621 010c FFF7FEFF 		bl	HAL_NVIC_SetPriority
 622              	.LVL39:
 239:Core/Src/usart.c ****   /* USER CODE BEGIN USART2_MspInit 1 */
 623              		.loc 1 239 5 view .LVU204
 624 0110 3B20     		movs	r0, #59
 625 0112 FFF7FEFF 		bl	HAL_NVIC_EnableIRQ
 626              	.LVL40:
 627 0116 8BE7     		b	.L37
 628              	.LVL41:
 629              	.L49:
 219:Core/Src/usart.c ****     }
 630              		.loc 1 219 7 view .LVU205
 631 0118 FFF7FEFF 		bl	Error_Handler
 632              	.LVL42:
 633 011c CDE7     		b	.L42
 634              	.L47:
 252:Core/Src/usart.c ****     PeriphClkInitStruct.Usart3ClockSelection = RCC_USART3CLKSOURCE_PCLK1;
 635              		.loc 1 252 5 view .LVU206
 252:Core/Src/usart.c ****     PeriphClkInitStruct.Usart3ClockSelection = RCC_USART3CLKSOURCE_PCLK1;
 636              		.loc 1 252 46 is_stmt 0 view .LVU207
 637 011e 0422     		movs	r2, #4
 638 0120 0023     		movs	r3, #0
 639 0122 CDE90623 		strd	r2, [sp, #24]
 253:Core/Src/usart.c ****     if (HAL_RCCEx_PeriphCLKConfig(&PeriphClkInitStruct) != HAL_OK)
 640              		.loc 1 253 5 is_stmt 1 view .LVU208
 254:Core/Src/usart.c ****     {
 641              		.loc 1 254 5 view .LVU209
 254:Core/Src/usart.c ****     {
 642              		.loc 1 254 9 is_stmt 0 view .LVU210
 643 0126 06A8     		add	r0, sp, #24
 644 0128 FFF7FEFF 		bl	HAL_RCCEx_PeriphCLKConfig
 645              	.LVL43:
 254:Core/Src/usart.c ****     {
 646              		.loc 1 254 8 discriminator 1 view .LVU211
 647 012c 78BB     		cbnz	r0, .L50
 648              	.L43:
 260:Core/Src/usart.c **** 
 649              		.loc 1 260 5 is_stmt 1 view .LVU212
 650              	.LBB6:
 260:Core/Src/usart.c **** 
 651              		.loc 1 260 5 view .LVU213
 260:Core/Src/usart.c **** 
 652              		.loc 1 260 5 view .LVU214
 653 012e 1C4B     		ldr	r3, .L51+12
 654 0130 D3F89C20 		ldr	r2, [r3, #156]
 655 0134 42F48022 		orr	r2, r2, #262144
 656 0138 C3F89C20 		str	r2, [r3, #156]
 260:Core/Src/usart.c **** 
 657              		.loc 1 260 5 view .LVU215
 658 013c D3F89C20 		ldr	r2, [r3, #156]
 659 0140 02F48022 		and	r2, r2, #262144
 660 0144 0492     		str	r2, [sp, #16]
 260:Core/Src/usart.c **** 
 661              		.loc 1 260 5 view .LVU216
 662 0146 049A     		ldr	r2, [sp, #16]
 663              	.LBE6:
ARM GAS  C:\Users\LENOVO\AppData\Local\Temp\cc0Ppm4M.s 			page 19


 260:Core/Src/usart.c **** 
 664              		.loc 1 260 5 view .LVU217
 262:Core/Src/usart.c ****     /**USART3 GPIO Configuration
 665              		.loc 1 262 5 view .LVU218
 666              	.LBB7:
 262:Core/Src/usart.c ****     /**USART3 GPIO Configuration
 667              		.loc 1 262 5 view .LVU219
 262:Core/Src/usart.c ****     /**USART3 GPIO Configuration
 668              		.loc 1 262 5 view .LVU220
 669 0148 D3F88C20 		ldr	r2, [r3, #140]
 670 014c 42F00202 		orr	r2, r2, #2
 671 0150 C3F88C20 		str	r2, [r3, #140]
 262:Core/Src/usart.c ****     /**USART3 GPIO Configuration
 672              		.loc 1 262 5 view .LVU221
 673 0154 D3F88C30 		ldr	r3, [r3, #140]
 674 0158 03F00203 		and	r3, r3, #2
 675 015c 0593     		str	r3, [sp, #20]
 262:Core/Src/usart.c ****     /**USART3 GPIO Configuration
 676              		.loc 1 262 5 view .LVU222
 677 015e 059B     		ldr	r3, [sp, #20]
 678              	.LBE7:
 262:Core/Src/usart.c ****     /**USART3 GPIO Configuration
 679              		.loc 1 262 5 view .LVU223
 267:Core/Src/usart.c ****     GPIO_InitStruct.Mode = GPIO_MODE_AF_PP;
 680              		.loc 1 267 5 view .LVU224
 267:Core/Src/usart.c ****     GPIO_InitStruct.Mode = GPIO_MODE_AF_PP;
 681              		.loc 1 267 25 is_stmt 0 view .LVU225
 682 0160 4FF44063 		mov	r3, #3072
 683 0164 4993     		str	r3, [sp, #292]
 268:Core/Src/usart.c ****     GPIO_InitStruct.Pull = GPIO_NOPULL;
 684              		.loc 1 268 5 is_stmt 1 view .LVU226
 268:Core/Src/usart.c ****     GPIO_InitStruct.Pull = GPIO_NOPULL;
 685              		.loc 1 268 26 is_stmt 0 view .LVU227
 686 0166 0223     		movs	r3, #2
 687 0168 4A93     		str	r3, [sp, #296]
 269:Core/Src/usart.c ****     GPIO_InitStruct.Speed = GPIO_SPEED_FREQ_LOW;
 688              		.loc 1 269 5 is_stmt 1 view .LVU228
 269:Core/Src/usart.c ****     GPIO_InitStruct.Speed = GPIO_SPEED_FREQ_LOW;
 689              		.loc 1 269 26 is_stmt 0 view .LVU229
 690 016a 0024     		movs	r4, #0
 691              	.LVL44:
 269:Core/Src/usart.c ****     GPIO_InitStruct.Speed = GPIO_SPEED_FREQ_LOW;
 692              		.loc 1 269 26 view .LVU230
 693 016c 4B94     		str	r4, [sp, #300]
 270:Core/Src/usart.c ****     GPIO_InitStruct.Alternate = GPIO_AF7_USART3;
 694              		.loc 1 270 5 is_stmt 1 view .LVU231
 270:Core/Src/usart.c ****     GPIO_InitStruct.Alternate = GPIO_AF7_USART3;
 695              		.loc 1 270 27 is_stmt 0 view .LVU232
 696 016e 4C94     		str	r4, [sp, #304]
 271:Core/Src/usart.c ****     HAL_GPIO_Init(GPIOB, &GPIO_InitStruct);
 697              		.loc 1 271 5 is_stmt 1 view .LVU233
 271:Core/Src/usart.c ****     HAL_GPIO_Init(GPIOB, &GPIO_InitStruct);
 698              		.loc 1 271 31 is_stmt 0 view .LVU234
 699 0170 0723     		movs	r3, #7
 700 0172 4D93     		str	r3, [sp, #308]
 272:Core/Src/usart.c **** 
 701              		.loc 1 272 5 is_stmt 1 view .LVU235
ARM GAS  C:\Users\LENOVO\AppData\Local\Temp\cc0Ppm4M.s 			page 20


 702 0174 49A9     		add	r1, sp, #292
 703 0176 0B48     		ldr	r0, .L51+16
 704 0178 FFF7FEFF 		bl	HAL_GPIO_Init
 705              	.LVL45:
 275:Core/Src/usart.c ****     HAL_NVIC_EnableIRQ(USART3_IRQn);
 706              		.loc 1 275 5 view .LVU236
 707 017c 2246     		mov	r2, r4
 708 017e 2146     		mov	r1, r4
 709 0180 3C20     		movs	r0, #60
 710 0182 FFF7FEFF 		bl	HAL_NVIC_SetPriority
 711              	.LVL46:
 276:Core/Src/usart.c ****   /* USER CODE BEGIN USART3_MspInit 1 */
 712              		.loc 1 276 5 view .LVU237
 713 0186 3C20     		movs	r0, #60
 714 0188 FFF7FEFF 		bl	HAL_NVIC_EnableIRQ
 715              	.LVL47:
 716              		.loc 1 281 1 is_stmt 0 view .LVU238
 717 018c 50E7     		b	.L37
 718              	.LVL48:
 719              	.L50:
 256:Core/Src/usart.c ****     }
 720              		.loc 1 256 7 is_stmt 1 view .LVU239
 721 018e FFF7FEFF 		bl	Error_Handler
 722              	.LVL49:
 723 0192 CCE7     		b	.L43
 724              	.L52:
 725              		.align	2
 726              	.L51:
 727 0194 00380140 		.word	1073821696
 728 0198 00440040 		.word	1073759232
 729 019c 00480040 		.word	1073760256
 730 01a0 000C0244 		.word	1140984832
 731 01a4 00040242 		.word	1107428352
 732 01a8 00000242 		.word	1107427328
 733              		.cfi_endproc
 734              	.LFE499:
 736              		.section	.text.HAL_UART_MspDeInit,"ax",%progbits
 737              		.align	1
 738              		.global	HAL_UART_MspDeInit
 739              		.syntax unified
 740              		.thumb
 741              		.thumb_func
 743              	HAL_UART_MspDeInit:
 744              	.LVL50:
 745              	.LFB500:
 282:Core/Src/usart.c **** 
 283:Core/Src/usart.c **** void HAL_UART_MspDeInit(UART_HandleTypeDef* uartHandle)
 284:Core/Src/usart.c **** {
 746              		.loc 1 284 1 view -0
 747              		.cfi_startproc
 748              		@ args = 0, pretend = 0, frame = 0
 749              		@ frame_needed = 0, uses_anonymous_args = 0
 750              		.loc 1 284 1 is_stmt 0 view .LVU241
 751 0000 08B5     		push	{r3, lr}
 752              	.LCFI7:
 753              		.cfi_def_cfa_offset 8
 754              		.cfi_offset 3, -8
ARM GAS  C:\Users\LENOVO\AppData\Local\Temp\cc0Ppm4M.s 			page 21


 755              		.cfi_offset 14, -4
 285:Core/Src/usart.c **** 
 286:Core/Src/usart.c ****   if(uartHandle->Instance==USART1)
 756              		.loc 1 286 3 is_stmt 1 view .LVU242
 757              		.loc 1 286 16 is_stmt 0 view .LVU243
 758 0002 0368     		ldr	r3, [r0]
 759              		.loc 1 286 5 view .LVU244
 760 0004 1C4A     		ldr	r2, .L61
 761 0006 9342     		cmp	r3, r2
 762 0008 06D0     		beq	.L58
 287:Core/Src/usart.c ****   {
 288:Core/Src/usart.c ****   /* USER CODE BEGIN USART1_MspDeInit 0 */
 289:Core/Src/usart.c **** 
 290:Core/Src/usart.c ****   /* USER CODE END USART1_MspDeInit 0 */
 291:Core/Src/usart.c ****     /* Peripheral clock disable */
 292:Core/Src/usart.c ****     __HAL_RCC_USART1_CLK_DISABLE();
 293:Core/Src/usart.c **** 
 294:Core/Src/usart.c ****     /**USART1 GPIO Configuration
 295:Core/Src/usart.c ****     PB14     ------> USART1_TX
 296:Core/Src/usart.c ****     PB15     ------> USART1_RX
 297:Core/Src/usart.c ****     */
 298:Core/Src/usart.c ****     HAL_GPIO_DeInit(GPIOB, LTE_RX_Pin|LTE_TX_Pin);
 299:Core/Src/usart.c **** 
 300:Core/Src/usart.c ****     /* USART1 interrupt Deinit */
 301:Core/Src/usart.c ****     HAL_NVIC_DisableIRQ(USART1_IRQn);
 302:Core/Src/usart.c ****   /* USER CODE BEGIN USART1_MspDeInit 1 */
 303:Core/Src/usart.c **** 
 304:Core/Src/usart.c ****   /* USER CODE END USART1_MspDeInit 1 */
 305:Core/Src/usart.c ****   }
 306:Core/Src/usart.c ****   else if(uartHandle->Instance==USART2)
 763              		.loc 1 306 8 is_stmt 1 view .LVU245
 764              		.loc 1 306 10 is_stmt 0 view .LVU246
 765 000a 1C4A     		ldr	r2, .L61+4
 766 000c 9342     		cmp	r3, r2
 767 000e 13D0     		beq	.L59
 307:Core/Src/usart.c ****   {
 308:Core/Src/usart.c ****   /* USER CODE BEGIN USART2_MspDeInit 0 */
 309:Core/Src/usart.c **** 
 310:Core/Src/usart.c ****   /* USER CODE END USART2_MspDeInit 0 */
 311:Core/Src/usart.c ****     /* Peripheral clock disable */
 312:Core/Src/usart.c ****     __HAL_RCC_USART2_CLK_DISABLE();
 313:Core/Src/usart.c **** 
 314:Core/Src/usart.c ****     /**USART2 GPIO Configuration
 315:Core/Src/usart.c ****     PA2     ------> USART2_TX
 316:Core/Src/usart.c ****     PA3     ------> USART2_RX
 317:Core/Src/usart.c ****     */
 318:Core/Src/usart.c ****     HAL_GPIO_DeInit(GPIOA, GPS_TX_Pin|GPS_RX_Pin);
 319:Core/Src/usart.c **** 
 320:Core/Src/usart.c ****     /* USART2 interrupt Deinit */
 321:Core/Src/usart.c ****     HAL_NVIC_DisableIRQ(USART2_IRQn);
 322:Core/Src/usart.c ****   /* USER CODE BEGIN USART2_MspDeInit 1 */
 323:Core/Src/usart.c **** 
 324:Core/Src/usart.c ****   /* USER CODE END USART2_MspDeInit 1 */
 325:Core/Src/usart.c ****   }
 326:Core/Src/usart.c ****   else if(uartHandle->Instance==USART3)
 768              		.loc 1 326 8 is_stmt 1 view .LVU247
 769              		.loc 1 326 10 is_stmt 0 view .LVU248
ARM GAS  C:\Users\LENOVO\AppData\Local\Temp\cc0Ppm4M.s 			page 22


 770 0010 1B4A     		ldr	r2, .L61+8
 771 0012 9342     		cmp	r3, r2
 772 0014 1FD0     		beq	.L60
 773              	.LVL51:
 774              	.L53:
 327:Core/Src/usart.c ****   {
 328:Core/Src/usart.c ****   /* USER CODE BEGIN USART3_MspDeInit 0 */
 329:Core/Src/usart.c **** 
 330:Core/Src/usart.c ****   /* USER CODE END USART3_MspDeInit 0 */
 331:Core/Src/usart.c ****     /* Peripheral clock disable */
 332:Core/Src/usart.c ****     __HAL_RCC_USART3_CLK_DISABLE();
 333:Core/Src/usart.c **** 
 334:Core/Src/usart.c ****     /**USART3 GPIO Configuration
 335:Core/Src/usart.c ****     PB10     ------> USART3_TX
 336:Core/Src/usart.c ****     PB11     ------> USART3_RX
 337:Core/Src/usart.c ****     */
 338:Core/Src/usart.c ****     HAL_GPIO_DeInit(GPIOB, LOG_TX_Pin|LOG_RX_Pin);
 339:Core/Src/usart.c **** 
 340:Core/Src/usart.c ****     /* USART3 interrupt Deinit */
 341:Core/Src/usart.c ****     HAL_NVIC_DisableIRQ(USART3_IRQn);
 342:Core/Src/usart.c ****   /* USER CODE BEGIN USART3_MspDeInit 1 */
 343:Core/Src/usart.c **** 
 344:Core/Src/usart.c ****   /* USER CODE END USART3_MspDeInit 1 */
 345:Core/Src/usart.c ****   }
 346:Core/Src/usart.c **** }
 775              		.loc 1 346 1 view .LVU249
 776 0016 08BD     		pop	{r3, pc}
 777              	.LVL52:
 778              	.L58:
 292:Core/Src/usart.c **** 
 779              		.loc 1 292 5 is_stmt 1 view .LVU250
 780 0018 1A4A     		ldr	r2, .L61+12
 781 001a D2F8A430 		ldr	r3, [r2, #164]
 782 001e 23F48043 		bic	r3, r3, #16384
 783 0022 C2F8A430 		str	r3, [r2, #164]
 298:Core/Src/usart.c **** 
 784              		.loc 1 298 5 view .LVU251
 785 0026 4FF44041 		mov	r1, #49152
 786 002a 1748     		ldr	r0, .L61+16
 787              	.LVL53:
 298:Core/Src/usart.c **** 
 788              		.loc 1 298 5 is_stmt 0 view .LVU252
 789 002c FFF7FEFF 		bl	HAL_GPIO_DeInit
 790              	.LVL54:
 301:Core/Src/usart.c ****   /* USER CODE BEGIN USART1_MspDeInit 1 */
 791              		.loc 1 301 5 is_stmt 1 view .LVU253
 792 0030 3A20     		movs	r0, #58
 793 0032 FFF7FEFF 		bl	HAL_NVIC_DisableIRQ
 794              	.LVL55:
 795 0036 EEE7     		b	.L53
 796              	.LVL56:
 797              	.L59:
 312:Core/Src/usart.c **** 
 798              		.loc 1 312 5 view .LVU254
 799 0038 124A     		ldr	r2, .L61+12
 800 003a D2F89C30 		ldr	r3, [r2, #156]
 801 003e 23F40033 		bic	r3, r3, #131072
ARM GAS  C:\Users\LENOVO\AppData\Local\Temp\cc0Ppm4M.s 			page 23


 802 0042 C2F89C30 		str	r3, [r2, #156]
 318:Core/Src/usart.c **** 
 803              		.loc 1 318 5 view .LVU255
 804 0046 0C21     		movs	r1, #12
 805 0048 1048     		ldr	r0, .L61+20
 806              	.LVL57:
 318:Core/Src/usart.c **** 
 807              		.loc 1 318 5 is_stmt 0 view .LVU256
 808 004a FFF7FEFF 		bl	HAL_GPIO_DeInit
 809              	.LVL58:
 321:Core/Src/usart.c ****   /* USER CODE BEGIN USART2_MspDeInit 1 */
 810              		.loc 1 321 5 is_stmt 1 view .LVU257
 811 004e 3B20     		movs	r0, #59
 812 0050 FFF7FEFF 		bl	HAL_NVIC_DisableIRQ
 813              	.LVL59:
 814 0054 DFE7     		b	.L53
 815              	.LVL60:
 816              	.L60:
 332:Core/Src/usart.c **** 
 817              		.loc 1 332 5 view .LVU258
 818 0056 0B4A     		ldr	r2, .L61+12
 819 0058 D2F89C30 		ldr	r3, [r2, #156]
 820 005c 23F48023 		bic	r3, r3, #262144
 821 0060 C2F89C30 		str	r3, [r2, #156]
 338:Core/Src/usart.c **** 
 822              		.loc 1 338 5 view .LVU259
 823 0064 4FF44061 		mov	r1, #3072
 824 0068 0748     		ldr	r0, .L61+16
 825              	.LVL61:
 338:Core/Src/usart.c **** 
 826              		.loc 1 338 5 is_stmt 0 view .LVU260
 827 006a FFF7FEFF 		bl	HAL_GPIO_DeInit
 828              	.LVL62:
 341:Core/Src/usart.c ****   /* USER CODE BEGIN USART3_MspDeInit 1 */
 829              		.loc 1 341 5 is_stmt 1 view .LVU261
 830 006e 3C20     		movs	r0, #60
 831 0070 FFF7FEFF 		bl	HAL_NVIC_DisableIRQ
 832              	.LVL63:
 833              		.loc 1 346 1 is_stmt 0 view .LVU262
 834 0074 CFE7     		b	.L53
 835              	.L62:
 836 0076 00BF     		.align	2
 837              	.L61:
 838 0078 00380140 		.word	1073821696
 839 007c 00440040 		.word	1073759232
 840 0080 00480040 		.word	1073760256
 841 0084 000C0244 		.word	1140984832
 842 0088 00040242 		.word	1107428352
 843 008c 00000242 		.word	1107427328
 844              		.cfi_endproc
 845              	.LFE500:
 847              		.global	huart3
 848              		.section	.bss.huart3,"aw",%nobits
 849              		.align	2
 852              	huart3:
 853 0000 00000000 		.space	148
 853      00000000 
ARM GAS  C:\Users\LENOVO\AppData\Local\Temp\cc0Ppm4M.s 			page 24


 853      00000000 
 853      00000000 
 853      00000000 
 854              		.global	huart2
 855              		.section	.bss.huart2,"aw",%nobits
 856              		.align	2
 859              	huart2:
 860 0000 00000000 		.space	148
 860      00000000 
 860      00000000 
 860      00000000 
 860      00000000 
 861              		.global	huart1
 862              		.section	.bss.huart1,"aw",%nobits
 863              		.align	2
 866              	huart1:
 867 0000 00000000 		.space	148
 867      00000000 
 867      00000000 
 867      00000000 
 867      00000000 
 868              		.text
 869              	.Letext0:
 870              		.file 2 "C:\\ST\\STM32CubeCLT_1.20.0\\GNU-tools-for-STM32\\bin/../lib/gcc/arm-none-eabi/13.3.1/../
 871              		.file 3 "Drivers/CMSIS/Device/ST/STM32H5xx/Include/stm32h563xx.h"
 872              		.file 4 "C:\\ST\\STM32CubeCLT_1.20.0\\GNU-tools-for-STM32\\bin/../lib/gcc/arm-none-eabi/13.3.1/../
 873              		.file 5 "Drivers/STM32H5xx_HAL_Driver/Inc/stm32h5xx_hal_def.h"
 874              		.file 6 "Drivers/STM32H5xx_HAL_Driver/Inc/stm32h5xx_hal_rcc_ex.h"
 875              		.file 7 "Drivers/STM32H5xx_HAL_Driver/Inc/stm32h5xx_hal_gpio.h"
 876              		.file 8 "Drivers/STM32H5xx_HAL_Driver/Inc/stm32h5xx_hal_dma.h"
 877              		.file 9 "Drivers/STM32H5xx_HAL_Driver/Inc/stm32h5xx_hal_dma_ex.h"
 878              		.file 10 "Drivers/STM32H5xx_HAL_Driver/Inc/stm32h5xx_ll_lptim.h"
 879              		.file 11 "Drivers/STM32H5xx_HAL_Driver/Inc/stm32h5xx_hal_uart.h"
 880              		.file 12 "Core/Inc/usart.h"
 881              		.file 13 "Drivers/STM32H5xx_HAL_Driver/Inc/stm32h5xx_hal_cortex.h"
 882              		.file 14 "Drivers/STM32H5xx_HAL_Driver/Inc/stm32h5xx_hal_uart_ex.h"
 883              		.file 15 "Core/Inc/main.h"
 884              		.file 16 "<built-in>"
ARM GAS  C:\Users\LENOVO\AppData\Local\Temp\cc0Ppm4M.s 			page 25


DEFINED SYMBOLS
                            *ABS*:00000000 usart.c
C:\Users\LENOVO\AppData\Local\Temp\cc0Ppm4M.s:22     .text.MX_USART1_UART_Init:00000000 $t
C:\Users\LENOVO\AppData\Local\Temp\cc0Ppm4M.s:28     .text.MX_USART1_UART_Init:00000000 MX_USART1_UART_Init
C:\Users\LENOVO\AppData\Local\Temp\cc0Ppm4M.s:141    .text.MX_USART1_UART_Init:00000068 $d
C:\Users\LENOVO\AppData\Local\Temp\cc0Ppm4M.s:866    .bss.huart1:00000000 huart1
C:\Users\LENOVO\AppData\Local\Temp\cc0Ppm4M.s:147    .text.MX_USART2_UART_Init:00000000 $t
C:\Users\LENOVO\AppData\Local\Temp\cc0Ppm4M.s:153    .text.MX_USART2_UART_Init:00000000 MX_USART2_UART_Init
C:\Users\LENOVO\AppData\Local\Temp\cc0Ppm4M.s:261    .text.MX_USART2_UART_Init:00000060 $d
C:\Users\LENOVO\AppData\Local\Temp\cc0Ppm4M.s:859    .bss.huart2:00000000 huart2
C:\Users\LENOVO\AppData\Local\Temp\cc0Ppm4M.s:267    .text.MX_USART3_UART_Init:00000000 $t
C:\Users\LENOVO\AppData\Local\Temp\cc0Ppm4M.s:273    .text.MX_USART3_UART_Init:00000000 MX_USART3_UART_Init
C:\Users\LENOVO\AppData\Local\Temp\cc0Ppm4M.s:381    .text.MX_USART3_UART_Init:00000060 $d
C:\Users\LENOVO\AppData\Local\Temp\cc0Ppm4M.s:852    .bss.huart3:00000000 huart3
C:\Users\LENOVO\AppData\Local\Temp\cc0Ppm4M.s:387    .text.HAL_UART_MspInit:00000000 $t
C:\Users\LENOVO\AppData\Local\Temp\cc0Ppm4M.s:393    .text.HAL_UART_MspInit:00000000 HAL_UART_MspInit
C:\Users\LENOVO\AppData\Local\Temp\cc0Ppm4M.s:727    .text.HAL_UART_MspInit:00000194 $d
C:\Users\LENOVO\AppData\Local\Temp\cc0Ppm4M.s:737    .text.HAL_UART_MspDeInit:00000000 $t
C:\Users\LENOVO\AppData\Local\Temp\cc0Ppm4M.s:743    .text.HAL_UART_MspDeInit:00000000 HAL_UART_MspDeInit
C:\Users\LENOVO\AppData\Local\Temp\cc0Ppm4M.s:838    .text.HAL_UART_MspDeInit:00000078 $d
C:\Users\LENOVO\AppData\Local\Temp\cc0Ppm4M.s:849    .bss.huart3:00000000 $d
C:\Users\LENOVO\AppData\Local\Temp\cc0Ppm4M.s:856    .bss.huart2:00000000 $d
C:\Users\LENOVO\AppData\Local\Temp\cc0Ppm4M.s:863    .bss.huart1:00000000 $d

UNDEFINED SYMBOLS
HAL_UART_Init
HAL_UARTEx_SetTxFifoThreshold
HAL_UARTEx_SetRxFifoThreshold
HAL_UARTEx_DisableFifoMode
Error_Handler
memset
HAL_RCCEx_PeriphCLKConfig
HAL_GPIO_Init
HAL_NVIC_SetPriority
HAL_NVIC_EnableIRQ
HAL_GPIO_DeInit
HAL_NVIC_DisableIRQ
